<?xml version="1.0" encoding="UTF-8"?>
<testsuite xmlns:xsi="http://www.w3.org/2001/XMLSchema-instance" xsi:noNamespaceSchemaLocation="https://maven.apache.org/surefire/maven-surefire-plugin/xsd/surefire-test-report.xsd" name="com.jersey.resources.GroupResourceTest" time="10.377" tests="2" errors="0" skipped="0" failures="1">
  <properties>
    <property name="java.specification.version" value="17"/>
    <property name="sun.jnu.encoding" value="UTF-8"/>
    <property name="java.class.path" value="/home/shcarr/repo/bespokegroup/serializationcompare/target/test-classes:/home/shcarr/repo/bespokegroup/serializationcompare/target/classes:/home/shcarr/.m2/repository/io/dropwizard/dropwizard-core/4.0.0/dropwizard-core-4.0.0.jar:/home/shcarr/.m2/repository/io/dropwizard/dropwizard-jackson/4.0.0/dropwizard-jackson-4.0.0.jar:/home/shcarr/.m2/repository/com/google/guava/guava/31.1-jre/guava-31.1-jre.jar:/home/shcarr/.m2/repository/com/google/guava/failureaccess/1.0.1/failureaccess-1.0.1.jar:/home/shcarr/.m2/repository/com/google/guava/listenablefuture/9999.0-empty-to-avoid-conflict-with-guava/listenablefuture-9999.0-empty-to-avoid-conflict-with-guava.jar:/home/shcarr/.m2/repository/com/google/j2objc/j2objc-annotations/1.3/j2objc-annotations-1.3.jar:/home/shcarr/.m2/repository/com/fasterxml/jackson/datatype/jackson-datatype-jsr310/2.14.2/jackson-datatype-jsr310-2.14.2.jar:/home/shcarr/.m2/repository/com/fasterxml/jackson/datatype/jackson-datatype-jdk8/2.14.2/jackson-datatype-jdk8-2.14.2.jar:/home/shcarr/.m2/repository/com/fasterxml/jackson/module/jackson-module-parameter-names/2.14.2/jackson-module-parameter-names-2.14.2.jar:/home/shcarr/.m2/repository/com/fasterxml/jackson/module/jackson-module-blackbird/2.14.2/jackson-module-blackbird-2.14.2.jar:/home/shcarr/.m2/repository/io/dropwizard/dropwizard-validation/4.0.0/dropwizard-validation-4.0.0.jar:/home/shcarr/.m2/repository/com/fasterxml/classmate/1.5.1/classmate-1.5.1.jar:/home/shcarr/.m2/repository/org/glassfish/jakarta.el/4.0.2/jakarta.el-4.0.2.jar:/home/shcarr/.m2/repository/jakarta/el/jakarta.el-api/4.0.0/jakarta.el-api-4.0.0.jar:/home/shcarr/.m2/repository/io/dropwizard/dropwizard-configuration/4.0.0/dropwizard-configuration-4.0.0.jar:/home/shcarr/.m2/repository/org/apache/commons/commons-text/1.10.0/commons-text-1.10.0.jar:/home/shcarr/.m2/repository/org/apache/commons/commons-lang3/3.12.0/commons-lang3-3.12.0.jar:/home/shcarr/.m2/repository/io/dropwizard/dropwizard-logging/4.0.0/dropwizard-logging-4.0.0.jar:/home/shcarr/.m2/repository/io/dropwizard/metrics/metrics-logback/4.2.18/metrics-logback-4.2.18.jar:/home/shcarr/.m2/repository/org/slf4j/jul-to-slf4j/2.0.7/jul-to-slf4j-2.0.7.jar:/home/shcarr/.m2/repository/ch/qos/logback/logback-core/1.4.6/logback-core-1.4.6.jar:/home/shcarr/.m2/repository/com/google/errorprone/error_prone_annotations/2.18.0/error_prone_annotations-2.18.0.jar:/home/shcarr/.m2/repository/io/dropwizard/logback/logback-throttling-appender/1.1.9/logback-throttling-appender-1.1.9.jar:/home/shcarr/.m2/repository/org/slf4j/log4j-over-slf4j/2.0.7/log4j-over-slf4j-2.0.7.jar:/home/shcarr/.m2/repository/org/slf4j/jcl-over-slf4j/2.0.7/jcl-over-slf4j-2.0.7.jar:/home/shcarr/.m2/repository/io/dropwizard/dropwizard-metrics/4.0.0/dropwizard-metrics-4.0.0.jar:/home/shcarr/.m2/repository/io/dropwizard/dropwizard-jersey/4.0.0/dropwizard-jersey-4.0.0.jar:/home/shcarr/.m2/repository/org/glassfish/jersey/ext/jersey-metainf-services/3.0.9/jersey-metainf-services-3.0.9.jar:/home/shcarr/.m2/repository/org/glassfish/jersey/inject/jersey-hk2/3.0.9/jersey-hk2-3.0.9.jar:/home/shcarr/.m2/repository/org/glassfish/hk2/hk2-locator/3.0.3/hk2-locator-3.0.3.jar:/home/shcarr/.m2/repository/org/javassist/javassist/3.29.2-GA/javassist-3.29.2-GA.jar:/home/shcarr/.m2/repository/io/dropwizard/metrics/metrics-jersey3/4.2.18/metrics-jersey3-4.2.18.jar:/home/shcarr/.m2/repository/org/glassfish/hk2/hk2-api/3.0.3/hk2-api-3.0.3.jar:/home/shcarr/.m2/repository/org/glassfish/hk2/hk2-utils/3.0.3/hk2-utils-3.0.3.jar:/home/shcarr/.m2/repository/org/glassfish/hk2/external/aopalliance-repackaged/3.0.3/aopalliance-repackaged-3.0.3.jar:/home/shcarr/.m2/repository/org/glassfish/jersey/containers/jersey-container-servlet/3.0.9/jersey-container-servlet-3.0.9.jar:/home/shcarr/.m2/repository/io/dropwizard/dropwizard-servlets/4.0.0/dropwizard-servlets-4.0.0.jar:/home/shcarr/.m2/repository/io/dropwizard/dropwizard-jetty/4.0.0/dropwizard-jetty-4.0.0.jar:/home/shcarr/.m2/repository/org/eclipse/jetty/jetty-servlets/11.0.14/jetty-servlets-11.0.14.jar:/home/shcarr/.m2/repository/org/eclipse/jetty/jetty-http/11.0.14/jetty-http-11.0.14.jar:/home/shcarr/.m2/repository/io/dropwizard/dropwizard-lifecycle/4.0.0/dropwizard-lifecycle-4.0.0.jar:/home/shcarr/.m2/repository/io/dropwizard/dropwizard-health/4.0.0/dropwizard-health-4.0.0.jar:/home/shcarr/.m2/repository/io/dropwizard/metrics/metrics-core/4.2.18/metrics-core-4.2.18.jar:/home/shcarr/.m2/repository/io/dropwizard/metrics/metrics-annotation/4.2.18/metrics-annotation-4.2.18.jar:/home/shcarr/.m2/repository/io/dropwizard/metrics/metrics-jetty11/4.2.18/metrics-jetty11-4.2.18.jar:/home/shcarr/.m2/repository/io/dropwizard/metrics/metrics-jvm/4.2.18/metrics-jvm-4.2.18.jar:/home/shcarr/.m2/repository/io/dropwizard/metrics/metrics-jmx/4.2.18/metrics-jmx-4.2.18.jar:/home/shcarr/.m2/repository/io/dropwizard/metrics/metrics-jakarta-servlets/4.2.18/metrics-jakarta-servlets-4.2.18.jar:/home/shcarr/.m2/repository/io/dropwizard/metrics/metrics-json/4.2.18/metrics-json-4.2.18.jar:/home/shcarr/.m2/repository/com/helger/profiler/1.1.1/profiler-1.1.1.jar:/home/shcarr/.m2/repository/io/dropwizard/metrics/metrics-healthchecks/4.2.18/metrics-healthchecks-4.2.18.jar:/home/shcarr/.m2/repository/io/dropwizard/dropwizard-request-logging/4.0.0/dropwizard-request-logging-4.0.0.jar:/home/shcarr/.m2/repository/ch/qos/logback/logback-access/1.4.6/logback-access-1.4.6.jar:/home/shcarr/.m2/repository/ch/qos/logback/logback-classic/1.4.6/logback-classic-1.4.6.jar:/home/shcarr/.m2/repository/com/fasterxml/jackson/core/jackson-annotations/2.14.2/jackson-annotations-2.14.2.jar:/home/shcarr/.m2/repository/com/fasterxml/jackson/core/jackson-databind/2.14.2/jackson-databind-2.14.2.jar:/home/shcarr/.m2/repository/org/checkerframework/checker-qual/3.32.0/checker-qual-3.32.0.jar:/home/shcarr/.m2/repository/jakarta/servlet/jakarta.servlet-api/5.0.0/jakarta.servlet-api-5.0.0.jar:/home/shcarr/.m2/repository/jakarta/validation/jakarta.validation-api/3.0.2/jakarta.validation-api-3.0.2.jar:/home/shcarr/.m2/repository/jakarta/ws/rs/jakarta.ws.rs-api/3.0.0/jakarta.ws.rs-api-3.0.0.jar:/home/shcarr/.m2/repository/net/sourceforge/argparse4j/argparse4j/0.9.0/argparse4j-0.9.0.jar:/home/shcarr/.m2/repository/org/eclipse/jetty/jetty-security/11.0.14/jetty-security-11.0.14.jar:/home/shcarr/.m2/repository/org/eclipse/jetty/jetty-server/11.0.14/jetty-server-11.0.14.jar:/home/shcarr/.m2/repository/org/eclipse/jetty/jetty-servlet/11.0.14/jetty-servlet-11.0.14.jar:/home/shcarr/.m2/repository/org/eclipse/jetty/jetty-util/11.0.14/jetty-util-11.0.14.jar:/home/shcarr/.m2/repository/org/eclipse/jetty/toolchain/setuid/jetty-setuid-java/1.0.4/jetty-setuid-java-1.0.4.jar:/home/shcarr/.m2/repository/jakarta/inject/jakarta.inject-api/2.0.1.MR/jakarta.inject-api-2.0.1.MR.jar:/home/shcarr/.m2/repository/org/glassfish/jersey/core/jersey-common/3.0.9/jersey-common-3.0.9.jar:/home/shcarr/.m2/repository/org/glassfish/hk2/osgi-resource-locator/1.0.3/osgi-resource-locator-1.0.3.jar:/home/shcarr/.m2/repository/org/glassfish/jersey/ext/jersey-bean-validation/3.0.9/jersey-bean-validation-3.0.9.jar:/home/shcarr/.m2/repository/org/jboss/logging/jboss-logging/3.4.2.Final/jboss-logging-3.4.2.Final.jar:/home/shcarr/.m2/repository/org/hibernate/validator/hibernate-validator/7.0.5.Final/hibernate-validator-7.0.5.Final.jar:/home/shcarr/.m2/repository/org/slf4j/slf4j-api/2.0.7/slf4j-api-2.0.7.jar:/home/shcarr/.m2/repository/io/dropwizard/dropwizard-jdbi3/4.0.0/dropwizard-jdbi3-4.0.0.jar:/home/shcarr/.m2/repository/io/dropwizard/dropwizard-db/4.0.0/dropwizard-db-4.0.0.jar:/home/shcarr/.m2/repository/org/apache/tomcat/tomcat-jdbc/10.1.7/tomcat-jdbc-10.1.7.jar:/home/shcarr/.m2/repository/org/apache/tomcat/tomcat-juli/10.1.7/tomcat-juli-10.1.7.jar:/home/shcarr/.m2/repository/io/dropwizard/dropwizard-util/4.0.0/dropwizard-util-4.0.0.jar:/home/shcarr/.m2/repository/org/jdbi/jdbi3-core/3.37.1/jdbi3-core-3.37.1.jar:/home/shcarr/.m2/repository/io/leangen/geantyref/geantyref/1.3.14/geantyref-1.3.14.jar:/home/shcarr/.m2/repository/org/jdbi/jdbi3-sqlobject/3.37.1/jdbi3-sqlobject-3.37.1.jar:/home/shcarr/.m2/repository/org/jdbi/jdbi3-guava/3.37.1/jdbi3-guava-3.37.1.jar:/home/shcarr/.m2/repository/io/dropwizard/metrics/metrics-jdbi3/4.2.18/metrics-jdbi3-4.2.18.jar:/home/shcarr/.m2/repository/org/liquibase/liquibase-core/4.8.0/liquibase-core-4.8.0.jar:/home/shcarr/.m2/repository/javax/xml/bind/jaxb-api/2.3.0/jaxb-api-2.3.0.jar:/home/shcarr/.m2/repository/org/testcontainers/postgresql/1.18.1/postgresql-1.18.1.jar:/home/shcarr/.m2/repository/org/testcontainers/jdbc/1.18.1/jdbc-1.18.1.jar:/home/shcarr/.m2/repository/org/testcontainers/database-commons/1.18.1/database-commons-1.18.1.jar:/home/shcarr/.m2/repository/org/testcontainers/testcontainers/1.18.1/testcontainers-1.18.1.jar:/home/shcarr/.m2/repository/junit/junit/4.13.2/junit-4.13.2.jar:/home/shcarr/.m2/repository/org/hamcrest/hamcrest-core/1.3/hamcrest-core-1.3.jar:/home/shcarr/.m2/repository/org/apache/commons/commons-compress/1.23.0/commons-compress-1.23.0.jar:/home/shcarr/.m2/repository/org/rnorth/duct-tape/duct-tape/1.0.8/duct-tape-1.0.8.jar:/home/shcarr/.m2/repository/org/jetbrains/annotations/17.0.0/annotations-17.0.0.jar:/home/shcarr/.m2/repository/com/github/docker-java/docker-java-api/3.3.0/docker-java-api-3.3.0.jar:/home/shcarr/.m2/repository/com/github/docker-java/docker-java-transport-zerodep/3.3.0/docker-java-transport-zerodep-3.3.0.jar:/home/shcarr/.m2/repository/com/github/docker-java/docker-java-transport/3.3.0/docker-java-transport-3.3.0.jar:/home/shcarr/.m2/repository/net/java/dev/jna/jna/5.12.1/jna-5.12.1.jar:/home/shcarr/.m2/repository/io/dropwizard/dropwizard-migrations/4.0.0/dropwizard-migrations-4.0.0.jar:/home/shcarr/.m2/repository/com/mattbertolini/liquibase-slf4j/5.0.0/liquibase-slf4j-5.0.0.jar:/home/shcarr/.m2/repository/jakarta/xml/bind/jakarta.xml.bind-api/3.0.1/jakarta.xml.bind-api-3.0.1.jar:/home/shcarr/.m2/repository/com/sun/activation/jakarta.activation/2.0.1/jakarta.activation-2.0.1.jar:/home/shcarr/.m2/repository/org/assertj/assertj-core/3.17.2/assertj-core-3.17.2.jar:/home/shcarr/.m2/repository/io/dropwizard/dropwizard-client/4.0.0/dropwizard-client-4.0.0.jar:/home/shcarr/.m2/repository/org/glassfish/jersey/core/jersey-client/3.0.9/jersey-client-3.0.9.jar:/home/shcarr/.m2/repository/org/apache/httpcomponents/client5/httpclient5/5.2.1/httpclient5-5.2.1.jar:/home/shcarr/.m2/repository/org/apache/httpcomponents/core5/httpcore5-h2/5.2/httpcore5-h2-5.2.jar:/home/shcarr/.m2/repository/org/apache/httpcomponents/core5/httpcore5/5.2.1/httpcore5-5.2.1.jar:/home/shcarr/.m2/repository/io/dropwizard/metrics/metrics-httpclient5/4.2.18/metrics-httpclient5-4.2.18.jar:/home/shcarr/.m2/repository/io/dropwizard/dropwizard-auth/4.0.0/dropwizard-auth-4.0.0.jar:/home/shcarr/.m2/repository/io/dropwizard/metrics/metrics-caffeine/4.2.18/metrics-caffeine-4.2.18.jar:/home/shcarr/.m2/repository/com/github/ben-manes/caffeine/caffeine/3.1.5/caffeine-3.1.5.jar:/home/shcarr/.m2/repository/jakarta/annotation/jakarta.annotation-api/2.0.0/jakarta.annotation-api-2.0.0.jar:/home/shcarr/.m2/repository/org/glassfish/jersey/containers/jersey-container-servlet-core/3.0.9/jersey-container-servlet-core-3.0.9.jar:/home/shcarr/.m2/repository/org/glassfish/jersey/core/jersey-server/3.0.9/jersey-server-3.0.9.jar:/home/shcarr/.m2/repository/org/apache/logging/log4j/log4j-core/2.17.2/log4j-core-2.17.2.jar:/home/shcarr/.m2/repository/org/apache/logging/log4j/log4j-api/2.17.2/log4j-api-2.17.2.jar:/home/shcarr/.m2/repository/com/fasterxml/jackson/core/jackson-core/2.14.2/jackson-core-2.14.2.jar:/home/shcarr/.m2/repository/com/fasterxml/jackson/dataformat/jackson-dataformat-yaml/2.14.2/jackson-dataformat-yaml-2.14.2.jar:/home/shcarr/.m2/repository/org/yaml/snakeyaml/1.33/snakeyaml-1.33.jar:/home/shcarr/.m2/repository/io/dropwizard/dropwizard-testing/4.0.0/dropwizard-testing-4.0.0.jar:/home/shcarr/.m2/repository/com/fasterxml/jackson/datatype/jackson-datatype-guava/2.14.2/jackson-datatype-guava-2.14.2.jar:/home/shcarr/.m2/repository/com/fasterxml/jackson/jakarta/rs/jackson-jakarta-rs-json-provider/2.14.2/jackson-jakarta-rs-json-provider-2.14.2.jar:/home/shcarr/.m2/repository/com/fasterxml/jackson/jakarta/rs/jackson-jakarta-rs-base/2.14.2/jackson-jakarta-rs-base-2.14.2.jar:/home/shcarr/.m2/repository/com/fasterxml/jackson/module/jackson-module-jakarta-xmlbind-annotations/2.14.2/jackson-module-jakarta-xmlbind-annotations-2.14.2.jar:/home/shcarr/.m2/repository/org/eclipse/jetty/jetty-io/11.0.14/jetty-io-11.0.14.jar:/home/shcarr/.m2/repository/org/glassfish/jersey/connectors/jersey-apache5-connector/3.0.9/jersey-apache5-connector-3.0.9.jar:/home/shcarr/.m2/repository/org/glassfish/jersey/test-framework/jersey-test-framework-core/3.0.9/jersey-test-framework-core-3.0.9.jar:/home/shcarr/.m2/repository/org/glassfish/jersey/media/jersey-media-jaxb/3.0.9/jersey-media-jaxb-3.0.9.jar:/home/shcarr/.m2/repository/org/junit/jupiter/junit-jupiter/5.9.1/junit-jupiter-5.9.1.jar:/home/shcarr/.m2/repository/org/junit/jupiter/junit-jupiter-api/5.9.1/junit-jupiter-api-5.9.1.jar:/home/shcarr/.m2/repository/org/opentest4j/opentest4j/1.2.0/opentest4j-1.2.0.jar:/home/shcarr/.m2/repository/org/junit/platform/junit-platform-commons/1.9.1/junit-platform-commons-1.9.1.jar:/home/shcarr/.m2/repository/org/apiguardian/apiguardian-api/1.1.2/apiguardian-api-1.1.2.jar:/home/shcarr/.m2/repository/org/junit/jupiter/junit-jupiter-params/5.9.1/junit-jupiter-params-5.9.1.jar:/home/shcarr/.m2/repository/org/junit/jupiter/junit-jupiter-engine/5.9.1/junit-jupiter-engine-5.9.1.jar:/home/shcarr/.m2/repository/org/junit/platform/junit-platform-engine/1.9.1/junit-platform-engine-1.9.1.jar:/home/shcarr/.m2/repository/org/hamcrest/hamcrest/2.2/hamcrest-2.2.jar:/home/shcarr/.m2/repository/org/glassfish/jersey/test-framework/providers/jersey-test-framework-provider-inmemory/3.0.9/jersey-test-framework-provider-inmemory-3.0.9.jar:/home/shcarr/.m2/repository/jakarta/activation/jakarta.activation-api/2.0.1/jakarta.activation-api-2.0.1.jar:"/>
    <property name="java.vm.vendor" value="Microsoft"/>
    <property name="sun.arch.data.model" value="64"/>
    <property name="java.vendor.url" value="https://www.microsoft.com"/>
    <property name="os.name" value="Linux"/>
    <property name="java.vm.specification.version" value="17"/>
    <property name="sun.java.launcher" value="SUN_STANDARD"/>
    <property name="user.country" value="US"/>
    <property name="sun.boot.library.path" value="/home/shcarr/.sdkman/candidates/java/17.0.8-ms/lib"/>
    <property name="sun.java.command" value="/home/shcarr/repo/bespokegroup/serializationcompare/target/surefire/surefirebooter3195432010446829074.jar /home/shcarr/repo/bespokegroup/serializationcompare/target/surefire 2023-09-20T20-38-04_756-jvmRun1 surefire8971999390605136565tmp surefire_018181401825477800510tmp"/>
    <property name="jdk.debug" value="release"/>
    <property name="surefire.test.class.path" value="/home/shcarr/repo/bespokegroup/serializationcompare/target/test-classes:/home/shcarr/repo/bespokegroup/serializationcompare/target/classes:/home/shcarr/.m2/repository/io/dropwizard/dropwizard-core/4.0.0/dropwizard-core-4.0.0.jar:/home/shcarr/.m2/repository/io/dropwizard/dropwizard-jackson/4.0.0/dropwizard-jackson-4.0.0.jar:/home/shcarr/.m2/repository/com/google/guava/guava/31.1-jre/guava-31.1-jre.jar:/home/shcarr/.m2/repository/com/google/guava/failureaccess/1.0.1/failureaccess-1.0.1.jar:/home/shcarr/.m2/repository/com/google/guava/listenablefuture/9999.0-empty-to-avoid-conflict-with-guava/listenablefuture-9999.0-empty-to-avoid-conflict-with-guava.jar:/home/shcarr/.m2/repository/com/google/j2objc/j2objc-annotations/1.3/j2objc-annotations-1.3.jar:/home/shcarr/.m2/repository/com/fasterxml/jackson/datatype/jackson-datatype-jsr310/2.14.2/jackson-datatype-jsr310-2.14.2.jar:/home/shcarr/.m2/repository/com/fasterxml/jackson/datatype/jackson-datatype-jdk8/2.14.2/jackson-datatype-jdk8-2.14.2.jar:/home/shcarr/.m2/repository/com/fasterxml/jackson/module/jackson-module-parameter-names/2.14.2/jackson-module-parameter-names-2.14.2.jar:/home/shcarr/.m2/repository/com/fasterxml/jackson/module/jackson-module-blackbird/2.14.2/jackson-module-blackbird-2.14.2.jar:/home/shcarr/.m2/repository/io/dropwizard/dropwizard-validation/4.0.0/dropwizard-validation-4.0.0.jar:/home/shcarr/.m2/repository/com/fasterxml/classmate/1.5.1/classmate-1.5.1.jar:/home/shcarr/.m2/repository/org/glassfish/jakarta.el/4.0.2/jakarta.el-4.0.2.jar:/home/shcarr/.m2/repository/jakarta/el/jakarta.el-api/4.0.0/jakarta.el-api-4.0.0.jar:/home/shcarr/.m2/repository/io/dropwizard/dropwizard-configuration/4.0.0/dropwizard-configuration-4.0.0.jar:/home/shcarr/.m2/repository/org/apache/commons/commons-text/1.10.0/commons-text-1.10.0.jar:/home/shcarr/.m2/repository/org/apache/commons/commons-lang3/3.12.0/commons-lang3-3.12.0.jar:/home/shcarr/.m2/repository/io/dropwizard/dropwizard-logging/4.0.0/dropwizard-logging-4.0.0.jar:/home/shcarr/.m2/repository/io/dropwizard/metrics/metrics-logback/4.2.18/metrics-logback-4.2.18.jar:/home/shcarr/.m2/repository/org/slf4j/jul-to-slf4j/2.0.7/jul-to-slf4j-2.0.7.jar:/home/shcarr/.m2/repository/ch/qos/logback/logback-core/1.4.6/logback-core-1.4.6.jar:/home/shcarr/.m2/repository/com/google/errorprone/error_prone_annotations/2.18.0/error_prone_annotations-2.18.0.jar:/home/shcarr/.m2/repository/io/dropwizard/logback/logback-throttling-appender/1.1.9/logback-throttling-appender-1.1.9.jar:/home/shcarr/.m2/repository/org/slf4j/log4j-over-slf4j/2.0.7/log4j-over-slf4j-2.0.7.jar:/home/shcarr/.m2/repository/org/slf4j/jcl-over-slf4j/2.0.7/jcl-over-slf4j-2.0.7.jar:/home/shcarr/.m2/repository/io/dropwizard/dropwizard-metrics/4.0.0/dropwizard-metrics-4.0.0.jar:/home/shcarr/.m2/repository/io/dropwizard/dropwizard-jersey/4.0.0/dropwizard-jersey-4.0.0.jar:/home/shcarr/.m2/repository/org/glassfish/jersey/ext/jersey-metainf-services/3.0.9/jersey-metainf-services-3.0.9.jar:/home/shcarr/.m2/repository/org/glassfish/jersey/inject/jersey-hk2/3.0.9/jersey-hk2-3.0.9.jar:/home/shcarr/.m2/repository/org/glassfish/hk2/hk2-locator/3.0.3/hk2-locator-3.0.3.jar:/home/shcarr/.m2/repository/org/javassist/javassist/3.29.2-GA/javassist-3.29.2-GA.jar:/home/shcarr/.m2/repository/io/dropwizard/metrics/metrics-jersey3/4.2.18/metrics-jersey3-4.2.18.jar:/home/shcarr/.m2/repository/org/glassfish/hk2/hk2-api/3.0.3/hk2-api-3.0.3.jar:/home/shcarr/.m2/repository/org/glassfish/hk2/hk2-utils/3.0.3/hk2-utils-3.0.3.jar:/home/shcarr/.m2/repository/org/glassfish/hk2/external/aopalliance-repackaged/3.0.3/aopalliance-repackaged-3.0.3.jar:/home/shcarr/.m2/repository/org/glassfish/jersey/containers/jersey-container-servlet/3.0.9/jersey-container-servlet-3.0.9.jar:/home/shcarr/.m2/repository/io/dropwizard/dropwizard-servlets/4.0.0/dropwizard-servlets-4.0.0.jar:/home/shcarr/.m2/repository/io/dropwizard/dropwizard-jetty/4.0.0/dropwizard-jetty-4.0.0.jar:/home/shcarr/.m2/repository/org/eclipse/jetty/jetty-servlets/11.0.14/jetty-servlets-11.0.14.jar:/home/shcarr/.m2/repository/org/eclipse/jetty/jetty-http/11.0.14/jetty-http-11.0.14.jar:/home/shcarr/.m2/repository/io/dropwizard/dropwizard-lifecycle/4.0.0/dropwizard-lifecycle-4.0.0.jar:/home/shcarr/.m2/repository/io/dropwizard/dropwizard-health/4.0.0/dropwizard-health-4.0.0.jar:/home/shcarr/.m2/repository/io/dropwizard/metrics/metrics-core/4.2.18/metrics-core-4.2.18.jar:/home/shcarr/.m2/repository/io/dropwizard/metrics/metrics-annotation/4.2.18/metrics-annotation-4.2.18.jar:/home/shcarr/.m2/repository/io/dropwizard/metrics/metrics-jetty11/4.2.18/metrics-jetty11-4.2.18.jar:/home/shcarr/.m2/repository/io/dropwizard/metrics/metrics-jvm/4.2.18/metrics-jvm-4.2.18.jar:/home/shcarr/.m2/repository/io/dropwizard/metrics/metrics-jmx/4.2.18/metrics-jmx-4.2.18.jar:/home/shcarr/.m2/repository/io/dropwizard/metrics/metrics-jakarta-servlets/4.2.18/metrics-jakarta-servlets-4.2.18.jar:/home/shcarr/.m2/repository/io/dropwizard/metrics/metrics-json/4.2.18/metrics-json-4.2.18.jar:/home/shcarr/.m2/repository/com/helger/profiler/1.1.1/profiler-1.1.1.jar:/home/shcarr/.m2/repository/io/dropwizard/metrics/metrics-healthchecks/4.2.18/metrics-healthchecks-4.2.18.jar:/home/shcarr/.m2/repository/io/dropwizard/dropwizard-request-logging/4.0.0/dropwizard-request-logging-4.0.0.jar:/home/shcarr/.m2/repository/ch/qos/logback/logback-access/1.4.6/logback-access-1.4.6.jar:/home/shcarr/.m2/repository/ch/qos/logback/logback-classic/1.4.6/logback-classic-1.4.6.jar:/home/shcarr/.m2/repository/com/fasterxml/jackson/core/jackson-annotations/2.14.2/jackson-annotations-2.14.2.jar:/home/shcarr/.m2/repository/com/fasterxml/jackson/core/jackson-databind/2.14.2/jackson-databind-2.14.2.jar:/home/shcarr/.m2/repository/org/checkerframework/checker-qual/3.32.0/checker-qual-3.32.0.jar:/home/shcarr/.m2/repository/jakarta/servlet/jakarta.servlet-api/5.0.0/jakarta.servlet-api-5.0.0.jar:/home/shcarr/.m2/repository/jakarta/validation/jakarta.validation-api/3.0.2/jakarta.validation-api-3.0.2.jar:/home/shcarr/.m2/repository/jakarta/ws/rs/jakarta.ws.rs-api/3.0.0/jakarta.ws.rs-api-3.0.0.jar:/home/shcarr/.m2/repository/net/sourceforge/argparse4j/argparse4j/0.9.0/argparse4j-0.9.0.jar:/home/shcarr/.m2/repository/org/eclipse/jetty/jetty-security/11.0.14/jetty-security-11.0.14.jar:/home/shcarr/.m2/repository/org/eclipse/jetty/jetty-server/11.0.14/jetty-server-11.0.14.jar:/home/shcarr/.m2/repository/org/eclipse/jetty/jetty-servlet/11.0.14/jetty-servlet-11.0.14.jar:/home/shcarr/.m2/repository/org/eclipse/jetty/jetty-util/11.0.14/jetty-util-11.0.14.jar:/home/shcarr/.m2/repository/org/eclipse/jetty/toolchain/setuid/jetty-setuid-java/1.0.4/jetty-setuid-java-1.0.4.jar:/home/shcarr/.m2/repository/jakarta/inject/jakarta.inject-api/2.0.1.MR/jakarta.inject-api-2.0.1.MR.jar:/home/shcarr/.m2/repository/org/glassfish/jersey/core/jersey-common/3.0.9/jersey-common-3.0.9.jar:/home/shcarr/.m2/repository/org/glassfish/hk2/osgi-resource-locator/1.0.3/osgi-resource-locator-1.0.3.jar:/home/shcarr/.m2/repository/org/glassfish/jersey/ext/jersey-bean-validation/3.0.9/jersey-bean-validation-3.0.9.jar:/home/shcarr/.m2/repository/org/jboss/logging/jboss-logging/3.4.2.Final/jboss-logging-3.4.2.Final.jar:/home/shcarr/.m2/repository/org/hibernate/validator/hibernate-validator/7.0.5.Final/hibernate-validator-7.0.5.Final.jar:/home/shcarr/.m2/repository/org/slf4j/slf4j-api/2.0.7/slf4j-api-2.0.7.jar:/home/shcarr/.m2/repository/io/dropwizard/dropwizard-jdbi3/4.0.0/dropwizard-jdbi3-4.0.0.jar:/home/shcarr/.m2/repository/io/dropwizard/dropwizard-db/4.0.0/dropwizard-db-4.0.0.jar:/home/shcarr/.m2/repository/org/apache/tomcat/tomcat-jdbc/10.1.7/tomcat-jdbc-10.1.7.jar:/home/shcarr/.m2/repository/org/apache/tomcat/tomcat-juli/10.1.7/tomcat-juli-10.1.7.jar:/home/shcarr/.m2/repository/io/dropwizard/dropwizard-util/4.0.0/dropwizard-util-4.0.0.jar:/home/shcarr/.m2/repository/org/jdbi/jdbi3-core/3.37.1/jdbi3-core-3.37.1.jar:/home/shcarr/.m2/repository/io/leangen/geantyref/geantyref/1.3.14/geantyref-1.3.14.jar:/home/shcarr/.m2/repository/org/jdbi/jdbi3-sqlobject/3.37.1/jdbi3-sqlobject-3.37.1.jar:/home/shcarr/.m2/repository/org/jdbi/jdbi3-guava/3.37.1/jdbi3-guava-3.37.1.jar:/home/shcarr/.m2/repository/io/dropwizard/metrics/metrics-jdbi3/4.2.18/metrics-jdbi3-4.2.18.jar:/home/shcarr/.m2/repository/org/liquibase/liquibase-core/4.8.0/liquibase-core-4.8.0.jar:/home/shcarr/.m2/repository/javax/xml/bind/jaxb-api/2.3.0/jaxb-api-2.3.0.jar:/home/shcarr/.m2/repository/org/testcontainers/postgresql/1.18.1/postgresql-1.18.1.jar:/home/shcarr/.m2/repository/org/testcontainers/jdbc/1.18.1/jdbc-1.18.1.jar:/home/shcarr/.m2/repository/org/testcontainers/database-commons/1.18.1/database-commons-1.18.1.jar:/home/shcarr/.m2/repository/org/testcontainers/testcontainers/1.18.1/testcontainers-1.18.1.jar:/home/shcarr/.m2/repository/junit/junit/4.13.2/junit-4.13.2.jar:/home/shcarr/.m2/repository/org/hamcrest/hamcrest-core/1.3/hamcrest-core-1.3.jar:/home/shcarr/.m2/repository/org/apache/commons/commons-compress/1.23.0/commons-compress-1.23.0.jar:/home/shcarr/.m2/repository/org/rnorth/duct-tape/duct-tape/1.0.8/duct-tape-1.0.8.jar:/home/shcarr/.m2/repository/org/jetbrains/annotations/17.0.0/annotations-17.0.0.jar:/home/shcarr/.m2/repository/com/github/docker-java/docker-java-api/3.3.0/docker-java-api-3.3.0.jar:/home/shcarr/.m2/repository/com/github/docker-java/docker-java-transport-zerodep/3.3.0/docker-java-transport-zerodep-3.3.0.jar:/home/shcarr/.m2/repository/com/github/docker-java/docker-java-transport/3.3.0/docker-java-transport-3.3.0.jar:/home/shcarr/.m2/repository/net/java/dev/jna/jna/5.12.1/jna-5.12.1.jar:/home/shcarr/.m2/repository/io/dropwizard/dropwizard-migrations/4.0.0/dropwizard-migrations-4.0.0.jar:/home/shcarr/.m2/repository/com/mattbertolini/liquibase-slf4j/5.0.0/liquibase-slf4j-5.0.0.jar:/home/shcarr/.m2/repository/jakarta/xml/bind/jakarta.xml.bind-api/3.0.1/jakarta.xml.bind-api-3.0.1.jar:/home/shcarr/.m2/repository/com/sun/activation/jakarta.activation/2.0.1/jakarta.activation-2.0.1.jar:/home/shcarr/.m2/repository/org/assertj/assertj-core/3.17.2/assertj-core-3.17.2.jar:/home/shcarr/.m2/repository/io/dropwizard/dropwizard-client/4.0.0/dropwizard-client-4.0.0.jar:/home/shcarr/.m2/repository/org/glassfish/jersey/core/jersey-client/3.0.9/jersey-client-3.0.9.jar:/home/shcarr/.m2/repository/org/apache/httpcomponents/client5/httpclient5/5.2.1/httpclient5-5.2.1.jar:/home/shcarr/.m2/repository/org/apache/httpcomponents/core5/httpcore5-h2/5.2/httpcore5-h2-5.2.jar:/home/shcarr/.m2/repository/org/apache/httpcomponents/core5/httpcore5/5.2.1/httpcore5-5.2.1.jar:/home/shcarr/.m2/repository/io/dropwizard/metrics/metrics-httpclient5/4.2.18/metrics-httpclient5-4.2.18.jar:/home/shcarr/.m2/repository/io/dropwizard/dropwizard-auth/4.0.0/dropwizard-auth-4.0.0.jar:/home/shcarr/.m2/repository/io/dropwizard/metrics/metrics-caffeine/4.2.18/metrics-caffeine-4.2.18.jar:/home/shcarr/.m2/repository/com/github/ben-manes/caffeine/caffeine/3.1.5/caffeine-3.1.5.jar:/home/shcarr/.m2/repository/jakarta/annotation/jakarta.annotation-api/2.0.0/jakarta.annotation-api-2.0.0.jar:/home/shcarr/.m2/repository/org/glassfish/jersey/containers/jersey-container-servlet-core/3.0.9/jersey-container-servlet-core-3.0.9.jar:/home/shcarr/.m2/repository/org/glassfish/jersey/core/jersey-server/3.0.9/jersey-server-3.0.9.jar:/home/shcarr/.m2/repository/org/apache/logging/log4j/log4j-core/2.17.2/log4j-core-2.17.2.jar:/home/shcarr/.m2/repository/org/apache/logging/log4j/log4j-api/2.17.2/log4j-api-2.17.2.jar:/home/shcarr/.m2/repository/com/fasterxml/jackson/core/jackson-core/2.14.2/jackson-core-2.14.2.jar:/home/shcarr/.m2/repository/com/fasterxml/jackson/dataformat/jackson-dataformat-yaml/2.14.2/jackson-dataformat-yaml-2.14.2.jar:/home/shcarr/.m2/repository/org/yaml/snakeyaml/1.33/snakeyaml-1.33.jar:/home/shcarr/.m2/repository/io/dropwizard/dropwizard-testing/4.0.0/dropwizard-testing-4.0.0.jar:/home/shcarr/.m2/repository/com/fasterxml/jackson/datatype/jackson-datatype-guava/2.14.2/jackson-datatype-guava-2.14.2.jar:/home/shcarr/.m2/repository/com/fasterxml/jackson/jakarta/rs/jackson-jakarta-rs-json-provider/2.14.2/jackson-jakarta-rs-json-provider-2.14.2.jar:/home/shcarr/.m2/repository/com/fasterxml/jackson/jakarta/rs/jackson-jakarta-rs-base/2.14.2/jackson-jakarta-rs-base-2.14.2.jar:/home/shcarr/.m2/repository/com/fasterxml/jackson/module/jackson-module-jakarta-xmlbind-annotations/2.14.2/jackson-module-jakarta-xmlbind-annotations-2.14.2.jar:/home/shcarr/.m2/repository/org/eclipse/jetty/jetty-io/11.0.14/jetty-io-11.0.14.jar:/home/shcarr/.m2/repository/org/glassfish/jersey/connectors/jersey-apache5-connector/3.0.9/jersey-apache5-connector-3.0.9.jar:/home/shcarr/.m2/repository/org/glassfish/jersey/test-framework/jersey-test-framework-core/3.0.9/jersey-test-framework-core-3.0.9.jar:/home/shcarr/.m2/repository/org/glassfish/jersey/media/jersey-media-jaxb/3.0.9/jersey-media-jaxb-3.0.9.jar:/home/shcarr/.m2/repository/org/junit/jupiter/junit-jupiter/5.9.1/junit-jupiter-5.9.1.jar:/home/shcarr/.m2/repository/org/junit/jupiter/junit-jupiter-api/5.9.1/junit-jupiter-api-5.9.1.jar:/home/shcarr/.m2/repository/org/opentest4j/opentest4j/1.2.0/opentest4j-1.2.0.jar:/home/shcarr/.m2/repository/org/junit/platform/junit-platform-commons/1.9.1/junit-platform-commons-1.9.1.jar:/home/shcarr/.m2/repository/org/apiguardian/apiguardian-api/1.1.2/apiguardian-api-1.1.2.jar:/home/shcarr/.m2/repository/org/junit/jupiter/junit-jupiter-params/5.9.1/junit-jupiter-params-5.9.1.jar:/home/shcarr/.m2/repository/org/junit/jupiter/junit-jupiter-engine/5.9.1/junit-jupiter-engine-5.9.1.jar:/home/shcarr/.m2/repository/org/junit/platform/junit-platform-engine/1.9.1/junit-platform-engine-1.9.1.jar:/home/shcarr/.m2/repository/org/hamcrest/hamcrest/2.2/hamcrest-2.2.jar:/home/shcarr/.m2/repository/org/glassfish/jersey/test-framework/providers/jersey-test-framework-provider-inmemory/3.0.9/jersey-test-framework-provider-inmemory-3.0.9.jar:/home/shcarr/.m2/repository/jakarta/activation/jakarta.activation-api/2.0.1/jakarta.activation-api-2.0.1.jar:"/>
    <property name="sun.cpu.endian" value="little"/>
    <property name="user.home" value="/home/shcarr"/>
    <property name="user.language" value="en"/>
    <property name="java.specification.vendor" value="Oracle Corporation"/>
    <property name="surefire.useFile" value="false"/>
    <property name="java.version.date" value="2023-07-18"/>
    <property name="java.home" value="/home/shcarr/.sdkman/candidates/java/17.0.8-ms"/>
    <property name="file.separator" value="/"/>
    <property name="basedir" value="/home/shcarr/repo/bespokegroup/serializationcompare"/>
    <property name="java.vm.compressedOopsMode" value="Zero based"/>
    <property name="line.separator" value="&#10;"/>
    <property name="java.specification.name" value="Java Platform API Specification"/>
    <property name="java.vm.specification.vendor" value="Oracle Corporation"/>
    <property name="surefire.real.class.path" value="/home/shcarr/repo/bespokegroup/serializationcompare/target/surefire/surefirebooter3195432010446829074.jar"/>
    <property name="sun.management.compiler" value="HotSpot 64-Bit Tiered Compilers"/>
    <property name="java.runtime.version" value="17.0.8+7-LTS"/>
    <property name="user.name" value="shcarr"/>
    <property name="path.separator" value=":"/>
    <property name="os.version" value="5.15.90.1-microsoft-standard-WSL2"/>
    <property name="java.runtime.name" value="OpenJDK Runtime Environment"/>
    <property name="file.encoding" value="UTF-8"/>
    <property name="java.vm.name" value="OpenJDK 64-Bit Server VM"/>
    <property name="java.vendor.version" value="Microsoft-8035246"/>
    <property name="localRepository" value="/home/shcarr/.m2/repository"/>
    <property name="java.vendor.url.bug" value="https://github.com/microsoft/openjdk/issues"/>
    <property name="java.io.tmpdir" value="/tmp"/>
    <property name="java.version" value="17.0.8"/>
    <property name="user.dir" value="/home/shcarr/repo/bespokegroup/serializationcompare"/>
    <property name="os.arch" value="amd64"/>
    <property name="java.vm.specification.name" value="Java Virtual Machine Specification"/>
    <property name="native.encoding" value="UTF-8"/>
    <property name="java.library.path" value="/usr/java/packages/lib:/usr/lib64:/lib64:/lib:/usr/lib"/>
    <property name="java.vm.info" value="mixed mode, sharing"/>
    <property name="java.vendor" value="Microsoft"/>
    <property name="java.vm.version" value="17.0.8+7-LTS"/>
    <property name="sun.io.unicode.encoding" value="UnicodeLittle"/>
    <property name="java.class.version" value="61.0"/>
  </properties>
  <testcase name="getGroupMembers" classname="com.jersey.resources.GroupResourceTest" time="0.003"/>
  <testcase name="createGroup" classname="com.jersey.resources.GroupResourceTest" time="0.092">
    <failure message="expected:&lt;201&gt; but was:&lt;500&gt;" type="java.lang.AssertionError"><![CDATA[java.lang.AssertionError: expected:<201> but was:<500>
	at com.jersey.resources.GroupResourceTest.createGroup(GroupResourceTest.java:53)
]]></failure>
    <system-out><![CDATA[ERROR [2023-09-21 03:38:13,691] io.dropwizard.jersey.errors.LoggingExceptionMapper: Error handling a request: 2db57704ab6d3857
! org.apache.commons.lang3.NotImplementedException: null
! at com.jersey.groups.resources.GroupResource.createGroup(GroupResource.java:36)
! at java.base/jdk.internal.reflect.NativeMethodAccessorImpl.invoke0(Native Method)
! at java.base/jdk.internal.reflect.NativeMethodAccessorImpl.invoke(NativeMethodAccessorImpl.java:77)
! at java.base/jdk.internal.reflect.DelegatingMethodAccessorImpl.invoke(DelegatingMethodAccessorImpl.java:43)
! at java.base/java.lang.reflect.Method.invoke(Method.java:568)
! at org.glassfish.jersey.server.model.internal.ResourceMethodInvocationHandlerFactory.lambda$static$0(ResourceMethodInvocationHandlerFactory.java:52)
! at org.glassfish.jersey.server.model.internal.AbstractJavaResourceMethodDispatcher$1.run(AbstractJavaResourceMethodDispatcher.java:134)
! at org.glassfish.jersey.server.model.internal.AbstractJavaResourceMethodDispatcher.invoke(AbstractJavaResourceMethodDispatcher.java:177)
! at org.glassfish.jersey.server.model.internal.JavaResourceMethodDispatcherProvider$ResponseOutInvoker.doDispatch(JavaResourceMethodDispatcherProvider.java:176)
! at org.glassfish.jersey.server.model.internal.AbstractJavaResourceMethodDispatcher.dispatch(AbstractJavaResourceMethodDispatcher.java:81)
! at org.glassfish.jersey.server.model.ResourceMethodInvoker.invoke(ResourceMethodInvoker.java:478)
! at org.glassfish.jersey.server.model.ResourceMethodInvoker.apply(ResourceMethodInvoker.java:400)
! at org.glassfish.jersey.server.model.ResourceMethodInvoker.apply(ResourceMethodInvoker.java:81)
! at org.glassfish.jersey.server.ServerRuntime$1.run(ServerRuntime.java:256)
! at org.glassfish.jersey.internal.Errors$1.call(Errors.java:248)
! at org.glassfish.jersey.internal.Errors$1.call(Errors.java:244)
! at org.glassfish.jersey.internal.Errors.process(Errors.java:292)
! at org.glassfish.jersey.internal.Errors.process(Errors.java:274)
! at org.glassfish.jersey.internal.Errors.process(Errors.java:244)
! at org.glassfish.jersey.process.internal.RequestScope.runInScope(RequestScope.java:265)
! at org.glassfish.jersey.server.ServerRuntime.process(ServerRuntime.java:235)
! at org.glassfish.jersey.server.ApplicationHandler.handle(ApplicationHandler.java:684)
! at org.glassfish.jersey.servlet.WebComponent.serviceImpl(WebComponent.java:394)
! at org.glassfish.jersey.servlet.WebComponent.service(WebComponent.java:346)
! at org.glassfish.jersey.servlet.ServletContainer.service(ServletContainer.java:358)
! at org.glassfish.jersey.servlet.ServletContainer.service(ServletContainer.java:311)
! at org.glassfish.jersey.servlet.ServletContainer.service(ServletContainer.java:205)
! at org.eclipse.jetty.servlet.ServletHolder.handle(ServletHolder.java:764)
! at org.eclipse.jetty.servlet.ServletHandler$ChainEnd.doFilter(ServletHandler.java:1665)
! at io.dropwizard.servlets.ThreadNameFilter.doFilter(ThreadNameFilter.java:36)
! at org.eclipse.jetty.servlet.FilterHolder.doFilter(FilterHolder.java:202)
! at org.eclipse.jetty.servlet.ServletHandler$Chain.doFilter(ServletHandler.java:1635)
! at io.dropwizard.jersey.filter.AllowedMethodsFilter.handle(AllowedMethodsFilter.java:46)
! at io.dropwizard.jersey.filter.AllowedMethodsFilter.doFilter(AllowedMethodsFilter.java:40)
! at org.eclipse.jetty.servlet.FilterHolder.doFilter(FilterHolder.java:202)
! at org.eclipse.jetty.servlet.ServletHandler$Chain.doFilter(ServletHandler.java:1635)
! at org.eclipse.jetty.servlet.ServletHandler.doHandle(ServletHandler.java:527)
! at org.eclipse.jetty.server.handler.ScopedHandler.nextHandle(ScopedHandler.java:221)
! at org.eclipse.jetty.server.handler.ContextHandler.doHandle(ContextHandler.java:1382)
! at org.eclipse.jetty.server.handler.ScopedHandler.nextScope(ScopedHandler.java:176)
! at org.eclipse.jetty.servlet.ServletHandler.doScope(ServletHandler.java:484)
! at org.eclipse.jetty.server.handler.ScopedHandler.nextScope(ScopedHandler.java:174)
! at org.eclipse.jetty.server.handler.ContextHandler.doScope(ContextHandler.java:1304)
! at org.eclipse.jetty.server.handler.ScopedHandler.handle(ScopedHandler.java:129)
! at org.eclipse.jetty.server.handler.HandlerWrapper.handle(HandlerWrapper.java:122)
! at io.dropwizard.metrics.jetty11.InstrumentedHandler.handle(InstrumentedHandler.java:307)
! at io.dropwizard.jetty.RoutingHandler.handle(RoutingHandler.java:52)
! at org.eclipse.jetty.server.handler.HandlerWrapper.handle(HandlerWrapper.java:122)
! at org.eclipse.jetty.server.handler.gzip.GzipHandler.handle(GzipHandler.java:822)
! at io.dropwizard.jetty.ZipExceptionHandlingGzipHandler.handle(ZipExceptionHandlingGzipHandler.java:26)
! at org.eclipse.jetty.server.handler.RequestLogHandler.handle(RequestLogHandler.java:46)
! at org.eclipse.jetty.server.handler.StatisticsHandler.handle(StatisticsHandler.java:173)
! at org.eclipse.jetty.server.handler.HandlerWrapper.handle(HandlerWrapper.java:122)
! at org.eclipse.jetty.server.Server.handle(Server.java:563)
! at org.eclipse.jetty.server.HttpChannel.lambda$handle$0(HttpChannel.java:505)
! at org.eclipse.jetty.server.HttpChannel.dispatch(HttpChannel.java:762)
! at org.eclipse.jetty.server.HttpChannel.handle(HttpChannel.java:497)
! at org.eclipse.jetty.server.HttpConnection.onFillable(HttpConnection.java:282)
! at org.eclipse.jetty.io.AbstractConnection$ReadCallback.succeeded(AbstractConnection.java:314)
! at org.eclipse.jetty.io.FillInterest.fillable(FillInterest.java:100)
! at org.eclipse.jetty.io.SelectableChannelEndPoint$1.run(SelectableChannelEndPoint.java:53)
! at org.eclipse.jetty.util.thread.QueuedThreadPool.runJob(QueuedThreadPool.java:936)
! at org.eclipse.jetty.util.thread.QueuedThreadPool$Runner.run(QueuedThreadPool.java:1080)
! at java.base/java.lang.Thread.run(Thread.java:833)
]]></system-out>
  </testcase>
</testsuite>