<?xml version="1.0" encoding="UTF-8"?>
<testsuite xmlns:xsi="http://www.w3.org/2001/XMLSchema-instance" xsi:noNamespaceSchemaLocation="https://maven.apache.org/surefire/maven-surefire-plugin/xsd/surefire-test-report.xsd" name="com.jersey.resources.GroupResourceTest" time="6.996" tests="1" errors="1" skipped="0" failures="0">
  <properties>
    <property name="java.specification.version" value="17"/>
    <property name="sun.jnu.encoding" value="UTF-8"/>
    <property name="java.class.path" value="/home/shcarr/repo/bespokegroup/serializationcompare/target/test-classes:/home/shcarr/repo/bespokegroup/serializationcompare/target/classes:/home/shcarr/.m2/repository/io/dropwizard/dropwizard-core/4.0.0/dropwizard-core-4.0.0.jar:/home/shcarr/.m2/repository/io/dropwizard/dropwizard-jackson/4.0.0/dropwizard-jackson-4.0.0.jar:/home/shcarr/.m2/repository/com/google/guava/guava/31.1-jre/guava-31.1-jre.jar:/home/shcarr/.m2/repository/com/google/guava/failureaccess/1.0.1/failureaccess-1.0.1.jar:/home/shcarr/.m2/repository/com/google/guava/listenablefuture/9999.0-empty-to-avoid-conflict-with-guava/listenablefuture-9999.0-empty-to-avoid-conflict-with-guava.jar:/home/shcarr/.m2/repository/com/google/j2objc/j2objc-annotations/1.3/j2objc-annotations-1.3.jar:/home/shcarr/.m2/repository/com/fasterxml/jackson/datatype/jackson-datatype-jsr310/2.14.2/jackson-datatype-jsr310-2.14.2.jar:/home/shcarr/.m2/repository/com/fasterxml/jackson/datatype/jackson-datatype-jdk8/2.14.2/jackson-datatype-jdk8-2.14.2.jar:/home/shcarr/.m2/repository/com/fasterxml/jackson/module/jackson-module-parameter-names/2.14.2/jackson-module-parameter-names-2.14.2.jar:/home/shcarr/.m2/repository/com/fasterxml/jackson/module/jackson-module-blackbird/2.14.2/jackson-module-blackbird-2.14.2.jar:/home/shcarr/.m2/repository/io/dropwizard/dropwizard-validation/4.0.0/dropwizard-validation-4.0.0.jar:/home/shcarr/.m2/repository/com/fasterxml/classmate/1.5.1/classmate-1.5.1.jar:/home/shcarr/.m2/repository/org/glassfish/jakarta.el/4.0.2/jakarta.el-4.0.2.jar:/home/shcarr/.m2/repository/jakarta/el/jakarta.el-api/4.0.0/jakarta.el-api-4.0.0.jar:/home/shcarr/.m2/repository/io/dropwizard/dropwizard-configuration/4.0.0/dropwizard-configuration-4.0.0.jar:/home/shcarr/.m2/repository/org/apache/commons/commons-text/1.10.0/commons-text-1.10.0.jar:/home/shcarr/.m2/repository/org/apache/commons/commons-lang3/3.12.0/commons-lang3-3.12.0.jar:/home/shcarr/.m2/repository/io/dropwizard/dropwizard-logging/4.0.0/dropwizard-logging-4.0.0.jar:/home/shcarr/.m2/repository/io/dropwizard/metrics/metrics-logback/4.2.18/metrics-logback-4.2.18.jar:/home/shcarr/.m2/repository/org/slf4j/jul-to-slf4j/2.0.7/jul-to-slf4j-2.0.7.jar:/home/shcarr/.m2/repository/ch/qos/logback/logback-core/1.4.6/logback-core-1.4.6.jar:/home/shcarr/.m2/repository/com/google/errorprone/error_prone_annotations/2.18.0/error_prone_annotations-2.18.0.jar:/home/shcarr/.m2/repository/io/dropwizard/logback/logback-throttling-appender/1.1.9/logback-throttling-appender-1.1.9.jar:/home/shcarr/.m2/repository/org/slf4j/log4j-over-slf4j/2.0.7/log4j-over-slf4j-2.0.7.jar:/home/shcarr/.m2/repository/org/slf4j/jcl-over-slf4j/2.0.7/jcl-over-slf4j-2.0.7.jar:/home/shcarr/.m2/repository/io/dropwizard/dropwizard-metrics/4.0.0/dropwizard-metrics-4.0.0.jar:/home/shcarr/.m2/repository/io/dropwizard/dropwizard-jersey/4.0.0/dropwizard-jersey-4.0.0.jar:/home/shcarr/.m2/repository/org/glassfish/jersey/ext/jersey-metainf-services/3.0.9/jersey-metainf-services-3.0.9.jar:/home/shcarr/.m2/repository/org/glassfish/jersey/inject/jersey-hk2/3.0.9/jersey-hk2-3.0.9.jar:/home/shcarr/.m2/repository/org/glassfish/hk2/hk2-locator/3.0.3/hk2-locator-3.0.3.jar:/home/shcarr/.m2/repository/org/javassist/javassist/3.29.2-GA/javassist-3.29.2-GA.jar:/home/shcarr/.m2/repository/io/dropwizard/metrics/metrics-jersey3/4.2.18/metrics-jersey3-4.2.18.jar:/home/shcarr/.m2/repository/org/glassfish/hk2/hk2-api/3.0.3/hk2-api-3.0.3.jar:/home/shcarr/.m2/repository/org/glassfish/hk2/hk2-utils/3.0.3/hk2-utils-3.0.3.jar:/home/shcarr/.m2/repository/org/glassfish/hk2/external/aopalliance-repackaged/3.0.3/aopalliance-repackaged-3.0.3.jar:/home/shcarr/.m2/repository/org/glassfish/jersey/containers/jersey-container-servlet/3.0.9/jersey-container-servlet-3.0.9.jar:/home/shcarr/.m2/repository/io/dropwizard/dropwizard-servlets/4.0.0/dropwizard-servlets-4.0.0.jar:/home/shcarr/.m2/repository/io/dropwizard/dropwizard-jetty/4.0.0/dropwizard-jetty-4.0.0.jar:/home/shcarr/.m2/repository/org/eclipse/jetty/jetty-servlets/11.0.14/jetty-servlets-11.0.14.jar:/home/shcarr/.m2/repository/org/eclipse/jetty/jetty-http/11.0.14/jetty-http-11.0.14.jar:/home/shcarr/.m2/repository/io/dropwizard/dropwizard-lifecycle/4.0.0/dropwizard-lifecycle-4.0.0.jar:/home/shcarr/.m2/repository/io/dropwizard/dropwizard-health/4.0.0/dropwizard-health-4.0.0.jar:/home/shcarr/.m2/repository/io/dropwizard/metrics/metrics-core/4.2.18/metrics-core-4.2.18.jar:/home/shcarr/.m2/repository/io/dropwizard/metrics/metrics-annotation/4.2.18/metrics-annotation-4.2.18.jar:/home/shcarr/.m2/repository/io/dropwizard/metrics/metrics-jetty11/4.2.18/metrics-jetty11-4.2.18.jar:/home/shcarr/.m2/repository/io/dropwizard/metrics/metrics-jvm/4.2.18/metrics-jvm-4.2.18.jar:/home/shcarr/.m2/repository/io/dropwizard/metrics/metrics-jmx/4.2.18/metrics-jmx-4.2.18.jar:/home/shcarr/.m2/repository/io/dropwizard/metrics/metrics-jakarta-servlets/4.2.18/metrics-jakarta-servlets-4.2.18.jar:/home/shcarr/.m2/repository/io/dropwizard/metrics/metrics-json/4.2.18/metrics-json-4.2.18.jar:/home/shcarr/.m2/repository/com/helger/profiler/1.1.1/profiler-1.1.1.jar:/home/shcarr/.m2/repository/io/dropwizard/metrics/metrics-healthchecks/4.2.18/metrics-healthchecks-4.2.18.jar:/home/shcarr/.m2/repository/io/dropwizard/dropwizard-request-logging/4.0.0/dropwizard-request-logging-4.0.0.jar:/home/shcarr/.m2/repository/ch/qos/logback/logback-access/1.4.6/logback-access-1.4.6.jar:/home/shcarr/.m2/repository/ch/qos/logback/logback-classic/1.4.6/logback-classic-1.4.6.jar:/home/shcarr/.m2/repository/com/fasterxml/jackson/core/jackson-annotations/2.14.2/jackson-annotations-2.14.2.jar:/home/shcarr/.m2/repository/com/fasterxml/jackson/core/jackson-databind/2.14.2/jackson-databind-2.14.2.jar:/home/shcarr/.m2/repository/org/checkerframework/checker-qual/3.32.0/checker-qual-3.32.0.jar:/home/shcarr/.m2/repository/jakarta/servlet/jakarta.servlet-api/5.0.0/jakarta.servlet-api-5.0.0.jar:/home/shcarr/.m2/repository/jakarta/validation/jakarta.validation-api/3.0.2/jakarta.validation-api-3.0.2.jar:/home/shcarr/.m2/repository/jakarta/ws/rs/jakarta.ws.rs-api/3.0.0/jakarta.ws.rs-api-3.0.0.jar:/home/shcarr/.m2/repository/net/sourceforge/argparse4j/argparse4j/0.9.0/argparse4j-0.9.0.jar:/home/shcarr/.m2/repository/org/eclipse/jetty/jetty-security/11.0.14/jetty-security-11.0.14.jar:/home/shcarr/.m2/repository/org/eclipse/jetty/jetty-server/11.0.14/jetty-server-11.0.14.jar:/home/shcarr/.m2/repository/org/eclipse/jetty/jetty-servlet/11.0.14/jetty-servlet-11.0.14.jar:/home/shcarr/.m2/repository/org/eclipse/jetty/jetty-util/11.0.14/jetty-util-11.0.14.jar:/home/shcarr/.m2/repository/org/eclipse/jetty/toolchain/setuid/jetty-setuid-java/1.0.4/jetty-setuid-java-1.0.4.jar:/home/shcarr/.m2/repository/jakarta/inject/jakarta.inject-api/2.0.1.MR/jakarta.inject-api-2.0.1.MR.jar:/home/shcarr/.m2/repository/org/glassfish/jersey/core/jersey-common/3.0.9/jersey-common-3.0.9.jar:/home/shcarr/.m2/repository/org/glassfish/hk2/osgi-resource-locator/1.0.3/osgi-resource-locator-1.0.3.jar:/home/shcarr/.m2/repository/org/glassfish/jersey/ext/jersey-bean-validation/3.0.9/jersey-bean-validation-3.0.9.jar:/home/shcarr/.m2/repository/org/jboss/logging/jboss-logging/3.4.2.Final/jboss-logging-3.4.2.Final.jar:/home/shcarr/.m2/repository/org/hibernate/validator/hibernate-validator/7.0.5.Final/hibernate-validator-7.0.5.Final.jar:/home/shcarr/.m2/repository/org/slf4j/slf4j-api/2.0.7/slf4j-api-2.0.7.jar:/home/shcarr/.m2/repository/io/dropwizard/dropwizard-jdbi3/4.0.0/dropwizard-jdbi3-4.0.0.jar:/home/shcarr/.m2/repository/io/dropwizard/dropwizard-db/4.0.0/dropwizard-db-4.0.0.jar:/home/shcarr/.m2/repository/org/apache/tomcat/tomcat-jdbc/10.1.7/tomcat-jdbc-10.1.7.jar:/home/shcarr/.m2/repository/org/apache/tomcat/tomcat-juli/10.1.7/tomcat-juli-10.1.7.jar:/home/shcarr/.m2/repository/io/dropwizard/dropwizard-util/4.0.0/dropwizard-util-4.0.0.jar:/home/shcarr/.m2/repository/org/jdbi/jdbi3-core/3.37.1/jdbi3-core-3.37.1.jar:/home/shcarr/.m2/repository/io/leangen/geantyref/geantyref/1.3.14/geantyref-1.3.14.jar:/home/shcarr/.m2/repository/org/jdbi/jdbi3-sqlobject/3.37.1/jdbi3-sqlobject-3.37.1.jar:/home/shcarr/.m2/repository/org/jdbi/jdbi3-guava/3.37.1/jdbi3-guava-3.37.1.jar:/home/shcarr/.m2/repository/io/dropwizard/metrics/metrics-jdbi3/4.2.18/metrics-jdbi3-4.2.18.jar:/home/shcarr/.m2/repository/org/liquibase/liquibase-core/4.8.0/liquibase-core-4.8.0.jar:/home/shcarr/.m2/repository/javax/xml/bind/jaxb-api/2.3.0/jaxb-api-2.3.0.jar:/home/shcarr/.m2/repository/org/postgresql/postgresql/42.6.0/postgresql-42.6.0.jar:/home/shcarr/.m2/repository/org/testcontainers/postgresql/1.18.1/postgresql-1.18.1.jar:/home/shcarr/.m2/repository/org/testcontainers/jdbc/1.18.1/jdbc-1.18.1.jar:/home/shcarr/.m2/repository/org/testcontainers/database-commons/1.18.1/database-commons-1.18.1.jar:/home/shcarr/.m2/repository/org/testcontainers/testcontainers/1.19.0/testcontainers-1.19.0.jar:/home/shcarr/.m2/repository/junit/junit/4.13.2/junit-4.13.2.jar:/home/shcarr/.m2/repository/org/hamcrest/hamcrest-core/1.3/hamcrest-core-1.3.jar:/home/shcarr/.m2/repository/org/apache/commons/commons-compress/1.23.0/commons-compress-1.23.0.jar:/home/shcarr/.m2/repository/org/rnorth/duct-tape/duct-tape/1.0.8/duct-tape-1.0.8.jar:/home/shcarr/.m2/repository/org/jetbrains/annotations/17.0.0/annotations-17.0.0.jar:/home/shcarr/.m2/repository/com/github/docker-java/docker-java-api/3.3.3/docker-java-api-3.3.3.jar:/home/shcarr/.m2/repository/com/github/docker-java/docker-java-transport-zerodep/3.3.3/docker-java-transport-zerodep-3.3.3.jar:/home/shcarr/.m2/repository/com/github/docker-java/docker-java-transport/3.3.3/docker-java-transport-3.3.3.jar:/home/shcarr/.m2/repository/net/java/dev/jna/jna/5.12.1/jna-5.12.1.jar:/home/shcarr/.m2/repository/io/dropwizard/dropwizard-migrations/4.0.0/dropwizard-migrations-4.0.0.jar:/home/shcarr/.m2/repository/com/mattbertolini/liquibase-slf4j/5.0.0/liquibase-slf4j-5.0.0.jar:/home/shcarr/.m2/repository/jakarta/xml/bind/jakarta.xml.bind-api/3.0.1/jakarta.xml.bind-api-3.0.1.jar:/home/shcarr/.m2/repository/com/sun/activation/jakarta.activation/2.0.1/jakarta.activation-2.0.1.jar:/home/shcarr/.m2/repository/org/assertj/assertj-core/3.17.2/assertj-core-3.17.2.jar:/home/shcarr/.m2/repository/io/dropwizard/dropwizard-client/4.0.0/dropwizard-client-4.0.0.jar:/home/shcarr/.m2/repository/org/glassfish/jersey/core/jersey-client/3.0.9/jersey-client-3.0.9.jar:/home/shcarr/.m2/repository/org/apache/httpcomponents/client5/httpclient5/5.2.1/httpclient5-5.2.1.jar:/home/shcarr/.m2/repository/org/apache/httpcomponents/core5/httpcore5-h2/5.2/httpcore5-h2-5.2.jar:/home/shcarr/.m2/repository/org/apache/httpcomponents/core5/httpcore5/5.2.1/httpcore5-5.2.1.jar:/home/shcarr/.m2/repository/io/dropwizard/metrics/metrics-httpclient5/4.2.18/metrics-httpclient5-4.2.18.jar:/home/shcarr/.m2/repository/io/dropwizard/dropwizard-auth/4.0.0/dropwizard-auth-4.0.0.jar:/home/shcarr/.m2/repository/io/dropwizard/metrics/metrics-caffeine/4.2.18/metrics-caffeine-4.2.18.jar:/home/shcarr/.m2/repository/com/github/ben-manes/caffeine/caffeine/3.1.5/caffeine-3.1.5.jar:/home/shcarr/.m2/repository/jakarta/annotation/jakarta.annotation-api/2.0.0/jakarta.annotation-api-2.0.0.jar:/home/shcarr/.m2/repository/org/glassfish/jersey/containers/jersey-container-servlet-core/3.0.9/jersey-container-servlet-core-3.0.9.jar:/home/shcarr/.m2/repository/org/glassfish/jersey/core/jersey-server/3.0.9/jersey-server-3.0.9.jar:/home/shcarr/.m2/repository/org/apache/logging/log4j/log4j-core/2.17.2/log4j-core-2.17.2.jar:/home/shcarr/.m2/repository/org/apache/logging/log4j/log4j-api/2.17.2/log4j-api-2.17.2.jar:/home/shcarr/.m2/repository/com/fasterxml/jackson/core/jackson-core/2.14.2/jackson-core-2.14.2.jar:/home/shcarr/.m2/repository/com/fasterxml/jackson/dataformat/jackson-dataformat-yaml/2.14.2/jackson-dataformat-yaml-2.14.2.jar:/home/shcarr/.m2/repository/org/yaml/snakeyaml/1.33/snakeyaml-1.33.jar:/home/shcarr/.m2/repository/io/dropwizard/dropwizard-testing/4.0.0/dropwizard-testing-4.0.0.jar:/home/shcarr/.m2/repository/com/fasterxml/jackson/datatype/jackson-datatype-guava/2.14.2/jackson-datatype-guava-2.14.2.jar:/home/shcarr/.m2/repository/com/fasterxml/jackson/jakarta/rs/jackson-jakarta-rs-json-provider/2.14.2/jackson-jakarta-rs-json-provider-2.14.2.jar:/home/shcarr/.m2/repository/com/fasterxml/jackson/jakarta/rs/jackson-jakarta-rs-base/2.14.2/jackson-jakarta-rs-base-2.14.2.jar:/home/shcarr/.m2/repository/com/fasterxml/jackson/module/jackson-module-jakarta-xmlbind-annotations/2.14.2/jackson-module-jakarta-xmlbind-annotations-2.14.2.jar:/home/shcarr/.m2/repository/org/eclipse/jetty/jetty-io/11.0.14/jetty-io-11.0.14.jar:/home/shcarr/.m2/repository/org/glassfish/jersey/connectors/jersey-apache5-connector/3.0.9/jersey-apache5-connector-3.0.9.jar:/home/shcarr/.m2/repository/org/glassfish/jersey/test-framework/jersey-test-framework-core/3.0.9/jersey-test-framework-core-3.0.9.jar:/home/shcarr/.m2/repository/org/glassfish/jersey/media/jersey-media-jaxb/3.0.9/jersey-media-jaxb-3.0.9.jar:/home/shcarr/.m2/repository/org/junit/jupiter/junit-jupiter/5.9.1/junit-jupiter-5.9.1.jar:/home/shcarr/.m2/repository/org/junit/jupiter/junit-jupiter-api/5.9.1/junit-jupiter-api-5.9.1.jar:/home/shcarr/.m2/repository/org/opentest4j/opentest4j/1.2.0/opentest4j-1.2.0.jar:/home/shcarr/.m2/repository/org/junit/platform/junit-platform-commons/1.9.1/junit-platform-commons-1.9.1.jar:/home/shcarr/.m2/repository/org/apiguardian/apiguardian-api/1.1.2/apiguardian-api-1.1.2.jar:/home/shcarr/.m2/repository/org/junit/jupiter/junit-jupiter-params/5.9.1/junit-jupiter-params-5.9.1.jar:/home/shcarr/.m2/repository/org/junit/jupiter/junit-jupiter-engine/5.9.1/junit-jupiter-engine-5.9.1.jar:/home/shcarr/.m2/repository/org/junit/platform/junit-platform-engine/1.9.1/junit-platform-engine-1.9.1.jar:/home/shcarr/.m2/repository/org/hamcrest/hamcrest/2.2/hamcrest-2.2.jar:/home/shcarr/.m2/repository/org/glassfish/jersey/test-framework/providers/jersey-test-framework-provider-inmemory/3.0.9/jersey-test-framework-provider-inmemory-3.0.9.jar:/home/shcarr/.m2/repository/jakarta/activation/jakarta.activation-api/2.0.1/jakarta.activation-api-2.0.1.jar:"/>
    <property name="java.vm.vendor" value="Microsoft"/>
    <property name="sun.arch.data.model" value="64"/>
    <property name="java.vendor.url" value="https://www.microsoft.com"/>
    <property name="os.name" value="Linux"/>
    <property name="java.vm.specification.version" value="17"/>
    <property name="sun.java.launcher" value="SUN_STANDARD"/>
    <property name="user.country" value="US"/>
    <property name="sun.boot.library.path" value="/home/shcarr/.sdkman/candidates/java/17.0.8-ms/lib"/>
    <property name="sun.java.command" value="/home/shcarr/repo/bespokegroup/serializationcompare/target/surefire/surefirebooter9329232457593714119.jar /home/shcarr/repo/bespokegroup/serializationcompare/target/surefire 2023-09-21T16-47-55_913-jvmRun1 surefire3131998910086662941tmp surefire_015668507325661736531tmp"/>
    <property name="jdk.debug" value="release"/>
    <property name="surefire.test.class.path" value="/home/shcarr/repo/bespokegroup/serializationcompare/target/test-classes:/home/shcarr/repo/bespokegroup/serializationcompare/target/classes:/home/shcarr/.m2/repository/io/dropwizard/dropwizard-core/4.0.0/dropwizard-core-4.0.0.jar:/home/shcarr/.m2/repository/io/dropwizard/dropwizard-jackson/4.0.0/dropwizard-jackson-4.0.0.jar:/home/shcarr/.m2/repository/com/google/guava/guava/31.1-jre/guava-31.1-jre.jar:/home/shcarr/.m2/repository/com/google/guava/failureaccess/1.0.1/failureaccess-1.0.1.jar:/home/shcarr/.m2/repository/com/google/guava/listenablefuture/9999.0-empty-to-avoid-conflict-with-guava/listenablefuture-9999.0-empty-to-avoid-conflict-with-guava.jar:/home/shcarr/.m2/repository/com/google/j2objc/j2objc-annotations/1.3/j2objc-annotations-1.3.jar:/home/shcarr/.m2/repository/com/fasterxml/jackson/datatype/jackson-datatype-jsr310/2.14.2/jackson-datatype-jsr310-2.14.2.jar:/home/shcarr/.m2/repository/com/fasterxml/jackson/datatype/jackson-datatype-jdk8/2.14.2/jackson-datatype-jdk8-2.14.2.jar:/home/shcarr/.m2/repository/com/fasterxml/jackson/module/jackson-module-parameter-names/2.14.2/jackson-module-parameter-names-2.14.2.jar:/home/shcarr/.m2/repository/com/fasterxml/jackson/module/jackson-module-blackbird/2.14.2/jackson-module-blackbird-2.14.2.jar:/home/shcarr/.m2/repository/io/dropwizard/dropwizard-validation/4.0.0/dropwizard-validation-4.0.0.jar:/home/shcarr/.m2/repository/com/fasterxml/classmate/1.5.1/classmate-1.5.1.jar:/home/shcarr/.m2/repository/org/glassfish/jakarta.el/4.0.2/jakarta.el-4.0.2.jar:/home/shcarr/.m2/repository/jakarta/el/jakarta.el-api/4.0.0/jakarta.el-api-4.0.0.jar:/home/shcarr/.m2/repository/io/dropwizard/dropwizard-configuration/4.0.0/dropwizard-configuration-4.0.0.jar:/home/shcarr/.m2/repository/org/apache/commons/commons-text/1.10.0/commons-text-1.10.0.jar:/home/shcarr/.m2/repository/org/apache/commons/commons-lang3/3.12.0/commons-lang3-3.12.0.jar:/home/shcarr/.m2/repository/io/dropwizard/dropwizard-logging/4.0.0/dropwizard-logging-4.0.0.jar:/home/shcarr/.m2/repository/io/dropwizard/metrics/metrics-logback/4.2.18/metrics-logback-4.2.18.jar:/home/shcarr/.m2/repository/org/slf4j/jul-to-slf4j/2.0.7/jul-to-slf4j-2.0.7.jar:/home/shcarr/.m2/repository/ch/qos/logback/logback-core/1.4.6/logback-core-1.4.6.jar:/home/shcarr/.m2/repository/com/google/errorprone/error_prone_annotations/2.18.0/error_prone_annotations-2.18.0.jar:/home/shcarr/.m2/repository/io/dropwizard/logback/logback-throttling-appender/1.1.9/logback-throttling-appender-1.1.9.jar:/home/shcarr/.m2/repository/org/slf4j/log4j-over-slf4j/2.0.7/log4j-over-slf4j-2.0.7.jar:/home/shcarr/.m2/repository/org/slf4j/jcl-over-slf4j/2.0.7/jcl-over-slf4j-2.0.7.jar:/home/shcarr/.m2/repository/io/dropwizard/dropwizard-metrics/4.0.0/dropwizard-metrics-4.0.0.jar:/home/shcarr/.m2/repository/io/dropwizard/dropwizard-jersey/4.0.0/dropwizard-jersey-4.0.0.jar:/home/shcarr/.m2/repository/org/glassfish/jersey/ext/jersey-metainf-services/3.0.9/jersey-metainf-services-3.0.9.jar:/home/shcarr/.m2/repository/org/glassfish/jersey/inject/jersey-hk2/3.0.9/jersey-hk2-3.0.9.jar:/home/shcarr/.m2/repository/org/glassfish/hk2/hk2-locator/3.0.3/hk2-locator-3.0.3.jar:/home/shcarr/.m2/repository/org/javassist/javassist/3.29.2-GA/javassist-3.29.2-GA.jar:/home/shcarr/.m2/repository/io/dropwizard/metrics/metrics-jersey3/4.2.18/metrics-jersey3-4.2.18.jar:/home/shcarr/.m2/repository/org/glassfish/hk2/hk2-api/3.0.3/hk2-api-3.0.3.jar:/home/shcarr/.m2/repository/org/glassfish/hk2/hk2-utils/3.0.3/hk2-utils-3.0.3.jar:/home/shcarr/.m2/repository/org/glassfish/hk2/external/aopalliance-repackaged/3.0.3/aopalliance-repackaged-3.0.3.jar:/home/shcarr/.m2/repository/org/glassfish/jersey/containers/jersey-container-servlet/3.0.9/jersey-container-servlet-3.0.9.jar:/home/shcarr/.m2/repository/io/dropwizard/dropwizard-servlets/4.0.0/dropwizard-servlets-4.0.0.jar:/home/shcarr/.m2/repository/io/dropwizard/dropwizard-jetty/4.0.0/dropwizard-jetty-4.0.0.jar:/home/shcarr/.m2/repository/org/eclipse/jetty/jetty-servlets/11.0.14/jetty-servlets-11.0.14.jar:/home/shcarr/.m2/repository/org/eclipse/jetty/jetty-http/11.0.14/jetty-http-11.0.14.jar:/home/shcarr/.m2/repository/io/dropwizard/dropwizard-lifecycle/4.0.0/dropwizard-lifecycle-4.0.0.jar:/home/shcarr/.m2/repository/io/dropwizard/dropwizard-health/4.0.0/dropwizard-health-4.0.0.jar:/home/shcarr/.m2/repository/io/dropwizard/metrics/metrics-core/4.2.18/metrics-core-4.2.18.jar:/home/shcarr/.m2/repository/io/dropwizard/metrics/metrics-annotation/4.2.18/metrics-annotation-4.2.18.jar:/home/shcarr/.m2/repository/io/dropwizard/metrics/metrics-jetty11/4.2.18/metrics-jetty11-4.2.18.jar:/home/shcarr/.m2/repository/io/dropwizard/metrics/metrics-jvm/4.2.18/metrics-jvm-4.2.18.jar:/home/shcarr/.m2/repository/io/dropwizard/metrics/metrics-jmx/4.2.18/metrics-jmx-4.2.18.jar:/home/shcarr/.m2/repository/io/dropwizard/metrics/metrics-jakarta-servlets/4.2.18/metrics-jakarta-servlets-4.2.18.jar:/home/shcarr/.m2/repository/io/dropwizard/metrics/metrics-json/4.2.18/metrics-json-4.2.18.jar:/home/shcarr/.m2/repository/com/helger/profiler/1.1.1/profiler-1.1.1.jar:/home/shcarr/.m2/repository/io/dropwizard/metrics/metrics-healthchecks/4.2.18/metrics-healthchecks-4.2.18.jar:/home/shcarr/.m2/repository/io/dropwizard/dropwizard-request-logging/4.0.0/dropwizard-request-logging-4.0.0.jar:/home/shcarr/.m2/repository/ch/qos/logback/logback-access/1.4.6/logback-access-1.4.6.jar:/home/shcarr/.m2/repository/ch/qos/logback/logback-classic/1.4.6/logback-classic-1.4.6.jar:/home/shcarr/.m2/repository/com/fasterxml/jackson/core/jackson-annotations/2.14.2/jackson-annotations-2.14.2.jar:/home/shcarr/.m2/repository/com/fasterxml/jackson/core/jackson-databind/2.14.2/jackson-databind-2.14.2.jar:/home/shcarr/.m2/repository/org/checkerframework/checker-qual/3.32.0/checker-qual-3.32.0.jar:/home/shcarr/.m2/repository/jakarta/servlet/jakarta.servlet-api/5.0.0/jakarta.servlet-api-5.0.0.jar:/home/shcarr/.m2/repository/jakarta/validation/jakarta.validation-api/3.0.2/jakarta.validation-api-3.0.2.jar:/home/shcarr/.m2/repository/jakarta/ws/rs/jakarta.ws.rs-api/3.0.0/jakarta.ws.rs-api-3.0.0.jar:/home/shcarr/.m2/repository/net/sourceforge/argparse4j/argparse4j/0.9.0/argparse4j-0.9.0.jar:/home/shcarr/.m2/repository/org/eclipse/jetty/jetty-security/11.0.14/jetty-security-11.0.14.jar:/home/shcarr/.m2/repository/org/eclipse/jetty/jetty-server/11.0.14/jetty-server-11.0.14.jar:/home/shcarr/.m2/repository/org/eclipse/jetty/jetty-servlet/11.0.14/jetty-servlet-11.0.14.jar:/home/shcarr/.m2/repository/org/eclipse/jetty/jetty-util/11.0.14/jetty-util-11.0.14.jar:/home/shcarr/.m2/repository/org/eclipse/jetty/toolchain/setuid/jetty-setuid-java/1.0.4/jetty-setuid-java-1.0.4.jar:/home/shcarr/.m2/repository/jakarta/inject/jakarta.inject-api/2.0.1.MR/jakarta.inject-api-2.0.1.MR.jar:/home/shcarr/.m2/repository/org/glassfish/jersey/core/jersey-common/3.0.9/jersey-common-3.0.9.jar:/home/shcarr/.m2/repository/org/glassfish/hk2/osgi-resource-locator/1.0.3/osgi-resource-locator-1.0.3.jar:/home/shcarr/.m2/repository/org/glassfish/jersey/ext/jersey-bean-validation/3.0.9/jersey-bean-validation-3.0.9.jar:/home/shcarr/.m2/repository/org/jboss/logging/jboss-logging/3.4.2.Final/jboss-logging-3.4.2.Final.jar:/home/shcarr/.m2/repository/org/hibernate/validator/hibernate-validator/7.0.5.Final/hibernate-validator-7.0.5.Final.jar:/home/shcarr/.m2/repository/org/slf4j/slf4j-api/2.0.7/slf4j-api-2.0.7.jar:/home/shcarr/.m2/repository/io/dropwizard/dropwizard-jdbi3/4.0.0/dropwizard-jdbi3-4.0.0.jar:/home/shcarr/.m2/repository/io/dropwizard/dropwizard-db/4.0.0/dropwizard-db-4.0.0.jar:/home/shcarr/.m2/repository/org/apache/tomcat/tomcat-jdbc/10.1.7/tomcat-jdbc-10.1.7.jar:/home/shcarr/.m2/repository/org/apache/tomcat/tomcat-juli/10.1.7/tomcat-juli-10.1.7.jar:/home/shcarr/.m2/repository/io/dropwizard/dropwizard-util/4.0.0/dropwizard-util-4.0.0.jar:/home/shcarr/.m2/repository/org/jdbi/jdbi3-core/3.37.1/jdbi3-core-3.37.1.jar:/home/shcarr/.m2/repository/io/leangen/geantyref/geantyref/1.3.14/geantyref-1.3.14.jar:/home/shcarr/.m2/repository/org/jdbi/jdbi3-sqlobject/3.37.1/jdbi3-sqlobject-3.37.1.jar:/home/shcarr/.m2/repository/org/jdbi/jdbi3-guava/3.37.1/jdbi3-guava-3.37.1.jar:/home/shcarr/.m2/repository/io/dropwizard/metrics/metrics-jdbi3/4.2.18/metrics-jdbi3-4.2.18.jar:/home/shcarr/.m2/repository/org/liquibase/liquibase-core/4.8.0/liquibase-core-4.8.0.jar:/home/shcarr/.m2/repository/javax/xml/bind/jaxb-api/2.3.0/jaxb-api-2.3.0.jar:/home/shcarr/.m2/repository/org/postgresql/postgresql/42.6.0/postgresql-42.6.0.jar:/home/shcarr/.m2/repository/org/testcontainers/postgresql/1.18.1/postgresql-1.18.1.jar:/home/shcarr/.m2/repository/org/testcontainers/jdbc/1.18.1/jdbc-1.18.1.jar:/home/shcarr/.m2/repository/org/testcontainers/database-commons/1.18.1/database-commons-1.18.1.jar:/home/shcarr/.m2/repository/org/testcontainers/testcontainers/1.19.0/testcontainers-1.19.0.jar:/home/shcarr/.m2/repository/junit/junit/4.13.2/junit-4.13.2.jar:/home/shcarr/.m2/repository/org/hamcrest/hamcrest-core/1.3/hamcrest-core-1.3.jar:/home/shcarr/.m2/repository/org/apache/commons/commons-compress/1.23.0/commons-compress-1.23.0.jar:/home/shcarr/.m2/repository/org/rnorth/duct-tape/duct-tape/1.0.8/duct-tape-1.0.8.jar:/home/shcarr/.m2/repository/org/jetbrains/annotations/17.0.0/annotations-17.0.0.jar:/home/shcarr/.m2/repository/com/github/docker-java/docker-java-api/3.3.3/docker-java-api-3.3.3.jar:/home/shcarr/.m2/repository/com/github/docker-java/docker-java-transport-zerodep/3.3.3/docker-java-transport-zerodep-3.3.3.jar:/home/shcarr/.m2/repository/com/github/docker-java/docker-java-transport/3.3.3/docker-java-transport-3.3.3.jar:/home/shcarr/.m2/repository/net/java/dev/jna/jna/5.12.1/jna-5.12.1.jar:/home/shcarr/.m2/repository/io/dropwizard/dropwizard-migrations/4.0.0/dropwizard-migrations-4.0.0.jar:/home/shcarr/.m2/repository/com/mattbertolini/liquibase-slf4j/5.0.0/liquibase-slf4j-5.0.0.jar:/home/shcarr/.m2/repository/jakarta/xml/bind/jakarta.xml.bind-api/3.0.1/jakarta.xml.bind-api-3.0.1.jar:/home/shcarr/.m2/repository/com/sun/activation/jakarta.activation/2.0.1/jakarta.activation-2.0.1.jar:/home/shcarr/.m2/repository/org/assertj/assertj-core/3.17.2/assertj-core-3.17.2.jar:/home/shcarr/.m2/repository/io/dropwizard/dropwizard-client/4.0.0/dropwizard-client-4.0.0.jar:/home/shcarr/.m2/repository/org/glassfish/jersey/core/jersey-client/3.0.9/jersey-client-3.0.9.jar:/home/shcarr/.m2/repository/org/apache/httpcomponents/client5/httpclient5/5.2.1/httpclient5-5.2.1.jar:/home/shcarr/.m2/repository/org/apache/httpcomponents/core5/httpcore5-h2/5.2/httpcore5-h2-5.2.jar:/home/shcarr/.m2/repository/org/apache/httpcomponents/core5/httpcore5/5.2.1/httpcore5-5.2.1.jar:/home/shcarr/.m2/repository/io/dropwizard/metrics/metrics-httpclient5/4.2.18/metrics-httpclient5-4.2.18.jar:/home/shcarr/.m2/repository/io/dropwizard/dropwizard-auth/4.0.0/dropwizard-auth-4.0.0.jar:/home/shcarr/.m2/repository/io/dropwizard/metrics/metrics-caffeine/4.2.18/metrics-caffeine-4.2.18.jar:/home/shcarr/.m2/repository/com/github/ben-manes/caffeine/caffeine/3.1.5/caffeine-3.1.5.jar:/home/shcarr/.m2/repository/jakarta/annotation/jakarta.annotation-api/2.0.0/jakarta.annotation-api-2.0.0.jar:/home/shcarr/.m2/repository/org/glassfish/jersey/containers/jersey-container-servlet-core/3.0.9/jersey-container-servlet-core-3.0.9.jar:/home/shcarr/.m2/repository/org/glassfish/jersey/core/jersey-server/3.0.9/jersey-server-3.0.9.jar:/home/shcarr/.m2/repository/org/apache/logging/log4j/log4j-core/2.17.2/log4j-core-2.17.2.jar:/home/shcarr/.m2/repository/org/apache/logging/log4j/log4j-api/2.17.2/log4j-api-2.17.2.jar:/home/shcarr/.m2/repository/com/fasterxml/jackson/core/jackson-core/2.14.2/jackson-core-2.14.2.jar:/home/shcarr/.m2/repository/com/fasterxml/jackson/dataformat/jackson-dataformat-yaml/2.14.2/jackson-dataformat-yaml-2.14.2.jar:/home/shcarr/.m2/repository/org/yaml/snakeyaml/1.33/snakeyaml-1.33.jar:/home/shcarr/.m2/repository/io/dropwizard/dropwizard-testing/4.0.0/dropwizard-testing-4.0.0.jar:/home/shcarr/.m2/repository/com/fasterxml/jackson/datatype/jackson-datatype-guava/2.14.2/jackson-datatype-guava-2.14.2.jar:/home/shcarr/.m2/repository/com/fasterxml/jackson/jakarta/rs/jackson-jakarta-rs-json-provider/2.14.2/jackson-jakarta-rs-json-provider-2.14.2.jar:/home/shcarr/.m2/repository/com/fasterxml/jackson/jakarta/rs/jackson-jakarta-rs-base/2.14.2/jackson-jakarta-rs-base-2.14.2.jar:/home/shcarr/.m2/repository/com/fasterxml/jackson/module/jackson-module-jakarta-xmlbind-annotations/2.14.2/jackson-module-jakarta-xmlbind-annotations-2.14.2.jar:/home/shcarr/.m2/repository/org/eclipse/jetty/jetty-io/11.0.14/jetty-io-11.0.14.jar:/home/shcarr/.m2/repository/org/glassfish/jersey/connectors/jersey-apache5-connector/3.0.9/jersey-apache5-connector-3.0.9.jar:/home/shcarr/.m2/repository/org/glassfish/jersey/test-framework/jersey-test-framework-core/3.0.9/jersey-test-framework-core-3.0.9.jar:/home/shcarr/.m2/repository/org/glassfish/jersey/media/jersey-media-jaxb/3.0.9/jersey-media-jaxb-3.0.9.jar:/home/shcarr/.m2/repository/org/junit/jupiter/junit-jupiter/5.9.1/junit-jupiter-5.9.1.jar:/home/shcarr/.m2/repository/org/junit/jupiter/junit-jupiter-api/5.9.1/junit-jupiter-api-5.9.1.jar:/home/shcarr/.m2/repository/org/opentest4j/opentest4j/1.2.0/opentest4j-1.2.0.jar:/home/shcarr/.m2/repository/org/junit/platform/junit-platform-commons/1.9.1/junit-platform-commons-1.9.1.jar:/home/shcarr/.m2/repository/org/apiguardian/apiguardian-api/1.1.2/apiguardian-api-1.1.2.jar:/home/shcarr/.m2/repository/org/junit/jupiter/junit-jupiter-params/5.9.1/junit-jupiter-params-5.9.1.jar:/home/shcarr/.m2/repository/org/junit/jupiter/junit-jupiter-engine/5.9.1/junit-jupiter-engine-5.9.1.jar:/home/shcarr/.m2/repository/org/junit/platform/junit-platform-engine/1.9.1/junit-platform-engine-1.9.1.jar:/home/shcarr/.m2/repository/org/hamcrest/hamcrest/2.2/hamcrest-2.2.jar:/home/shcarr/.m2/repository/org/glassfish/jersey/test-framework/providers/jersey-test-framework-provider-inmemory/3.0.9/jersey-test-framework-provider-inmemory-3.0.9.jar:/home/shcarr/.m2/repository/jakarta/activation/jakarta.activation-api/2.0.1/jakarta.activation-api-2.0.1.jar:"/>
    <property name="sun.cpu.endian" value="little"/>
    <property name="user.home" value="/home/shcarr"/>
    <property name="user.language" value="en"/>
    <property name="java.specification.vendor" value="Oracle Corporation"/>
    <property name="surefire.useFile" value="false"/>
    <property name="java.version.date" value="2023-07-18"/>
    <property name="java.home" value="/home/shcarr/.sdkman/candidates/java/17.0.8-ms"/>
    <property name="file.separator" value="/"/>
    <property name="basedir" value="/home/shcarr/repo/bespokegroup/serializationcompare"/>
    <property name="java.vm.compressedOopsMode" value="Zero based"/>
    <property name="line.separator" value="&#10;"/>
    <property name="java.specification.name" value="Java Platform API Specification"/>
    <property name="java.vm.specification.vendor" value="Oracle Corporation"/>
    <property name="surefire.real.class.path" value="/home/shcarr/repo/bespokegroup/serializationcompare/target/surefire/surefirebooter9329232457593714119.jar"/>
    <property name="sun.management.compiler" value="HotSpot 64-Bit Tiered Compilers"/>
    <property name="java.runtime.version" value="17.0.8+7-LTS"/>
    <property name="user.name" value="shcarr"/>
    <property name="path.separator" value=":"/>
    <property name="os.version" value="5.15.90.1-microsoft-standard-WSL2"/>
    <property name="java.runtime.name" value="OpenJDK Runtime Environment"/>
    <property name="file.encoding" value="UTF-8"/>
    <property name="java.vm.name" value="OpenJDK 64-Bit Server VM"/>
    <property name="java.vendor.version" value="Microsoft-8035246"/>
    <property name="localRepository" value="/home/shcarr/.m2/repository"/>
    <property name="java.vendor.url.bug" value="https://github.com/microsoft/openjdk/issues"/>
    <property name="java.io.tmpdir" value="/tmp"/>
    <property name="java.version" value="17.0.8"/>
    <property name="user.dir" value="/home/shcarr/repo/bespokegroup/serializationcompare"/>
    <property name="os.arch" value="amd64"/>
    <property name="java.vm.specification.name" value="Java Virtual Machine Specification"/>
    <property name="native.encoding" value="UTF-8"/>
    <property name="java.library.path" value="/usr/java/packages/lib:/usr/lib64:/lib64:/lib:/usr/lib"/>
    <property name="java.vm.info" value="mixed mode, sharing"/>
    <property name="java.vendor" value="Microsoft"/>
    <property name="java.vm.version" value="17.0.8+7-LTS"/>
    <property name="sun.io.unicode.encoding" value="UnicodeLittle"/>
    <property name="java.class.version" value="61.0"/>
  </properties>
  <testcase name="com.jersey.resources.GroupResourceTest" classname="com.jersey.resources.GroupResourceTest" time="6.995">
    <error message="liquibase.logging.core.AbstractLogger: method &apos;void &lt;init&gt;()&apos; not found" type="java.lang.NoSuchMethodError"><![CDATA[java.lang.NoSuchMethodError: liquibase.logging.core.AbstractLogger: method 'void <init>()' not found
	at com.jersey.resources.GroupResourceTest.<clinit>(GroupResourceTest.java:24)
]]></error>
    <system-out><![CDATA[16:47:56.463 [main] DEBUG org.testcontainers.utility.TestcontainersConfiguration -- Testcontainers configuration overrides will be loaded from file:/home/shcarr/.testcontainers.properties
16:47:56.467 [main] INFO org.testcontainers.utility.ImageNameSubstitutor -- Image name substitution will be performed by: DefaultImageNameSubstitutor (composite of 'ConfigurationFileImageNameSubstitutor' and 'PrefixingImageNameSubstitutor')
16:47:56.468 [main] INFO com.jersey.resources.db.PostgresTestContainer -- enter start.....
16:47:56.566 [main] INFO org.testcontainers.dockerclient.DockerClientProviderStrategy -- Loaded org.testcontainers.dockerclient.UnixSocketClientProviderStrategy from ~/.testcontainers.properties, will try it first
16:47:56.567 [main] DEBUG org.testcontainers.dockerclient.DockerClientProviderStrategy -- Trying out strategy: UnixSocketClientProviderStrategy
16:47:56.637 [main] DEBUG org.testcontainers.shaded.com.github.dockerjava.core.command.AbstrDockerCmd -- Cmd: 
16:47:56.648 [main] DEBUG com.github.dockerjava.zerodep.shaded.org.apache.hc.client5.http.impl.classic.InternalHttpClient -- ex-00000001: preparing request execution
16:47:56.649 [main] DEBUG com.github.dockerjava.zerodep.shaded.org.apache.hc.client5.http.protocol.RequestAddCookies -- Cookie spec selected: strict
16:47:56.650 [main] DEBUG com.github.dockerjava.zerodep.shaded.org.apache.hc.client5.http.protocol.RequestAuthCache -- Auth cache not set in the context
16:47:56.650 [main] DEBUG com.github.dockerjava.zerodep.shaded.org.apache.hc.client5.http.impl.classic.ProtocolExec -- ex-00000001: target auth state: UNCHALLENGED
16:47:56.650 [main] DEBUG com.github.dockerjava.zerodep.shaded.org.apache.hc.client5.http.impl.classic.ProtocolExec -- ex-00000001: proxy auth state: UNCHALLENGED
16:47:56.650 [main] DEBUG com.github.dockerjava.zerodep.shaded.org.apache.hc.client5.http.impl.classic.ConnectExec -- ex-00000001: acquiring connection with route {}->unix://localhost:2375
16:47:56.650 [main] DEBUG com.github.dockerjava.zerodep.shaded.org.apache.hc.client5.http.impl.classic.InternalHttpClient -- ex-00000001: acquiring endpoint (3 MINUTES)
16:47:56.650 [main] DEBUG com.github.dockerjava.zerodep.shaded.org.apache.hc.client5.http.impl.io.PoolingHttpClientConnectionManager -- ex-00000001: endpoint lease request (3 MINUTES) [route: {}->unix://localhost:2375][total available: 0; route allocated: 0 of 2147483647; total allocated: 0 of 2147483647]
16:47:56.652 [main] DEBUG com.github.dockerjava.zerodep.shaded.org.apache.hc.client5.http.impl.io.PoolingHttpClientConnectionManager -- ex-00000001: endpoint leased [route: {}->unix://localhost:2375][total available: 0; route allocated: 1 of 2147483647; total allocated: 1 of 2147483647]
16:47:56.654 [main] DEBUG com.github.dockerjava.zerodep.shaded.org.apache.hc.client5.http.impl.io.PoolingHttpClientConnectionManager -- ex-00000001: acquired ep-00000000
16:47:56.654 [main] DEBUG com.github.dockerjava.zerodep.shaded.org.apache.hc.client5.http.impl.classic.InternalHttpClient -- ex-00000001: acquired endpoint ep-00000000
16:47:56.654 [main] DEBUG com.github.dockerjava.zerodep.shaded.org.apache.hc.client5.http.impl.classic.ConnectExec -- ex-00000001: opening connection {}->unix://localhost:2375
16:47:56.655 [main] DEBUG com.github.dockerjava.zerodep.shaded.org.apache.hc.client5.http.impl.classic.InternalHttpClient -- ep-00000000: connecting endpoint (3 MINUTES)
16:47:56.655 [main] DEBUG com.github.dockerjava.zerodep.shaded.org.apache.hc.client5.http.impl.io.PoolingHttpClientConnectionManager -- ep-00000000: connecting endpoint to unix://localhost:2375 (3 MINUTES)
16:47:56.658 [main] DEBUG com.github.dockerjava.zerodep.shaded.org.apache.hc.client5.http.impl.io.DefaultHttpClientConnectionOperator -- http-outgoing-0: connecting to localhost/127.0.0.1:2375
16:47:56.658 [main] DEBUG com.github.dockerjava.zerodep.shaded.org.apache.hc.client5.http.impl.io.DefaultHttpClientConnectionOperator -- http-outgoing-0: connection established /var/run/docker.sock<->/var/run/docker.sock
16:47:56.659 [main] DEBUG com.github.dockerjava.zerodep.shaded.org.apache.hc.client5.http.impl.io.PoolingHttpClientConnectionManager -- ep-00000000: connected http-outgoing-0
16:47:56.659 [main] DEBUG com.github.dockerjava.zerodep.shaded.org.apache.hc.client5.http.impl.classic.InternalHttpClient -- ep-00000000: endpoint connected
16:47:56.659 [main] DEBUG com.github.dockerjava.zerodep.shaded.org.apache.hc.client5.http.impl.classic.MainClientExec -- ex-00000001: executing GET /v1.32/info HTTP/1.1
16:47:56.659 [main] DEBUG com.github.dockerjava.zerodep.shaded.org.apache.hc.client5.http.impl.classic.InternalHttpClient -- ep-00000000: start execution ex-00000001
16:47:56.659 [main] DEBUG com.github.dockerjava.zerodep.shaded.org.apache.hc.client5.http.impl.io.PoolingHttpClientConnectionManager -- ep-00000000: executing exchange ex-00000001 over http-outgoing-0
16:47:56.660 [main] DEBUG com.github.dockerjava.zerodep.shaded.org.apache.hc.client5.http.headers -- http-outgoing-0 >> GET /v1.32/info HTTP/1.1
16:47:56.660 [main] DEBUG com.github.dockerjava.zerodep.shaded.org.apache.hc.client5.http.headers -- http-outgoing-0 >> x-tc-sid: 8771ab98-9441-4355-8458-173dfcd997c6
16:47:56.660 [main] DEBUG com.github.dockerjava.zerodep.shaded.org.apache.hc.client5.http.headers -- http-outgoing-0 >> User-Agent: tc-java/1.19.0
16:47:56.660 [main] DEBUG com.github.dockerjava.zerodep.shaded.org.apache.hc.client5.http.headers -- http-outgoing-0 >> Accept-Encoding: gzip, x-gzip, deflate
16:47:56.660 [main] DEBUG com.github.dockerjava.zerodep.shaded.org.apache.hc.client5.http.headers -- http-outgoing-0 >> Host: localhost:2375
16:47:56.660 [main] DEBUG com.github.dockerjava.zerodep.shaded.org.apache.hc.client5.http.headers -- http-outgoing-0 >> Connection: keep-alive
16:47:56.660 [main] DEBUG com.github.dockerjava.zerodep.shaded.org.apache.hc.client5.http.wire -- http-outgoing-0 >> "GET /v1.32/info HTTP/1.1[\r][\n]"
16:47:56.660 [main] DEBUG com.github.dockerjava.zerodep.shaded.org.apache.hc.client5.http.wire -- http-outgoing-0 >> "x-tc-sid: 8771ab98-9441-4355-8458-173dfcd997c6[\r][\n]"
16:47:56.660 [main] DEBUG com.github.dockerjava.zerodep.shaded.org.apache.hc.client5.http.wire -- http-outgoing-0 >> "User-Agent: tc-java/1.19.0[\r][\n]"
16:47:56.660 [main] DEBUG com.github.dockerjava.zerodep.shaded.org.apache.hc.client5.http.wire -- http-outgoing-0 >> "Accept-Encoding: gzip, x-gzip, deflate[\r][\n]"
16:47:56.660 [main] DEBUG com.github.dockerjava.zerodep.shaded.org.apache.hc.client5.http.wire -- http-outgoing-0 >> "Host: localhost:2375[\r][\n]"
16:47:56.660 [main] DEBUG com.github.dockerjava.zerodep.shaded.org.apache.hc.client5.http.wire -- http-outgoing-0 >> "Connection: keep-alive[\r][\n]"
16:47:56.660 [main] DEBUG com.github.dockerjava.zerodep.shaded.org.apache.hc.client5.http.wire -- http-outgoing-0 >> "[\r][\n]"
16:47:56.672 [main] DEBUG com.github.dockerjava.zerodep.shaded.org.apache.hc.client5.http.wire -- http-outgoing-0 << "HTTP/1.1 200 OK[\r][\n]"
16:47:56.672 [main] DEBUG com.github.dockerjava.zerodep.shaded.org.apache.hc.client5.http.wire -- http-outgoing-0 << "Api-Version: 1.43[\r][\n]"
16:47:56.672 [main] DEBUG com.github.dockerjava.zerodep.shaded.org.apache.hc.client5.http.wire -- http-outgoing-0 << "Content-Type: application/json[\r][\n]"
16:47:56.672 [main] DEBUG com.github.dockerjava.zerodep.shaded.org.apache.hc.client5.http.wire -- http-outgoing-0 << "Date: Thu, 21 Sep 2023 23:47:56 GMT[\r][\n]"
16:47:56.672 [main] DEBUG com.github.dockerjava.zerodep.shaded.org.apache.hc.client5.http.wire -- http-outgoing-0 << "Docker-Experimental: false[\r][\n]"
16:47:56.672 [main] DEBUG com.github.dockerjava.zerodep.shaded.org.apache.hc.client5.http.wire -- http-outgoing-0 << "Ostype: linux[\r][\n]"
16:47:56.672 [main] DEBUG com.github.dockerjava.zerodep.shaded.org.apache.hc.client5.http.wire -- http-outgoing-0 << "Server: Docker/24.0.6 (linux)[\r][\n]"
16:47:56.672 [main] DEBUG com.github.dockerjava.zerodep.shaded.org.apache.hc.client5.http.wire -- http-outgoing-0 << "Transfer-Encoding: chunked[\r][\n]"
16:47:56.672 [main] DEBUG com.github.dockerjava.zerodep.shaded.org.apache.hc.client5.http.wire -- http-outgoing-0 << "[\r][\n]"
16:47:56.673 [main] DEBUG com.github.dockerjava.zerodep.shaded.org.apache.hc.client5.http.headers -- http-outgoing-0 << HTTP/1.1 200 OK
16:47:56.673 [main] DEBUG com.github.dockerjava.zerodep.shaded.org.apache.hc.client5.http.headers -- http-outgoing-0 << Api-Version: 1.43
16:47:56.674 [main] DEBUG com.github.dockerjava.zerodep.shaded.org.apache.hc.client5.http.headers -- http-outgoing-0 << Content-Type: application/json
16:47:56.674 [main] DEBUG com.github.dockerjava.zerodep.shaded.org.apache.hc.client5.http.headers -- http-outgoing-0 << Date: Thu, 21 Sep 2023 23:47:56 GMT
16:47:56.674 [main] DEBUG com.github.dockerjava.zerodep.shaded.org.apache.hc.client5.http.headers -- http-outgoing-0 << Docker-Experimental: false
16:47:56.674 [main] DEBUG com.github.dockerjava.zerodep.shaded.org.apache.hc.client5.http.headers -- http-outgoing-0 << Ostype: linux
16:47:56.674 [main] DEBUG com.github.dockerjava.zerodep.shaded.org.apache.hc.client5.http.headers -- http-outgoing-0 << Server: Docker/24.0.6 (linux)
16:47:56.674 [main] DEBUG com.github.dockerjava.zerodep.shaded.org.apache.hc.client5.http.headers -- http-outgoing-0 << Transfer-Encoding: chunked
16:47:56.675 [main] DEBUG com.github.dockerjava.zerodep.shaded.org.apache.hc.client5.http.impl.classic.MainClientExec -- ex-00000001: connection can be kept alive for 3 MINUTES
16:47:56.676 [main] DEBUG com.github.dockerjava.zerodep.shaded.org.apache.hc.client5.http.wire -- http-outgoing-0 << "aa0[\r][\n]"
16:47:56.676 [main] DEBUG com.github.dockerjava.zerodep.shaded.org.apache.hc.client5.http.wire -- http-outgoing-0 << "{"ID":"fdfcf0e4-095b-4d52-b25f-04a7b3fd4a0a","Containers":0,"ContainersRunning":0,"ContainersPaused":0,"ContainersStopped":0,"Images":35,"Driver":"overlay2","DriverStatus":[["Backing Filesystem","extfs"],["Supports d_type","true"],["Using metacopy","false"],["Native Overlay Diff","true"],["userxattr","false"]],"Plugins":{"Volume":["local"],"Network":["bridge","host","ipvlan","macvlan","null","overlay"],"Authorization":null,"Log":["awslogs","fluentd","gcplogs","gelf","journald","json-file","local","logentries","splunk","syslog"]},"MemoryLimit":true,"SwapLimit":true,"KernelMemory":true,"KernelMemoryTCP":true,"CpuCfsPeriod":true,"CpuCfsQuota":true,"CPUShares":true,"CPUSet":true,"PidsLimit":true,"IPv4Forwarding":true,"BridgeNfIptables":true,"BridgeNfIp6tables":true,"Debug":false,"NFd":69,"OomKillDisable":true,"NGoroutines":117,"SystemTime":"2023-09-21T23:47:56.667588563Z","LoggingDriver":"json-file","CgroupDriver":"cgroupfs","CgroupVersion":"1","NEventsListener":35,"KernelVersion":"5.15.90.1-microsoft-standard-WSL2","OperatingSystem":"Docker Desktop","OSVersion":"","OSType":"linux","Architecture":"x86_64","IndexServerAddress":"https://index.docker.io/v1/","RegistryConfig":{"AllowNondistributableArtifactsCIDRs":null,"AllowNondistributableArtifactsHostnames":null,"InsecureRegistryCIDRs":["127.0.0.0/8"],"IndexConfigs":{"docker.io":{"Name":"docker.io","Mirrors":[],"Secure":true,"Official":true},"hubproxy.docker.internal:5555":{"Name":"hubproxy.docker.internal:5555","Mirrors":[],"Secure":false,"Official":false}},"Mirrors":null},"NCPU":32,"MemTotal":67345637376,"GenericResources":null,"DockerRootDir":"/var/lib/docker","HttpProxy":"http.docker.internal:3128","HttpsProxy":"http.docker.internal:3128","NoProxy":"hubproxy.docker.internal","Name":"docker-desktop","Labels":[],"ExperimentalBuild":false,"ServerVersion":"24.0.6","Runtimes":{"io.containerd.runc.v2":{"path":"runc"},"runc":{"path":"runc"}},"DefaultRuntime":"runc","Swarm":{"NodeID":"","NodeAddr":"","LocalNodeState":"inactive","ControlAvailable":false,"Error":"","RemoteManagers":null},"LiveRestoreEnabled":false,"Isolation":"","InitBinary":"docker-init","ContainerdCommit":{"ID":"8165feabfdfe38c65b599c4993d227328c231fca","Expected":"8165feabfdfe38c65b599c4993d227328c231fca"},"RuncCommit":{"ID":"v1.1.8-0-g82f18fe","Expected":"v1.1.8-0-g82f18fe"},"InitCommit":{"ID":"de40ad0","Expected":"de40ad0"},"SecurityOptions":["name=seccomp,profile=unconfined"],"Warnings":["WARNING: No blkio throttle.read_bps_device support","WARNING: No blkio throttle.write_bps_device support","WARNING: No blkio throttle.read_iops_device support","WARNING: No blkio throttle.write_iops_device support","WARNING: daemon is not using the default seccomp profile"]}[\n]"
16:47:56.676 [main] DEBUG com.github.dockerjava.zerodep.shaded.org.apache.hc.client5.http.wire -- http-outgoing-0 << "[\r][\n]"
16:47:56.676 [main] DEBUG com.github.dockerjava.zerodep.shaded.org.apache.hc.client5.http.wire -- http-outgoing-0 << "0[\r][\n]"
16:47:56.676 [main] DEBUG com.github.dockerjava.zerodep.shaded.org.apache.hc.client5.http.wire -- http-outgoing-0 << "[\r][\n]"
16:47:56.716 [main] DEBUG com.github.dockerjava.zerodep.shaded.org.apache.hc.client5.http.impl.classic.InternalHttpClient -- ep-00000000: releasing valid endpoint
16:47:56.716 [main] DEBUG com.github.dockerjava.zerodep.shaded.org.apache.hc.client5.http.impl.io.PoolingHttpClientConnectionManager -- ep-00000000: releasing endpoint
16:47:56.716 [main] DEBUG com.github.dockerjava.zerodep.shaded.org.apache.hc.client5.http.impl.io.PoolingHttpClientConnectionManager -- ep-00000000: connection http-outgoing-0 can be kept alive for 3 MINUTES
16:47:56.716 [main] DEBUG com.github.dockerjava.zerodep.shaded.org.apache.hc.client5.http.impl.io.PoolingHttpClientConnectionManager -- ep-00000000: connection released [route: {}->unix://localhost:2375][total available: 1; route allocated: 1 of 2147483647; total allocated: 1 of 2147483647]
16:47:56.716 [main] INFO org.testcontainers.dockerclient.DockerClientProviderStrategy -- Found Docker environment with local Unix socket (unix:///var/run/docker.sock)
16:47:56.716 [main] DEBUG org.testcontainers.dockerclient.DockerClientProviderStrategy -- Transport type: 'httpclient5', Docker host: 'unix:///var/run/docker.sock'
16:47:56.716 [main] DEBUG org.testcontainers.dockerclient.DockerClientProviderStrategy -- Checking Docker OS type for local Unix socket (unix:///var/run/docker.sock)
16:47:56.717 [main] INFO org.testcontainers.DockerClientFactory -- Docker host IP address is localhost
16:47:56.717 [main] DEBUG org.testcontainers.DockerClientFactory -- Docker info: {NGoroutines=117, Name=docker-desktop, Swarm={NodeID=, NodeAddr=, LocalNodeState=inactive, ControlAvailable=false, Error=, RemoteManagers=null}, RuncCommit={ID=v1.1.8-0-g82f18fe, Expected=v1.1.8-0-g82f18fe}, OSVersion=, Runtimes={io.containerd.runc.v2={path=runc}, runc={path=runc}}, ID=fdfcf0e4-095b-4d52-b25f-04a7b3fd4a0a, DriverStatus=[[Backing Filesystem, extfs], [Supports d_type, true], [Using metacopy, false], [Native Overlay Diff, true], [userxattr, false]], BridgeNfIptables=true, LiveRestoreEnabled=false, SystemTime=2023-09-21T23:47:56.667588563Z, NoProxy=hubproxy.docker.internal, Architecture=x86_64, NEventsListener=35, HttpsProxy=http.docker.internal:3128, Images=35, ContainersRunning=0, Labels=[], InitCommit={ID=de40ad0, Expected=de40ad0}, NFd=69, KernelVersion=5.15.90.1-microsoft-standard-WSL2, LoggingDriver=json-file, OSType=linux, SecurityOptions=[name=seccomp,profile=unconfined], ContainerdCommit={ID=8165feabfdfe38c65b599c4993d227328c231fca, Expected=8165feabfdfe38c65b599c4993d227328c231fca}, GenericResources=null, KernelMemory=true, OperatingSystem=Docker Desktop, RegistryConfig={AllowNondistributableArtifactsCIDRs=null, AllowNondistributableArtifactsHostnames=null, InsecureRegistryCIDRs=[127.0.0.0/8], IndexConfigs={docker.io={Name=docker.io, Mirrors=[], Secure=true, Official=true}, hubproxy.docker.internal:5555={Name=hubproxy.docker.internal:5555, Mirrors=[], Secure=false, Official=false}}, Mirrors=null}, ServerVersion=24.0.6, OomKillDisable=true, CpuCfsQuota=true, Containers=0, Driver=overlay2, KernelMemoryTCP=true, IPv4Forwarding=true, ExperimentalBuild=false, DockerRootDir=/var/lib/docker, CPUSet=true, CpuCfsPeriod=true, DefaultRuntime=runc, CPUShares=true, Debug=false, NCPU=32, Plugins={Volume=[local], Network=[bridge, host, ipvlan, macvlan, null, overlay], Authorization=null, Log=[awslogs, fluentd, gcplogs, gelf, journald, json-file, local, logentries, splunk, syslog]}, SwapLimit=true, CgroupDriver=cgroupfs, ContainersPaused=0, MemTotal=67345637376, IndexServerAddress=https://index.docker.io/v1/, MemoryLimit=true, HttpProxy=http.docker.internal:3128, InitBinary=docker-init, CgroupVersion=1, PidsLimit=true, Isolation=, BridgeNfIp6tables=true, Warnings=[WARNING: No blkio throttle.read_bps_device support, WARNING: No blkio throttle.write_bps_device support, WARNING: No blkio throttle.read_iops_device support, WARNING: No blkio throttle.write_iops_device support, WARNING: daemon is not using the default seccomp profile], ContainersStopped=0}
16:47:56.718 [main] DEBUG org.testcontainers.shaded.com.github.dockerjava.core.command.AbstrDockerCmd -- Cmd: 
16:47:56.718 [main] DEBUG com.github.dockerjava.zerodep.shaded.org.apache.hc.client5.http.impl.classic.InternalHttpClient -- ex-00000002: preparing request execution
16:47:56.718 [main] DEBUG com.github.dockerjava.zerodep.shaded.org.apache.hc.client5.http.protocol.RequestAddCookies -- Cookie spec selected: strict
16:47:56.718 [main] DEBUG com.github.dockerjava.zerodep.shaded.org.apache.hc.client5.http.protocol.RequestAuthCache -- Auth cache not set in the context
16:47:56.718 [main] DEBUG com.github.dockerjava.zerodep.shaded.org.apache.hc.client5.http.impl.classic.ProtocolExec -- ex-00000002: target auth state: UNCHALLENGED
16:47:56.719 [main] DEBUG com.github.dockerjava.zerodep.shaded.org.apache.hc.client5.http.impl.classic.ProtocolExec -- ex-00000002: proxy auth state: UNCHALLENGED
16:47:56.719 [main] DEBUG com.github.dockerjava.zerodep.shaded.org.apache.hc.client5.http.impl.classic.ConnectExec -- ex-00000002: acquiring connection with route {}->unix://localhost:2375
16:47:56.719 [main] DEBUG com.github.dockerjava.zerodep.shaded.org.apache.hc.client5.http.impl.classic.InternalHttpClient -- ex-00000002: acquiring endpoint (3 MINUTES)
16:47:56.719 [main] DEBUG com.github.dockerjava.zerodep.shaded.org.apache.hc.client5.http.impl.io.PoolingHttpClientConnectionManager -- ex-00000002: endpoint lease request (3 MINUTES) [route: {}->unix://localhost:2375][total available: 1; route allocated: 1 of 2147483647; total allocated: 1 of 2147483647]
16:47:56.719 [main] DEBUG com.github.dockerjava.zerodep.shaded.org.apache.hc.client5.http.impl.io.PoolingHttpClientConnectionManager -- ex-00000002: endpoint leased [route: {}->unix://localhost:2375][total available: 0; route allocated: 1 of 2147483647; total allocated: 1 of 2147483647]
16:47:56.719 [main] DEBUG com.github.dockerjava.zerodep.shaded.org.apache.hc.client5.http.impl.io.PoolingHttpClientConnectionManager -- ex-00000002: acquired ep-00000001
16:47:56.719 [main] DEBUG com.github.dockerjava.zerodep.shaded.org.apache.hc.client5.http.impl.classic.InternalHttpClient -- ex-00000002: acquired endpoint ep-00000001
16:47:56.719 [main] DEBUG com.github.dockerjava.zerodep.shaded.org.apache.hc.client5.http.impl.classic.MainClientExec -- ex-00000002: executing GET /v1.32/version HTTP/1.1
16:47:56.719 [main] DEBUG com.github.dockerjava.zerodep.shaded.org.apache.hc.client5.http.impl.classic.InternalHttpClient -- ep-00000001: start execution ex-00000002
16:47:56.719 [main] DEBUG com.github.dockerjava.zerodep.shaded.org.apache.hc.client5.http.impl.io.PoolingHttpClientConnectionManager -- ep-00000001: executing exchange ex-00000002 over http-outgoing-0
16:47:56.719 [main] DEBUG com.github.dockerjava.zerodep.shaded.org.apache.hc.client5.http.headers -- http-outgoing-0 >> GET /v1.32/version HTTP/1.1
16:47:56.719 [main] DEBUG com.github.dockerjava.zerodep.shaded.org.apache.hc.client5.http.headers -- http-outgoing-0 >> accept: application/json
16:47:56.719 [main] DEBUG com.github.dockerjava.zerodep.shaded.org.apache.hc.client5.http.headers -- http-outgoing-0 >> x-tc-sid: 8771ab98-9441-4355-8458-173dfcd997c6
16:47:56.719 [main] DEBUG com.github.dockerjava.zerodep.shaded.org.apache.hc.client5.http.headers -- http-outgoing-0 >> User-Agent: tc-java/1.19.0
16:47:56.719 [main] DEBUG com.github.dockerjava.zerodep.shaded.org.apache.hc.client5.http.headers -- http-outgoing-0 >> Accept-Encoding: gzip, x-gzip, deflate
16:47:56.719 [main] DEBUG com.github.dockerjava.zerodep.shaded.org.apache.hc.client5.http.headers -- http-outgoing-0 >> Host: localhost:2375
16:47:56.719 [main] DEBUG com.github.dockerjava.zerodep.shaded.org.apache.hc.client5.http.headers -- http-outgoing-0 >> Connection: keep-alive
16:47:56.719 [main] DEBUG com.github.dockerjava.zerodep.shaded.org.apache.hc.client5.http.wire -- http-outgoing-0 >> "GET /v1.32/version HTTP/1.1[\r][\n]"
16:47:56.719 [main] DEBUG com.github.dockerjava.zerodep.shaded.org.apache.hc.client5.http.wire -- http-outgoing-0 >> "accept: application/json[\r][\n]"
16:47:56.719 [main] DEBUG com.github.dockerjava.zerodep.shaded.org.apache.hc.client5.http.wire -- http-outgoing-0 >> "x-tc-sid: 8771ab98-9441-4355-8458-173dfcd997c6[\r][\n]"
16:47:56.719 [main] DEBUG com.github.dockerjava.zerodep.shaded.org.apache.hc.client5.http.wire -- http-outgoing-0 >> "User-Agent: tc-java/1.19.0[\r][\n]"
16:47:56.719 [main] DEBUG com.github.dockerjava.zerodep.shaded.org.apache.hc.client5.http.wire -- http-outgoing-0 >> "Accept-Encoding: gzip, x-gzip, deflate[\r][\n]"
16:47:56.719 [main] DEBUG com.github.dockerjava.zerodep.shaded.org.apache.hc.client5.http.wire -- http-outgoing-0 >> "Host: localhost:2375[\r][\n]"
16:47:56.719 [main] DEBUG com.github.dockerjava.zerodep.shaded.org.apache.hc.client5.http.wire -- http-outgoing-0 >> "Connection: keep-alive[\r][\n]"
16:47:56.719 [main] DEBUG com.github.dockerjava.zerodep.shaded.org.apache.hc.client5.http.wire -- http-outgoing-0 >> "[\r][\n]"
16:47:56.724 [main] DEBUG com.github.dockerjava.zerodep.shaded.org.apache.hc.client5.http.wire -- http-outgoing-0 << "HTTP/1.1 200 OK[\r][\n]"
16:47:56.724 [main] DEBUG com.github.dockerjava.zerodep.shaded.org.apache.hc.client5.http.wire -- http-outgoing-0 << "Api-Version: 1.43[\r][\n]"
16:47:56.724 [main] DEBUG com.github.dockerjava.zerodep.shaded.org.apache.hc.client5.http.wire -- http-outgoing-0 << "Content-Type: application/json[\r][\n]"
16:47:56.724 [main] DEBUG com.github.dockerjava.zerodep.shaded.org.apache.hc.client5.http.wire -- http-outgoing-0 << "Date: Thu, 21 Sep 2023 23:47:56 GMT[\r][\n]"
16:47:56.724 [main] DEBUG com.github.dockerjava.zerodep.shaded.org.apache.hc.client5.http.wire -- http-outgoing-0 << "Docker-Experimental: false[\r][\n]"
16:47:56.724 [main] DEBUG com.github.dockerjava.zerodep.shaded.org.apache.hc.client5.http.wire -- http-outgoing-0 << "Ostype: linux[\r][\n]"
16:47:56.724 [main] DEBUG com.github.dockerjava.zerodep.shaded.org.apache.hc.client5.http.wire -- http-outgoing-0 << "Server: Docker/24.0.6 (linux)[\r][\n]"
16:47:56.724 [main] DEBUG com.github.dockerjava.zerodep.shaded.org.apache.hc.client5.http.wire -- http-outgoing-0 << "Transfer-Encoding: chunked[\r][\n]"
16:47:56.724 [main] DEBUG com.github.dockerjava.zerodep.shaded.org.apache.hc.client5.http.wire -- http-outgoing-0 << "[\r][\n]"
16:47:56.724 [main] DEBUG com.github.dockerjava.zerodep.shaded.org.apache.hc.client5.http.headers -- http-outgoing-0 << HTTP/1.1 200 OK
16:47:56.725 [main] DEBUG com.github.dockerjava.zerodep.shaded.org.apache.hc.client5.http.headers -- http-outgoing-0 << Api-Version: 1.43
16:47:56.725 [main] DEBUG com.github.dockerjava.zerodep.shaded.org.apache.hc.client5.http.headers -- http-outgoing-0 << Content-Type: application/json
16:47:56.725 [main] DEBUG com.github.dockerjava.zerodep.shaded.org.apache.hc.client5.http.headers -- http-outgoing-0 << Date: Thu, 21 Sep 2023 23:47:56 GMT
16:47:56.725 [main] DEBUG com.github.dockerjava.zerodep.shaded.org.apache.hc.client5.http.headers -- http-outgoing-0 << Docker-Experimental: false
16:47:56.725 [main] DEBUG com.github.dockerjava.zerodep.shaded.org.apache.hc.client5.http.headers -- http-outgoing-0 << Ostype: linux
16:47:56.725 [main] DEBUG com.github.dockerjava.zerodep.shaded.org.apache.hc.client5.http.headers -- http-outgoing-0 << Server: Docker/24.0.6 (linux)
16:47:56.725 [main] DEBUG com.github.dockerjava.zerodep.shaded.org.apache.hc.client5.http.headers -- http-outgoing-0 << Transfer-Encoding: chunked
16:47:56.725 [main] DEBUG com.github.dockerjava.zerodep.shaded.org.apache.hc.client5.http.impl.classic.MainClientExec -- ex-00000002: connection can be kept alive for 3 MINUTES
16:47:56.725 [main] DEBUG com.github.dockerjava.zerodep.shaded.org.apache.hc.client5.http.wire -- http-outgoing-0 << "34b[\r][\n]"
16:47:56.725 [main] DEBUG com.github.dockerjava.zerodep.shaded.org.apache.hc.client5.http.wire -- http-outgoing-0 << "{"Platform":{"Name":"Docker Desktop"},"Components":[{"Name":"Engine","Version":"24.0.6","Details":{"ApiVersion":"1.43","Arch":"amd64","BuildTime":"2023-09-04T12:32:16.000000000+00:00","Experimental":"false","GitCommit":"1a79695","GoVersion":"go1.20.7","KernelVersion":"5.15.90.1-microsoft-standard-WSL2","MinAPIVersion":"1.12","Os":"linux"}},{"Name":"containerd","Version":"1.6.22","Details":{"GitCommit":"8165feabfdfe38c65b599c4993d227328c231fca"}},{"Name":"runc","Version":"1.1.8","Details":{"GitCommit":"v1.1.8-0-g82f18fe"}},{"Name":"docker-init","Version":"0.19.0","Details":{"GitCommit":"de40ad0"}}],"Version":"24.0.6","ApiVersion":"1.43","MinAPIVersion":"1.12","GitCommit":"1a79695","GoVersion":"go1.20.7","Os":"linux","Arch":"amd64","KernelVersion":"5.15.90.1-microsoft-standard-WSL2","BuildTime":"2023-09-04T12:32:16.000000000+00:00"}[\n]"
16:47:56.725 [main] DEBUG com.github.dockerjava.zerodep.shaded.org.apache.hc.client5.http.wire -- http-outgoing-0 << "[\r][\n]"
16:47:56.730 [main] DEBUG com.github.dockerjava.zerodep.shaded.org.apache.hc.client5.http.wire -- http-outgoing-0 << "0[\r][\n]"
16:47:56.730 [main] DEBUG com.github.dockerjava.zerodep.shaded.org.apache.hc.client5.http.wire -- http-outgoing-0 << "[\r][\n]"
16:47:56.730 [main] DEBUG com.github.dockerjava.zerodep.shaded.org.apache.hc.client5.http.impl.classic.InternalHttpClient -- ep-00000001: releasing valid endpoint
16:47:56.730 [main] DEBUG com.github.dockerjava.zerodep.shaded.org.apache.hc.client5.http.impl.io.PoolingHttpClientConnectionManager -- ep-00000001: releasing endpoint
16:47:56.731 [main] DEBUG com.github.dockerjava.zerodep.shaded.org.apache.hc.client5.http.impl.io.PoolingHttpClientConnectionManager -- ep-00000001: connection http-outgoing-0 can be kept alive for 3 MINUTES
16:47:56.731 [main] DEBUG com.github.dockerjava.zerodep.shaded.org.apache.hc.client5.http.impl.io.PoolingHttpClientConnectionManager -- ep-00000001: connection released [route: {}->unix://localhost:2375][total available: 1; route allocated: 1 of 2147483647; total allocated: 1 of 2147483647]
16:47:56.731 [main] DEBUG org.testcontainers.DockerClientFactory -- Docker version: {Components=[{Name=Engine, Version=24.0.6, Details={ApiVersion=1.43, Arch=amd64, BuildTime=2023-09-04T12:32:16.000000000+00:00, Experimental=false, GitCommit=1a79695, GoVersion=go1.20.7, KernelVersion=5.15.90.1-microsoft-standard-WSL2, MinAPIVersion=1.12, Os=linux}}, {Name=containerd, Version=1.6.22, Details={GitCommit=8165feabfdfe38c65b599c4993d227328c231fca}}, {Name=runc, Version=1.1.8, Details={GitCommit=v1.1.8-0-g82f18fe}}, {Name=docker-init, Version=0.19.0, Details={GitCommit=de40ad0}}], KernelVersion=5.15.90.1-microsoft-standard-WSL2, ApiVersion=1.43, Platform={Name=Docker Desktop}, GitCommit=1a79695, Os=linux, Version=24.0.6, MinAPIVersion=1.12, Arch=amd64, GoVersion=go1.20.7, BuildTime=2023-09-04T12:32:16.000000000+00:00}
16:47:56.731 [main] INFO org.testcontainers.DockerClientFactory -- Connected to docker: 
  Server Version: 24.0.6
  API Version: 1.43
  Operating System: Docker Desktop
  Total Memory: 64225 MB
16:47:56.735 [main] DEBUG org.testcontainers.utility.RyukResourceReaper -- Ryuk is enabled
16:47:56.736 [main] DEBUG org.testcontainers.utility.PrefixingImageNameSubstitutor -- No prefix is configured
16:47:56.736 [main] DEBUG org.testcontainers.utility.ImageNameSubstitutor -- Did not find a substitute image for testcontainers/ryuk:0.5.1 (using image substitutor: DefaultImageNameSubstitutor (composite of 'ConfigurationFileImageNameSubstitutor' and 'PrefixingImageNameSubstitutor'))
16:47:56.737 [main] DEBUG org.testcontainers.shaded.com.github.dockerjava.core.command.AbstrDockerCmd -- Cmd: ListImagesCmdImpl[filters=org.testcontainers.shaded.com.github.dockerjava.core.util.FiltersBuilder@0,imageNameFilter=<null>,showAll=false]
16:47:56.738 [main] DEBUG com.github.dockerjava.zerodep.shaded.org.apache.hc.client5.http.impl.classic.InternalHttpClient -- ex-00000003: preparing request execution
16:47:56.739 [main] DEBUG com.github.dockerjava.zerodep.shaded.org.apache.hc.client5.http.protocol.RequestAddCookies -- Cookie spec selected: strict
16:47:56.739 [main] DEBUG com.github.dockerjava.zerodep.shaded.org.apache.hc.client5.http.protocol.RequestAuthCache -- Auth cache not set in the context
16:47:56.739 [main] DEBUG com.github.dockerjava.zerodep.shaded.org.apache.hc.client5.http.impl.classic.ProtocolExec -- ex-00000003: target auth state: UNCHALLENGED
16:47:56.739 [main] DEBUG com.github.dockerjava.zerodep.shaded.org.apache.hc.client5.http.impl.classic.ProtocolExec -- ex-00000003: proxy auth state: UNCHALLENGED
16:47:56.739 [main] DEBUG com.github.dockerjava.zerodep.shaded.org.apache.hc.client5.http.impl.classic.ConnectExec -- ex-00000003: acquiring connection with route {}->unix://localhost:2375
16:47:56.739 [main] DEBUG com.github.dockerjava.zerodep.shaded.org.apache.hc.client5.http.impl.classic.InternalHttpClient -- ex-00000003: acquiring endpoint (3 MINUTES)
16:47:56.739 [main] DEBUG com.github.dockerjava.zerodep.shaded.org.apache.hc.client5.http.impl.io.PoolingHttpClientConnectionManager -- ex-00000003: endpoint lease request (3 MINUTES) [route: {}->unix://localhost:2375][total available: 1; route allocated: 1 of 2147483647; total allocated: 1 of 2147483647]
16:47:56.739 [main] DEBUG com.github.dockerjava.zerodep.shaded.org.apache.hc.client5.http.impl.io.PoolingHttpClientConnectionManager -- ex-00000003: endpoint leased [route: {}->unix://localhost:2375][total available: 0; route allocated: 1 of 2147483647; total allocated: 1 of 2147483647]
16:47:56.739 [main] DEBUG com.github.dockerjava.zerodep.shaded.org.apache.hc.client5.http.impl.io.PoolingHttpClientConnectionManager -- ex-00000003: acquired ep-00000002
16:47:56.739 [main] DEBUG com.github.dockerjava.zerodep.shaded.org.apache.hc.client5.http.impl.classic.InternalHttpClient -- ex-00000003: acquired endpoint ep-00000002
16:47:56.739 [main] DEBUG com.github.dockerjava.zerodep.shaded.org.apache.hc.client5.http.impl.classic.MainClientExec -- ex-00000003: executing GET /v1.32/images/json HTTP/1.1
16:47:56.739 [main] DEBUG com.github.dockerjava.zerodep.shaded.org.apache.hc.client5.http.impl.classic.InternalHttpClient -- ep-00000002: start execution ex-00000003
16:47:56.739 [main] DEBUG com.github.dockerjava.zerodep.shaded.org.apache.hc.client5.http.impl.io.PoolingHttpClientConnectionManager -- ep-00000002: executing exchange ex-00000003 over http-outgoing-0
16:47:56.739 [main] DEBUG com.github.dockerjava.zerodep.shaded.org.apache.hc.client5.http.headers -- http-outgoing-0 >> GET /v1.32/images/json HTTP/1.1
16:47:56.739 [main] DEBUG com.github.dockerjava.zerodep.shaded.org.apache.hc.client5.http.headers -- http-outgoing-0 >> accept: application/json
16:47:56.739 [main] DEBUG com.github.dockerjava.zerodep.shaded.org.apache.hc.client5.http.headers -- http-outgoing-0 >> x-tc-sid: 8771ab98-9441-4355-8458-173dfcd997c6
16:47:56.739 [main] DEBUG com.github.dockerjava.zerodep.shaded.org.apache.hc.client5.http.headers -- http-outgoing-0 >> User-Agent: tc-java/1.19.0
16:47:56.739 [main] DEBUG com.github.dockerjava.zerodep.shaded.org.apache.hc.client5.http.headers -- http-outgoing-0 >> Accept-Encoding: gzip, x-gzip, deflate
16:47:56.739 [main] DEBUG com.github.dockerjava.zerodep.shaded.org.apache.hc.client5.http.headers -- http-outgoing-0 >> Host: localhost:2375
16:47:56.739 [main] DEBUG com.github.dockerjava.zerodep.shaded.org.apache.hc.client5.http.headers -- http-outgoing-0 >> Connection: keep-alive
16:47:56.739 [main] DEBUG com.github.dockerjava.zerodep.shaded.org.apache.hc.client5.http.wire -- http-outgoing-0 >> "GET /v1.32/images/json HTTP/1.1[\r][\n]"
16:47:56.739 [main] DEBUG com.github.dockerjava.zerodep.shaded.org.apache.hc.client5.http.wire -- http-outgoing-0 >> "accept: application/json[\r][\n]"
16:47:56.739 [main] DEBUG com.github.dockerjava.zerodep.shaded.org.apache.hc.client5.http.wire -- http-outgoing-0 >> "x-tc-sid: 8771ab98-9441-4355-8458-173dfcd997c6[\r][\n]"
16:47:56.739 [main] DEBUG com.github.dockerjava.zerodep.shaded.org.apache.hc.client5.http.wire -- http-outgoing-0 >> "User-Agent: tc-java/1.19.0[\r][\n]"
16:47:56.739 [main] DEBUG com.github.dockerjava.zerodep.shaded.org.apache.hc.client5.http.wire -- http-outgoing-0 >> "Accept-Encoding: gzip, x-gzip, deflate[\r][\n]"
16:47:56.739 [main] DEBUG com.github.dockerjava.zerodep.shaded.org.apache.hc.client5.http.wire -- http-outgoing-0 >> "Host: localhost:2375[\r][\n]"
16:47:56.739 [main] DEBUG com.github.dockerjava.zerodep.shaded.org.apache.hc.client5.http.wire -- http-outgoing-0 >> "Connection: keep-alive[\r][\n]"
16:47:56.739 [main] DEBUG com.github.dockerjava.zerodep.shaded.org.apache.hc.client5.http.wire -- http-outgoing-0 >> "[\r][\n]"
16:47:56.746 [main] DEBUG com.github.dockerjava.zerodep.shaded.org.apache.hc.client5.http.wire -- http-outgoing-0 << "HTTP/1.1 200 OK[\r][\n]"
16:47:56.746 [main] DEBUG com.github.dockerjava.zerodep.shaded.org.apache.hc.client5.http.wire -- http-outgoing-0 << "Api-Version: 1.43[\r][\n]"
16:47:56.746 [main] DEBUG com.github.dockerjava.zerodep.shaded.org.apache.hc.client5.http.wire -- http-outgoing-0 << "Content-Type: application/json[\r][\n]"
16:47:56.746 [main] DEBUG com.github.dockerjava.zerodep.shaded.org.apache.hc.client5.http.wire -- http-outgoing-0 << "Date: Thu, 21 Sep 2023 23:47:56 GMT[\r][\n]"
16:47:56.747 [main] DEBUG com.github.dockerjava.zerodep.shaded.org.apache.hc.client5.http.wire -- http-outgoing-0 << "Docker-Experimental: false[\r][\n]"
16:47:56.747 [main] DEBUG com.github.dockerjava.zerodep.shaded.org.apache.hc.client5.http.wire -- http-outgoing-0 << "Ostype: linux[\r][\n]"
16:47:56.747 [main] DEBUG com.github.dockerjava.zerodep.shaded.org.apache.hc.client5.http.wire -- http-outgoing-0 << "Server: Docker/24.0.6 (linux)[\r][\n]"
16:47:56.747 [main] DEBUG com.github.dockerjava.zerodep.shaded.org.apache.hc.client5.http.wire -- http-outgoing-0 << "Transfer-Encoding: chunked[\r][\n]"
16:47:56.747 [main] DEBUG com.github.dockerjava.zerodep.shaded.org.apache.hc.client5.http.wire -- http-outgoing-0 << "[\r][\n]"
16:47:56.747 [main] DEBUG com.github.dockerjava.zerodep.shaded.org.apache.hc.client5.http.headers -- http-outgoing-0 << HTTP/1.1 200 OK
16:47:56.747 [main] DEBUG com.github.dockerjava.zerodep.shaded.org.apache.hc.client5.http.headers -- http-outgoing-0 << Api-Version: 1.43
16:47:56.747 [main] DEBUG com.github.dockerjava.zerodep.shaded.org.apache.hc.client5.http.headers -- http-outgoing-0 << Content-Type: application/json
16:47:56.747 [main] DEBUG com.github.dockerjava.zerodep.shaded.org.apache.hc.client5.http.headers -- http-outgoing-0 << Date: Thu, 21 Sep 2023 23:47:56 GMT
16:47:56.747 [main] DEBUG com.github.dockerjava.zerodep.shaded.org.apache.hc.client5.http.headers -- http-outgoing-0 << Docker-Experimental: false
16:47:56.747 [main] DEBUG com.github.dockerjava.zerodep.shaded.org.apache.hc.client5.http.headers -- http-outgoing-0 << Ostype: linux
16:47:56.748 [main] DEBUG com.github.dockerjava.zerodep.shaded.org.apache.hc.client5.http.headers -- http-outgoing-0 << Server: Docker/24.0.6 (linux)
16:47:56.748 [main] DEBUG com.github.dockerjava.zerodep.shaded.org.apache.hc.client5.http.headers -- http-outgoing-0 << Transfer-Encoding: chunked
16:47:56.748 [main] DEBUG com.github.dockerjava.zerodep.shaded.org.apache.hc.client5.http.impl.classic.MainClientExec -- ex-00000003: connection can be kept alive for 3 MINUTES
16:47:56.748 [main] DEBUG com.github.dockerjava.zerodep.shaded.org.apache.hc.client5.http.wire -- http-outgoing-0 << "56e8[\r][\n]"
16:47:56.748 [main] DEBUG com.github.dockerjava.zerodep.shaded.org.apache.hc.client5.http.wire -- http-outgoing-0 << "[{"Containers":-1,"Created":1693441389,"Id":"sha256:4a7ecbad563ac49da33669b411703e58831c6f5b7324d7d430fb2d0aff4aa28c","Labels":{"devcontainer.metadata":"{\"customizations\":{\"vscode\":{\"extensions\":[\"augustocdias.tasks-shell-input\",\"vscjava.vscode-java-pack\",\"redhat.vscode-xml\",\"shengchen.vscode-checkstyle\",\"GitHub.copilot\"],\"settings\":{\"remote.containers.workspaceMountConsistency\":\"delegated\",\"files.eol\":\"\\n\"}}},\"mounts\":[\"source=yamdevcontainers_home,target=/home/vscode,type=volume\",\"source=/var/run/docker.sock,target=/var/run/docker.sock,type=bind\"],\"containerEnv\":{\"HOST_USER\":\"${env:USERNAME}${env:USER}\",\"AZURE_CONFIG_DIR\":\"/home/${env:USERNAME}${env:USER}/.azure\",\"HOST_TYPE\":\"vscode\",\"IN_DEVCONTAINER\":\"true\"},\"overrideCommand\":false}"},"ParentId":"","RepoDigests":null,"RepoTags":["vsc-graph-svc-f6a7c72fa1fe40e65d82ce39c2c9db063c8b484ee3381f9b097ec0632d2fd564-uid:latest"],"SharedSize":-1,"Size":2864689127,"VirtualSize":2864689127},{"Containers":-1,"Created":1693102459,"Id":"sha256:ab78ff4dde93545b7fcbd615badb56efc928c8102618bef0311d94443031f33d","Labels":{"devcontainer.metadata":"{\"customizations\":{\"vscode\":{\"extensions\":[\"augustocdias.tasks-shell-input\",\"vscjava.vscode-java-pack\",\"redhat.vscode-xml\",\"shengchen.vscode-checkstyle\",\"GitHub.copilot\"],\"settings\":{\"remote.containers.workspaceMountConsistency\":\"delegated\",\"files.eol\":\"\\n\"}}},\"mounts\":[\"source=yamdevcontainers_home,target=/home/vscode,type=volume\",\"source=/var/run/docker.sock,target=/var/run/docker.sock,type=bind\"],\"containerEnv\":{\"HOST_USER\":\"${env:USERNAME}${env:USER}\",\"AZURE_CONFIG_DIR\":\"/home/${env:USERNAME}${env:USER}/.azure\",\"HOST_TYPE\":\"vscode\",\"IN_DEVCONTAINER\":\"true\"},\"overrideCommand\":false}"},"ParentId":"","RepoDigests":null,"RepoTags":["vsc-graph-svc-f6a7c72fa1fe40e65d82ce39c2c9db063c8b484ee3381f9b097ec0632d2fd564:latest"],"SharedSize":-1,"Size":2864689127,"VirtualSize":2864689127},{"Containers":-1,"Created":1693102459,"Id":"sha256:b0f047acef8a4cf27a2038c656120cbb01b6b49e10901fe699efe4350ead996d","Labels":null,"ParentId":"","RepoDigests":["yammershared.azurecr.io/yamdevcontainer-java-17@sha256:0909fe033ef1c52d73d3b844fb4931f609d2fe6b605c7b2ab0e53e548c4cecf1"],"RepoTags":["yammershared.azurecr.io/yamdevcontainer-java-17:latest"],"SharedSize":-1,"Size":2864689127,"VirtualSize":2864689127},{"Containers":-1,"Created":1692221966,"Id":"sha256:b306b50bc9d686fddf0df0d146f67a331526817ff55900aec2bd11ceb7385b21","Labels":{"base.docker-init.version":"a47bdcf","base.version":"778bff1","com.azure.dev.image.build.sourceversion":"778bff1287e502b4629f6eb02fc8a7674adc68fb","com.azure.dev.image.system.teamfoundationcollectionuri":"yammer","com.docker.compose.project":"graph","com.docker.compose.service":"graph","com.docker.compose.version":"2.20.2","com.visualstudio.yammer.image.system.teamfoundationcollectionuri":"yammer"},"ParentId":"","RepoDigests":null,"RepoTags":["graph-graph:latest"],"SharedSize":-1,"Size":865115973,"VirtualSize":865115973},{"Containers":-1,"Created":1692221851,"Id":"sha256:b8e5cdea899737b62d97d3fd3196f86d1552a3e2ecaf0e75e90bd0ca5f17583c","Labels":{"base.docker-init.version":"a47bdcf","base.version":"778bff1","com.azure.dev.image.build.sourceversion":"778bff1287e502b4629f6eb02fc8a7674adc68fb","com.azure.dev.image.system.teamfoundationcollectionuri":"yammer","com.docker.compose.project":"graph","com.docker.compose.service":"graph","com.docker.compose.version":"2.20.2","com.visualstudio.yammer.image.system.teamfoundationcollectionuri":"yammer"},"ParentId":"","RepoDigests":["<none>@<none>"],"RepoTags":["<none>:<none>"],"SharedSize":-1,"Size":865098031,"VirtualSize":865098031},{"Containers":-1,"Created":1692221629,"Id":"sha256:8024ccadcdc75bad66672181d51439826947d4af1141976d0d79fdfeacfe0e94","Labels":{"base.docker-init.version":"a47bdcf","base.version":"778bff1","com.azure.dev.image.build.sourceversion":"778bff1287e502b4629f6eb02fc8a7674adc68fb","com.azure.dev.image.system.teamfoundationcollectionuri":"yammer","com.docker.compose.project":"graph","com.docker.compose.service":"graph","com.docker.compose.version":"2.20.2","com.visualstudio.yammer.image.system.teamfoundationcollectionuri":"yammer"},"ParentId":"","RepoDigests":["<none>@<none>"],"RepoTags":["<none>:<none>"],"SharedSize":-1,"Size":865022257,"VirtualSize":865022257},{"Containers":-1,"Created":1692220445,"Id":"sha256:5627acfe46c2fe9a1ca32742826ffe3bf469da846ebf794e98cd0422f8ede4c4","Labels":{"base.docker-init.version":"a47bdcf","base.version":"778bff1","com.azure.dev.image.build.sourceversion":"778bff1287e502b4629f6eb02fc8a7674adc68fb","com.azure.dev.image.system.teamfoundationcollectionuri":"yammer","com.docker.compose.project":"graph","com.docker.compose.service":"graph","com.docker.compose.version":"2.20.2","com.visualstudio.yammer.image.system.teamfoundationcollectionuri":"yammer"},"ParentId":"","RepoDigests":["<none>@<none>"],"RepoTags":["<none>:<none>"],"SharedSize":-1,"Size":863330816,"VirtualSize":863330816},{"Containers":-1,"Created":1692220025,"Id":"sha256:a8d2c7bafe4eb326dde1d9d349bc2500503bd61c04a1327cf5b57a6d084e25cc","Labels":{"base.docker-init.version":"a47bdcf","base.version":"778bff1","com.azure.dev.image.build.sourceversion":"778bff1287e502b4629f6eb02fc8a7674adc68fb","com.azure.dev.image.system.teamfoundationcollectionuri":"yammer","com.docker.compose.project":"graph","com.docker.compose.service":"graph","com.docker.compose.version":"2.20.2","com.visualstudio.yammer.image.system.teamfoundationcollectionuri":"yammer"},"ParentId":"","RepoDigests":["<none>@<none>"],"RepoTags":["<none>:<none>"],"SharedSize":-1,"Size":863226305,"VirtualSize":863226305},{"Containers":-1,"Created":1692219857,"Id":"sha256:4263e667a2b30c5333a483855c4bffe128623326943f54cb25903b5b6ff75aee","Labels":{"base.docker-init.version":"a47bdcf","base.version":"778bff1","com.azure.dev.image.build.sourceversion":"778bff1287e502b4629f6eb02fc8a7674adc68fb","com.azure.dev.image.system.teamfoundationcollectionuri":"yammer","com.docker.compose.project":"graph","com.docker.compose.service":"graph","com.docker.compose.version":"2.20.2","com.visualstudio.yammer.image.system.teamfoundationcollectionuri":"yammer"},"ParentId":"","RepoDigests":["<none>@<none>"],"RepoTags":["<none>:<none>"],"SharedSize":-1,"Size":863191019,"VirtualSize":863191019},{"Containers":-1,"Created":1692219645,"Id":"sha256:9021f02b1347b914b5dfbd9d95a515d2da9b5176e230cfdc2e13acec7650a137","Labels":{"base.docker-init.version":"a47bdcf","base.version":"778bff1","com.azure.dev.image.build.sourceversion":"778bff1287e502b4629f6eb02fc8a7674adc68fb","com.azure.dev.image.system.teamfoundationcollectionuri":"yammer","com.docker.compose.project":"graph","com.docker.compose.service":"graph","com.docker.compose.version":"2.20.2","com.visualstudio.yammer.image.system.teamfoundationcollectionuri":"yammer"},"ParentId":"","RepoDigests":["<none>@<none>"],"RepoTags":["<none>:<none>"],"SharedSize":-1,"Size":1177590470,"VirtualSize":1177590470},{"Containers":-1,"Created":1692218994,"Id":"sha256:ff7b7774e474a7ed49d29ad7b7e0992325786dd45d154679eb24965b0ac5a797","Labels":{"base.docker-init.version":"a47bdcf","base.version":"778bff1","com.azure.dev.image.build.sourceversion":"778bff1287e502b4629f6eb02fc8a7674adc68fb","com.azure.dev.image.system.teamfoundationcollectionuri":"yammer","com.docker.compose.project":"graph","com.docker.compose.service":"graph","com.docker.compose.version":"2.20.2","com.visualstudio.yammer.image.system.teamfoundationcollectionuri":"yammer"},"ParentId":"","RepoDigests":["<none>@<none>"],"RepoTags":["<none>:<none>"],"SharedSize":-1,"Size":1177431618,"VirtualSize":1177431618},{"Containers":-1,"Created":1692218281,"Id":"sha256:71ff2b91da311635c6f21d0173078a8bb6b14ba3ddfeb7643bebead09ec2655e","Labels":{"base.docker-init.version":"a47bdcf","base.version":"778bff1","com.azure.dev.image.build.sourceversion":"778bff1287e502b4629f6eb02fc8a7674adc68fb","com.azure.dev.image.system.teamfoundationcollectionuri":"yammer","com.docker.compose.project":"graph","com.docker.compose.service":"graph","com.docker.compose.version":"2.20.2","com.visualstudio.yammer.image.syste"
16:47:56.754 [main] DEBUG com.github.dockerjava.zerodep.shaded.org.apache.hc.client5.http.wire -- http-outgoing-0 << "m.teamfoundationcollectionuri":"yammer"},"ParentId":"","RepoDigests":["<none>@<none>"],"RepoTags":["<none>:<none>"],"SharedSize":-1,"Size":863161594,"VirtualSize":863161594},{"Containers":-1,"Created":1692217885,"Id":"sha256:8271e465c92f8adad5ad080e5d8e1ad64ccb4538f7c44a3cb25514eb4eb3c11d","Labels":{"base.docker-init.version":"a47bdcf","base.version":"778bff1","com.azure.dev.image.build.sourceversion":"778bff1287e502b4629f6eb02fc8a7674adc68fb","com.azure.dev.image.system.teamfoundationcollectionuri":"yammer","com.docker.compose.project":"graph","com.docker.compose.service":"graph","com.docker.compose.version":"2.20.2","com.visualstudio.yammer.image.system.teamfoundationcollectionuri":"yammer"},"ParentId":"","RepoDigests":["<none>@<none>"],"RepoTags":["<none>:<none>"],"SharedSize":-1,"Size":867193339,"VirtualSize":867193339},{"Containers":-1,"Created":1692215527,"Id":"sha256:20e16d41e4e39586f04382b21300be2fcc771c5673cf0dbbcaa72cda130fc0c3","Labels":{"base.docker-init.version":"a47bdcf","base.version":"778bff1","com.azure.dev.image.build.sourceversion":"778bff1287e502b4629f6eb02fc8a7674adc68fb","com.azure.dev.image.system.teamfoundationcollectionuri":"yammer","com.docker.compose.project":"graph","com.docker.compose.service":"graph","com.docker.compose.version":"2.20.2","com.visualstudio.yammer.image.system.teamfoundationcollectionuri":"yammer"},"ParentId":"","RepoDigests":["<none>@<none>"],"RepoTags":["<none>:<none>"],"SharedSize":-1,"Size":862653721,"VirtualSize":862653721},{"Containers":-1,"Created":1692215468,"Id":"sha256:3ae69a0831c6f309f7c98bfbede8d92dbb8a5dc317a92e8399c1a737aec7f844","Labels":{"base.docker-init.version":"a47bdcf","base.version":"778bff1","com.azure.dev.image.build.sourceversion":"778bff1287e502b4629f6eb02fc8a7674adc68fb","com.azure.dev.image.system.teamfoundationcollectionuri":"yammer","com.docker.compose.project":"graph","com.docker.compose.service":"graph","com.docker.compose.version":"2.20.2","com.visualstudio.yammer.image.system.teamfoundationcollectionuri":"yammer"},"ParentId":"","RepoDigests":["<none>@<none>"],"RepoTags":["<none>:<none>"],"SharedSize":-1,"Size":862560743,"VirtualSize":862560743},{"Containers":-1,"Created":1692215350,"Id":"sha256:626ddfe46ca5cd3760e88a1c56b76098361b95941322459a9c7eabdf56ee3ca3","Labels":{"base.docker-init.version":"a47bdcf","base.version":"778bff1","com.azure.dev.image.build.sourceversion":"778bff1287e502b4629f6eb02fc8a7674adc68fb","com.azure.dev.image.system.teamfoundationcollectionuri":"yammer","com.docker.compose.project":"graph","com.docker.compose.service":"graph","com.docker.compose.version":"2.20.2","com.visualstudio.yammer.image.system.teamfoundationcollectionuri":"yammer"},"ParentId":"","RepoDigests":["<none>@<none>"],"RepoTags":["<none>:<none>"],"SharedSize":-1,"Size":862466409,"VirtualSize":862466409},{"Containers":-1,"Created":1692215308,"Id":"sha256:999c9e0a4f21f013a84741a1611fbaa0473f6d03558ecc81afc5e38b61dcd8f9","Labels":{"base.docker-init.version":"a47bdcf","base.version":"778bff1","com.azure.dev.image.build.sourceversion":"778bff1287e502b4629f6eb02fc8a7674adc68fb","com.azure.dev.image.system.teamfoundationcollectionuri":"yammer","com.docker.compose.project":"graph","com.docker.compose.service":"graph","com.docker.compose.version":"2.20.2","com.visualstudio.yammer.image.system.teamfoundationcollectionuri":"yammer"},"ParentId":"","RepoDigests":["<none>@<none>"],"RepoTags":["<none>:<none>"],"SharedSize":-1,"Size":841564293,"VirtualSize":841564293},{"Containers":-1,"Created":1692215169,"Id":"sha256:b65db858f7c3b6290d77af74a5419a1e6b4e7e642acd8667b85c4d2c9e747e5b","Labels":{"base.docker-init.version":"a47bdcf","base.version":"778bff1","com.azure.dev.image.build.sourceversion":"778bff1287e502b4629f6eb02fc8a7674adc68fb","com.azure.dev.image.system.teamfoundationcollectionuri":"yammer","com.docker.compose.project":"graph","com.docker.compose.service":"graph","com.docker.compose.version":"2.20.2","com.visualstudio.yammer.image.system.teamfoundationcollectionuri":"yammer"},"ParentId":"","RepoDigests":["<none>@<none>"],"RepoTags":["<none>:<none>"],"SharedSize":-1,"Size":841463068,"VirtualSize":841463068},{"Containers":-1,"Created":1692215064,"Id":"sha256:73dcd4ef4391f05f08c8f250bc86757d0a9a55a335d4d57f6cba02997f898066","Labels":{"base.docker-init.version":"a47bdcf","base.version":"778bff1","com.azure.dev.image.build.sourceversion":"778bff1287e502b4629f6eb02fc8a7674adc68fb","com.azure.dev.image.system.teamfoundationcollectionuri":"yammer","com.docker.compose.project":"graph","com.docker.compose.service":"graph","com.docker.compose.version":"2.20.2","com.visualstudio.yammer.image.system.teamfoundationcollectionuri":"yammer"},"ParentId":"","RepoDigests":["<none>@<none>"],"RepoTags":["<none>:<none>"],"SharedSize":-1,"Size":841364201,"VirtualSize":841364201},{"Containers":-1,"Created":1692214855,"Id":"sha256:ae2d620b006ef6ceb66623e8b6f402f723e505dfd3694db54f7492a7a6cfe2b5","Labels":{"base.docker-init.version":"a47bdcf","base.version":"778bff1","com.azure.dev.image.build.sourceversion":"778bff1287e502b4629f6eb02fc8a7674adc68fb","com.azure.dev.image.system.teamfoundationcollectionuri":"yammer","com.docker.compose.project":"graph","com.docker.compose.service":"graph","com.docker.compose.version":"2.20.2","com.visualstudio.yammer.image.system.teamfoundationcollectionuri":"yammer"},"ParentId":"","RepoDigests":["<none>@<none>"],"RepoTags":["<none>:<none>"],"SharedSize":-1,"Size":841259523,"VirtualSize":841259523},{"Containers":-1,"Created":1692214761,"Id":"sha256:8d60cdd572da1a9e1fa9f3d61245ab56b75f1746e910d7fe402020587cfb37f3","Labels":{"base.docker-init.version":"a47bdcf","base.version":"778bff1","com.azure.dev.image.build.sourceversion":"778bff1287e502b4629f6eb02fc8a7674adc68fb","com.azure.dev.image.system.teamfoundationcollectionuri":"yammer","com.docker.compose.project":"graph","com.docker.compose.service":"graph","com.docker.compose.version":"2.20.2","com.visualstudio.yammer.image.system.teamfoundationcollectionuri":"yammer"},"ParentId":"","RepoDigests":["<none>@<none>"],"RepoTags":["<none>:<none>"],"SharedSize":-1,"Size":841159055,"VirtualSize":841159055},{"Containers":-1,"Created":1692214622,"Id":"sha256:4e1e4aa22a9599c5d6baa8fe61dfe372f3e13dcec05589954be50396fa47a64e","Labels":{"base.docker-init.version":"a47bdcf","base.version":"778bff1","com.azure.dev.image.build.sourceversion":"778bff1287e502b4629f6eb02fc8a7674adc68fb","com.azure.dev.image.system.teamfoundationcollectionuri":"yammer","com.docker.compose.project":"graph","com.docker.compose.service":"graph","com.docker.compose.version":"2.20.2","com.visualstudio.yammer.image.system.teamfoundationcollectionuri":"yammer"},"ParentId":"","RepoDigests":["<none>@<none>"],"RepoTags":["<none>:<none>"],"SharedSize":-1,"Size":841055313,"VirtualSize":841055313},{"Containers":-1,"Created":1692214502,"Id":"sha256:e0e16c158b7395582ab7914eff4c8c8c90c37b53b5dcefa88a55aebb8020f858","Labels":{"base.docker-init.version":"a47bdcf","base.version":"778bff1","com.azure.dev.image.build.sourceversion":"778bff1287e502b4629f6eb02fc8a7674adc68fb","com.azure.dev.image.system.teamfoundationcollectionuri":"yammer","com.docker.compose.project":"graph","com.docker.compose.service":"graph","com.docker.compose.version":"2.20.2","com.visualstudio.yammer.image.system.teamfoundationcollectionuri":"yammer"},"ParentId":"","RepoDigests":["<none>@<none>"],"RepoTags":["<none>:<none>"],"SharedSize":-1,"Size":840963411,"VirtualSize":840963411},{"Containers":-1,"Created":1692213631,"Id":"sha256:a9f8825689287a76eacc19e66ecf3f64ac1e23f3ee7c88ab57e02567e0a3f4bc","Labels":{"base.docker-init.version":"a47bdcf","base.version":"778bff1","com.azure.dev.image.build.sourceversion":"778bff1287e502b4629f6eb02fc8a7674adc68fb","com.azure.dev.image.system.teamfoundationcollectionuri":"yammer","com.docker.compose.project":"graph","com.docker.compose.service":"graph","com.docker.compose.version":"2.20.2","com.visualstudio.yammer.image.system.teamfoundationcollectionuri":"yammer"},"ParentId":"",""
16:47:56.756 [main] DEBUG com.github.dockerjava.zerodep.shaded.org.apache.hc.client5.http.wire -- http-outgoing-0 << "RepoDigests":["<none>@<none>"],"RepoTags":["<none>:<none>"],"SharedSize":-1,"Size":839584949,"VirtualSize":839584949},{"Containers":-1,"Created":1692213198,"Id":"sha256:8ab364d88f2a95703a921971d3690d4b4bc14caa3cdbedcee94a435964e4dd32","Labels":{"base.docker-init.version":"a47bdcf","base.version":"778bff1","com.azure.dev.image.build.sourceversion":"778bff1287e502b4629f6eb02fc8a7674adc68fb","com.azure.dev.image.system.teamfoundationcollectionuri":"yammer","com.docker.compose.project":"graph","com.docker.compose.service":"graph","com.docker.compose.version":"2.20.2","com.visualstudio.yammer.image.system.teamfoundationcollectionuri":"yammer"},"ParentId":"","RepoDigests":["<none>@<none>"],"RepoTags":["<none>:<none>"],"SharedSize":-1,"Size":829868927,"VirtualSize":829868927},{"Containers":-1,"Created":1692213078,"Id":"sha256:c18cd4497de76a883487c961ab08c9d96bf3c1a96432ff8dbd6525edb6680b5f","Labels":{"base.docker-init.version":"a47bdcf","base.version":"778bff1","com.azure.dev.image.build.sourceversion":"778bff1287e502b4629f6eb02fc8a7674adc68fb","com.azure.dev.image.system.teamfoundationcollectionuri":"yammer","com.docker.compose.project":"graph","com.docker.compose.service":"graph","com.docker.compose.version":"2.20.2","com.visualstudio.yammer.image.system.teamfoundationcollectionuri":"yammer"},"ParentId":"","RepoDigests":["<none>@<none>"],"RepoTags":["<none>:<none>"],"SharedSize":-1,"Size":829904841,"VirtualSize":829904841},{"Containers":-1,"Created":1692209645,"Id":"sha256:40cc1688de478b9d83079d9599970cb213d8977bffcf45ccb5fde2edc390436d","Labels":{"base.docker-init.version":"a47bdcf","base.version":"778bff1","com.azure.dev.image.build.sourceversion":"778bff1287e502b4629f6eb02fc8a7674adc68fb","com.azure.dev.image.system.teamfoundationcollectionuri":"yammer","com.visualstudio.yammer.image.system.teamfoundationcollectionuri":"yammer"},"ParentId":"","RepoDigests":["<none>@<none>"],"RepoTags":["<none>:<none>"],"SharedSize":-1,"Size":829877620,"VirtualSize":829877620},{"Containers":-1,"Created":1692207967,"Id":"sha256:d634cefc03be8b4f9e4addc6e28690b5151bbecdf726d7a8b100b54fa1f8603d","Labels":{"devcontainer.metadata":"{\"customizations\":{\"vscode\":{\"extensions\":[\"augustocdias.tasks-shell-input\",\"rebornix.ruby\",\"connorshea.vscode-ruby-test-adapter\"],\"settings\":{\"remote.containers.workspaceMountConsistency\":\"delegated\",\"files.eol\":\"\\n\"}}},\"mounts\":[\"source=yamdevcontainers_home,target=/home/vscode,type=volume\",\"source=/var/run/docker.sock,target=/var/run/docker.sock,type=bind\"],\"containerEnv\":{\"HOST_USER\":\"${env:USERNAME}${env:USER}\",\"AZURE_CONFIG_DIR\":\"/home/${env:USERNAME}${env:USER}/.azure\",\"HOST_TYPE\":\"vscode\",\"IN_DEVCONTAINER\":\"true\"},\"overrideCommand\":false}"},"ParentId":"","RepoDigests":null,"RepoTags":["vsc-graph-a15a26adef2b0165dc1006fe932f0e8e417398ff4569202d59bf46a402f7f92d-uid:latest"],"SharedSize":-1,"Size":2685283483,"VirtualSize":2685283483},{"Containers":-1,"Created":1692207958,"Id":"sha256:48658dcdd0ba05abb9bf106eed6dae1c43b4d5260210bd65592bc7976eb12125","Labels":{"devcontainer.metadata":"{\"customizations\":{\"vscode\":{\"extensions\":[\"augustocdias.tasks-shell-input\",\"rebornix.ruby\",\"connorshea.vscode-ruby-test-adapter\"],\"settings\":{\"remote.containers.workspaceMountConsistency\":\"delegated\",\"files.eol\":\"\\n\"}}},\"mounts\":[\"source=yamdevcontainers_home,target=/home/vscode,type=volume\",\"source=/var/run/docker.sock,target=/var/run/docker.sock,type=bind\"],\"containerEnv\":{\"HOST_USER\":\"${env:USERNAME}${env:USER}\",\"AZURE_CONFIG_DIR\":\"/home/${env:USERNAME}${env:USER}/.azure\",\"HOST_TYPE\":\"vscode\",\"IN_DEVCONTAINER\":\"true\"},\"overrideCommand\":false}"},"ParentId":"","RepoDigests":null,"RepoTags":["vsc-graph-a15a26adef2b0165dc1006fe932f0e8e417398ff4569202d59bf46a402f7f92d:latest"],"SharedSize":-1,"Size":2685283483,"VirtualSize":2685283483},{"Containers":-1,"Created":1692199588,"Id":"sha256:fcc054f90308954d933e853d8e4b521ef9c85031ae0b963d1c0ba59ffb939b2b","Labels":null,"ParentId":"","RepoDigests":["redis@sha256:723a3268e4ee04f55ce667cd379113e21a03272092c868442f5a20bb2445c08b"],"RepoTags":["redis:latest"],"SharedSize":-1,"Size":129934853,"VirtualSize":129934853},{"Containers":-1,"Created":1691892474,"Id":"sha256:07411e9e76e28a2f36cba82f15e1497bb49d2cb9c02f453649d4cf1afa3b7958","Labels":null,"ParentId":"","RepoDigests":["yammershared.azurecr.io/yamdevcontainer-ruby-2.6@sha256:261c1b3faeb7b8ff8acc547a8951cd81b101f85dde34acb5a2d688519283810c"],"RepoTags":["yammershared.azurecr.io/yamdevcontainer-ruby-2.6:latest"],"SharedSize":-1,"Size":2661316270,"VirtualSize":2661316270},{"Containers":-1,"Created":1684336262,"Id":"sha256:ec913eeff75a6b5ed284cf17e186213a466ec10a8f471798318ffa0813b5d828","Labels":{"org.testcontainers.ryuk":"true"},"ParentId":"","RepoDigests":["testcontainers/ryuk@sha256:533abc56c07b52a26c955d1e7ae428d810582ab01c156384ae79960eb5fa0775"],"RepoTags":["testcontainers/ryuk:0.5.1"],"SharedSize":-1,"Size":12695732,"VirtualSize":12695732},{"Containers":-1,"Created":1678438354,"Id":"sha256:2e306eb8aa06255c4f736b2bcf446760cae7cf9e947651ba8272f34c3e94ffa7","Labels":{"org.testcontainers.ryuk":"true"},"ParentId":"","RepoDigests":["testcontainers/ryuk@sha256:b874cc015594f275ad3ffb6a135c015c52ce04a2eba377c963abe25a84628167"],"RepoTags":["testcontainers/ryuk:0.4.0"],"SharedSize":-1,"Size":12686755,"VirtualSize":12686755},{"Containers":-1,"Created":1644627867,"Id":"sha256:027ccf656dc121a26b53cac03415d4326a75bf2751f177210d47793754e8b316","Labels":null,"ParentId":"","RepoDigests":["postgres@sha256:caddd35b05cdd56c614ab1f674e63be778e0abdf54e71a7507ff3e28d4902698"],"RepoTags":["postgres:9.6"],"SharedSize":-1,"Size":199689283,"VirtualSize":199689283},{"Containers":-1,"Created":1531270586,"Id":"sha256:e0977532f922bc4c6a71b75bb5e8b82890a96a4afdb1a1377df641acdcf16c63","Labels":null,"ParentId":"","RepoDigests":["postgres@sha256:b8c86a81ee24b9e433a97109ab570c6f7ceed2c4a34aca4cb20ead344adc7a0c"],"RepoTags":["postgres:9.6.9-alpine"],"SharedSize":-1,"Size":39883551,"VirtualSize":39883551}][\n]"
16:47:56.758 [main] DEBUG com.github.dockerjava.zerodep.shaded.org.apache.hc.client5.http.wire -- http-outgoing-0 << "[\r][\n]"
16:47:56.758 [main] DEBUG com.github.dockerjava.zerodep.shaded.org.apache.hc.client5.http.wire -- http-outgoing-0 << "0[\r][\n]"
16:47:56.758 [main] DEBUG com.github.dockerjava.zerodep.shaded.org.apache.hc.client5.http.wire -- http-outgoing-0 << "[\r][\n]"
16:47:56.758 [main] DEBUG com.github.dockerjava.zerodep.shaded.org.apache.hc.client5.http.impl.classic.InternalHttpClient -- ep-00000002: releasing valid endpoint
16:47:56.758 [main] DEBUG com.github.dockerjava.zerodep.shaded.org.apache.hc.client5.http.impl.io.PoolingHttpClientConnectionManager -- ep-00000002: releasing endpoint
16:47:56.758 [main] DEBUG com.github.dockerjava.zerodep.shaded.org.apache.hc.client5.http.impl.io.PoolingHttpClientConnectionManager -- ep-00000002: connection http-outgoing-0 can be kept alive for 3 MINUTES
16:47:56.758 [main] DEBUG com.github.dockerjava.zerodep.shaded.org.apache.hc.client5.http.impl.io.PoolingHttpClientConnectionManager -- ep-00000002: connection released [route: {}->unix://localhost:2375][total available: 1; route allocated: 1 of 2147483647; total allocated: 1 of 2147483647]
16:47:56.760 [main] DEBUG org.testcontainers.images.AbstractImagePullPolicy -- Using locally available and not pulling image: testcontainers/ryuk:0.5.1
16:47:56.760 [main] DEBUG tc.testcontainers/ryuk:0.5.1 -- Starting container: testcontainers/ryuk:0.5.1
16:47:56.760 [main] DEBUG tc.testcontainers/ryuk:0.5.1 -- Trying to start container: testcontainers/ryuk:0.5.1 (attempt 1/1)
16:47:56.760 [main] DEBUG tc.testcontainers/ryuk:0.5.1 -- Starting container: testcontainers/ryuk:0.5.1
16:47:56.760 [main] INFO tc.testcontainers/ryuk:0.5.1 -- Creating container for image: testcontainers/ryuk:0.5.1
16:47:56.762 [main] DEBUG org.testcontainers.utility.RegistryAuthLocator -- Looking up auth config for image: testcontainers/ryuk:0.5.1 at registry: https://index.docker.io/v1/
16:47:56.762 [main] DEBUG org.testcontainers.utility.RegistryAuthLocator -- RegistryAuthLocator has configFile: /home/shcarr/.docker/config.json (exists) configEnv: DOCKER_AUTH_CONFIG (does not exist) and commandPathPrefix: 
16:47:56.762 [main] DEBUG org.testcontainers.utility.RegistryAuthLocator -- RegistryAuthLocator reading from configFile: /home/shcarr/.docker/config.json
16:47:56.762 [main] DEBUG org.testcontainers.utility.RegistryAuthLocator -- registryName [https://index.docker.io/v1/] for dockerImageName [testcontainers/ryuk:0.5.1]
16:47:56.763 [main] DEBUG org.testcontainers.utility.RegistryAuthLocator -- Executing docker credential provider: docker-credential-desktop.exe to locate auth config for: https://index.docker.io/v1/
16:47:56.766 [main] DEBUG org.testcontainers.shaded.org.zeroturnaround.exec.ProcessExecutor -- Executing [docker-credential-desktop.exe, get].
16:47:56.769 [main] DEBUG org.testcontainers.shaded.org.zeroturnaround.exec.ProcessExecutor -- Started Process[pid=103005, exitValue="not exited"]
16:47:59.615 [WaitForProcess-Process[pid=103005, exitValue="not exited"]] DEBUG org.testcontainers.shaded.org.zeroturnaround.exec.WaitForProcess -- Process[pid=103005, exitValue=1] stopped with exit code 1
16:47:59.616 [main] DEBUG org.testcontainers.shaded.org.zeroturnaround.exec.ProcessExecutor -- Executing [docker-credential-desktop.exe, get].
16:47:59.619 [main] DEBUG org.testcontainers.shaded.org.zeroturnaround.exec.ProcessExecutor -- Started Process[pid=103062, exitValue="not exited"]
16:47:59.692 [WaitForProcess-Process[pid=103062, exitValue="not exited"]] DEBUG org.testcontainers.shaded.org.zeroturnaround.exec.WaitForProcess -- Process[pid=103062, exitValue=1] stopped with exit code 1
16:47:59.692 [main] DEBUG org.testcontainers.utility.RegistryAuthLocator -- Got credentials not found error message from docker credential helper - credentials not found in native keychain
16:47:59.692 [main] INFO org.testcontainers.utility.RegistryAuthLocator -- Credential helper/store (docker-credential-desktop.exe) does not have credentials for https://index.docker.io/v1/
16:47:59.693 [main] DEBUG org.testcontainers.utility.RegistryAuthLocator -- No matching Auth Configs - falling back to defaultAuthConfig [null]
16:47:59.693 [main] DEBUG org.testcontainers.dockerclient.AuthDelegatingDockerClientConfig -- Effective auth config [null]
16:47:59.697 [main] DEBUG org.testcontainers.shaded.com.github.dockerjava.core.command.AbstrDockerCmd -- Cmd: org.testcontainers.shaded.com.github.dockerjava.core.command.CreateContainerCmdImpl@551a20d6[aliases=<null>,argsEscaped=<null>,attachStderr=<null>,attachStdin=<null>,attachStdout=<null>,authConfig=<null>,cmd={},domainName=<null>,entrypoint=<null>,env={},exposedPorts=ExposedPorts(exposedPorts=[8080/tcp]),healthcheck=<null>,hostConfig=HostConfig(binds=[/var/run/docker.sock:/var/run/docker.sock:rw], blkioWeight=null, blkioWeightDevice=null, blkioDeviceReadBps=null, blkioDeviceWriteBps=null, blkioDeviceReadIOps=null, blkioDeviceWriteIOps=null, memorySwappiness=null, nanoCPUs=null, capAdd=null, capDrop=null, containerIDFile=null, cpuPeriod=null, cpuRealtimePeriod=null, cpuRealtimeRuntime=null, cpuShares=null, cpuQuota=null, cpusetCpus=null, cpusetMems=null, devices=null, deviceCgroupRules=null, deviceRequests=null, diskQuota=null, dns=null, dnsOptions=null, dnsSearch=null, extraHosts=[], groupAdd=null, ipcMode=null, cgroup=null, links=[], logConfig=LogConfig(type=null, config=null), lxcConf=null, memory=null, memorySwap=null, memoryReservation=null, kernelMemory=null, networkMode=null, oomKillDisable=null, init=null, autoRemove=true, oomScoreAdj=null, portBindings={8080/tcp=[Lcom.github.dockerjava.api.model.Ports$Binding;@780ec4a5}, privileged=true, publishAllPorts=null, readonlyRootfs=null, restartPolicy=null, ulimits=null, cpuCount=null, cpuPercent=null, ioMaximumIOps=null, ioMaximumBandwidth=null, volumesFrom=[], mounts=null, pidMode=null, isolation=null, securityOpts=null, storageOpt=null, cgroupParent=null, volumeDriver=null, shmSize=null, pidsLimit=null, runtime=null, tmpFs=null, utSMode=null, usernsMode=null, sysctls=null, consoleSize=null, cgroupnsMode=null),hostName=<null>,image=testcontainers/ryuk:0.5.1,ipv4Address=<null>,ipv6Address=<null>,labels={org.testcontainers=true, org.testcontainers.lang=java, org.testcontainers.version=1.19.0},macAddress=<null>,name=testcontainers-ryuk-8771ab98-9441-4355-8458-173dfcd997c6,networkDisabled=<null>,networkingConfig=<null>,onBuild=<null>,platform=<null>,portSpecs=<null>,shell=<null>,stdInOnce=<null>,stdinOpen=<null>,stopSignal=<null>,stopTimeout=<null>,tty=<null>,user=<null>,volumes=Volumes(volumes=[]),workingDir=<null>]
16:47:59.723 [main] DEBUG com.github.dockerjava.zerodep.shaded.org.apache.hc.client5.http.impl.classic.InternalHttpClient -- ex-00000004: preparing request execution
16:47:59.723 [main] DEBUG com.github.dockerjava.zerodep.shaded.org.apache.hc.client5.http.protocol.RequestAddCookies -- Cookie spec selected: strict
16:47:59.723 [main] DEBUG com.github.dockerjava.zerodep.shaded.org.apache.hc.client5.http.protocol.RequestAuthCache -- Auth cache not set in the context
16:47:59.723 [main] DEBUG com.github.dockerjava.zerodep.shaded.org.apache.hc.client5.http.impl.classic.ProtocolExec -- ex-00000004: target auth state: UNCHALLENGED
16:47:59.723 [main] DEBUG com.github.dockerjava.zerodep.shaded.org.apache.hc.client5.http.impl.classic.ProtocolExec -- ex-00000004: proxy auth state: UNCHALLENGED
16:47:59.723 [main] DEBUG com.github.dockerjava.zerodep.shaded.org.apache.hc.client5.http.impl.classic.ConnectExec -- ex-00000004: acquiring connection with route {}->unix://localhost:2375
16:47:59.723 [main] DEBUG com.github.dockerjava.zerodep.shaded.org.apache.hc.client5.http.impl.classic.InternalHttpClient -- ex-00000004: acquiring endpoint (3 MINUTES)
16:47:59.724 [main] DEBUG com.github.dockerjava.zerodep.shaded.org.apache.hc.client5.http.impl.io.PoolingHttpClientConnectionManager -- ex-00000004: endpoint lease request (3 MINUTES) [route: {}->unix://localhost:2375][total available: 1; route allocated: 1 of 2147483647; total allocated: 1 of 2147483647]
16:47:59.724 [main] DEBUG com.github.dockerjava.zerodep.shaded.org.apache.hc.client5.http.impl.io.PoolingHttpClientConnectionManager -- ex-00000004: endpoint leased [route: {}->unix://localhost:2375][total available: 0; route allocated: 1 of 2147483647; total allocated: 1 of 2147483647]
16:47:59.724 [main] DEBUG com.github.dockerjava.zerodep.shaded.org.apache.hc.client5.http.impl.io.PoolingHttpClientConnectionManager -- ex-00000004: acquired ep-00000003
16:47:59.724 [main] DEBUG com.github.dockerjava.zerodep.shaded.org.apache.hc.client5.http.impl.classic.InternalHttpClient -- ex-00000004: acquired endpoint ep-00000003
16:47:59.724 [main] DEBUG com.github.dockerjava.zerodep.shaded.org.apache.hc.client5.http.impl.classic.MainClientExec -- ex-00000004: executing POST /v1.32/containers/create?name=testcontainers-ryuk-8771ab98-9441-4355-8458-173dfcd997c6 HTTP/1.1
16:47:59.724 [main] DEBUG com.github.dockerjava.zerodep.shaded.org.apache.hc.client5.http.impl.classic.InternalHttpClient -- ep-00000003: start execution ex-00000004
16:47:59.724 [main] DEBUG com.github.dockerjava.zerodep.shaded.org.apache.hc.client5.http.impl.io.PoolingHttpClientConnectionManager -- ep-00000003: executing exchange ex-00000004 over http-outgoing-0
16:47:59.724 [main] DEBUG com.github.dockerjava.zerodep.shaded.org.apache.hc.client5.http.headers -- http-outgoing-0 >> POST /v1.32/containers/create?name=testcontainers-ryuk-8771ab98-9441-4355-8458-173dfcd997c6 HTTP/1.1
16:47:59.724 [main] DEBUG com.github.dockerjava.zerodep.shaded.org.apache.hc.client5.http.headers -- http-outgoing-0 >> accept: application/json
16:47:59.724 [main] DEBUG com.github.dockerjava.zerodep.shaded.org.apache.hc.client5.http.headers -- http-outgoing-0 >> content-type: application/json
16:47:59.724 [main] DEBUG com.github.dockerjava.zerodep.shaded.org.apache.hc.client5.http.headers -- http-outgoing-0 >> x-tc-sid: 8771ab98-9441-4355-8458-173dfcd997c6
16:47:59.724 [main] DEBUG com.github.dockerjava.zerodep.shaded.org.apache.hc.client5.http.headers -- http-outgoing-0 >> User-Agent: tc-java/1.19.0
16:47:59.724 [main] DEBUG com.github.dockerjava.zerodep.shaded.org.apache.hc.client5.http.headers -- http-outgoing-0 >> Accept-Encoding: gzip, x-gzip, deflate
16:47:59.724 [main] DEBUG com.github.dockerjava.zerodep.shaded.org.apache.hc.client5.http.headers -- http-outgoing-0 >> Content-Length: 1954
16:47:59.724 [main] DEBUG com.github.dockerjava.zerodep.shaded.org.apache.hc.client5.http.headers -- http-outgoing-0 >> Host: localhost:2375
16:47:59.724 [main] DEBUG com.github.dockerjava.zerodep.shaded.org.apache.hc.client5.http.headers -- http-outgoing-0 >> Connection: keep-alive
16:47:59.724 [main] DEBUG com.github.dockerjava.zerodep.shaded.org.apache.hc.client5.http.wire -- http-outgoing-0 >> "POST /v1.32/containers/create?name=testcontainers-ryuk-8771ab98-9441-4355-8458-173dfcd997c6 HTTP/1.1[\r][\n]"
16:47:59.724 [main] DEBUG com.github.dockerjava.zerodep.shaded.org.apache.hc.client5.http.wire -- http-outgoing-0 >> "accept: application/json[\r][\n]"
16:47:59.724 [main] DEBUG com.github.dockerjava.zerodep.shaded.org.apache.hc.client5.http.wire -- http-outgoing-0 >> "content-type: application/json[\r][\n]"
16:47:59.724 [main] DEBUG com.github.dockerjava.zerodep.shaded.org.apache.hc.client5.http.wire -- http-outgoing-0 >> "x-tc-sid: 8771ab98-9441-4355-8458-173dfcd997c6[\r][\n]"
16:47:59.724 [main] DEBUG com.github.dockerjava.zerodep.shaded.org.apache.hc.client5.http.wire -- http-outgoing-0 >> "User-Agent: tc-java/1.19.0[\r][\n]"
16:47:59.724 [main] DEBUG com.github.dockerjava.zerodep.shaded.org.apache.hc.client5.http.wire -- http-outgoing-0 >> "Accept-Encoding: gzip, x-gzip, deflate[\r][\n]"
16:47:59.724 [main] DEBUG com.github.dockerjava.zerodep.shaded.org.apache.hc.client5.http.wire -- http-outgoing-0 >> "Content-Length: 1954[\r][\n]"
16:47:59.724 [main] DEBUG com.github.dockerjava.zerodep.shaded.org.apache.hc.client5.http.wire -- http-outgoing-0 >> "Host: localhost:2375[\r][\n]"
16:47:59.724 [main] DEBUG com.github.dockerjava.zerodep.shaded.org.apache.hc.client5.http.wire -- http-outgoing-0 >> "Connection: keep-alive[\r][\n]"
16:47:59.724 [main] DEBUG com.github.dockerjava.zerodep.shaded.org.apache.hc.client5.http.wire -- http-outgoing-0 >> "[\r][\n]"
16:47:59.724 [main] DEBUG com.github.dockerjava.zerodep.shaded.org.apache.hc.client5.http.wire -- http-outgoing-0 >> "{"Hostname":null,"Domainname":null,"User":null,"AttachStdin":null,"AttachStdout":null,"AttachStderr":null,"PortSpecs":null,"Tty":null,"OpenStdin":null,"StdinOnce":null,"Env":[],"Cmd":[],"Healthcheck":null,"ArgsEscaped":null,"Entrypoint":null,"Image":"testcontainers/ryuk:0.5.1","Volumes":{},"WorkingDir":null,"MacAddress":null,"OnBuild":null,"NetworkDisabled":null,"ExposedPorts":{"8080/tcp":{}},"StopSignal":null,"StopTimeout":null,"HostConfig":{"Binds":["/var/run/docker.sock:/var/run/docker.sock:rw"],"BlkioWeight":null,"BlkioWeightDevice":null,"BlkioDeviceReadBps":null,"BlkioDeviceWriteBps":null,"BlkioDeviceReadIOps":null,"BlkioDeviceWriteIOps":null,"MemorySwappiness":null,"NanoCpus":null,"CapAdd":null,"CapDrop":null,"ContainerIDFile":null,"CpuPeriod":null,"CpuRealtimePeriod":null,"CpuRealtimeRuntime":null,"CpuShares":null,"CpuQuota":null,"CpusetCpus":null,"CpusetMems":null,"Devices":null,"DeviceCgroupRules":null,"DeviceRequests":null,"DiskQuota":null,"Dns":null,"DnsOptions":null,"DnsSearch":null,"ExtraHosts":[],"GroupAdd":null,"IpcMode":null,"Cgroup":null,"Links":[],"LogConfig":null,"LxcConf":null,"Memory":null,"MemorySwap":null,"MemoryReservation":null,"KernelMemory":null,"NetworkMode":null,"OomKillDisable":null,"Init":null,"AutoRemove":true,"OomScoreAdj":null,"PortBindings":{"8080/tcp":[{"HostIp":"","HostPort":""}]},"Privileged":true,"PublishAllPorts":null,"ReadonlyRootfs":null,"RestartPolicy":null,"Ulimits":null,"CpuCount":null,"CpuPercent":null,"IOMaximumIOps":null,"IOMaximumBandwidth":null,"VolumesFrom":[],"Mounts":null,"PidMode":null,"Isolation":null,"SecurityOpt":null,"StorageOpt":null,"CgroupParent":null,"VolumeDriver":null,"ShmSize":null,"PidsLimit":null,"Runtime":null,"Tmpfs":null,"UTSMode":null,"UsernsMode":null,"Sysctls":null,"ConsoleSize":null,"CgroupnsMode":null},"Labels":{"org.testcontainers":"true","org.testcontainers.lang":"java","org.testcontainers.version":"1.19.0"},"Shell":null,"NetworkingConfig":null}"
16:47:59.744 [main] DEBUG com.github.dockerjava.zerodep.shaded.org.apache.hc.client5.http.wire -- http-outgoing-0 << "HTTP/1.1 201 Created[\r][\n]"
16:47:59.744 [main] DEBUG com.github.dockerjava.zerodep.shaded.org.apache.hc.client5.http.wire -- http-outgoing-0 << "Api-Version: 1.43[\r][\n]"
16:47:59.744 [main] DEBUG com.github.dockerjava.zerodep.shaded.org.apache.hc.client5.http.wire -- http-outgoing-0 << "Content-Type: application/json[\r][\n]"
16:47:59.744 [main] DEBUG com.github.dockerjava.zerodep.shaded.org.apache.hc.client5.http.wire -- http-outgoing-0 << "Date: Thu, 21 Sep 2023 23:47:59 GMT[\r][\n]"
16:47:59.744 [main] DEBUG com.github.dockerjava.zerodep.shaded.org.apache.hc.client5.http.wire -- http-outgoing-0 << "Docker-Experimental: false[\r][\n]"
16:47:59.744 [main] DEBUG com.github.dockerjava.zerodep.shaded.org.apache.hc.client5.http.wire -- http-outgoing-0 << "Ostype: linux[\r][\n]"
16:47:59.744 [main] DEBUG com.github.dockerjava.zerodep.shaded.org.apache.hc.client5.http.wire -- http-outgoing-0 << "Server: Docker/24.0.6 (linux)[\r][\n]"
16:47:59.744 [main] DEBUG com.github.dockerjava.zerodep.shaded.org.apache.hc.client5.http.wire -- http-outgoing-0 << "Transfer-Encoding: chunked[\r][\n]"
16:47:59.744 [main] DEBUG com.github.dockerjava.zerodep.shaded.org.apache.hc.client5.http.wire -- http-outgoing-0 << "[\r][\n]"
16:47:59.745 [main] DEBUG com.github.dockerjava.zerodep.shaded.org.apache.hc.client5.http.headers -- http-outgoing-0 << HTTP/1.1 201 Created
16:47:59.745 [main] DEBUG com.github.dockerjava.zerodep.shaded.org.apache.hc.client5.http.headers -- http-outgoing-0 << Api-Version: 1.43
16:47:59.745 [main] DEBUG com.github.dockerjava.zerodep.shaded.org.apache.hc.client5.http.headers -- http-outgoing-0 << Content-Type: application/json
16:47:59.745 [main] DEBUG com.github.dockerjava.zerodep.shaded.org.apache.hc.client5.http.headers -- http-outgoing-0 << Date: Thu, 21 Sep 2023 23:47:59 GMT
16:47:59.745 [main] DEBUG com.github.dockerjava.zerodep.shaded.org.apache.hc.client5.http.headers -- http-outgoing-0 << Docker-Experimental: false
16:47:59.745 [main] DEBUG com.github.dockerjava.zerodep.shaded.org.apache.hc.client5.http.headers -- http-outgoing-0 << Ostype: linux
16:47:59.745 [main] DEBUG com.github.dockerjava.zerodep.shaded.org.apache.hc.client5.http.headers -- http-outgoing-0 << Server: Docker/24.0.6 (linux)
16:47:59.745 [main] DEBUG com.github.dockerjava.zerodep.shaded.org.apache.hc.client5.http.headers -- http-outgoing-0 << Transfer-Encoding: chunked
16:47:59.745 [main] DEBUG com.github.dockerjava.zerodep.shaded.org.apache.hc.client5.http.impl.classic.MainClientExec -- ex-00000004: connection can be kept alive for 3 MINUTES
16:47:59.745 [main] DEBUG com.github.dockerjava.zerodep.shaded.org.apache.hc.client5.http.wire -- http-outgoing-0 << "58[\r][\n]"
16:47:59.745 [main] DEBUG com.github.dockerjava.zerodep.shaded.org.apache.hc.client5.http.wire -- http-outgoing-0 << "{"Id":"6b57e7cf61c553e36888a835de4acfa024fdeb13d2b1783effc28251b4ba671c","Warnings":[]}[\n]"
16:47:59.745 [main] DEBUG com.github.dockerjava.zerodep.shaded.org.apache.hc.client5.http.wire -- http-outgoing-0 << "[\r][\n]"
16:47:59.746 [main] DEBUG com.github.dockerjava.zerodep.shaded.org.apache.hc.client5.http.wire -- http-outgoing-0 << "0[\r][\n]"
16:47:59.746 [main] DEBUG com.github.dockerjava.zerodep.shaded.org.apache.hc.client5.http.wire -- http-outgoing-0 << "[\r][\n]"
16:47:59.746 [main] DEBUG com.github.dockerjava.zerodep.shaded.org.apache.hc.client5.http.impl.classic.InternalHttpClient -- ep-00000003: releasing valid endpoint
16:47:59.746 [main] DEBUG com.github.dockerjava.zerodep.shaded.org.apache.hc.client5.http.impl.io.PoolingHttpClientConnectionManager -- ep-00000003: releasing endpoint
16:47:59.746 [main] DEBUG com.github.dockerjava.zerodep.shaded.org.apache.hc.client5.http.impl.io.PoolingHttpClientConnectionManager -- ep-00000003: connection http-outgoing-0 can be kept alive for 3 MINUTES
16:47:59.746 [main] DEBUG com.github.dockerjava.zerodep.shaded.org.apache.hc.client5.http.impl.io.PoolingHttpClientConnectionManager -- ep-00000003: connection released [route: {}->unix://localhost:2375][total available: 1; route allocated: 1 of 2147483647; total allocated: 1 of 2147483647]
16:47:59.747 [main] INFO tc.testcontainers/ryuk:0.5.1 -- Container testcontainers/ryuk:0.5.1 is starting: 6b57e7cf61c553e36888a835de4acfa024fdeb13d2b1783effc28251b4ba671c
16:47:59.748 [main] DEBUG org.testcontainers.shaded.com.github.dockerjava.core.command.AbstrDockerCmd -- Cmd: 6b57e7cf61c553e36888a835de4acfa024fdeb13d2b1783effc28251b4ba671c
16:47:59.748 [main] DEBUG com.github.dockerjava.zerodep.shaded.org.apache.hc.client5.http.impl.classic.InternalHttpClient -- ex-00000005: preparing request execution
16:47:59.748 [main] DEBUG com.github.dockerjava.zerodep.shaded.org.apache.hc.client5.http.protocol.RequestAddCookies -- Cookie spec selected: strict
16:47:59.748 [main] DEBUG com.github.dockerjava.zerodep.shaded.org.apache.hc.client5.http.protocol.RequestAuthCache -- Auth cache not set in the context
16:47:59.748 [main] DEBUG com.github.dockerjava.zerodep.shaded.org.apache.hc.client5.http.impl.classic.ProtocolExec -- ex-00000005: target auth state: UNCHALLENGED
16:47:59.748 [main] DEBUG com.github.dockerjava.zerodep.shaded.org.apache.hc.client5.http.impl.classic.ProtocolExec -- ex-00000005: proxy auth state: UNCHALLENGED
16:47:59.748 [main] DEBUG com.github.dockerjava.zerodep.shaded.org.apache.hc.client5.http.impl.classic.ConnectExec -- ex-00000005: acquiring connection with route {}->unix://localhost:2375
16:47:59.748 [main] DEBUG com.github.dockerjava.zerodep.shaded.org.apache.hc.client5.http.impl.classic.InternalHttpClient -- ex-00000005: acquiring endpoint (3 MINUTES)
16:47:59.748 [main] DEBUG com.github.dockerjava.zerodep.shaded.org.apache.hc.client5.http.impl.io.PoolingHttpClientConnectionManager -- ex-00000005: endpoint lease request (3 MINUTES) [route: {}->unix://localhost:2375][total available: 1; route allocated: 1 of 2147483647; total allocated: 1 of 2147483647]
16:47:59.748 [main] DEBUG com.github.dockerjava.zerodep.shaded.org.apache.hc.client5.http.impl.io.PoolingHttpClientConnectionManager -- ex-00000005: endpoint leased [route: {}->unix://localhost:2375][total available: 0; route allocated: 1 of 2147483647; total allocated: 1 of 2147483647]
16:47:59.748 [main] DEBUG com.github.dockerjava.zerodep.shaded.org.apache.hc.client5.http.impl.io.PoolingHttpClientConnectionManager -- ex-00000005: acquired ep-00000004
16:47:59.748 [main] DEBUG com.github.dockerjava.zerodep.shaded.org.apache.hc.client5.http.impl.classic.InternalHttpClient -- ex-00000005: acquired endpoint ep-00000004
16:47:59.748 [main] DEBUG com.github.dockerjava.zerodep.shaded.org.apache.hc.client5.http.impl.classic.MainClientExec -- ex-00000005: executing POST /v1.32/containers/6b57e7cf61c553e36888a835de4acfa024fdeb13d2b1783effc28251b4ba671c/start HTTP/1.1
16:47:59.748 [main] DEBUG com.github.dockerjava.zerodep.shaded.org.apache.hc.client5.http.impl.classic.InternalHttpClient -- ep-00000004: start execution ex-00000005
16:47:59.748 [main] DEBUG com.github.dockerjava.zerodep.shaded.org.apache.hc.client5.http.impl.io.PoolingHttpClientConnectionManager -- ep-00000004: executing exchange ex-00000005 over http-outgoing-0
16:47:59.748 [main] DEBUG com.github.dockerjava.zerodep.shaded.org.apache.hc.client5.http.headers -- http-outgoing-0 >> POST /v1.32/containers/6b57e7cf61c553e36888a835de4acfa024fdeb13d2b1783effc28251b4ba671c/start HTTP/1.1
16:47:59.749 [main] DEBUG com.github.dockerjava.zerodep.shaded.org.apache.hc.client5.http.headers -- http-outgoing-0 >> accept: application/json
16:47:59.749 [main] DEBUG com.github.dockerjava.zerodep.shaded.org.apache.hc.client5.http.headers -- http-outgoing-0 >> content-type: application/json
16:47:59.749 [main] DEBUG com.github.dockerjava.zerodep.shaded.org.apache.hc.client5.http.headers -- http-outgoing-0 >> x-tc-sid: 8771ab98-9441-4355-8458-173dfcd997c6
16:47:59.749 [main] DEBUG com.github.dockerjava.zerodep.shaded.org.apache.hc.client5.http.headers -- http-outgoing-0 >> User-Agent: tc-java/1.19.0
16:47:59.749 [main] DEBUG com.github.dockerjava.zerodep.shaded.org.apache.hc.client5.http.headers -- http-outgoing-0 >> Accept-Encoding: gzip, x-gzip, deflate
16:47:59.749 [main] DEBUG com.github.dockerjava.zerodep.shaded.org.apache.hc.client5.http.headers -- http-outgoing-0 >> Host: localhost:2375
16:47:59.749 [main] DEBUG com.github.dockerjava.zerodep.shaded.org.apache.hc.client5.http.headers -- http-outgoing-0 >> Connection: keep-alive
16:47:59.749 [main] DEBUG com.github.dockerjava.zerodep.shaded.org.apache.hc.client5.http.wire -- http-outgoing-0 >> "POST /v1.32/containers/6b57e7cf61c553e36888a835de4acfa024fdeb13d2b1783effc28251b4ba671c/start HTTP/1.1[\r][\n]"
16:47:59.749 [main] DEBUG com.github.dockerjava.zerodep.shaded.org.apache.hc.client5.http.wire -- http-outgoing-0 >> "accept: application/json[\r][\n]"
16:47:59.749 [main] DEBUG com.github.dockerjava.zerodep.shaded.org.apache.hc.client5.http.wire -- http-outgoing-0 >> "content-type: application/json[\r][\n]"
16:47:59.749 [main] DEBUG com.github.dockerjava.zerodep.shaded.org.apache.hc.client5.http.wire -- http-outgoing-0 >> "x-tc-sid: 8771ab98-9441-4355-8458-173dfcd997c6[\r][\n]"
16:47:59.749 [main] DEBUG com.github.dockerjava.zerodep.shaded.org.apache.hc.client5.http.wire -- http-outgoing-0 >> "User-Agent: tc-java/1.19.0[\r][\n]"
16:47:59.749 [main] DEBUG com.github.dockerjava.zerodep.shaded.org.apache.hc.client5.http.wire -- http-outgoing-0 >> "Accept-Encoding: gzip, x-gzip, deflate[\r][\n]"
16:47:59.749 [main] DEBUG com.github.dockerjava.zerodep.shaded.org.apache.hc.client5.http.wire -- http-outgoing-0 >> "Host: localhost:2375[\r][\n]"
16:47:59.749 [main] DEBUG com.github.dockerjava.zerodep.shaded.org.apache.hc.client5.http.wire -- http-outgoing-0 >> "Connection: keep-alive[\r][\n]"
16:47:59.749 [main] DEBUG com.github.dockerjava.zerodep.shaded.org.apache.hc.client5.http.wire -- http-outgoing-0 >> "[\r][\n]"
16:48:00.038 [main] DEBUG com.github.dockerjava.zerodep.shaded.org.apache.hc.client5.http.wire -- http-outgoing-0 << "HTTP/1.1 204 No Content[\r][\n]"
16:48:00.038 [main] DEBUG com.github.dockerjava.zerodep.shaded.org.apache.hc.client5.http.wire -- http-outgoing-0 << "Api-Version: 1.43[\r][\n]"
16:48:00.038 [main] DEBUG com.github.dockerjava.zerodep.shaded.org.apache.hc.client5.http.wire -- http-outgoing-0 << "Date: Thu, 21 Sep 2023 23:48:00 GMT[\r][\n]"
16:48:00.038 [main] DEBUG com.github.dockerjava.zerodep.shaded.org.apache.hc.client5.http.wire -- http-outgoing-0 << "Docker-Experimental: false[\r][\n]"
16:48:00.038 [main] DEBUG com.github.dockerjava.zerodep.shaded.org.apache.hc.client5.http.wire -- http-outgoing-0 << "Ostype: linux[\r][\n]"
16:48:00.038 [main] DEBUG com.github.dockerjava.zerodep.shaded.org.apache.hc.client5.http.wire -- http-outgoing-0 << "Server: Docker/24.0.6 (linux)[\r][\n]"
16:48:00.038 [main] DEBUG com.github.dockerjava.zerodep.shaded.org.apache.hc.client5.http.wire -- http-outgoing-0 << "[\r][\n]"
16:48:00.038 [main] DEBUG com.github.dockerjava.zerodep.shaded.org.apache.hc.client5.http.headers -- http-outgoing-0 << HTTP/1.1 204 No Content
16:48:00.038 [main] DEBUG com.github.dockerjava.zerodep.shaded.org.apache.hc.client5.http.headers -- http-outgoing-0 << Api-Version: 1.43
16:48:00.038 [main] DEBUG com.github.dockerjava.zerodep.shaded.org.apache.hc.client5.http.headers -- http-outgoing-0 << Date: Thu, 21 Sep 2023 23:48:00 GMT
16:48:00.039 [main] DEBUG com.github.dockerjava.zerodep.shaded.org.apache.hc.client5.http.headers -- http-outgoing-0 << Docker-Experimental: false
16:48:00.039 [main] DEBUG com.github.dockerjava.zerodep.shaded.org.apache.hc.client5.http.headers -- http-outgoing-0 << Ostype: linux
16:48:00.039 [main] DEBUG com.github.dockerjava.zerodep.shaded.org.apache.hc.client5.http.headers -- http-outgoing-0 << Server: Docker/24.0.6 (linux)
16:48:00.039 [main] DEBUG com.github.dockerjava.zerodep.shaded.org.apache.hc.client5.http.impl.classic.MainClientExec -- ex-00000005: connection can be kept alive for 3 MINUTES
16:48:00.039 [main] DEBUG com.github.dockerjava.zerodep.shaded.org.apache.hc.client5.http.impl.classic.InternalHttpClient -- ep-00000004: releasing valid endpoint
16:48:00.039 [main] DEBUG com.github.dockerjava.zerodep.shaded.org.apache.hc.client5.http.impl.io.PoolingHttpClientConnectionManager -- ep-00000004: releasing endpoint
16:48:00.039 [main] DEBUG com.github.dockerjava.zerodep.shaded.org.apache.hc.client5.http.impl.io.PoolingHttpClientConnectionManager -- ep-00000004: connection http-outgoing-0 can be kept alive for 3 MINUTES
16:48:00.039 [main] DEBUG com.github.dockerjava.zerodep.shaded.org.apache.hc.client5.http.impl.io.PoolingHttpClientConnectionManager -- ep-00000004: connection released [route: {}->unix://localhost:2375][total available: 1; route allocated: 1 of 2147483647; total allocated: 1 of 2147483647]
16:48:00.041 [main] DEBUG org.testcontainers.shaded.com.github.dockerjava.core.command.AbstrDockerCmd -- Cmd: 6b57e7cf61c553e36888a835de4acfa024fdeb13d2b1783effc28251b4ba671c,false
16:48:00.042 [main] DEBUG org.testcontainers.shaded.com.github.dockerjava.core.exec.InspectContainerCmdExec -- GET: DefaultWebTarget{path=[/containers/6b57e7cf61c553e36888a835de4acfa024fdeb13d2b1783effc28251b4ba671c/json], queryParams={}}
16:48:00.042 [main] DEBUG com.github.dockerjava.zerodep.shaded.org.apache.hc.client5.http.impl.classic.InternalHttpClient -- ex-00000006: preparing request execution
16:48:00.042 [main] DEBUG com.github.dockerjava.zerodep.shaded.org.apache.hc.client5.http.protocol.RequestAddCookies -- Cookie spec selected: strict
16:48:00.042 [main] DEBUG com.github.dockerjava.zerodep.shaded.org.apache.hc.client5.http.protocol.RequestAuthCache -- Auth cache not set in the context
16:48:00.042 [main] DEBUG com.github.dockerjava.zerodep.shaded.org.apache.hc.client5.http.impl.classic.ProtocolExec -- ex-00000006: target auth state: UNCHALLENGED
16:48:00.042 [main] DEBUG com.github.dockerjava.zerodep.shaded.org.apache.hc.client5.http.impl.classic.ProtocolExec -- ex-00000006: proxy auth state: UNCHALLENGED
16:48:00.042 [main] DEBUG com.github.dockerjava.zerodep.shaded.org.apache.hc.client5.http.impl.classic.ConnectExec -- ex-00000006: acquiring connection with route {}->unix://localhost:2375
16:48:00.042 [main] DEBUG com.github.dockerjava.zerodep.shaded.org.apache.hc.client5.http.impl.classic.InternalHttpClient -- ex-00000006: acquiring endpoint (3 MINUTES)
16:48:00.043 [main] DEBUG com.github.dockerjava.zerodep.shaded.org.apache.hc.client5.http.impl.io.PoolingHttpClientConnectionManager -- ex-00000006: endpoint lease request (3 MINUTES) [route: {}->unix://localhost:2375][total available: 1; route allocated: 1 of 2147483647; total allocated: 1 of 2147483647]
16:48:00.043 [main] DEBUG com.github.dockerjava.zerodep.shaded.org.apache.hc.client5.http.impl.io.PoolingHttpClientConnectionManager -- ex-00000006: endpoint leased [route: {}->unix://localhost:2375][total available: 0; route allocated: 1 of 2147483647; total allocated: 1 of 2147483647]
16:48:00.043 [main] DEBUG com.github.dockerjava.zerodep.shaded.org.apache.hc.client5.http.impl.io.PoolingHttpClientConnectionManager -- ex-00000006: acquired ep-00000005
16:48:00.043 [main] DEBUG com.github.dockerjava.zerodep.shaded.org.apache.hc.client5.http.impl.classic.InternalHttpClient -- ex-00000006: acquired endpoint ep-00000005
16:48:00.043 [main] DEBUG com.github.dockerjava.zerodep.shaded.org.apache.hc.client5.http.impl.classic.MainClientExec -- ex-00000006: executing GET /v1.32/containers/6b57e7cf61c553e36888a835de4acfa024fdeb13d2b1783effc28251b4ba671c/json HTTP/1.1
16:48:00.043 [main] DEBUG com.github.dockerjava.zerodep.shaded.org.apache.hc.client5.http.impl.classic.InternalHttpClient -- ep-00000005: start execution ex-00000006
16:48:00.043 [main] DEBUG com.github.dockerjava.zerodep.shaded.org.apache.hc.client5.http.impl.io.PoolingHttpClientConnectionManager -- ep-00000005: executing exchange ex-00000006 over http-outgoing-0
16:48:00.043 [main] DEBUG com.github.dockerjava.zerodep.shaded.org.apache.hc.client5.http.headers -- http-outgoing-0 >> GET /v1.32/containers/6b57e7cf61c553e36888a835de4acfa024fdeb13d2b1783effc28251b4ba671c/json HTTP/1.1
16:48:00.043 [main] DEBUG com.github.dockerjava.zerodep.shaded.org.apache.hc.client5.http.headers -- http-outgoing-0 >> accept: application/json
16:48:00.043 [main] DEBUG com.github.dockerjava.zerodep.shaded.org.apache.hc.client5.http.headers -- http-outgoing-0 >> x-tc-sid: 8771ab98-9441-4355-8458-173dfcd997c6
16:48:00.043 [main] DEBUG com.github.dockerjava.zerodep.shaded.org.apache.hc.client5.http.headers -- http-outgoing-0 >> User-Agent: tc-java/1.19.0
16:48:00.043 [main] DEBUG com.github.dockerjava.zerodep.shaded.org.apache.hc.client5.http.headers -- http-outgoing-0 >> Accept-Encoding: gzip, x-gzip, deflate
16:48:00.043 [main] DEBUG com.github.dockerjava.zerodep.shaded.org.apache.hc.client5.http.headers -- http-outgoing-0 >> Host: localhost:2375
16:48:00.043 [main] DEBUG com.github.dockerjava.zerodep.shaded.org.apache.hc.client5.http.headers -- http-outgoing-0 >> Connection: keep-alive
16:48:00.043 [main] DEBUG com.github.dockerjava.zerodep.shaded.org.apache.hc.client5.http.wire -- http-outgoing-0 >> "GET /v1.32/containers/6b57e7cf61c553e36888a835de4acfa024fdeb13d2b1783effc28251b4ba671c/json HTTP/1.1[\r][\n]"
16:48:00.043 [main] DEBUG com.github.dockerjava.zerodep.shaded.org.apache.hc.client5.http.wire -- http-outgoing-0 >> "accept: application/json[\r][\n]"
16:48:00.043 [main] DEBUG com.github.dockerjava.zerodep.shaded.org.apache.hc.client5.http.wire -- http-outgoing-0 >> "x-tc-sid: 8771ab98-9441-4355-8458-173dfcd997c6[\r][\n]"
16:48:00.043 [main] DEBUG com.github.dockerjava.zerodep.shaded.org.apache.hc.client5.http.wire -- http-outgoing-0 >> "User-Agent: tc-java/1.19.0[\r][\n]"
16:48:00.043 [main] DEBUG com.github.dockerjava.zerodep.shaded.org.apache.hc.client5.http.wire -- http-outgoing-0 >> "Accept-Encoding: gzip, x-gzip, deflate[\r][\n]"
16:48:00.043 [main] DEBUG com.github.dockerjava.zerodep.shaded.org.apache.hc.client5.http.wire -- http-outgoing-0 >> "Host: localhost:2375[\r][\n]"
16:48:00.043 [main] DEBUG com.github.dockerjava.zerodep.shaded.org.apache.hc.client5.http.wire -- http-outgoing-0 >> "Connection: keep-alive[\r][\n]"
16:48:00.043 [main] DEBUG com.github.dockerjava.zerodep.shaded.org.apache.hc.client5.http.wire -- http-outgoing-0 >> "[\r][\n]"
16:48:00.045 [main] DEBUG com.github.dockerjava.zerodep.shaded.org.apache.hc.client5.http.wire -- http-outgoing-0 << "HTTP/1.1 200 OK[\r][\n]"
16:48:00.045 [main] DEBUG com.github.dockerjava.zerodep.shaded.org.apache.hc.client5.http.wire -- http-outgoing-0 << "Api-Version: 1.43[\r][\n]"
16:48:00.045 [main] DEBUG com.github.dockerjava.zerodep.shaded.org.apache.hc.client5.http.wire -- http-outgoing-0 << "Content-Type: application/json[\r][\n]"
16:48:00.045 [main] DEBUG com.github.dockerjava.zerodep.shaded.org.apache.hc.client5.http.wire -- http-outgoing-0 << "Date: Thu, 21 Sep 2023 23:48:00 GMT[\r][\n]"
16:48:00.045 [main] DEBUG com.github.dockerjava.zerodep.shaded.org.apache.hc.client5.http.wire -- http-outgoing-0 << "Docker-Experimental: false[\r][\n]"
16:48:00.045 [main] DEBUG com.github.dockerjava.zerodep.shaded.org.apache.hc.client5.http.wire -- http-outgoing-0 << "Ostype: linux[\r][\n]"
16:48:00.045 [main] DEBUG com.github.dockerjava.zerodep.shaded.org.apache.hc.client5.http.wire -- http-outgoing-0 << "Server: Docker/24.0.6 (linux)[\r][\n]"
16:48:00.045 [main] DEBUG com.github.dockerjava.zerodep.shaded.org.apache.hc.client5.http.wire -- http-outgoing-0 << "Transfer-Encoding: chunked[\r][\n]"
16:48:00.045 [main] DEBUG com.github.dockerjava.zerodep.shaded.org.apache.hc.client5.http.wire -- http-outgoing-0 << "[\r][\n]"
16:48:00.045 [main] DEBUG com.github.dockerjava.zerodep.shaded.org.apache.hc.client5.http.headers -- http-outgoing-0 << HTTP/1.1 200 OK
16:48:00.046 [main] DEBUG com.github.dockerjava.zerodep.shaded.org.apache.hc.client5.http.headers -- http-outgoing-0 << Api-Version: 1.43
16:48:00.046 [main] DEBUG com.github.dockerjava.zerodep.shaded.org.apache.hc.client5.http.headers -- http-outgoing-0 << Content-Type: application/json
16:48:00.046 [main] DEBUG com.github.dockerjava.zerodep.shaded.org.apache.hc.client5.http.headers -- http-outgoing-0 << Date: Thu, 21 Sep 2023 23:48:00 GMT
16:48:00.046 [main] DEBUG com.github.dockerjava.zerodep.shaded.org.apache.hc.client5.http.headers -- http-outgoing-0 << Docker-Experimental: false
16:48:00.046 [main] DEBUG com.github.dockerjava.zerodep.shaded.org.apache.hc.client5.http.headers -- http-outgoing-0 << Ostype: linux
16:48:00.046 [main] DEBUG com.github.dockerjava.zerodep.shaded.org.apache.hc.client5.http.headers -- http-outgoing-0 << Server: Docker/24.0.6 (linux)
16:48:00.046 [main] DEBUG com.github.dockerjava.zerodep.shaded.org.apache.hc.client5.http.headers -- http-outgoing-0 << Transfer-Encoding: chunked
16:48:00.046 [main] DEBUG com.github.dockerjava.zerodep.shaded.org.apache.hc.client5.http.impl.classic.MainClientExec -- ex-00000006: connection can be kept alive for 3 MINUTES
16:48:00.046 [main] DEBUG com.github.dockerjava.zerodep.shaded.org.apache.hc.client5.http.wire -- http-outgoing-0 << "1367[\r][\n]"
16:48:00.046 [main] DEBUG com.github.dockerjava.zerodep.shaded.org.apache.hc.client5.http.wire -- http-outgoing-0 << "{"Id":"6b57e7cf61c553e36888a835de4acfa024fdeb13d2b1783effc28251b4ba671c","Created":"2023-09-21T23:47:59.729373752Z","Path":"/bin/ryuk","Args":[],"State":{"Status":"running","Running":true,"Paused":false,"Restarting":false,"OOMKilled":false,"Dead":false,"Pid":13709,"ExitCode":0,"Error":"","StartedAt":"2023-09-21T23:48:00.033806025Z","FinishedAt":"0001-01-01T00:00:00Z"},"Image":"sha256:ec913eeff75a6b5ed284cf17e186213a466ec10a8f471798318ffa0813b5d828","ResolvConfPath":"/var/lib/docker/containers/6b57e7cf61c553e36888a835de4acfa024fdeb13d2b1783effc28251b4ba671c/resolv.conf","HostnamePath":"/var/lib/docker/containers/6b57e7cf61c553e36888a835de4acfa024fdeb13d2b1783effc28251b4ba671c/hostname","HostsPath":"/var/lib/docker/containers/6b57e7cf61c553e36888a835de4acfa024fdeb13d2b1783effc28251b4ba671c/hosts","LogPath":"/var/lib/docker/containers/6b57e7cf61c553e36888a835de4acfa024fdeb13d2b1783effc28251b4ba671c/6b57e7cf61c553e36888a835de4acfa024fdeb13d2b1783effc28251b4ba671c-json.log","Name":"/testcontainers-ryuk-8771ab98-9441-4355-8458-173dfcd997c6","RestartCount":0,"Driver":"overlay2","Platform":"linux","MountLabel":"","ProcessLabel":"","AppArmorProfile":"","ExecIDs":null,"HostConfig":{"Binds":["/var/run/docker.sock:/var/run/docker.sock:rw"],"ContainerIDFile":"","LogConfig":{"Type":"json-file","Config":{}},"NetworkMode":"default","PortBindings":{"8080/tcp":[{"HostIp":"0.0.0.0","HostPort":"0"}]},"RestartPolicy":{"Name":"","MaximumRetryCount":0},"AutoRemove":true,"VolumeDriver":"","VolumesFrom":[],"ConsoleSize":[0,0],"CapAdd":null,"CapDrop":null,"CgroupnsMode":"host","Dns":null,"DnsOptions":null,"DnsSearch":null,"ExtraHosts":[],"GroupAdd":null,"IpcMode":"shareable","Cgroup":"","Links":null,"OomScoreAdj":0,"PidMode":"","Privileged":true,"PublishAllPorts":false,"ReadonlyRootfs":false,"SecurityOpt":["label=disable"],"UTSMode":"","UsernsMode":"","ShmSize":67108864,"Runtime":"runc","Isolation":"","CpuShares":0,"Memory":0,"NanoCpus":0,"CgroupParent":"","BlkioWeight":0,"BlkioWeightDevice":null,"BlkioDeviceReadBps":null,"BlkioDeviceWriteBps":null,"BlkioDeviceReadIOps":null,"BlkioDeviceWriteIOps":null,"CpuPeriod":0,"CpuQuota":0,"CpuRealtimePeriod":0,"CpuRealtimeRuntime":0,"CpusetCpus":"","CpusetMems":"","Devices":null,"DeviceCgroupRules":null,"DeviceRequests":null,"MemoryReservation":0,"MemorySwap":0,"MemorySwappiness":null,"OomKillDisable":false,"PidsLimit":null,"Ulimits":null,"CpuCount":0,"CpuPercent":0,"IOMaximumIOps":0,"IOMaximumBandwidth":0,"MaskedPaths":null,"ReadonlyPaths":null},"GraphDriver":{"Data":{"LowerDir":"/var/lib/docker/overlay2/029669a26867aefa7b4ef1a593630e47bf97bd08d676170d0ba6dfa77a569eb5-init/diff:/var/lib/docker/overlay2/48a668b372347b3d5f9bd99c5dd0745dc8daeb338d8c4c0a5e19b5cde6403c26/diff:/var/lib/docker/overlay2/668184b4cdcbaed5e7325a24ff90ef3dfc0694db88d69bc4cc4d89ed37bf0d29/diff:/var/lib/docker/overlay2/4f1dd6d34864ac465d6724ecc416931c5d8d6e9a906d091c22c830ed5bb8e768/diff","MergedDir":"/var/lib/docker/overlay2/029669a26867aefa7b4ef1a593630e47bf97bd08d676170d0ba6dfa77a569eb5/merged","UpperDir":"/var/lib/docker/overlay2/029669a26867aefa7b4ef1a593630e47bf97bd08d676170d0ba6dfa77a569eb5/diff","WorkDir":"/var/lib/docker/overlay2/029669a26867aefa7b4ef1a593630e47bf97bd08d676170d0ba6dfa77a569eb5/work"},"Name":"overlay2"},"Mounts":[{"Type":"bind","Source":"/var/run/docker.sock","Destination":"/var/run/docker.sock","Mode":"rw","RW":true,"Propagation":"rprivate"}],"Config":{"Hostname":"6b57e7cf61c5","Domainname":"","User":"","AttachStdin":false,"AttachStdout":false,"AttachStderr":false,"ExposedPorts":{"8080/tcp":{}},"Tty":false,"OpenStdin":false,"StdinOnce":false,"Env":["PATH=/usr/local/sbin:/usr/local/bin:/usr/sbin:/usr/bin:/sbin:/bin"],"Cmd":["/bin/ryuk"],"Image":"testcontainers/ryuk:0.5.1","Volumes":null,"WorkingDir":"","Entrypoint":null,"OnBuild":null,"Labels":{"desktop.docker.io/wsl-distro":"Ubuntu","org.testcontainers":"true","org.testcontainers.lang":"java","org.testcontainers.ryuk":"true","org.testcontainers.version":"1.19.0"}},"NetworkSettings":{"Bridge":"","SandboxID":"2624bfb91f732da992837b9794411b808162a5aa558fbcc912b1f2781330efb9","HairpinMode":false,"LinkLocalIPv6Address":"","LinkLocalIPv6PrefixLen":0,"Ports":{"8080/tcp":[]},"SandboxKey":"/var/run/docker/netns/2624bfb91f73","SecondaryIPAddresses":null,"SecondaryIPv6Addresses":null,"EndpointID":"bcaa031131756079087f4c0747022ebd5621b541d8144ae8e16d405a1a2cc0ae","Gateway":"172.17.0.1","GlobalIPv6Address":"","GlobalIPv6PrefixLen":0,"IPAddress":"172.17.0.2","IPPrefixLen":16,"IPv6Gateway":"","MacAddress":"02:42:ac:11:00:02","Networks":{"bridge":{"IPAMConfig":null,"Links":null,"Aliases":null,"NetworkID":"cd2518354dcaddeaf78b0ab3359e3aec059a5e812d0a6fd9d1c9c866e9f92fa2","EndpointID":"bcaa031131756079087f4c0747022ebd5621b541d8144ae8e16d405a1a2cc0ae","Gateway":"172.17.0.1","IPAddress":"172.17.0.2","IPPrefixLen":16,"IPv6Gateway":"","GlobalIPv6Address":"","GlobalIPv6PrefixLen":0,"MacAddress":"02:42:ac:11:00:02","DriverOpts":null}}}}[\n]"
16:48:00.046 [main] DEBUG com.github.dockerjava.zerodep.shaded.org.apache.hc.client5.http.wire -- http-outgoing-0 << "[\r][\n]"
16:48:00.079 [main] DEBUG com.github.dockerjava.zerodep.shaded.org.apache.hc.client5.http.wire -- http-outgoing-0 << "0[\r][\n]"
16:48:00.079 [main] DEBUG com.github.dockerjava.zerodep.shaded.org.apache.hc.client5.http.wire -- http-outgoing-0 << "[\r][\n]"
16:48:00.079 [main] DEBUG com.github.dockerjava.zerodep.shaded.org.apache.hc.client5.http.impl.classic.InternalHttpClient -- ep-00000005: releasing valid endpoint
16:48:00.079 [main] DEBUG com.github.dockerjava.zerodep.shaded.org.apache.hc.client5.http.impl.io.PoolingHttpClientConnectionManager -- ep-00000005: releasing endpoint
16:48:00.079 [main] DEBUG com.github.dockerjava.zerodep.shaded.org.apache.hc.client5.http.impl.io.PoolingHttpClientConnectionManager -- ep-00000005: connection http-outgoing-0 can be kept alive for 3 MINUTES
16:48:00.079 [main] DEBUG com.github.dockerjava.zerodep.shaded.org.apache.hc.client5.http.impl.io.PoolingHttpClientConnectionManager -- ep-00000005: connection released [route: {}->unix://localhost:2375][total available: 1; route allocated: 1 of 2147483647; total allocated: 1 of 2147483647]
16:48:00.090 [main] DEBUG org.testcontainers.shaded.com.github.dockerjava.core.command.AbstrDockerCmd -- Cmd: 6b57e7cf61c553e36888a835de4acfa024fdeb13d2b1783effc28251b4ba671c,false
16:48:00.090 [main] DEBUG org.testcontainers.shaded.com.github.dockerjava.core.exec.InspectContainerCmdExec -- GET: DefaultWebTarget{path=[/containers/6b57e7cf61c553e36888a835de4acfa024fdeb13d2b1783effc28251b4ba671c/json], queryParams={}}
16:48:00.090 [main] DEBUG com.github.dockerjava.zerodep.shaded.org.apache.hc.client5.http.impl.classic.InternalHttpClient -- ex-00000007: preparing request execution
16:48:00.090 [main] DEBUG com.github.dockerjava.zerodep.shaded.org.apache.hc.client5.http.protocol.RequestAddCookies -- Cookie spec selected: strict
16:48:00.090 [main] DEBUG com.github.dockerjava.zerodep.shaded.org.apache.hc.client5.http.protocol.RequestAuthCache -- Auth cache not set in the context
16:48:00.090 [main] DEBUG com.github.dockerjava.zerodep.shaded.org.apache.hc.client5.http.impl.classic.ProtocolExec -- ex-00000007: target auth state: UNCHALLENGED
16:48:00.090 [main] DEBUG com.github.dockerjava.zerodep.shaded.org.apache.hc.client5.http.impl.classic.ProtocolExec -- ex-00000007: proxy auth state: UNCHALLENGED
16:48:00.090 [main] DEBUG com.github.dockerjava.zerodep.shaded.org.apache.hc.client5.http.impl.classic.ConnectExec -- ex-00000007: acquiring connection with route {}->unix://localhost:2375
16:48:00.091 [main] DEBUG com.github.dockerjava.zerodep.shaded.org.apache.hc.client5.http.impl.classic.InternalHttpClient -- ex-00000007: acquiring endpoint (3 MINUTES)
16:48:00.091 [main] DEBUG com.github.dockerjava.zerodep.shaded.org.apache.hc.client5.http.impl.io.PoolingHttpClientConnectionManager -- ex-00000007: endpoint lease request (3 MINUTES) [route: {}->unix://localhost:2375][total available: 1; route allocated: 1 of 2147483647; total allocated: 1 of 2147483647]
16:48:00.091 [main] DEBUG com.github.dockerjava.zerodep.shaded.org.apache.hc.client5.http.impl.io.PoolingHttpClientConnectionManager -- ex-00000007: endpoint leased [route: {}->unix://localhost:2375][total available: 0; route allocated: 1 of 2147483647; total allocated: 1 of 2147483647]
16:48:00.091 [main] DEBUG com.github.dockerjava.zerodep.shaded.org.apache.hc.client5.http.impl.io.PoolingHttpClientConnectionManager -- ex-00000007: acquired ep-00000006
16:48:00.091 [main] DEBUG com.github.dockerjava.zerodep.shaded.org.apache.hc.client5.http.impl.classic.InternalHttpClient -- ex-00000007: acquired endpoint ep-00000006
16:48:00.091 [main] DEBUG com.github.dockerjava.zerodep.shaded.org.apache.hc.client5.http.impl.classic.MainClientExec -- ex-00000007: executing GET /v1.32/containers/6b57e7cf61c553e36888a835de4acfa024fdeb13d2b1783effc28251b4ba671c/json HTTP/1.1
16:48:00.091 [main] DEBUG com.github.dockerjava.zerodep.shaded.org.apache.hc.client5.http.impl.classic.InternalHttpClient -- ep-00000006: start execution ex-00000007
16:48:00.091 [main] DEBUG com.github.dockerjava.zerodep.shaded.org.apache.hc.client5.http.impl.io.PoolingHttpClientConnectionManager -- ep-00000006: executing exchange ex-00000007 over http-outgoing-0
16:48:00.091 [main] DEBUG com.github.dockerjava.zerodep.shaded.org.apache.hc.client5.http.headers -- http-outgoing-0 >> GET /v1.32/containers/6b57e7cf61c553e36888a835de4acfa024fdeb13d2b1783effc28251b4ba671c/json HTTP/1.1
16:48:00.091 [main] DEBUG com.github.dockerjava.zerodep.shaded.org.apache.hc.client5.http.headers -- http-outgoing-0 >> accept: application/json
16:48:00.091 [main] DEBUG com.github.dockerjava.zerodep.shaded.org.apache.hc.client5.http.headers -- http-outgoing-0 >> x-tc-sid: 8771ab98-9441-4355-8458-173dfcd997c6
16:48:00.091 [main] DEBUG com.github.dockerjava.zerodep.shaded.org.apache.hc.client5.http.headers -- http-outgoing-0 >> User-Agent: tc-java/1.19.0
16:48:00.091 [main] DEBUG com.github.dockerjava.zerodep.shaded.org.apache.hc.client5.http.headers -- http-outgoing-0 >> Accept-Encoding: gzip, x-gzip, deflate
16:48:00.091 [main] DEBUG com.github.dockerjava.zerodep.shaded.org.apache.hc.client5.http.headers -- http-outgoing-0 >> Host: localhost:2375
16:48:00.091 [main] DEBUG com.github.dockerjava.zerodep.shaded.org.apache.hc.client5.http.headers -- http-outgoing-0 >> Connection: keep-alive
16:48:00.091 [main] DEBUG com.github.dockerjava.zerodep.shaded.org.apache.hc.client5.http.wire -- http-outgoing-0 >> "GET /v1.32/containers/6b57e7cf61c553e36888a835de4acfa024fdeb13d2b1783effc28251b4ba671c/json HTTP/1.1[\r][\n]"
16:48:00.091 [main] DEBUG com.github.dockerjava.zerodep.shaded.org.apache.hc.client5.http.wire -- http-outgoing-0 >> "accept: application/json[\r][\n]"
16:48:00.091 [main] DEBUG com.github.dockerjava.zerodep.shaded.org.apache.hc.client5.http.wire -- http-outgoing-0 >> "x-tc-sid: 8771ab98-9441-4355-8458-173dfcd997c6[\r][\n]"
16:48:00.091 [main] DEBUG com.github.dockerjava.zerodep.shaded.org.apache.hc.client5.http.wire -- http-outgoing-0 >> "User-Agent: tc-java/1.19.0[\r][\n]"
16:48:00.091 [main] DEBUG com.github.dockerjava.zerodep.shaded.org.apache.hc.client5.http.wire -- http-outgoing-0 >> "Accept-Encoding: gzip, x-gzip, deflate[\r][\n]"
16:48:00.091 [main] DEBUG com.github.dockerjava.zerodep.shaded.org.apache.hc.client5.http.wire -- http-outgoing-0 >> "Host: localhost:2375[\r][\n]"
16:48:00.091 [main] DEBUG com.github.dockerjava.zerodep.shaded.org.apache.hc.client5.http.wire -- http-outgoing-0 >> "Connection: keep-alive[\r][\n]"
16:48:00.091 [main] DEBUG com.github.dockerjava.zerodep.shaded.org.apache.hc.client5.http.wire -- http-outgoing-0 >> "[\r][\n]"
16:48:00.093 [main] DEBUG com.github.dockerjava.zerodep.shaded.org.apache.hc.client5.http.wire -- http-outgoing-0 << "HTTP/1.1 200 OK[\r][\n]"
16:48:00.093 [main] DEBUG com.github.dockerjava.zerodep.shaded.org.apache.hc.client5.http.wire -- http-outgoing-0 << "Api-Version: 1.43[\r][\n]"
16:48:00.093 [main] DEBUG com.github.dockerjava.zerodep.shaded.org.apache.hc.client5.http.wire -- http-outgoing-0 << "Content-Type: application/json[\r][\n]"
16:48:00.093 [main] DEBUG com.github.dockerjava.zerodep.shaded.org.apache.hc.client5.http.wire -- http-outgoing-0 << "Date: Thu, 21 Sep 2023 23:48:00 GMT[\r][\n]"
16:48:00.093 [main] DEBUG com.github.dockerjava.zerodep.shaded.org.apache.hc.client5.http.wire -- http-outgoing-0 << "Docker-Experimental: false[\r][\n]"
16:48:00.093 [main] DEBUG com.github.dockerjava.zerodep.shaded.org.apache.hc.client5.http.wire -- http-outgoing-0 << "Ostype: linux[\r][\n]"
16:48:00.093 [main] DEBUG com.github.dockerjava.zerodep.shaded.org.apache.hc.client5.http.wire -- http-outgoing-0 << "Server: Docker/24.0.6 (linux)[\r][\n]"
16:48:00.093 [main] DEBUG com.github.dockerjava.zerodep.shaded.org.apache.hc.client5.http.wire -- http-outgoing-0 << "Transfer-Encoding: chunked[\r][\n]"
16:48:00.093 [main] DEBUG com.github.dockerjava.zerodep.shaded.org.apache.hc.client5.http.wire -- http-outgoing-0 << "[\r][\n]"
16:48:00.093 [main] DEBUG com.github.dockerjava.zerodep.shaded.org.apache.hc.client5.http.headers -- http-outgoing-0 << HTTP/1.1 200 OK
16:48:00.093 [main] DEBUG com.github.dockerjava.zerodep.shaded.org.apache.hc.client5.http.headers -- http-outgoing-0 << Api-Version: 1.43
16:48:00.093 [main] DEBUG com.github.dockerjava.zerodep.shaded.org.apache.hc.client5.http.headers -- http-outgoing-0 << Content-Type: application/json
16:48:00.093 [main] DEBUG com.github.dockerjava.zerodep.shaded.org.apache.hc.client5.http.headers -- http-outgoing-0 << Date: Thu, 21 Sep 2023 23:48:00 GMT
16:48:00.093 [main] DEBUG com.github.dockerjava.zerodep.shaded.org.apache.hc.client5.http.headers -- http-outgoing-0 << Docker-Experimental: false
16:48:00.093 [main] DEBUG com.github.dockerjava.zerodep.shaded.org.apache.hc.client5.http.headers -- http-outgoing-0 << Ostype: linux
16:48:00.093 [main] DEBUG com.github.dockerjava.zerodep.shaded.org.apache.hc.client5.http.headers -- http-outgoing-0 << Server: Docker/24.0.6 (linux)
16:48:00.093 [main] DEBUG com.github.dockerjava.zerodep.shaded.org.apache.hc.client5.http.headers -- http-outgoing-0 << Transfer-Encoding: chunked
16:48:00.093 [main] DEBUG com.github.dockerjava.zerodep.shaded.org.apache.hc.client5.http.impl.classic.MainClientExec -- ex-00000007: connection can be kept alive for 3 MINUTES
16:48:00.094 [main] DEBUG com.github.dockerjava.zerodep.shaded.org.apache.hc.client5.http.wire -- http-outgoing-0 << "138e[\r][\n]"
16:48:00.094 [main] DEBUG com.github.dockerjava.zerodep.shaded.org.apache.hc.client5.http.wire -- http-outgoing-0 << "{"Id":"6b57e7cf61c553e36888a835de4acfa024fdeb13d2b1783effc28251b4ba671c","Created":"2023-09-21T23:47:59.729373752Z","Path":"/bin/ryuk","Args":[],"State":{"Status":"running","Running":true,"Paused":false,"Restarting":false,"OOMKilled":false,"Dead":false,"Pid":13709,"ExitCode":0,"Error":"","StartedAt":"2023-09-21T23:48:00.033806025Z","FinishedAt":"0001-01-01T00:00:00Z"},"Image":"sha256:ec913eeff75a6b5ed284cf17e186213a466ec10a8f471798318ffa0813b5d828","ResolvConfPath":"/var/lib/docker/containers/6b57e7cf61c553e36888a835de4acfa024fdeb13d2b1783effc28251b4ba671c/resolv.conf","HostnamePath":"/var/lib/docker/containers/6b57e7cf61c553e36888a835de4acfa024fdeb13d2b1783effc28251b4ba671c/hostname","HostsPath":"/var/lib/docker/containers/6b57e7cf61c553e36888a835de4acfa024fdeb13d2b1783effc28251b4ba671c/hosts","LogPath":"/var/lib/docker/containers/6b57e7cf61c553e36888a835de4acfa024fdeb13d2b1783effc28251b4ba671c/6b57e7cf61c553e36888a835de4acfa024fdeb13d2b1783effc28251b4ba671c-json.log","Name":"/testcontainers-ryuk-8771ab98-9441-4355-8458-173dfcd997c6","RestartCount":0,"Driver":"overlay2","Platform":"linux","MountLabel":"","ProcessLabel":"","AppArmorProfile":"","ExecIDs":null,"HostConfig":{"Binds":["/var/run/docker.sock:/var/run/docker.sock:rw"],"ContainerIDFile":"","LogConfig":{"Type":"json-file","Config":{}},"NetworkMode":"default","PortBindings":{"8080/tcp":[{"HostIp":"0.0.0.0","HostPort":"0"}]},"RestartPolicy":{"Name":"","MaximumRetryCount":0},"AutoRemove":true,"VolumeDriver":"","VolumesFrom":[],"ConsoleSize":[0,0],"CapAdd":null,"CapDrop":null,"CgroupnsMode":"host","Dns":null,"DnsOptions":null,"DnsSearch":null,"ExtraHosts":[],"GroupAdd":null,"IpcMode":"shareable","Cgroup":"","Links":null,"OomScoreAdj":0,"PidMode":"","Privileged":true,"PublishAllPorts":false,"ReadonlyRootfs":false,"SecurityOpt":["label=disable"],"UTSMode":"","UsernsMode":"","ShmSize":67108864,"Runtime":"runc","Isolation":"","CpuShares":0,"Memory":0,"NanoCpus":0,"CgroupParent":"","BlkioWeight":0,"BlkioWeightDevice":null,"BlkioDeviceReadBps":null,"BlkioDeviceWriteBps":null,"BlkioDeviceReadIOps":null,"BlkioDeviceWriteIOps":null,"CpuPeriod":0,"CpuQuota":0,"CpuRealtimePeriod":0,"CpuRealtimeRuntime":0,"CpusetCpus":"","CpusetMems":"","Devices":null,"DeviceCgroupRules":null,"DeviceRequests":null,"MemoryReservation":0,"MemorySwap":0,"MemorySwappiness":null,"OomKillDisable":false,"PidsLimit":null,"Ulimits":null,"CpuCount":0,"CpuPercent":0,"IOMaximumIOps":0,"IOMaximumBandwidth":0,"MaskedPaths":null,"ReadonlyPaths":null},"GraphDriver":{"Data":{"LowerDir":"/var/lib/docker/overlay2/029669a26867aefa7b4ef1a593630e47bf97bd08d676170d0ba6dfa77a569eb5-init/diff:/var/lib/docker/overlay2/48a668b372347b3d5f9bd99c5dd0745dc8daeb338d8c4c0a5e19b5cde6403c26/diff:/var/lib/docker/overlay2/668184b4cdcbaed5e7325a24ff90ef3dfc0694db88d69bc4cc4d89ed37bf0d29/diff:/var/lib/docker/overlay2/4f1dd6d34864ac465d6724ecc416931c5d8d6e9a906d091c22c830ed5bb8e768/diff","MergedDir":"/var/lib/docker/overlay2/029669a26867aefa7b4ef1a593630e47bf97bd08d676170d0ba6dfa77a569eb5/merged","UpperDir":"/var/lib/docker/overlay2/029669a26867aefa7b4ef1a593630e47bf97bd08d676170d0ba6dfa77a569eb5/diff","WorkDir":"/var/lib/docker/overlay2/029669a26867aefa7b4ef1a593630e47bf97bd08d676170d0ba6dfa77a569eb5/work"},"Name":"overlay2"},"Mounts":[{"Type":"bind","Source":"/var/run/docker.sock","Destination":"/var/run/docker.sock","Mode":"rw","RW":true,"Propagation":"rprivate"}],"Config":{"Hostname":"6b57e7cf61c5","Domainname":"","User":"","AttachStdin":false,"AttachStdout":false,"AttachStderr":false,"ExposedPorts":{"8080/tcp":{}},"Tty":false,"OpenStdin":false,"StdinOnce":false,"Env":["PATH=/usr/local/sbin:/usr/local/bin:/usr/sbin:/usr/bin:/sbin:/bin"],"Cmd":["/bin/ryuk"],"Image":"testcontainers/ryuk:0.5.1","Volumes":null,"WorkingDir":"","Entrypoint":null,"OnBuild":null,"Labels":{"desktop.docker.io/wsl-distro":"Ubuntu","org.testcontainers":"true","org.testcontainers.lang":"java","org.testcontainers.ryuk":"true","org.testcontainers.version":"1.19.0"}},"NetworkSettings":{"Bridge":"","SandboxID":"2624bfb91f732da992837b9794411b808162a5aa558fbcc912b1f2781330efb9","HairpinMode":false,"LinkLocalIPv6Address":"","LinkLocalIPv6PrefixLen":0,"Ports":{"8080/tcp":[{"HostIp":"0.0.0.0","HostPort":"61284"}]},"SandboxKey":"/var/run/docker/netns/2624bfb91f73","SecondaryIPAddresses":null,"SecondaryIPv6Addresses":null,"EndpointID":"bcaa031131756079087f4c0747022ebd5621b541d8144ae8e16d405a1a2cc0ae","Gateway":"172.17.0.1","GlobalIPv6Address":"","GlobalIPv6PrefixLen":0,"IPAddress":"172.17.0.2","IPPrefixLen":16,"IPv6Gateway":"","MacAddress":"02:42:ac:11:00:02","Networks":{"bridge":{"IPAMConfig":null,"Links":null,"Aliases":null,"NetworkID":"cd2518354dcaddeaf78b0ab3359e3aec059a5e812d0a6fd9d1c9c866e9f92fa2","EndpointID":"bcaa031131756079087f4c0747022ebd5621b541d8144ae8e16d405a1a2cc0ae","Gateway":"172.17.0.1","IPAddress":"172.17.0.2","IPPrefixLen":16,"IPv6Gateway":"","GlobalIPv6Address":"","GlobalIPv6PrefixLen":0,"MacAddress":"02:42:ac:11:00:02","DriverOpts":null}}}}[\n]"
16:48:00.094 [main] DEBUG com.github.dockerjava.zerodep.shaded.org.apache.hc.client5.http.wire -- http-outgoing-0 << "[\r][\n]"
16:48:00.095 [main] DEBUG com.github.dockerjava.zerodep.shaded.org.apache.hc.client5.http.wire -- http-outgoing-0 << "0[\r][\n]"
16:48:00.095 [main] DEBUG com.github.dockerjava.zerodep.shaded.org.apache.hc.client5.http.wire -- http-outgoing-0 << "[\r][\n]"
16:48:00.095 [main] DEBUG com.github.dockerjava.zerodep.shaded.org.apache.hc.client5.http.impl.classic.InternalHttpClient -- ep-00000006: releasing valid endpoint
16:48:00.095 [main] DEBUG com.github.dockerjava.zerodep.shaded.org.apache.hc.client5.http.impl.io.PoolingHttpClientConnectionManager -- ep-00000006: releasing endpoint
16:48:00.095 [main] DEBUG com.github.dockerjava.zerodep.shaded.org.apache.hc.client5.http.impl.io.PoolingHttpClientConnectionManager -- ep-00000006: connection http-outgoing-0 can be kept alive for 3 MINUTES
16:48:00.095 [main] DEBUG com.github.dockerjava.zerodep.shaded.org.apache.hc.client5.http.impl.io.PoolingHttpClientConnectionManager -- ep-00000006: connection released [route: {}->unix://localhost:2375][total available: 1; route allocated: 1 of 2147483647; total allocated: 1 of 2147483647]
16:48:00.096 [main] DEBUG org.testcontainers.shaded.com.github.dockerjava.core.command.AbstrDockerCmd -- Cmd: sha256:ec913eeff75a6b5ed284cf17e186213a466ec10a8f471798318ffa0813b5d828
16:48:00.097 [main] DEBUG com.github.dockerjava.zerodep.shaded.org.apache.hc.client5.http.impl.classic.InternalHttpClient -- ex-00000008: preparing request execution
16:48:00.097 [main] DEBUG com.github.dockerjava.zerodep.shaded.org.apache.hc.client5.http.protocol.RequestAddCookies -- Cookie spec selected: strict
16:48:00.097 [main] DEBUG com.github.dockerjava.zerodep.shaded.org.apache.hc.client5.http.protocol.RequestAuthCache -- Auth cache not set in the context
16:48:00.097 [main] DEBUG com.github.dockerjava.zerodep.shaded.org.apache.hc.client5.http.impl.classic.ProtocolExec -- ex-00000008: target auth state: UNCHALLENGED
16:48:00.097 [main] DEBUG com.github.dockerjava.zerodep.shaded.org.apache.hc.client5.http.impl.classic.ProtocolExec -- ex-00000008: proxy auth state: UNCHALLENGED
16:48:00.097 [main] DEBUG com.github.dockerjava.zerodep.shaded.org.apache.hc.client5.http.impl.classic.ConnectExec -- ex-00000008: acquiring connection with route {}->unix://localhost:2375
16:48:00.097 [main] DEBUG com.github.dockerjava.zerodep.shaded.org.apache.hc.client5.http.impl.classic.InternalHttpClient -- ex-00000008: acquiring endpoint (3 MINUTES)
16:48:00.097 [main] DEBUG com.github.dockerjava.zerodep.shaded.org.apache.hc.client5.http.impl.io.PoolingHttpClientConnectionManager -- ex-00000008: endpoint lease request (3 MINUTES) [route: {}->unix://localhost:2375][total available: 1; route allocated: 1 of 2147483647; total allocated: 1 of 2147483647]
16:48:00.097 [main] DEBUG com.github.dockerjava.zerodep.shaded.org.apache.hc.client5.http.impl.io.PoolingHttpClientConnectionManager -- ex-00000008: endpoint leased [route: {}->unix://localhost:2375][total available: 0; route allocated: 1 of 2147483647; total allocated: 1 of 2147483647]
16:48:00.097 [main] DEBUG com.github.dockerjava.zerodep.shaded.org.apache.hc.client5.http.impl.io.PoolingHttpClientConnectionManager -- ex-00000008: acquired ep-00000007
16:48:00.097 [main] DEBUG com.github.dockerjava.zerodep.shaded.org.apache.hc.client5.http.impl.classic.InternalHttpClient -- ex-00000008: acquired endpoint ep-00000007
16:48:00.097 [main] DEBUG com.github.dockerjava.zerodep.shaded.org.apache.hc.client5.http.impl.classic.MainClientExec -- ex-00000008: executing GET /v1.32/images/sha256:ec913eeff75a6b5ed284cf17e186213a466ec10a8f471798318ffa0813b5d828/json HTTP/1.1
16:48:00.097 [main] DEBUG com.github.dockerjava.zerodep.shaded.org.apache.hc.client5.http.impl.classic.InternalHttpClient -- ep-00000007: start execution ex-00000008
16:48:00.097 [main] DEBUG com.github.dockerjava.zerodep.shaded.org.apache.hc.client5.http.impl.io.PoolingHttpClientConnectionManager -- ep-00000007: executing exchange ex-00000008 over http-outgoing-0
16:48:00.097 [main] DEBUG com.github.dockerjava.zerodep.shaded.org.apache.hc.client5.http.headers -- http-outgoing-0 >> GET /v1.32/images/sha256:ec913eeff75a6b5ed284cf17e186213a466ec10a8f471798318ffa0813b5d828/json HTTP/1.1
16:48:00.097 [main] DEBUG com.github.dockerjava.zerodep.shaded.org.apache.hc.client5.http.headers -- http-outgoing-0 >> accept: application/json
16:48:00.097 [main] DEBUG com.github.dockerjava.zerodep.shaded.org.apache.hc.client5.http.headers -- http-outgoing-0 >> x-tc-sid: 8771ab98-9441-4355-8458-173dfcd997c6
16:48:00.097 [main] DEBUG com.github.dockerjava.zerodep.shaded.org.apache.hc.client5.http.headers -- http-outgoing-0 >> User-Agent: tc-java/1.19.0
16:48:00.097 [main] DEBUG com.github.dockerjava.zerodep.shaded.org.apache.hc.client5.http.headers -- http-outgoing-0 >> Accept-Encoding: gzip, x-gzip, deflate
16:48:00.097 [main] DEBUG com.github.dockerjava.zerodep.shaded.org.apache.hc.client5.http.headers -- http-outgoing-0 >> Host: localhost:2375
16:48:00.097 [main] DEBUG com.github.dockerjava.zerodep.shaded.org.apache.hc.client5.http.headers -- http-outgoing-0 >> Connection: keep-alive
16:48:00.097 [main] DEBUG com.github.dockerjava.zerodep.shaded.org.apache.hc.client5.http.wire -- http-outgoing-0 >> "GET /v1.32/images/sha256:ec913eeff75a6b5ed284cf17e186213a466ec10a8f471798318ffa0813b5d828/json HTTP/1.1[\r][\n]"
16:48:00.097 [main] DEBUG com.github.dockerjava.zerodep.shaded.org.apache.hc.client5.http.wire -- http-outgoing-0 >> "accept: application/json[\r][\n]"
16:48:00.097 [main] DEBUG com.github.dockerjava.zerodep.shaded.org.apache.hc.client5.http.wire -- http-outgoing-0 >> "x-tc-sid: 8771ab98-9441-4355-8458-173dfcd997c6[\r][\n]"
16:48:00.097 [main] DEBUG com.github.dockerjava.zerodep.shaded.org.apache.hc.client5.http.wire -- http-outgoing-0 >> "User-Agent: tc-java/1.19.0[\r][\n]"
16:48:00.097 [main] DEBUG com.github.dockerjava.zerodep.shaded.org.apache.hc.client5.http.wire -- http-outgoing-0 >> "Accept-Encoding: gzip, x-gzip, deflate[\r][\n]"
16:48:00.097 [main] DEBUG com.github.dockerjava.zerodep.shaded.org.apache.hc.client5.http.wire -- http-outgoing-0 >> "Host: localhost:2375[\r][\n]"
16:48:00.097 [main] DEBUG com.github.dockerjava.zerodep.shaded.org.apache.hc.client5.http.wire -- http-outgoing-0 >> "Connection: keep-alive[\r][\n]"
16:48:00.097 [main] DEBUG com.github.dockerjava.zerodep.shaded.org.apache.hc.client5.http.wire -- http-outgoing-0 >> "[\r][\n]"
16:48:00.099 [main] DEBUG com.github.dockerjava.zerodep.shaded.org.apache.hc.client5.http.wire -- http-outgoing-0 << "HTTP/1.1 200 OK[\r][\n]"
16:48:00.099 [main] DEBUG com.github.dockerjava.zerodep.shaded.org.apache.hc.client5.http.wire -- http-outgoing-0 << "Api-Version: 1.43[\r][\n]"
16:48:00.099 [main] DEBUG com.github.dockerjava.zerodep.shaded.org.apache.hc.client5.http.wire -- http-outgoing-0 << "Content-Type: application/json[\r][\n]"
16:48:00.099 [main] DEBUG com.github.dockerjava.zerodep.shaded.org.apache.hc.client5.http.wire -- http-outgoing-0 << "Date: Thu, 21 Sep 2023 23:48:00 GMT[\r][\n]"
16:48:00.100 [main] DEBUG com.github.dockerjava.zerodep.shaded.org.apache.hc.client5.http.wire -- http-outgoing-0 << "Docker-Experimental: false[\r][\n]"
16:48:00.100 [main] DEBUG com.github.dockerjava.zerodep.shaded.org.apache.hc.client5.http.wire -- http-outgoing-0 << "Ostype: linux[\r][\n]"
16:48:00.100 [main] DEBUG com.github.dockerjava.zerodep.shaded.org.apache.hc.client5.http.wire -- http-outgoing-0 << "Server: Docker/24.0.6 (linux)[\r][\n]"
16:48:00.100 [main] DEBUG com.github.dockerjava.zerodep.shaded.org.apache.hc.client5.http.wire -- http-outgoing-0 << "Transfer-Encoding: chunked[\r][\n]"
16:48:00.100 [main] DEBUG com.github.dockerjava.zerodep.shaded.org.apache.hc.client5.http.wire -- http-outgoing-0 << "[\r][\n]"
16:48:00.100 [main] DEBUG com.github.dockerjava.zerodep.shaded.org.apache.hc.client5.http.wire -- http-outgoing-0 << "7d1[\r][\n]"
16:48:00.100 [main] DEBUG com.github.dockerjava.zerodep.shaded.org.apache.hc.client5.http.wire -- http-outgoing-0 << "{"Id":"sha256:ec913eeff75a6b5ed284cf17e186213a466ec10a8f471798318ffa0813b5d828","RepoTags":["testcontainers/ryuk:0.5.1"],"RepoDigests":["testcontainers/ryuk@sha256:533abc56c07b52a26c955d1e7ae428d810582ab01c156384ae79960eb5fa0775"],"Parent":"","Comment":"buildkit.dockerfile.v0","Created":"2023-05-17T15:11:02.784684507Z","Container":"","ContainerConfig":{"Hostname":"","Domainname":"","User":"","AttachStdin":false,"AttachStdout":false,"AttachStderr":false,"Tty":false,"OpenStdin":false,"StdinOnce":false,"Env":null,"Cmd":null,"Image":"","Volumes":null,"WorkingDir":"","Entrypoint":null,"OnBuild":null,"Labels":null},"DockerVersion":"","Author":"","Config":{"Hostname":"","Domainname":"","User":"","AttachStdin":false,"AttachStdout":false,"AttachStderr":false,"Tty":false,"OpenStdin":false,"StdinOnce":false,"Env":["PATH=/usr/local/sbin:/usr/local/bin:/usr/sbin:/usr/bin:/sbin:/bin"],"Cmd":["/bin/ryuk"],"ArgsEscaped":true,"Image":"","Volumes":null,"WorkingDir":"","Entrypoint":null,"OnBuild":null,"Labels":{"org.testcontainers.ryuk":"true"}},"Architecture":"amd64","Os":"linux","Size":12695732,"VirtualSize":12695732,"GraphDriver":{"Data":{"LowerDir":"/var/lib/docker/overlay2/668184b4cdcbaed5e7325a24ff90ef3dfc0694db88d69bc4cc4d89ed37bf0d29/diff:/var/lib/docker/overlay2/4f1dd6d34864ac465d6724ecc416931c5d8d6e9a906d091c22c830ed5bb8e768/diff","MergedDir":"/var/lib/docker/overlay2/48a668b372347b3d5f9bd99c5dd0745dc8daeb338d8c4c0a5e19b5cde6403c26/merged","UpperDir":"/var/lib/docker/overlay2/48a668b372347b3d5f9bd99c5dd0745dc8daeb338d8c4c0a5e19b5cde6403c26/diff","WorkDir":"/var/lib/docker/overlay2/48a668b372347b3d5f9bd99c5dd0745dc8daeb338d8c4c0a5e19b5cde6403c26/work"},"Name":"overlay2"},"RootFS":{"Type":"layers","Layers":["sha256:5bc340f6d4f5a3bc999dfbc790a0bdf0920b9103ef794645034de4260ee4e9c8","sha256:399f3aa1fc62064e0be857829b8e7284408be4b60db81996e105a78e2059e5c9","sha256:2ad1a08beb0cf8625d0ffd3d2847150709df6fdb34c6a2ef514106ad08c5d785"]},"Metadata":{"LastTagTime":"0001-01-01T00:00:00Z"}}[\n]"
16:48:00.100 [main] DEBUG com.github.dockerjava.zerodep.shaded.org.apache.hc.client5.http.wire -- http-outgoing-0 << "[\r][\n]"
16:48:00.100 [main] DEBUG com.github.dockerjava.zerodep.shaded.org.apache.hc.client5.http.headers -- http-outgoing-0 << HTTP/1.1 200 OK
16:48:00.100 [main] DEBUG com.github.dockerjava.zerodep.shaded.org.apache.hc.client5.http.headers -- http-outgoing-0 << Api-Version: 1.43
16:48:00.100 [main] DEBUG com.github.dockerjava.zerodep.shaded.org.apache.hc.client5.http.headers -- http-outgoing-0 << Content-Type: application/json
16:48:00.100 [main] DEBUG com.github.dockerjava.zerodep.shaded.org.apache.hc.client5.http.headers -- http-outgoing-0 << Date: Thu, 21 Sep 2023 23:48:00 GMT
16:48:00.100 [main] DEBUG com.github.dockerjava.zerodep.shaded.org.apache.hc.client5.http.headers -- http-outgoing-0 << Docker-Experimental: false
16:48:00.100 [main] DEBUG com.github.dockerjava.zerodep.shaded.org.apache.hc.client5.http.headers -- http-outgoing-0 << Ostype: linux
16:48:00.100 [main] DEBUG com.github.dockerjava.zerodep.shaded.org.apache.hc.client5.http.headers -- http-outgoing-0 << Server: Docker/24.0.6 (linux)
16:48:00.100 [main] DEBUG com.github.dockerjava.zerodep.shaded.org.apache.hc.client5.http.headers -- http-outgoing-0 << Transfer-Encoding: chunked
16:48:00.100 [main] DEBUG com.github.dockerjava.zerodep.shaded.org.apache.hc.client5.http.impl.classic.MainClientExec -- ex-00000008: connection can be kept alive for 3 MINUTES
16:48:00.102 [main] DEBUG com.github.dockerjava.zerodep.shaded.org.apache.hc.client5.http.wire -- http-outgoing-0 << "0[\r][\n]"
16:48:00.102 [main] DEBUG com.github.dockerjava.zerodep.shaded.org.apache.hc.client5.http.wire -- http-outgoing-0 << "[\r][\n]"
16:48:00.102 [main] DEBUG com.github.dockerjava.zerodep.shaded.org.apache.hc.client5.http.impl.classic.InternalHttpClient -- ep-00000007: releasing valid endpoint
16:48:00.102 [main] DEBUG com.github.dockerjava.zerodep.shaded.org.apache.hc.client5.http.impl.io.PoolingHttpClientConnectionManager -- ep-00000007: releasing endpoint
16:48:00.102 [main] DEBUG com.github.dockerjava.zerodep.shaded.org.apache.hc.client5.http.impl.io.PoolingHttpClientConnectionManager -- ep-00000007: connection http-outgoing-0 can be kept alive for 3 MINUTES
16:48:00.102 [main] DEBUG com.github.dockerjava.zerodep.shaded.org.apache.hc.client5.http.impl.io.PoolingHttpClientConnectionManager -- ep-00000007: connection released [route: {}->unix://localhost:2375][total available: 1; route allocated: 1 of 2147483647; total allocated: 1 of 2147483647]
16:48:00.102 [main] DEBUG org.testcontainers.shaded.com.github.dockerjava.core.command.AbstrDockerCmd -- Cmd: 
16:48:00.102 [main] DEBUG com.github.dockerjava.zerodep.shaded.org.apache.hc.client5.http.impl.classic.InternalHttpClient -- ex-00000009: preparing request execution
16:48:00.102 [main] DEBUG com.github.dockerjava.zerodep.shaded.org.apache.hc.client5.http.protocol.RequestAddCookies -- Cookie spec selected: strict
16:48:00.102 [main] DEBUG com.github.dockerjava.zerodep.shaded.org.apache.hc.client5.http.protocol.RequestAuthCache -- Auth cache not set in the context
16:48:00.102 [main] DEBUG com.github.dockerjava.zerodep.shaded.org.apache.hc.client5.http.impl.classic.ProtocolExec -- ex-00000009: target auth state: UNCHALLENGED
16:48:00.102 [main] DEBUG com.github.dockerjava.zerodep.shaded.org.apache.hc.client5.http.impl.classic.ProtocolExec -- ex-00000009: proxy auth state: UNCHALLENGED
16:48:00.102 [main] DEBUG com.github.dockerjava.zerodep.shaded.org.apache.hc.client5.http.impl.classic.ConnectExec -- ex-00000009: acquiring connection with route {}->unix://localhost:2375
16:48:00.103 [main] DEBUG com.github.dockerjava.zerodep.shaded.org.apache.hc.client5.http.impl.classic.InternalHttpClient -- ex-00000009: acquiring endpoint (3 MINUTES)
16:48:00.103 [main] DEBUG com.github.dockerjava.zerodep.shaded.org.apache.hc.client5.http.impl.io.PoolingHttpClientConnectionManager -- ex-00000009: endpoint lease request (3 MINUTES) [route: {}->unix://localhost:2375][total available: 1; route allocated: 1 of 2147483647; total allocated: 1 of 2147483647]
16:48:00.103 [main] DEBUG com.github.dockerjava.zerodep.shaded.org.apache.hc.client5.http.impl.io.PoolingHttpClientConnectionManager -- ex-00000009: endpoint leased [route: {}->unix://localhost:2375][total available: 0; route allocated: 1 of 2147483647; total allocated: 1 of 2147483647]
16:48:00.103 [main] DEBUG com.github.dockerjava.zerodep.shaded.org.apache.hc.client5.http.impl.io.PoolingHttpClientConnectionManager -- ex-00000009: acquired ep-00000008
16:48:00.103 [main] DEBUG com.github.dockerjava.zerodep.shaded.org.apache.hc.client5.http.impl.classic.InternalHttpClient -- ex-00000009: acquired endpoint ep-00000008
16:48:00.103 [main] DEBUG com.github.dockerjava.zerodep.shaded.org.apache.hc.client5.http.impl.classic.MainClientExec -- ex-00000009: executing GET /v1.32/version HTTP/1.1
16:48:00.103 [main] DEBUG com.github.dockerjava.zerodep.shaded.org.apache.hc.client5.http.impl.classic.InternalHttpClient -- ep-00000008: start execution ex-00000009
16:48:00.103 [main] DEBUG com.github.dockerjava.zerodep.shaded.org.apache.hc.client5.http.impl.io.PoolingHttpClientConnectionManager -- ep-00000008: executing exchange ex-00000009 over http-outgoing-0
16:48:00.103 [main] DEBUG com.github.dockerjava.zerodep.shaded.org.apache.hc.client5.http.headers -- http-outgoing-0 >> GET /v1.32/version HTTP/1.1
16:48:00.103 [main] DEBUG com.github.dockerjava.zerodep.shaded.org.apache.hc.client5.http.headers -- http-outgoing-0 >> accept: application/json
16:48:00.103 [main] DEBUG com.github.dockerjava.zerodep.shaded.org.apache.hc.client5.http.headers -- http-outgoing-0 >> x-tc-sid: 8771ab98-9441-4355-8458-173dfcd997c6
16:48:00.103 [main] DEBUG com.github.dockerjava.zerodep.shaded.org.apache.hc.client5.http.headers -- http-outgoing-0 >> User-Agent: tc-java/1.19.0
16:48:00.103 [main] DEBUG com.github.dockerjava.zerodep.shaded.org.apache.hc.client5.http.headers -- http-outgoing-0 >> Accept-Encoding: gzip, x-gzip, deflate
16:48:00.103 [main] DEBUG com.github.dockerjava.zerodep.shaded.org.apache.hc.client5.http.headers -- http-outgoing-0 >> Host: localhost:2375
16:48:00.103 [main] DEBUG com.github.dockerjava.zerodep.shaded.org.apache.hc.client5.http.headers -- http-outgoing-0 >> Connection: keep-alive
16:48:00.103 [main] DEBUG com.github.dockerjava.zerodep.shaded.org.apache.hc.client5.http.wire -- http-outgoing-0 >> "GET /v1.32/version HTTP/1.1[\r][\n]"
16:48:00.103 [main] DEBUG com.github.dockerjava.zerodep.shaded.org.apache.hc.client5.http.wire -- http-outgoing-0 >> "accept: application/json[\r][\n]"
16:48:00.103 [main] DEBUG com.github.dockerjava.zerodep.shaded.org.apache.hc.client5.http.wire -- http-outgoing-0 >> "x-tc-sid: 8771ab98-9441-4355-8458-173dfcd997c6[\r][\n]"
16:48:00.103 [main] DEBUG com.github.dockerjava.zerodep.shaded.org.apache.hc.client5.http.wire -- http-outgoing-0 >> "User-Agent: tc-java/1.19.0[\r][\n]"
16:48:00.103 [main] DEBUG com.github.dockerjava.zerodep.shaded.org.apache.hc.client5.http.wire -- http-outgoing-0 >> "Accept-Encoding: gzip, x-gzip, deflate[\r][\n]"
16:48:00.103 [main] DEBUG com.github.dockerjava.zerodep.shaded.org.apache.hc.client5.http.wire -- http-outgoing-0 >> "Host: localhost:2375[\r][\n]"
16:48:00.103 [main] DEBUG com.github.dockerjava.zerodep.shaded.org.apache.hc.client5.http.wire -- http-outgoing-0 >> "Connection: keep-alive[\r][\n]"
16:48:00.103 [main] DEBUG com.github.dockerjava.zerodep.shaded.org.apache.hc.client5.http.wire -- http-outgoing-0 >> "[\r][\n]"
16:48:00.108 [main] DEBUG com.github.dockerjava.zerodep.shaded.org.apache.hc.client5.http.wire -- http-outgoing-0 << "HTTP/1.1 200 OK[\r][\n]"
16:48:00.108 [main] DEBUG com.github.dockerjava.zerodep.shaded.org.apache.hc.client5.http.wire -- http-outgoing-0 << "Api-Version: 1.43[\r][\n]"
16:48:00.108 [main] DEBUG com.github.dockerjava.zerodep.shaded.org.apache.hc.client5.http.wire -- http-outgoing-0 << "Content-Type: application/json[\r][\n]"
16:48:00.108 [main] DEBUG com.github.dockerjava.zerodep.shaded.org.apache.hc.client5.http.wire -- http-outgoing-0 << "Date: Thu, 21 Sep 2023 23:48:00 GMT[\r][\n]"
16:48:00.108 [main] DEBUG com.github.dockerjava.zerodep.shaded.org.apache.hc.client5.http.wire -- http-outgoing-0 << "Docker-Experimental: false[\r][\n]"
16:48:00.108 [main] DEBUG com.github.dockerjava.zerodep.shaded.org.apache.hc.client5.http.wire -- http-outgoing-0 << "Ostype: linux[\r][\n]"
16:48:00.108 [main] DEBUG com.github.dockerjava.zerodep.shaded.org.apache.hc.client5.http.wire -- http-outgoing-0 << "Server: Docker/24.0.6 (linux)[\r][\n]"
16:48:00.108 [main] DEBUG com.github.dockerjava.zerodep.shaded.org.apache.hc.client5.http.wire -- http-outgoing-0 << "Transfer-Encoding: chunked[\r][\n]"
16:48:00.108 [main] DEBUG com.github.dockerjava.zerodep.shaded.org.apache.hc.client5.http.wire -- http-outgoing-0 << "[\r][\n]"
16:48:00.108 [main] DEBUG com.github.dockerjava.zerodep.shaded.org.apache.hc.client5.http.headers -- http-outgoing-0 << HTTP/1.1 200 OK
16:48:00.108 [main] DEBUG com.github.dockerjava.zerodep.shaded.org.apache.hc.client5.http.headers -- http-outgoing-0 << Api-Version: 1.43
16:48:00.108 [main] DEBUG com.github.dockerjava.zerodep.shaded.org.apache.hc.client5.http.headers -- http-outgoing-0 << Content-Type: application/json
16:48:00.108 [main] DEBUG com.github.dockerjava.zerodep.shaded.org.apache.hc.client5.http.headers -- http-outgoing-0 << Date: Thu, 21 Sep 2023 23:48:00 GMT
16:48:00.108 [main] DEBUG com.github.dockerjava.zerodep.shaded.org.apache.hc.client5.http.headers -- http-outgoing-0 << Docker-Experimental: false
16:48:00.108 [main] DEBUG com.github.dockerjava.zerodep.shaded.org.apache.hc.client5.http.headers -- http-outgoing-0 << Ostype: linux
16:48:00.108 [main] DEBUG com.github.dockerjava.zerodep.shaded.org.apache.hc.client5.http.headers -- http-outgoing-0 << Server: Docker/24.0.6 (linux)
16:48:00.108 [main] DEBUG com.github.dockerjava.zerodep.shaded.org.apache.hc.client5.http.headers -- http-outgoing-0 << Transfer-Encoding: chunked
16:48:00.108 [main] DEBUG com.github.dockerjava.zerodep.shaded.org.apache.hc.client5.http.impl.classic.MainClientExec -- ex-00000009: connection can be kept alive for 3 MINUTES
16:48:00.108 [main] DEBUG com.github.dockerjava.zerodep.shaded.org.apache.hc.client5.http.wire -- http-outgoing-0 << "34b[\r][\n]"
16:48:00.108 [main] DEBUG com.github.dockerjava.zerodep.shaded.org.apache.hc.client5.http.wire -- http-outgoing-0 << "{"Platform":{"Name":"Docker Desktop"},"Components":[{"Name":"Engine","Version":"24.0.6","Details":{"ApiVersion":"1.43","Arch":"amd64","BuildTime":"2023-09-04T12:32:16.000000000+00:00","Experimental":"false","GitCommit":"1a79695","GoVersion":"go1.20.7","KernelVersion":"5.15.90.1-microsoft-standard-WSL2","MinAPIVersion":"1.12","Os":"linux"}},{"Name":"containerd","Version":"1.6.22","Details":{"GitCommit":"8165feabfdfe38c65b599c4993d227328c231fca"}},{"Name":"runc","Version":"1.1.8","Details":{"GitCommit":"v1.1.8-0-g82f18fe"}},{"Name":"docker-init","Version":"0.19.0","Details":{"GitCommit":"de40ad0"}}],"Version":"24.0.6","ApiVersion":"1.43","MinAPIVersion":"1.12","GitCommit":"1a79695","GoVersion":"go1.20.7","Os":"linux","Arch":"amd64","KernelVersion":"5.15.90.1-microsoft-standard-WSL2","BuildTime":"2023-09-04T12:32:16.000000000+00:00"}[\n]"
16:48:00.108 [main] DEBUG com.github.dockerjava.zerodep.shaded.org.apache.hc.client5.http.wire -- http-outgoing-0 << "[\r][\n]"
16:48:00.109 [main] DEBUG com.github.dockerjava.zerodep.shaded.org.apache.hc.client5.http.wire -- http-outgoing-0 << "0[\r][\n]"
16:48:00.109 [main] DEBUG com.github.dockerjava.zerodep.shaded.org.apache.hc.client5.http.wire -- http-outgoing-0 << "[\r][\n]"
16:48:00.109 [main] DEBUG com.github.dockerjava.zerodep.shaded.org.apache.hc.client5.http.impl.classic.InternalHttpClient -- ep-00000008: releasing valid endpoint
16:48:00.109 [main] DEBUG com.github.dockerjava.zerodep.shaded.org.apache.hc.client5.http.impl.io.PoolingHttpClientConnectionManager -- ep-00000008: releasing endpoint
16:48:00.109 [main] DEBUG com.github.dockerjava.zerodep.shaded.org.apache.hc.client5.http.impl.io.PoolingHttpClientConnectionManager -- ep-00000008: connection http-outgoing-0 can be kept alive for 3 MINUTES
16:48:00.109 [main] DEBUG com.github.dockerjava.zerodep.shaded.org.apache.hc.client5.http.impl.io.PoolingHttpClientConnectionManager -- ep-00000008: connection released [route: {}->unix://localhost:2375][total available: 1; route allocated: 1 of 2147483647; total allocated: 1 of 2147483647]
16:48:00.112 [docker-java-stream-696474232] DEBUG com.github.dockerjava.zerodep.shaded.org.apache.hc.client5.http.impl.classic.InternalHttpClient -- ex-0000000A: preparing request execution
16:48:00.113 [docker-java-stream-696474232] DEBUG com.github.dockerjava.zerodep.shaded.org.apache.hc.client5.http.protocol.RequestAddCookies -- Cookie spec selected: strict
16:48:00.113 [docker-java-stream-696474232] DEBUG com.github.dockerjava.zerodep.shaded.org.apache.hc.client5.http.protocol.RequestAuthCache -- Auth cache not set in the context
16:48:00.113 [docker-java-stream-696474232] DEBUG com.github.dockerjava.zerodep.shaded.org.apache.hc.client5.http.impl.classic.ProtocolExec -- ex-0000000A: target auth state: UNCHALLENGED
16:48:00.113 [docker-java-stream-696474232] DEBUG com.github.dockerjava.zerodep.shaded.org.apache.hc.client5.http.impl.classic.ProtocolExec -- ex-0000000A: proxy auth state: UNCHALLENGED
16:48:00.113 [docker-java-stream-696474232] DEBUG com.github.dockerjava.zerodep.shaded.org.apache.hc.client5.http.impl.classic.ConnectExec -- ex-0000000A: acquiring connection with route {}->unix://localhost:2375
16:48:00.113 [docker-java-stream-696474232] DEBUG com.github.dockerjava.zerodep.shaded.org.apache.hc.client5.http.impl.classic.InternalHttpClient -- ex-0000000A: acquiring endpoint (3 MINUTES)
16:48:00.113 [docker-java-stream-696474232] DEBUG com.github.dockerjava.zerodep.shaded.org.apache.hc.client5.http.impl.io.PoolingHttpClientConnectionManager -- ex-0000000A: endpoint lease request (3 MINUTES) [route: {}->unix://localhost:2375][total available: 1; route allocated: 1 of 2147483647; total allocated: 1 of 2147483647]
16:48:00.113 [docker-java-stream-696474232] DEBUG com.github.dockerjava.zerodep.shaded.org.apache.hc.client5.http.impl.io.PoolingHttpClientConnectionManager -- ex-0000000A: endpoint leased [route: {}->unix://localhost:2375][total available: 0; route allocated: 1 of 2147483647; total allocated: 1 of 2147483647]
16:48:00.113 [docker-java-stream-696474232] DEBUG com.github.dockerjava.zerodep.shaded.org.apache.hc.client5.http.impl.io.PoolingHttpClientConnectionManager -- ex-0000000A: acquired ep-00000009
16:48:00.113 [docker-java-stream-696474232] DEBUG com.github.dockerjava.zerodep.shaded.org.apache.hc.client5.http.impl.classic.InternalHttpClient -- ex-0000000A: acquired endpoint ep-00000009
16:48:00.113 [docker-java-stream-696474232] DEBUG com.github.dockerjava.zerodep.shaded.org.apache.hc.client5.http.impl.classic.MainClientExec -- ex-0000000A: executing GET /v1.32/containers/6b57e7cf61c553e36888a835de4acfa024fdeb13d2b1783effc28251b4ba671c/logs?stdout=true&stderr=true&follow=true&since=0 HTTP/1.1
16:48:00.113 [docker-java-stream-696474232] DEBUG com.github.dockerjava.zerodep.shaded.org.apache.hc.client5.http.impl.classic.InternalHttpClient -- ep-00000009: start execution ex-0000000A
16:48:00.113 [docker-java-stream-696474232] DEBUG com.github.dockerjava.zerodep.shaded.org.apache.hc.client5.http.impl.io.PoolingHttpClientConnectionManager -- ep-00000009: executing exchange ex-0000000A over http-outgoing-0
16:48:00.113 [docker-java-stream-696474232] DEBUG com.github.dockerjava.zerodep.shaded.org.apache.hc.client5.http.headers -- http-outgoing-0 >> GET /v1.32/containers/6b57e7cf61c553e36888a835de4acfa024fdeb13d2b1783effc28251b4ba671c/logs?stdout=true&stderr=true&follow=true&since=0 HTTP/1.1
16:48:00.113 [docker-java-stream-696474232] DEBUG com.github.dockerjava.zerodep.shaded.org.apache.hc.client5.http.headers -- http-outgoing-0 >> x-tc-sid: 8771ab98-9441-4355-8458-173dfcd997c6
16:48:00.113 [docker-java-stream-696474232] DEBUG com.github.dockerjava.zerodep.shaded.org.apache.hc.client5.http.headers -- http-outgoing-0 >> User-Agent: tc-java/1.19.0
16:48:00.113 [docker-java-stream-696474232] DEBUG com.github.dockerjava.zerodep.shaded.org.apache.hc.client5.http.headers -- http-outgoing-0 >> Accept-Encoding: gzip, x-gzip, deflate
16:48:00.113 [docker-java-stream-696474232] DEBUG com.github.dockerjava.zerodep.shaded.org.apache.hc.client5.http.headers -- http-outgoing-0 >> Host: localhost:2375
16:48:00.113 [docker-java-stream-696474232] DEBUG com.github.dockerjava.zerodep.shaded.org.apache.hc.client5.http.headers -- http-outgoing-0 >> Connection: keep-alive
16:48:00.113 [docker-java-stream-696474232] DEBUG com.github.dockerjava.zerodep.shaded.org.apache.hc.client5.http.wire -- http-outgoing-0 >> "GET /v1.32/containers/6b57e7cf61c553e36888a835de4acfa024fdeb13d2b1783effc28251b4ba671c/logs?stdout=true&stderr=true&follow=true&since=0 HTTP/1.1[\r][\n]"
16:48:00.113 [docker-java-stream-696474232] DEBUG com.github.dockerjava.zerodep.shaded.org.apache.hc.client5.http.wire -- http-outgoing-0 >> "x-tc-sid: 8771ab98-9441-4355-8458-173dfcd997c6[\r][\n]"
16:48:00.113 [docker-java-stream-696474232] DEBUG com.github.dockerjava.zerodep.shaded.org.apache.hc.client5.http.wire -- http-outgoing-0 >> "User-Agent: tc-java/1.19.0[\r][\n]"
16:48:00.113 [docker-java-stream-696474232] DEBUG com.github.dockerjava.zerodep.shaded.org.apache.hc.client5.http.wire -- http-outgoing-0 >> "Accept-Encoding: gzip, x-gzip, deflate[\r][\n]"
16:48:00.113 [docker-java-stream-696474232] DEBUG com.github.dockerjava.zerodep.shaded.org.apache.hc.client5.http.wire -- http-outgoing-0 >> "Host: localhost:2375[\r][\n]"
16:48:00.113 [docker-java-stream-696474232] DEBUG com.github.dockerjava.zerodep.shaded.org.apache.hc.client5.http.wire -- http-outgoing-0 >> "Connection: keep-alive[\r][\n]"
16:48:00.113 [docker-java-stream-696474232] DEBUG com.github.dockerjava.zerodep.shaded.org.apache.hc.client5.http.wire -- http-outgoing-0 >> "[\r][\n]"
16:48:00.115 [docker-java-stream-696474232] DEBUG com.github.dockerjava.zerodep.shaded.org.apache.hc.client5.http.wire -- http-outgoing-0 << "HTTP/1.1 200 OK[\r][\n]"
16:48:00.119 [docker-java-stream-696474232] DEBUG com.github.dockerjava.zerodep.shaded.org.apache.hc.client5.http.wire -- http-outgoing-0 << "Api-Version: 1.43[\r][\n]"
16:48:00.119 [docker-java-stream-696474232] DEBUG com.github.dockerjava.zerodep.shaded.org.apache.hc.client5.http.wire -- http-outgoing-0 << "Content-Type: application/vnd.docker.raw-stream[\r][\n]"
16:48:00.119 [docker-java-stream-696474232] DEBUG com.github.dockerjava.zerodep.shaded.org.apache.hc.client5.http.wire -- http-outgoing-0 << "Date: Thu, 21 Sep 2023 23:48:00 GMT[\r][\n]"
16:48:00.119 [docker-java-stream-696474232] DEBUG com.github.dockerjava.zerodep.shaded.org.apache.hc.client5.http.wire -- http-outgoing-0 << "Docker-Experimental: false[\r][\n]"
16:48:00.120 [docker-java-stream-696474232] DEBUG com.github.dockerjava.zerodep.shaded.org.apache.hc.client5.http.wire -- http-outgoing-0 << "Ostype: linux[\r][\n]"
16:48:00.120 [docker-java-stream-696474232] DEBUG com.github.dockerjava.zerodep.shaded.org.apache.hc.client5.http.wire -- http-outgoing-0 << "Server: Docker/24.0.6 (linux)[\r][\n]"
16:48:00.120 [docker-java-stream-696474232] DEBUG com.github.dockerjava.zerodep.shaded.org.apache.hc.client5.http.wire -- http-outgoing-0 << "Transfer-Encoding: chunked[\r][\n]"
16:48:00.120 [docker-java-stream-696474232] DEBUG com.github.dockerjava.zerodep.shaded.org.apache.hc.client5.http.wire -- http-outgoing-0 << "[\r][\n]"
16:48:00.120 [docker-java-stream-696474232] DEBUG com.github.dockerjava.zerodep.shaded.org.apache.hc.client5.http.headers -- http-outgoing-0 << HTTP/1.1 200 OK
16:48:00.120 [docker-java-stream-696474232] DEBUG com.github.dockerjava.zerodep.shaded.org.apache.hc.client5.http.headers -- http-outgoing-0 << Api-Version: 1.43
16:48:00.120 [docker-java-stream-696474232] DEBUG com.github.dockerjava.zerodep.shaded.org.apache.hc.client5.http.headers -- http-outgoing-0 << Content-Type: application/vnd.docker.raw-stream
16:48:00.120 [docker-java-stream-696474232] DEBUG com.github.dockerjava.zerodep.shaded.org.apache.hc.client5.http.headers -- http-outgoing-0 << Date: Thu, 21 Sep 2023 23:48:00 GMT
16:48:00.120 [docker-java-stream-696474232] DEBUG com.github.dockerjava.zerodep.shaded.org.apache.hc.client5.http.headers -- http-outgoing-0 << Docker-Experimental: false
16:48:00.120 [docker-java-stream-696474232] DEBUG com.github.dockerjava.zerodep.shaded.org.apache.hc.client5.http.headers -- http-outgoing-0 << Ostype: linux
16:48:00.120 [docker-java-stream-696474232] DEBUG com.github.dockerjava.zerodep.shaded.org.apache.hc.client5.http.headers -- http-outgoing-0 << Server: Docker/24.0.6 (linux)
16:48:00.120 [docker-java-stream-696474232] DEBUG com.github.dockerjava.zerodep.shaded.org.apache.hc.client5.http.headers -- http-outgoing-0 << Transfer-Encoding: chunked
16:48:00.120 [docker-java-stream-696474232] DEBUG com.github.dockerjava.zerodep.shaded.org.apache.hc.client5.http.impl.classic.MainClientExec -- ex-0000000A: connection can be kept alive for 3 MINUTES
16:48:00.120 [docker-java-stream-696474232] DEBUG com.github.dockerjava.zerodep.shaded.org.apache.hc.client5.http.wire -- http-outgoing-0 << "c0[\r][\n]"
16:48:00.120 [docker-java-stream-696474232] DEBUG com.github.dockerjava.zerodep.shaded.org.apache.hc.client5.http.wire -- http-outgoing-0 << "[0x2][0x0][0x0][0x0][0x0][0x0][0x0]&2023/09/21 23:48:00 Pinging Docker...[\n]"
16:48:00.120 [docker-java-stream-696474232] DEBUG com.github.dockerjava.zerodep.shaded.org.apache.hc.client5.http.wire -- http-outgoing-0 << "[0x2][0x0][0x0][0x0][0x0][0x0][0x0]02023/09/21 23:48:00 Docker daemon is available![\n]"
16:48:00.120 [docker-java-stream-696474232] DEBUG com.github.dockerjava.zerodep.shaded.org.apache.hc.client5.http.wire -- http-outgoing-0 << "[0x2][0x0][0x0][0x0][0x0][0x0][0x0]-2023/09/21 23:48:00 Starting on port 8080...[\n]"
16:48:00.120 [docker-java-stream-696474232] DEBUG com.github.dockerjava.zerodep.shaded.org.apache.hc.client5.http.wire -- http-outgoing-0 << "[0x2][0x0][0x0][0x0][0x0][0x0][0x0][0x1d]2023/09/21 23:48:00 Started![\n]"
16:48:00.120 [docker-java-stream-696474232] DEBUG com.github.dockerjava.zerodep.shaded.org.apache.hc.client5.http.wire -- http-outgoing-0 << "[\r][\n]"
16:48:00.121 [main] DEBUG org.testcontainers.containers.output.WaitingConsumer -- STDERR: 2023/09/21 23:48:00 Pinging Docker...
16:48:00.121 [main] DEBUG org.testcontainers.containers.output.WaitingConsumer -- STDERR: 2023/09/21 23:48:00 Started!
16:48:00.122 [main] DEBUG com.github.dockerjava.zerodep.shaded.org.apache.hc.client5.http.impl.classic.InternalHttpClient -- ep-00000009: cancel
16:48:00.122 [main] DEBUG com.github.dockerjava.zerodep.shaded.org.apache.hc.client5.http.impl.io.DefaultManagedHttpClientConnection -- http-outgoing-0: close connection IMMEDIATE
16:48:00.122 [docker-java-stream-696474232] DEBUG com.github.dockerjava.zerodep.shaded.org.apache.hc.client5.http.wire -- http-outgoing-0 << "[read] I/O error: null"
16:48:00.122 [main] DEBUG com.github.dockerjava.zerodep.shaded.org.apache.hc.client5.http.impl.classic.InternalHttpClient -- ep-00000009: endpoint closed
16:48:00.122 [main] DEBUG com.github.dockerjava.zerodep.shaded.org.apache.hc.client5.http.impl.classic.InternalHttpClient -- ep-00000009: discarding endpoint
16:48:00.122 [main] DEBUG com.github.dockerjava.zerodep.shaded.org.apache.hc.client5.http.impl.io.PoolingHttpClientConnectionManager -- ep-00000009: releasing endpoint
16:48:00.122 [main] DEBUG com.github.dockerjava.zerodep.shaded.org.apache.hc.client5.http.impl.io.PoolingHttpClientConnectionManager -- ep-00000009: connection is not kept alive
16:48:00.122 [docker-java-stream-696474232] DEBUG com.github.dockerjava.zerodep.shaded.org.apache.hc.client5.http.wire -- http-outgoing-0 << "[read] I/O error: null"
16:48:00.122 [main] DEBUG com.github.dockerjava.zerodep.shaded.org.apache.hc.client5.http.impl.io.PoolingHttpClientConnectionManager -- ep-00000009: connection released [route: {}->unix://localhost:2375][total available: 0; route allocated: 0 of 2147483647; total allocated: 0 of 2147483647]
16:48:00.122 [main] INFO tc.testcontainers/ryuk:0.5.1 -- Container testcontainers/ryuk:0.5.1 started in PT3.386488845S
16:48:00.122 [docker-java-stream-696474232] DEBUG com.github.dockerjava.zerodep.ApacheDockerHttpClientImpl$ApacheResponse -- Failed to close the response
java.nio.channels.ClosedChannelException: null
	at java.base/sun.nio.ch.SocketChannelImpl.ensureOpenAndConnected(SocketChannelImpl.java:215)
	at java.base/sun.nio.ch.SocketChannelImpl.read(SocketChannelImpl.java:403)
	at java.base/sun.nio.ch.ChannelInputStream.read(ChannelInputStream.java:59)
	at java.base/sun.nio.ch.ChannelInputStream.read(ChannelInputStream.java:107)
	at java.base/sun.nio.ch.ChannelInputStream.read(ChannelInputStream.java:101)
	at com.github.dockerjava.zerodep.shaded.org.apache.hc.client5.http.impl.io.LoggingInputStream.read(LoggingInputStream.java:81)
	at com.github.dockerjava.zerodep.shaded.org.apache.hc.core5.http.impl.io.SessionInputBufferImpl.fillBuffer(SessionInputBufferImpl.java:149)
	at com.github.dockerjava.zerodep.shaded.org.apache.hc.core5.http.impl.io.SessionInputBufferImpl.readLine(SessionInputBufferImpl.java:280)
	at com.github.dockerjava.zerodep.shaded.org.apache.hc.core5.http.impl.io.ChunkedInputStream.getChunkSize(ChunkedInputStream.java:261)
	at com.github.dockerjava.zerodep.shaded.org.apache.hc.core5.http.impl.io.ChunkedInputStream.nextChunk(ChunkedInputStream.java:222)
	at com.github.dockerjava.zerodep.shaded.org.apache.hc.core5.http.impl.io.ChunkedInputStream.read(ChunkedInputStream.java:147)
	at com.github.dockerjava.zerodep.shaded.org.apache.hc.core5.http.impl.io.ChunkedInputStream.close(ChunkedInputStream.java:314)
	at com.github.dockerjava.zerodep.shaded.org.apache.hc.core5.io.Closer.close(Closer.java:48)
	at com.github.dockerjava.zerodep.shaded.org.apache.hc.core5.http.impl.io.IncomingHttpEntity.close(IncomingHttpEntity.java:111)
	at com.github.dockerjava.zerodep.shaded.org.apache.hc.core5.http.io.entity.HttpEntityWrapper.close(HttpEntityWrapper.java:120)
	at com.github.dockerjava.zerodep.shaded.org.apache.hc.core5.io.Closer.close(Closer.java:48)
	at com.github.dockerjava.zerodep.shaded.org.apache.hc.core5.http.message.BasicClassicHttpResponse.close(BasicClassicHttpResponse.java:93)
	at com.github.dockerjava.zerodep.shaded.org.apache.hc.client5.http.impl.classic.CloseableHttpResponse.close(CloseableHttpResponse.java:200)
	at com.github.dockerjava.zerodep.ApacheDockerHttpClientImpl$ApacheResponse.close(ApacheDockerHttpClientImpl.java:256)
	at org.testcontainers.shaded.com.github.dockerjava.core.DefaultInvocationBuilder.lambda$executeAndStream$1(DefaultInvocationBuilder.java:277)
	at java.base/java.lang.Thread.run(Thread.java:833)
16:48:00.125 [testcontainers-ryuk] DEBUG org.testcontainers.utility.ResourceReaper -- Sending 'label=org.testcontainers%3Dtrue&label=org.testcontainers.lang%3Djava&label=org.testcontainers.version%3D1.19.0&label=org.testcontainers.sessionId%3D8771ab98-9441-4355-8458-173dfcd997c6' to Ryuk
16:48:00.126 [testcontainers-ryuk] DEBUG org.testcontainers.utility.RyukResourceReaper -- Received 'ACK' from Ryuk
16:48:00.126 [main] INFO org.testcontainers.utility.RyukResourceReaper -- Ryuk started - will monitor and terminate Testcontainers containers on JVM exit
16:48:00.126 [main] DEBUG org.testcontainers.DockerClientFactory -- Checks are enabled
16:48:00.126 [main] INFO org.testcontainers.DockerClientFactory -- Checking the system...
16:48:00.126 [main] INFO org.testcontainers.DockerClientFactory -- ✔︎ Docker server version should be at least 1.6.0
16:48:00.127 [main] DEBUG org.testcontainers.utility.PrefixingImageNameSubstitutor -- No prefix is configured
16:48:00.127 [main] DEBUG org.testcontainers.utility.ImageNameSubstitutor -- Did not find a substitute image for postgres:9.6 (using image substitutor: DefaultImageNameSubstitutor (composite of 'ConfigurationFileImageNameSubstitutor' and 'PrefixingImageNameSubstitutor'))
16:48:00.127 [main] DEBUG org.testcontainers.images.AbstractImagePullPolicy -- Using locally available and not pulling image: postgres:9.6
16:48:00.127 [main] DEBUG tc.postgres:9.6 -- Starting container: postgres:9.6
16:48:00.127 [main] DEBUG tc.postgres:9.6 -- Trying to start container: postgres:9.6 (attempt 1/1)
16:48:00.127 [main] DEBUG tc.postgres:9.6 -- Starting container: postgres:9.6
16:48:00.127 [main] INFO tc.postgres:9.6 -- Creating container for image: postgres:9.6
16:48:00.127 [main] DEBUG org.testcontainers.utility.RegistryAuthLocator -- Looking up auth config for image: postgres:9.6 at registry: https://index.docker.io/v1/
16:48:00.127 [main] DEBUG org.testcontainers.utility.RegistryAuthLocator -- No matching Auth Configs - falling back to defaultAuthConfig [null]
16:48:00.127 [main] DEBUG org.testcontainers.dockerclient.AuthDelegatingDockerClientConfig -- Effective auth config [null]
16:48:00.127 [main] DEBUG org.testcontainers.shaded.com.github.dockerjava.core.command.AbstrDockerCmd -- Cmd: org.testcontainers.shaded.com.github.dockerjava.core.command.CreateContainerCmdImpl@77b325b3[aliases=<null>,argsEscaped=<null>,attachStderr=<null>,attachStdin=<null>,attachStdout=<null>,authConfig=<null>,cmd={postgres,-c,fsync=off},domainName=<null>,entrypoint=<null>,env={POSTGRES_USER=test,POSTGRES_PASSWORD=test,POSTGRES_DB=test},exposedPorts=ExposedPorts(exposedPorts=[5432/tcp]),healthcheck=<null>,hostConfig=HostConfig(binds=[], blkioWeight=null, blkioWeightDevice=null, blkioDeviceReadBps=null, blkioDeviceWriteBps=null, blkioDeviceReadIOps=null, blkioDeviceWriteIOps=null, memorySwappiness=null, nanoCPUs=null, capAdd=null, capDrop=null, containerIDFile=null, cpuPeriod=null, cpuRealtimePeriod=null, cpuRealtimeRuntime=null, cpuShares=null, cpuQuota=null, cpusetCpus=null, cpusetMems=null, devices=null, deviceCgroupRules=null, deviceRequests=null, diskQuota=null, dns=null, dnsOptions=null, dnsSearch=null, extraHosts=[], groupAdd=null, ipcMode=null, cgroup=null, links=[], logConfig=LogConfig(type=null, config=null), lxcConf=null, memory=null, memorySwap=null, memoryReservation=null, kernelMemory=null, networkMode=null, oomKillDisable=null, init=null, autoRemove=null, oomScoreAdj=null, portBindings={5432/tcp=[Lcom.github.dockerjava.api.model.Ports$Binding;@51abf713}, privileged=null, publishAllPorts=null, readonlyRootfs=null, restartPolicy=null, ulimits=null, cpuCount=null, cpuPercent=null, ioMaximumIOps=null, ioMaximumBandwidth=null, volumesFrom=[], mounts=null, pidMode=null, isolation=null, securityOpts=null, storageOpt=null, cgroupParent=null, volumeDriver=null, shmSize=null, pidsLimit=null, runtime=null, tmpFs=null, utSMode=null, usernsMode=null, sysctls=null, consoleSize=null, cgroupnsMode=null),hostName=<null>,image=postgres:9.6,ipv4Address=<null>,ipv6Address=<null>,labels={org.testcontainers=true, org.testcontainers.lang=java, org.testcontainers.version=1.19.0, org.testcontainers.sessionId=8771ab98-9441-4355-8458-173dfcd997c6},macAddress=<null>,name=<null>,networkDisabled=<null>,networkingConfig=<null>,onBuild=<null>,platform=<null>,portSpecs=<null>,shell=<null>,stdInOnce=<null>,stdinOpen=<null>,stopSignal=<null>,stopTimeout=<null>,tty=<null>,user=<null>,volumes=Volumes(volumes=[]),workingDir=<null>]
16:48:00.128 [main] DEBUG com.github.dockerjava.zerodep.shaded.org.apache.hc.client5.http.impl.classic.InternalHttpClient -- ex-0000000B: preparing request execution
16:48:00.128 [main] DEBUG com.github.dockerjava.zerodep.shaded.org.apache.hc.client5.http.protocol.RequestAddCookies -- Cookie spec selected: strict
16:48:00.128 [main] DEBUG com.github.dockerjava.zerodep.shaded.org.apache.hc.client5.http.protocol.RequestAuthCache -- Auth cache not set in the context
16:48:00.128 [main] DEBUG com.github.dockerjava.zerodep.shaded.org.apache.hc.client5.http.impl.classic.ProtocolExec -- ex-0000000B: target auth state: UNCHALLENGED
16:48:00.128 [main] DEBUG com.github.dockerjava.zerodep.shaded.org.apache.hc.client5.http.impl.classic.ProtocolExec -- ex-0000000B: proxy auth state: UNCHALLENGED
16:48:00.128 [main] DEBUG com.github.dockerjava.zerodep.shaded.org.apache.hc.client5.http.impl.classic.ConnectExec -- ex-0000000B: acquiring connection with route {}->unix://localhost:2375
16:48:00.128 [main] DEBUG com.github.dockerjava.zerodep.shaded.org.apache.hc.client5.http.impl.classic.InternalHttpClient -- ex-0000000B: acquiring endpoint (3 MINUTES)
16:48:00.128 [main] DEBUG com.github.dockerjava.zerodep.shaded.org.apache.hc.client5.http.impl.io.PoolingHttpClientConnectionManager -- ex-0000000B: endpoint lease request (3 MINUTES) [route: {}->unix://localhost:2375][total available: 0; route allocated: 0 of 2147483647; total allocated: 0 of 2147483647]
16:48:00.128 [main] DEBUG com.github.dockerjava.zerodep.shaded.org.apache.hc.client5.http.impl.io.PoolingHttpClientConnectionManager -- ex-0000000B: endpoint leased [route: {}->unix://localhost:2375][total available: 0; route allocated: 1 of 2147483647; total allocated: 1 of 2147483647]
16:48:00.128 [main] DEBUG com.github.dockerjava.zerodep.shaded.org.apache.hc.client5.http.impl.io.PoolingHttpClientConnectionManager -- ex-0000000B: acquired ep-0000000A
16:48:00.128 [main] DEBUG com.github.dockerjava.zerodep.shaded.org.apache.hc.client5.http.impl.classic.InternalHttpClient -- ex-0000000B: acquired endpoint ep-0000000A
16:48:00.128 [main] DEBUG com.github.dockerjava.zerodep.shaded.org.apache.hc.client5.http.impl.classic.ConnectExec -- ex-0000000B: opening connection {}->unix://localhost:2375
16:48:00.128 [main] DEBUG com.github.dockerjava.zerodep.shaded.org.apache.hc.client5.http.impl.classic.InternalHttpClient -- ep-0000000A: connecting endpoint (3 MINUTES)
16:48:00.128 [main] DEBUG com.github.dockerjava.zerodep.shaded.org.apache.hc.client5.http.impl.io.PoolingHttpClientConnectionManager -- ep-0000000A: connecting endpoint to unix://localhost:2375 (3 MINUTES)
16:48:00.128 [main] DEBUG com.github.dockerjava.zerodep.shaded.org.apache.hc.client5.http.impl.io.DefaultHttpClientConnectionOperator -- http-outgoing-1: connecting to localhost/127.0.0.1:2375
16:48:00.128 [main] DEBUG com.github.dockerjava.zerodep.shaded.org.apache.hc.client5.http.impl.io.DefaultHttpClientConnectionOperator -- http-outgoing-1: connection established /var/run/docker.sock<->/var/run/docker.sock
16:48:00.128 [main] DEBUG com.github.dockerjava.zerodep.shaded.org.apache.hc.client5.http.impl.io.PoolingHttpClientConnectionManager -- ep-0000000A: connected http-outgoing-1
16:48:00.128 [main] DEBUG com.github.dockerjava.zerodep.shaded.org.apache.hc.client5.http.impl.classic.InternalHttpClient -- ep-0000000A: endpoint connected
16:48:00.128 [main] DEBUG com.github.dockerjava.zerodep.shaded.org.apache.hc.client5.http.impl.classic.MainClientExec -- ex-0000000B: executing POST /v1.32/containers/create HTTP/1.1
16:48:00.128 [main] DEBUG com.github.dockerjava.zerodep.shaded.org.apache.hc.client5.http.impl.classic.InternalHttpClient -- ep-0000000A: start execution ex-0000000B
16:48:00.128 [main] DEBUG com.github.dockerjava.zerodep.shaded.org.apache.hc.client5.http.impl.io.PoolingHttpClientConnectionManager -- ep-0000000A: executing exchange ex-0000000B over http-outgoing-1
16:48:00.129 [main] DEBUG com.github.dockerjava.zerodep.shaded.org.apache.hc.client5.http.headers -- http-outgoing-1 >> POST /v1.32/containers/create HTTP/1.1
16:48:00.129 [main] DEBUG com.github.dockerjava.zerodep.shaded.org.apache.hc.client5.http.headers -- http-outgoing-1 >> accept: application/json
16:48:00.129 [main] DEBUG com.github.dockerjava.zerodep.shaded.org.apache.hc.client5.http.headers -- http-outgoing-1 >> content-type: application/json
16:48:00.129 [main] DEBUG com.github.dockerjava.zerodep.shaded.org.apache.hc.client5.http.headers -- http-outgoing-1 >> x-tc-sid: 8771ab98-9441-4355-8458-173dfcd997c6
16:48:00.129 [main] DEBUG com.github.dockerjava.zerodep.shaded.org.apache.hc.client5.http.headers -- http-outgoing-1 >> User-Agent: tc-java/1.19.0
16:48:00.129 [main] DEBUG com.github.dockerjava.zerodep.shaded.org.apache.hc.client5.http.headers -- http-outgoing-1 >> Accept-Encoding: gzip, x-gzip, deflate
16:48:00.129 [main] DEBUG com.github.dockerjava.zerodep.shaded.org.apache.hc.client5.http.headers -- http-outgoing-1 >> Content-Length: 2056
16:48:00.129 [main] DEBUG com.github.dockerjava.zerodep.shaded.org.apache.hc.client5.http.headers -- http-outgoing-1 >> Host: localhost:2375
16:48:00.129 [main] DEBUG com.github.dockerjava.zerodep.shaded.org.apache.hc.client5.http.headers -- http-outgoing-1 >> Connection: keep-alive
16:48:00.129 [main] DEBUG com.github.dockerjava.zerodep.shaded.org.apache.hc.client5.http.wire -- http-outgoing-1 >> "POST /v1.32/containers/create HTTP/1.1[\r][\n]"
16:48:00.129 [main] DEBUG com.github.dockerjava.zerodep.shaded.org.apache.hc.client5.http.wire -- http-outgoing-1 >> "accept: application/json[\r][\n]"
16:48:00.129 [main] DEBUG com.github.dockerjava.zerodep.shaded.org.apache.hc.client5.http.wire -- http-outgoing-1 >> "content-type: application/json[\r][\n]"
16:48:00.129 [main] DEBUG com.github.dockerjava.zerodep.shaded.org.apache.hc.client5.http.wire -- http-outgoing-1 >> "x-tc-sid: 8771ab98-9441-4355-8458-173dfcd997c6[\r][\n]"
16:48:00.129 [main] DEBUG com.github.dockerjava.zerodep.shaded.org.apache.hc.client5.http.wire -- http-outgoing-1 >> "User-Agent: tc-java/1.19.0[\r][\n]"
16:48:00.129 [main] DEBUG com.github.dockerjava.zerodep.shaded.org.apache.hc.client5.http.wire -- http-outgoing-1 >> "Accept-Encoding: gzip, x-gzip, deflate[\r][\n]"
16:48:00.129 [main] DEBUG com.github.dockerjava.zerodep.shaded.org.apache.hc.client5.http.wire -- http-outgoing-1 >> "Content-Length: 2056[\r][\n]"
16:48:00.129 [main] DEBUG com.github.dockerjava.zerodep.shaded.org.apache.hc.client5.http.wire -- http-outgoing-1 >> "Host: localhost:2375[\r][\n]"
16:48:00.129 [main] DEBUG com.github.dockerjava.zerodep.shaded.org.apache.hc.client5.http.wire -- http-outgoing-1 >> "Connection: keep-alive[\r][\n]"
16:48:00.129 [main] DEBUG com.github.dockerjava.zerodep.shaded.org.apache.hc.client5.http.wire -- http-outgoing-1 >> "[\r][\n]"
16:48:00.129 [main] DEBUG com.github.dockerjava.zerodep.shaded.org.apache.hc.client5.http.wire -- http-outgoing-1 >> "{"Hostname":null,"Domainname":null,"User":null,"AttachStdin":null,"AttachStdout":null,"AttachStderr":null,"PortSpecs":null,"Tty":null,"OpenStdin":null,"StdinOnce":null,"Env":["POSTGRES_USER=test","POSTGRES_PASSWORD=test","POSTGRES_DB=test"],"Cmd":["postgres","-c","fsync=off"],"Healthcheck":null,"ArgsEscaped":null,"Entrypoint":null,"Image":"postgres:9.6","Volumes":{},"WorkingDir":null,"MacAddress":null,"OnBuild":null,"NetworkDisabled":null,"ExposedPorts":{"5432/tcp":{}},"StopSignal":null,"StopTimeout":null,"HostConfig":{"Binds":[],"BlkioWeight":null,"BlkioWeightDevice":null,"BlkioDeviceReadBps":null,"BlkioDeviceWriteBps":null,"BlkioDeviceReadIOps":null,"BlkioDeviceWriteIOps":null,"MemorySwappiness":null,"NanoCpus":null,"CapAdd":null,"CapDrop":null,"ContainerIDFile":null,"CpuPeriod":null,"CpuRealtimePeriod":null,"CpuRealtimeRuntime":null,"CpuShares":null,"CpuQuota":null,"CpusetCpus":null,"CpusetMems":null,"Devices":null,"DeviceCgroupRules":null,"DeviceRequests":null,"DiskQuota":null,"Dns":null,"DnsOptions":null,"DnsSearch":null,"ExtraHosts":[],"GroupAdd":null,"IpcMode":null,"Cgroup":null,"Links":[],"LogConfig":null,"LxcConf":null,"Memory":null,"MemorySwap":null,"MemoryReservation":null,"KernelMemory":null,"NetworkMode":null,"OomKillDisable":null,"Init":null,"AutoRemove":null,"OomScoreAdj":null,"PortBindings":{"5432/tcp":[{"HostIp":"","HostPort":""}]},"Privileged":null,"PublishAllPorts":null,"ReadonlyRootfs":null,"RestartPolicy":null,"Ulimits":null,"CpuCount":null,"CpuPercent":null,"IOMaximumIOps":null,"IOMaximumBandwidth":null,"VolumesFrom":[],"Mounts":null,"PidMode":null,"Isolation":null,"SecurityOpt":null,"StorageOpt":null,"CgroupParent":null,"VolumeDriver":null,"ShmSize":null,"PidsLimit":null,"Runtime":null,"Tmpfs":null,"UTSMode":null,"UsernsMode":null,"Sysctls":null,"ConsoleSize":null,"CgroupnsMode":null},"Labels":{"org.testcontainers":"true","org.testcontainers.lang":"java","org.testcontainers.version":"1.19.0","org.testcontainers.sessionId":"8771ab98-9441-4355-8458-173dfcd997c6"},"Shell":null,"NetworkingConfig":null}"
16:48:00.158 [main] DEBUG com.github.dockerjava.zerodep.shaded.org.apache.hc.client5.http.wire -- http-outgoing-1 << "HTTP/1.1 201 Created[\r][\n]"
16:48:00.159 [main] DEBUG com.github.dockerjava.zerodep.shaded.org.apache.hc.client5.http.wire -- http-outgoing-1 << "Api-Version: 1.43[\r][\n]"
16:48:00.159 [main] DEBUG com.github.dockerjava.zerodep.shaded.org.apache.hc.client5.http.wire -- http-outgoing-1 << "Content-Type: application/json[\r][\n]"
16:48:00.159 [main] DEBUG com.github.dockerjava.zerodep.shaded.org.apache.hc.client5.http.wire -- http-outgoing-1 << "Date: Thu, 21 Sep 2023 23:48:00 GMT[\r][\n]"
16:48:00.159 [main] DEBUG com.github.dockerjava.zerodep.shaded.org.apache.hc.client5.http.wire -- http-outgoing-1 << "Docker-Experimental: false[\r][\n]"
16:48:00.159 [main] DEBUG com.github.dockerjava.zerodep.shaded.org.apache.hc.client5.http.wire -- http-outgoing-1 << "Ostype: linux[\r][\n]"
16:48:00.159 [main] DEBUG com.github.dockerjava.zerodep.shaded.org.apache.hc.client5.http.wire -- http-outgoing-1 << "Server: Docker/24.0.6 (linux)[\r][\n]"
16:48:00.159 [main] DEBUG com.github.dockerjava.zerodep.shaded.org.apache.hc.client5.http.wire -- http-outgoing-1 << "Transfer-Encoding: chunked[\r][\n]"
16:48:00.159 [main] DEBUG com.github.dockerjava.zerodep.shaded.org.apache.hc.client5.http.wire -- http-outgoing-1 << "[\r][\n]"
16:48:00.159 [main] DEBUG com.github.dockerjava.zerodep.shaded.org.apache.hc.client5.http.headers -- http-outgoing-1 << HTTP/1.1 201 Created
16:48:00.159 [main] DEBUG com.github.dockerjava.zerodep.shaded.org.apache.hc.client5.http.headers -- http-outgoing-1 << Api-Version: 1.43
16:48:00.159 [main] DEBUG com.github.dockerjava.zerodep.shaded.org.apache.hc.client5.http.headers -- http-outgoing-1 << Content-Type: application/json
16:48:00.159 [main] DEBUG com.github.dockerjava.zerodep.shaded.org.apache.hc.client5.http.headers -- http-outgoing-1 << Date: Thu, 21 Sep 2023 23:48:00 GMT
16:48:00.159 [main] DEBUG com.github.dockerjava.zerodep.shaded.org.apache.hc.client5.http.headers -- http-outgoing-1 << Docker-Experimental: false
16:48:00.159 [main] DEBUG com.github.dockerjava.zerodep.shaded.org.apache.hc.client5.http.headers -- http-outgoing-1 << Ostype: linux
16:48:00.159 [main] DEBUG com.github.dockerjava.zerodep.shaded.org.apache.hc.client5.http.headers -- http-outgoing-1 << Server: Docker/24.0.6 (linux)
16:48:00.159 [main] DEBUG com.github.dockerjava.zerodep.shaded.org.apache.hc.client5.http.headers -- http-outgoing-1 << Transfer-Encoding: chunked
16:48:00.159 [main] DEBUG com.github.dockerjava.zerodep.shaded.org.apache.hc.client5.http.impl.classic.MainClientExec -- ex-0000000B: connection can be kept alive for 3 MINUTES
16:48:00.159 [main] DEBUG com.github.dockerjava.zerodep.shaded.org.apache.hc.client5.http.wire -- http-outgoing-1 << "58[\r][\n]"
16:48:00.159 [main] DEBUG com.github.dockerjava.zerodep.shaded.org.apache.hc.client5.http.wire -- http-outgoing-1 << "{"Id":"c457b9159c213231492cffce20bbc505bc2ac4be9523e4a77af1e559d06f313c","Warnings":[]}[\n]"
16:48:00.159 [main] DEBUG com.github.dockerjava.zerodep.shaded.org.apache.hc.client5.http.wire -- http-outgoing-1 << "[\r][\n]"
16:48:00.159 [main] DEBUG com.github.dockerjava.zerodep.shaded.org.apache.hc.client5.http.wire -- http-outgoing-1 << "0[\r][\n]"
16:48:00.159 [main] DEBUG com.github.dockerjava.zerodep.shaded.org.apache.hc.client5.http.wire -- http-outgoing-1 << "[\r][\n]"
16:48:00.159 [main] DEBUG com.github.dockerjava.zerodep.shaded.org.apache.hc.client5.http.impl.classic.InternalHttpClient -- ep-0000000A: releasing valid endpoint
16:48:00.159 [main] DEBUG com.github.dockerjava.zerodep.shaded.org.apache.hc.client5.http.impl.io.PoolingHttpClientConnectionManager -- ep-0000000A: releasing endpoint
16:48:00.159 [main] DEBUG com.github.dockerjava.zerodep.shaded.org.apache.hc.client5.http.impl.io.PoolingHttpClientConnectionManager -- ep-0000000A: connection http-outgoing-1 can be kept alive for 3 MINUTES
16:48:00.159 [main] DEBUG com.github.dockerjava.zerodep.shaded.org.apache.hc.client5.http.impl.io.PoolingHttpClientConnectionManager -- ep-0000000A: connection released [route: {}->unix://localhost:2375][total available: 1; route allocated: 1 of 2147483647; total allocated: 1 of 2147483647]
16:48:00.159 [main] INFO tc.postgres:9.6 -- Container postgres:9.6 is starting: c457b9159c213231492cffce20bbc505bc2ac4be9523e4a77af1e559d06f313c
16:48:00.159 [main] DEBUG org.testcontainers.shaded.com.github.dockerjava.core.command.AbstrDockerCmd -- Cmd: c457b9159c213231492cffce20bbc505bc2ac4be9523e4a77af1e559d06f313c
16:48:00.160 [main] DEBUG com.github.dockerjava.zerodep.shaded.org.apache.hc.client5.http.impl.classic.InternalHttpClient -- ex-0000000C: preparing request execution
16:48:00.160 [main] DEBUG com.github.dockerjava.zerodep.shaded.org.apache.hc.client5.http.protocol.RequestAddCookies -- Cookie spec selected: strict
16:48:00.160 [main] DEBUG com.github.dockerjava.zerodep.shaded.org.apache.hc.client5.http.protocol.RequestAuthCache -- Auth cache not set in the context
16:48:00.160 [main] DEBUG com.github.dockerjava.zerodep.shaded.org.apache.hc.client5.http.impl.classic.ProtocolExec -- ex-0000000C: target auth state: UNCHALLENGED
16:48:00.160 [main] DEBUG com.github.dockerjava.zerodep.shaded.org.apache.hc.client5.http.impl.classic.ProtocolExec -- ex-0000000C: proxy auth state: UNCHALLENGED
16:48:00.160 [main] DEBUG com.github.dockerjava.zerodep.shaded.org.apache.hc.client5.http.impl.classic.ConnectExec -- ex-0000000C: acquiring connection with route {}->unix://localhost:2375
16:48:00.160 [main] DEBUG com.github.dockerjava.zerodep.shaded.org.apache.hc.client5.http.impl.classic.InternalHttpClient -- ex-0000000C: acquiring endpoint (3 MINUTES)
16:48:00.160 [main] DEBUG com.github.dockerjava.zerodep.shaded.org.apache.hc.client5.http.impl.io.PoolingHttpClientConnectionManager -- ex-0000000C: endpoint lease request (3 MINUTES) [route: {}->unix://localhost:2375][total available: 1; route allocated: 1 of 2147483647; total allocated: 1 of 2147483647]
16:48:00.160 [main] DEBUG com.github.dockerjava.zerodep.shaded.org.apache.hc.client5.http.impl.io.PoolingHttpClientConnectionManager -- ex-0000000C: endpoint leased [route: {}->unix://localhost:2375][total available: 0; route allocated: 1 of 2147483647; total allocated: 1 of 2147483647]
16:48:00.160 [main] DEBUG com.github.dockerjava.zerodep.shaded.org.apache.hc.client5.http.impl.io.PoolingHttpClientConnectionManager -- ex-0000000C: acquired ep-0000000B
16:48:00.160 [main] DEBUG com.github.dockerjava.zerodep.shaded.org.apache.hc.client5.http.impl.classic.InternalHttpClient -- ex-0000000C: acquired endpoint ep-0000000B
16:48:00.160 [main] DEBUG com.github.dockerjava.zerodep.shaded.org.apache.hc.client5.http.impl.classic.MainClientExec -- ex-0000000C: executing POST /v1.32/containers/c457b9159c213231492cffce20bbc505bc2ac4be9523e4a77af1e559d06f313c/start HTTP/1.1
16:48:00.160 [main] DEBUG com.github.dockerjava.zerodep.shaded.org.apache.hc.client5.http.impl.classic.InternalHttpClient -- ep-0000000B: start execution ex-0000000C
16:48:00.160 [main] DEBUG com.github.dockerjava.zerodep.shaded.org.apache.hc.client5.http.impl.io.PoolingHttpClientConnectionManager -- ep-0000000B: executing exchange ex-0000000C over http-outgoing-1
16:48:00.160 [main] DEBUG com.github.dockerjava.zerodep.shaded.org.apache.hc.client5.http.headers -- http-outgoing-1 >> POST /v1.32/containers/c457b9159c213231492cffce20bbc505bc2ac4be9523e4a77af1e559d06f313c/start HTTP/1.1
16:48:00.160 [main] DEBUG com.github.dockerjava.zerodep.shaded.org.apache.hc.client5.http.headers -- http-outgoing-1 >> accept: application/json
16:48:00.160 [main] DEBUG com.github.dockerjava.zerodep.shaded.org.apache.hc.client5.http.headers -- http-outgoing-1 >> content-type: application/json
16:48:00.160 [main] DEBUG com.github.dockerjava.zerodep.shaded.org.apache.hc.client5.http.headers -- http-outgoing-1 >> x-tc-sid: 8771ab98-9441-4355-8458-173dfcd997c6
16:48:00.160 [main] DEBUG com.github.dockerjava.zerodep.shaded.org.apache.hc.client5.http.headers -- http-outgoing-1 >> User-Agent: tc-java/1.19.0
16:48:00.160 [main] DEBUG com.github.dockerjava.zerodep.shaded.org.apache.hc.client5.http.headers -- http-outgoing-1 >> Accept-Encoding: gzip, x-gzip, deflate
16:48:00.160 [main] DEBUG com.github.dockerjava.zerodep.shaded.org.apache.hc.client5.http.headers -- http-outgoing-1 >> Host: localhost:2375
16:48:00.160 [main] DEBUG com.github.dockerjava.zerodep.shaded.org.apache.hc.client5.http.headers -- http-outgoing-1 >> Connection: keep-alive
16:48:00.160 [main] DEBUG com.github.dockerjava.zerodep.shaded.org.apache.hc.client5.http.wire -- http-outgoing-1 >> "POST /v1.32/containers/c457b9159c213231492cffce20bbc505bc2ac4be9523e4a77af1e559d06f313c/start HTTP/1.1[\r][\n]"
16:48:00.160 [main] DEBUG com.github.dockerjava.zerodep.shaded.org.apache.hc.client5.http.wire -- http-outgoing-1 >> "accept: application/json[\r][\n]"
16:48:00.160 [main] DEBUG com.github.dockerjava.zerodep.shaded.org.apache.hc.client5.http.wire -- http-outgoing-1 >> "content-type: application/json[\r][\n]"
16:48:00.160 [main] DEBUG com.github.dockerjava.zerodep.shaded.org.apache.hc.client5.http.wire -- http-outgoing-1 >> "x-tc-sid: 8771ab98-9441-4355-8458-173dfcd997c6[\r][\n]"
16:48:00.160 [main] DEBUG com.github.dockerjava.zerodep.shaded.org.apache.hc.client5.http.wire -- http-outgoing-1 >> "User-Agent: tc-java/1.19.0[\r][\n]"
16:48:00.160 [main] DEBUG com.github.dockerjava.zerodep.shaded.org.apache.hc.client5.http.wire -- http-outgoing-1 >> "Accept-Encoding: gzip, x-gzip, deflate[\r][\n]"
16:48:00.160 [main] DEBUG com.github.dockerjava.zerodep.shaded.org.apache.hc.client5.http.wire -- http-outgoing-1 >> "Host: localhost:2375[\r][\n]"
16:48:00.160 [main] DEBUG com.github.dockerjava.zerodep.shaded.org.apache.hc.client5.http.wire -- http-outgoing-1 >> "Connection: keep-alive[\r][\n]"
16:48:00.160 [main] DEBUG com.github.dockerjava.zerodep.shaded.org.apache.hc.client5.http.wire -- http-outgoing-1 >> "[\r][\n]"
16:48:00.419 [main] DEBUG com.github.dockerjava.zerodep.shaded.org.apache.hc.client5.http.wire -- http-outgoing-1 << "HTTP/1.1 204 No Content[\r][\n]"
16:48:00.420 [main] DEBUG com.github.dockerjava.zerodep.shaded.org.apache.hc.client5.http.wire -- http-outgoing-1 << "Api-Version: 1.43[\r][\n]"
16:48:00.420 [main] DEBUG com.github.dockerjava.zerodep.shaded.org.apache.hc.client5.http.wire -- http-outgoing-1 << "Date: Thu, 21 Sep 2023 23:48:00 GMT[\r][\n]"
16:48:00.420 [main] DEBUG com.github.dockerjava.zerodep.shaded.org.apache.hc.client5.http.wire -- http-outgoing-1 << "Docker-Experimental: false[\r][\n]"
16:48:00.420 [main] DEBUG com.github.dockerjava.zerodep.shaded.org.apache.hc.client5.http.wire -- http-outgoing-1 << "Ostype: linux[\r][\n]"
16:48:00.420 [main] DEBUG com.github.dockerjava.zerodep.shaded.org.apache.hc.client5.http.wire -- http-outgoing-1 << "Server: Docker/24.0.6 (linux)[\r][\n]"
16:48:00.420 [main] DEBUG com.github.dockerjava.zerodep.shaded.org.apache.hc.client5.http.wire -- http-outgoing-1 << "[\r][\n]"
16:48:00.420 [main] DEBUG com.github.dockerjava.zerodep.shaded.org.apache.hc.client5.http.headers -- http-outgoing-1 << HTTP/1.1 204 No Content
16:48:00.420 [main] DEBUG com.github.dockerjava.zerodep.shaded.org.apache.hc.client5.http.headers -- http-outgoing-1 << Api-Version: 1.43
16:48:00.420 [main] DEBUG com.github.dockerjava.zerodep.shaded.org.apache.hc.client5.http.headers -- http-outgoing-1 << Date: Thu, 21 Sep 2023 23:48:00 GMT
16:48:00.420 [main] DEBUG com.github.dockerjava.zerodep.shaded.org.apache.hc.client5.http.headers -- http-outgoing-1 << Docker-Experimental: false
16:48:00.420 [main] DEBUG com.github.dockerjava.zerodep.shaded.org.apache.hc.client5.http.headers -- http-outgoing-1 << Ostype: linux
16:48:00.420 [main] DEBUG com.github.dockerjava.zerodep.shaded.org.apache.hc.client5.http.headers -- http-outgoing-1 << Server: Docker/24.0.6 (linux)
16:48:00.420 [main] DEBUG com.github.dockerjava.zerodep.shaded.org.apache.hc.client5.http.impl.classic.MainClientExec -- ex-0000000C: connection can be kept alive for 3 MINUTES
16:48:00.420 [main] DEBUG com.github.dockerjava.zerodep.shaded.org.apache.hc.client5.http.impl.classic.InternalHttpClient -- ep-0000000B: releasing valid endpoint
16:48:00.420 [main] DEBUG com.github.dockerjava.zerodep.shaded.org.apache.hc.client5.http.impl.io.PoolingHttpClientConnectionManager -- ep-0000000B: releasing endpoint
16:48:00.420 [main] DEBUG com.github.dockerjava.zerodep.shaded.org.apache.hc.client5.http.impl.io.PoolingHttpClientConnectionManager -- ep-0000000B: connection http-outgoing-1 can be kept alive for 3 MINUTES
16:48:00.420 [main] DEBUG com.github.dockerjava.zerodep.shaded.org.apache.hc.client5.http.impl.io.PoolingHttpClientConnectionManager -- ep-0000000B: connection released [route: {}->unix://localhost:2375][total available: 1; route allocated: 1 of 2147483647; total allocated: 1 of 2147483647]
16:48:00.420 [main] DEBUG org.testcontainers.shaded.com.github.dockerjava.core.command.AbstrDockerCmd -- Cmd: c457b9159c213231492cffce20bbc505bc2ac4be9523e4a77af1e559d06f313c,false
16:48:00.420 [main] DEBUG org.testcontainers.shaded.com.github.dockerjava.core.exec.InspectContainerCmdExec -- GET: DefaultWebTarget{path=[/containers/c457b9159c213231492cffce20bbc505bc2ac4be9523e4a77af1e559d06f313c/json], queryParams={}}
16:48:00.420 [main] DEBUG com.github.dockerjava.zerodep.shaded.org.apache.hc.client5.http.impl.classic.InternalHttpClient -- ex-0000000D: preparing request execution
16:48:00.420 [main] DEBUG com.github.dockerjava.zerodep.shaded.org.apache.hc.client5.http.protocol.RequestAddCookies -- Cookie spec selected: strict
16:48:00.420 [main] DEBUG com.github.dockerjava.zerodep.shaded.org.apache.hc.client5.http.protocol.RequestAuthCache -- Auth cache not set in the context
16:48:00.420 [main] DEBUG com.github.dockerjava.zerodep.shaded.org.apache.hc.client5.http.impl.classic.ProtocolExec -- ex-0000000D: target auth state: UNCHALLENGED
16:48:00.420 [main] DEBUG com.github.dockerjava.zerodep.shaded.org.apache.hc.client5.http.impl.classic.ProtocolExec -- ex-0000000D: proxy auth state: UNCHALLENGED
16:48:00.420 [main] DEBUG com.github.dockerjava.zerodep.shaded.org.apache.hc.client5.http.impl.classic.ConnectExec -- ex-0000000D: acquiring connection with route {}->unix://localhost:2375
16:48:00.420 [main] DEBUG com.github.dockerjava.zerodep.shaded.org.apache.hc.client5.http.impl.classic.InternalHttpClient -- ex-0000000D: acquiring endpoint (3 MINUTES)
16:48:00.420 [main] DEBUG com.github.dockerjava.zerodep.shaded.org.apache.hc.client5.http.impl.io.PoolingHttpClientConnectionManager -- ex-0000000D: endpoint lease request (3 MINUTES) [route: {}->unix://localhost:2375][total available: 1; route allocated: 1 of 2147483647; total allocated: 1 of 2147483647]
16:48:00.420 [main] DEBUG com.github.dockerjava.zerodep.shaded.org.apache.hc.client5.http.impl.io.PoolingHttpClientConnectionManager -- ex-0000000D: endpoint leased [route: {}->unix://localhost:2375][total available: 0; route allocated: 1 of 2147483647; total allocated: 1 of 2147483647]
16:48:00.420 [main] DEBUG com.github.dockerjava.zerodep.shaded.org.apache.hc.client5.http.impl.io.PoolingHttpClientConnectionManager -- ex-0000000D: acquired ep-0000000C
16:48:00.420 [main] DEBUG com.github.dockerjava.zerodep.shaded.org.apache.hc.client5.http.impl.classic.InternalHttpClient -- ex-0000000D: acquired endpoint ep-0000000C
16:48:00.420 [main] DEBUG com.github.dockerjava.zerodep.shaded.org.apache.hc.client5.http.impl.classic.MainClientExec -- ex-0000000D: executing GET /v1.32/containers/c457b9159c213231492cffce20bbc505bc2ac4be9523e4a77af1e559d06f313c/json HTTP/1.1
16:48:00.420 [main] DEBUG com.github.dockerjava.zerodep.shaded.org.apache.hc.client5.http.impl.classic.InternalHttpClient -- ep-0000000C: start execution ex-0000000D
16:48:00.420 [main] DEBUG com.github.dockerjava.zerodep.shaded.org.apache.hc.client5.http.impl.io.PoolingHttpClientConnectionManager -- ep-0000000C: executing exchange ex-0000000D over http-outgoing-1
16:48:00.420 [main] DEBUG com.github.dockerjava.zerodep.shaded.org.apache.hc.client5.http.headers -- http-outgoing-1 >> GET /v1.32/containers/c457b9159c213231492cffce20bbc505bc2ac4be9523e4a77af1e559d06f313c/json HTTP/1.1
16:48:00.420 [main] DEBUG com.github.dockerjava.zerodep.shaded.org.apache.hc.client5.http.headers -- http-outgoing-1 >> accept: application/json
16:48:00.420 [main] DEBUG com.github.dockerjava.zerodep.shaded.org.apache.hc.client5.http.headers -- http-outgoing-1 >> x-tc-sid: 8771ab98-9441-4355-8458-173dfcd997c6
16:48:00.420 [main] DEBUG com.github.dockerjava.zerodep.shaded.org.apache.hc.client5.http.headers -- http-outgoing-1 >> User-Agent: tc-java/1.19.0
16:48:00.420 [main] DEBUG com.github.dockerjava.zerodep.shaded.org.apache.hc.client5.http.headers -- http-outgoing-1 >> Accept-Encoding: gzip, x-gzip, deflate
16:48:00.420 [main] DEBUG com.github.dockerjava.zerodep.shaded.org.apache.hc.client5.http.headers -- http-outgoing-1 >> Host: localhost:2375
16:48:00.420 [main] DEBUG com.github.dockerjava.zerodep.shaded.org.apache.hc.client5.http.headers -- http-outgoing-1 >> Connection: keep-alive
16:48:00.420 [main] DEBUG com.github.dockerjava.zerodep.shaded.org.apache.hc.client5.http.wire -- http-outgoing-1 >> "GET /v1.32/containers/c457b9159c213231492cffce20bbc505bc2ac4be9523e4a77af1e559d06f313c/json HTTP/1.1[\r][\n]"
16:48:00.420 [main] DEBUG com.github.dockerjava.zerodep.shaded.org.apache.hc.client5.http.wire -- http-outgoing-1 >> "accept: application/json[\r][\n]"
16:48:00.420 [main] DEBUG com.github.dockerjava.zerodep.shaded.org.apache.hc.client5.http.wire -- http-outgoing-1 >> "x-tc-sid: 8771ab98-9441-4355-8458-173dfcd997c6[\r][\n]"
16:48:00.420 [main] DEBUG com.github.dockerjava.zerodep.shaded.org.apache.hc.client5.http.wire -- http-outgoing-1 >> "User-Agent: tc-java/1.19.0[\r][\n]"
16:48:00.420 [main] DEBUG com.github.dockerjava.zerodep.shaded.org.apache.hc.client5.http.wire -- http-outgoing-1 >> "Accept-Encoding: gzip, x-gzip, deflate[\r][\n]"
16:48:00.420 [main] DEBUG com.github.dockerjava.zerodep.shaded.org.apache.hc.client5.http.wire -- http-outgoing-1 >> "Host: localhost:2375[\r][\n]"
16:48:00.420 [main] DEBUG com.github.dockerjava.zerodep.shaded.org.apache.hc.client5.http.wire -- http-outgoing-1 >> "Connection: keep-alive[\r][\n]"
16:48:00.420 [main] DEBUG com.github.dockerjava.zerodep.shaded.org.apache.hc.client5.http.wire -- http-outgoing-1 >> "[\r][\n]"
16:48:00.425 [main] DEBUG com.github.dockerjava.zerodep.shaded.org.apache.hc.client5.http.wire -- http-outgoing-1 << "HTTP/1.1 200 OK[\r][\n]"
16:48:00.425 [main] DEBUG com.github.dockerjava.zerodep.shaded.org.apache.hc.client5.http.wire -- http-outgoing-1 << "Api-Version: 1.43[\r][\n]"
16:48:00.425 [main] DEBUG com.github.dockerjava.zerodep.shaded.org.apache.hc.client5.http.wire -- http-outgoing-1 << "Content-Type: application/json[\r][\n]"
16:48:00.425 [main] DEBUG com.github.dockerjava.zerodep.shaded.org.apache.hc.client5.http.wire -- http-outgoing-1 << "Date: Thu, 21 Sep 2023 23:48:00 GMT[\r][\n]"
16:48:00.425 [main] DEBUG com.github.dockerjava.zerodep.shaded.org.apache.hc.client5.http.wire -- http-outgoing-1 << "Docker-Experimental: false[\r][\n]"
16:48:00.425 [main] DEBUG com.github.dockerjava.zerodep.shaded.org.apache.hc.client5.http.wire -- http-outgoing-1 << "Ostype: linux[\r][\n]"
16:48:00.425 [main] DEBUG com.github.dockerjava.zerodep.shaded.org.apache.hc.client5.http.wire -- http-outgoing-1 << "Server: Docker/24.0.6 (linux)[\r][\n]"
16:48:00.425 [main] DEBUG com.github.dockerjava.zerodep.shaded.org.apache.hc.client5.http.wire -- http-outgoing-1 << "Transfer-Encoding: chunked[\r][\n]"
16:48:00.425 [main] DEBUG com.github.dockerjava.zerodep.shaded.org.apache.hc.client5.http.wire -- http-outgoing-1 << "[\r][\n]"
16:48:00.425 [main] DEBUG com.github.dockerjava.zerodep.shaded.org.apache.hc.client5.http.headers -- http-outgoing-1 << HTTP/1.1 200 OK
16:48:00.425 [main] DEBUG com.github.dockerjava.zerodep.shaded.org.apache.hc.client5.http.headers -- http-outgoing-1 << Api-Version: 1.43
16:48:00.425 [main] DEBUG com.github.dockerjava.zerodep.shaded.org.apache.hc.client5.http.headers -- http-outgoing-1 << Content-Type: application/json
16:48:00.425 [main] DEBUG com.github.dockerjava.zerodep.shaded.org.apache.hc.client5.http.headers -- http-outgoing-1 << Date: Thu, 21 Sep 2023 23:48:00 GMT
16:48:00.425 [main] DEBUG com.github.dockerjava.zerodep.shaded.org.apache.hc.client5.http.headers -- http-outgoing-1 << Docker-Experimental: false
16:48:00.425 [main] DEBUG com.github.dockerjava.zerodep.shaded.org.apache.hc.client5.http.headers -- http-outgoing-1 << Ostype: linux
16:48:00.425 [main] DEBUG com.github.dockerjava.zerodep.shaded.org.apache.hc.client5.http.headers -- http-outgoing-1 << Server: Docker/24.0.6 (linux)
16:48:00.425 [main] DEBUG com.github.dockerjava.zerodep.shaded.org.apache.hc.client5.http.headers -- http-outgoing-1 << Transfer-Encoding: chunked
16:48:00.425 [main] DEBUG com.github.dockerjava.zerodep.shaded.org.apache.hc.client5.http.impl.classic.MainClientExec -- ex-0000000D: connection can be kept alive for 3 MINUTES
16:48:00.426 [main] DEBUG com.github.dockerjava.zerodep.shaded.org.apache.hc.client5.http.wire -- http-outgoing-1 << "1a05[\r][\n]"
16:48:00.426 [main] DEBUG com.github.dockerjava.zerodep.shaded.org.apache.hc.client5.http.wire -- http-outgoing-1 << "{"Id":"c457b9159c213231492cffce20bbc505bc2ac4be9523e4a77af1e559d06f313c","Created":"2023-09-21T23:48:00.133359538Z","Path":"docker-entrypoint.sh","Args":["postgres","-c","fsync=off"],"State":{"Status":"running","Running":true,"Paused":false,"Restarting":false,"OOMKilled":false,"Dead":false,"Pid":13784,"ExitCode":0,"Error":"","StartedAt":"2023-09-21T23:48:00.416203718Z","FinishedAt":"0001-01-01T00:00:00Z"},"Image":"sha256:027ccf656dc121a26b53cac03415d4326a75bf2751f177210d47793754e8b316","ResolvConfPath":"/var/lib/docker/containers/c457b9159c213231492cffce20bbc505bc2ac4be9523e4a77af1e559d06f313c/resolv.conf","HostnamePath":"/var/lib/docker/containers/c457b9159c213231492cffce20bbc505bc2ac4be9523e4a77af1e559d06f313c/hostname","HostsPath":"/var/lib/docker/containers/c457b9159c213231492cffce20bbc505bc2ac4be9523e4a77af1e559d06f313c/hosts","LogPath":"/var/lib/docker/containers/c457b9159c213231492cffce20bbc505bc2ac4be9523e4a77af1e559d06f313c/c457b9159c213231492cffce20bbc505bc2ac4be9523e4a77af1e559d06f313c-json.log","Name":"/pensive_faraday","RestartCount":0,"Driver":"overlay2","Platform":"linux","MountLabel":"","ProcessLabel":"","AppArmorProfile":"","ExecIDs":null,"HostConfig":{"Binds":[],"ContainerIDFile":"","LogConfig":{"Type":"json-file","Config":{}},"NetworkMode":"default","PortBindings":{"5432/tcp":[{"HostIp":"0.0.0.0","HostPort":"0"}]},"RestartPolicy":{"Name":"","MaximumRetryCount":0},"AutoRemove":false,"VolumeDriver":"","VolumesFrom":[],"ConsoleSize":[0,0],"CapAdd":null,"CapDrop":null,"CgroupnsMode":"host","Dns":null,"DnsOptions":null,"DnsSearch":null,"ExtraHosts":[],"GroupAdd":null,"IpcMode":"shareable","Cgroup":"","Links":null,"OomScoreAdj":0,"PidMode":"","Privileged":false,"PublishAllPorts":false,"ReadonlyRootfs":false,"SecurityOpt":null,"UTSMode":"","UsernsMode":"","ShmSize":67108864,"Runtime":"runc","Isolation":"","CpuShares":0,"Memory":0,"NanoCpus":0,"CgroupParent":"","BlkioWeight":0,"BlkioWeightDevice":null,"BlkioDeviceReadBps":null,"BlkioDeviceWriteBps":null,"BlkioDeviceReadIOps":null,"BlkioDeviceWriteIOps":null,"CpuPeriod":0,"CpuQuota":0,"CpuRealtimePeriod":0,"CpuRealtimeRuntime":0,"CpusetCpus":"","CpusetMems":"","Devices":null,"DeviceCgroupRules":null,"DeviceRequests":null,"MemoryReservation":0,"MemorySwap":0,"MemorySwappiness":null,"OomKillDisable":false,"PidsLimit":null,"Ulimits":null,"CpuCount":0,"CpuPercent":0,"IOMaximumIOps":0,"IOMaximumBandwidth":0,"MaskedPaths":["/proc/asound","/proc/acpi","/proc/kcore","/proc/keys","/proc/latency_stats","/proc/timer_list","/proc/timer_stats","/proc/sched_debug","/proc/scsi","/sys/firmware"],"ReadonlyPaths":["/proc/bus","/proc/fs","/proc/irq","/proc/sys","/proc/sysrq-trigger"]},"GraphDriver":{"Data":{"LowerDir":"/var/lib/docker/overlay2/1f977fdfab684b841e3e2ee0a902cbe89dafba6bbfdea307f2de293e1f9bf805-init/diff:/var/lib/docker/overlay2/710b8e64b48a7ce0336c225117fb8498371b3414948793cb1b0ed77632310460/diff:/var/lib/docker/overlay2/f548dd0fdedf923dd9be346252b42ee515dfe8dd161352386b56157af2276cd6/diff:/var/lib/docker/overlay2/59beb921681c5566ac263df1a0cfb603143661bad6d86f6491c69c9de3412ee0/diff:/var/lib/docker/overlay2/c6da51c9031a344ff7d646fcea7890d97f7c0de198fcdc9152884aeeacb69ec4/diff:/var/lib/docker/overlay2/0f6f6720679046cc10a48204605d389d0b404365a7e9f5970d286d0c3921618d/diff:/var/lib/docker/overlay2/4a8ded72d6497528fd888a72168eca674ebd13b000b7685db7069c7c155f40d1/diff:/var/lib/docker/overlay2/36e7d357f7e78cbb71375255f4f6bdcf011ec7429c54c74810491140dd5dd373/diff:/var/lib/docker/overlay2/5e0810c75c2816a1a27ce0cf95216a220c9ea7a360e540f9122b90025e3ea2eb/diff:/var/lib/docker/overlay2/112d1a2d91b0785ff9e6a1fba066090e5047be321633c0ac87953f2fea2b6e35/diff:/var/lib/docker/overlay2/2636cb544b96899eca293e5d2c4be7fc55e227b8360e09b0842dea048bb9f533/diff:/var/lib/docker/overlay2/804eba673af0f2fb5ac2894bce9f8fac1881022d31396ffbfa5be21a85ddd6ca/diff:/var/lib/docker/overlay2/94a89631a6393a276e05d8421df75844b5dc0887258e09e54fb138b42103d8ae/diff:/var/lib/docker/overlay2/9a08f77f2b8a595d6335123e1258aa91149e153085f4ba5833bb93e262aa5e83/diff:/var/lib/docker/overlay2/2d4211c31fd815f288dd75cbb2904cd1b78d808cd1860c59bb1a7ea3cf61cf44/diff","MergedDir":"/var/lib/docker/overlay2/1f977fdfab684b841e3e2ee0a902cbe89dafba6bbfdea307f2de293e1f9bf805/merged","UpperDir":"/var/lib/docker/overlay2/1f977fdfab684b841e3e2ee0a902cbe89dafba6bbfdea307f2de293e1f9bf805/diff","WorkDir":"/var/lib/docker/overlay2/1f977fdfab684b841e3e2ee0a902cbe89dafba6bbfdea307f2de293e1f9bf805/work"},"Name":"overlay2"},"Mounts":[{"Type":"volume","Name":"9747545740c97457a15e8189d0cf4e3f0772f048f1e1531cc3ce852307e9f9e1","Source":"/var/lib/docker/volumes/9747545740c97457a15e8189d0cf4e3f0772f048f1e1531cc3ce852307e9f9e1/_data","Destination":"/var/lib/postgresql/data","Driver":"local","Mode":"","RW":true,"Propagation":""}],"Config":{"Hostname":"c457b9159c21","Domainname":"","User":"","AttachStdin":false,"AttachStdout":false,"AttachStderr":false,"ExposedPorts":{"5432/tcp":{}},"Tty":false,"OpenStdin":false,"StdinOnce":false,"Env":["POSTGRES_USER=test","POSTGRES_PASSWORD=test","POSTGRES_DB=test","PATH=/usr/local/sbin:/usr/local/bin:/usr/sbin:/usr/bin:/sbin:/bin:/usr/lib/postgresql/9.6/bin","GOSU_VERSION=1.14","LANG=en_US.utf8","PG_MAJOR=9.6","PG_VERSION=9.6.24-1.pgdg90+1","PGDATA=/var/lib/postgresql/data"],"Cmd":["postgres","-c","fsync=off"],"Image":"postgres:9.6","Volumes":{"/var/lib/postgresql/data":{}},"WorkingDir":"","Entrypoint":["docker-entrypoint.sh"],"OnBuild":null,"Labels":{"desktop.docker.io/wsl-distro":"Ubuntu","org.testcontainers":"true","org.testcontainers.lang":"java","org.testcontainers.sessionId":"8771ab98-9441-4355-8458-173dfcd997c6","org.testcontainers.version":"1.19.0"},"StopSignal":"SIGINT"},"NetworkSettings":{"Bridge":"","SandboxID":"6a83a2c1a90e9943c938d4e263a550d83bae581dfa8ee9aff8c3c54ccb98eeec","HairpinMode":false,"LinkLocalIPv6Address":"","LinkLocalIPv6PrefixLen":0,"Ports":{"5432/tcp":[]},"SandboxKey":"/var/run/docker/netns/6a83a2c1a90e","SecondaryIPAddresses":null,"SecondaryIPv6Addresses":null,"EndpointID":"57ac202a77f7a5dc5b6b8d6bca9f0649308bd155590789cfd94b4982df4aadbe","Gateway":"172.17.0.1","GlobalIPv6Address":"","GlobalIPv6PrefixLen":0,"IPAddress":"172.17.0.3","IPPrefixLen":16,"IPv6Gateway":"","MacAddress":"02:42:ac:11:00:03","Networks":{"bridge":{"IPAMConfig":null,"Links":null,"Aliases":null,"NetworkID":"cd2518354dcaddeaf78b0ab3359e3aec059a5e812d0a6fd9d1c9c866e9f92fa2","EndpointID":"57ac202a77f7a5dc5b6b8d6bca9f0649308bd155590789cfd94b4982df4aadbe","Gateway":"172.17.0.1","IPAddress":"172.17.0.3","IPPrefixLen":16,"IPv6Gateway":"","GlobalIPv6Address":"","GlobalIPv6PrefixLen":0,"MacAddress":"02:42:ac:11:00:03","DriverOpts":null}}}}[\n]"
16:48:00.426 [main] DEBUG com.github.dockerjava.zerodep.shaded.org.apache.hc.client5.http.wire -- http-outgoing-1 << "[\r][\n]"
16:48:00.428 [main] DEBUG com.github.dockerjava.zerodep.shaded.org.apache.hc.client5.http.wire -- http-outgoing-1 << "0[\r][\n]"
16:48:00.428 [main] DEBUG com.github.dockerjava.zerodep.shaded.org.apache.hc.client5.http.wire -- http-outgoing-1 << "[\r][\n]"
16:48:00.428 [main] DEBUG com.github.dockerjava.zerodep.shaded.org.apache.hc.client5.http.impl.classic.InternalHttpClient -- ep-0000000C: releasing valid endpoint
16:48:00.428 [main] DEBUG com.github.dockerjava.zerodep.shaded.org.apache.hc.client5.http.impl.io.PoolingHttpClientConnectionManager -- ep-0000000C: releasing endpoint
16:48:00.428 [main] DEBUG com.github.dockerjava.zerodep.shaded.org.apache.hc.client5.http.impl.io.PoolingHttpClientConnectionManager -- ep-0000000C: connection http-outgoing-1 can be kept alive for 3 MINUTES
16:48:00.428 [main] DEBUG com.github.dockerjava.zerodep.shaded.org.apache.hc.client5.http.impl.io.PoolingHttpClientConnectionManager -- ep-0000000C: connection released [route: {}->unix://localhost:2375][total available: 1; route allocated: 1 of 2147483647; total allocated: 1 of 2147483647]
16:48:00.470 [main] DEBUG org.testcontainers.shaded.com.github.dockerjava.core.command.AbstrDockerCmd -- Cmd: c457b9159c213231492cffce20bbc505bc2ac4be9523e4a77af1e559d06f313c,false
16:48:00.471 [main] DEBUG org.testcontainers.shaded.com.github.dockerjava.core.exec.InspectContainerCmdExec -- GET: DefaultWebTarget{path=[/containers/c457b9159c213231492cffce20bbc505bc2ac4be9523e4a77af1e559d06f313c/json], queryParams={}}
16:48:00.471 [main] DEBUG com.github.dockerjava.zerodep.shaded.org.apache.hc.client5.http.impl.classic.InternalHttpClient -- ex-0000000E: preparing request execution
16:48:00.471 [main] DEBUG com.github.dockerjava.zerodep.shaded.org.apache.hc.client5.http.protocol.RequestAddCookies -- Cookie spec selected: strict
16:48:00.471 [main] DEBUG com.github.dockerjava.zerodep.shaded.org.apache.hc.client5.http.protocol.RequestAuthCache -- Auth cache not set in the context
16:48:00.471 [main] DEBUG com.github.dockerjava.zerodep.shaded.org.apache.hc.client5.http.impl.classic.ProtocolExec -- ex-0000000E: target auth state: UNCHALLENGED
16:48:00.471 [main] DEBUG com.github.dockerjava.zerodep.shaded.org.apache.hc.client5.http.impl.classic.ProtocolExec -- ex-0000000E: proxy auth state: UNCHALLENGED
16:48:00.471 [main] DEBUG com.github.dockerjava.zerodep.shaded.org.apache.hc.client5.http.impl.classic.ConnectExec -- ex-0000000E: acquiring connection with route {}->unix://localhost:2375
16:48:00.471 [main] DEBUG com.github.dockerjava.zerodep.shaded.org.apache.hc.client5.http.impl.classic.InternalHttpClient -- ex-0000000E: acquiring endpoint (3 MINUTES)
16:48:00.471 [main] DEBUG com.github.dockerjava.zerodep.shaded.org.apache.hc.client5.http.impl.io.PoolingHttpClientConnectionManager -- ex-0000000E: endpoint lease request (3 MINUTES) [route: {}->unix://localhost:2375][total available: 1; route allocated: 1 of 2147483647; total allocated: 1 of 2147483647]
16:48:00.471 [main] DEBUG com.github.dockerjava.zerodep.shaded.org.apache.hc.client5.http.impl.io.PoolingHttpClientConnectionManager -- ex-0000000E: endpoint leased [route: {}->unix://localhost:2375][total available: 0; route allocated: 1 of 2147483647; total allocated: 1 of 2147483647]
16:48:00.471 [main] DEBUG com.github.dockerjava.zerodep.shaded.org.apache.hc.client5.http.impl.io.PoolingHttpClientConnectionManager -- ex-0000000E: acquired ep-0000000D
16:48:00.471 [main] DEBUG com.github.dockerjava.zerodep.shaded.org.apache.hc.client5.http.impl.classic.InternalHttpClient -- ex-0000000E: acquired endpoint ep-0000000D
16:48:00.471 [main] DEBUG com.github.dockerjava.zerodep.shaded.org.apache.hc.client5.http.impl.classic.MainClientExec -- ex-0000000E: executing GET /v1.32/containers/c457b9159c213231492cffce20bbc505bc2ac4be9523e4a77af1e559d06f313c/json HTTP/1.1
16:48:00.471 [main] DEBUG com.github.dockerjava.zerodep.shaded.org.apache.hc.client5.http.impl.classic.InternalHttpClient -- ep-0000000D: start execution ex-0000000E
16:48:00.471 [main] DEBUG com.github.dockerjava.zerodep.shaded.org.apache.hc.client5.http.impl.io.PoolingHttpClientConnectionManager -- ep-0000000D: executing exchange ex-0000000E over http-outgoing-1
16:48:00.471 [main] DEBUG com.github.dockerjava.zerodep.shaded.org.apache.hc.client5.http.headers -- http-outgoing-1 >> GET /v1.32/containers/c457b9159c213231492cffce20bbc505bc2ac4be9523e4a77af1e559d06f313c/json HTTP/1.1
16:48:00.471 [main] DEBUG com.github.dockerjava.zerodep.shaded.org.apache.hc.client5.http.headers -- http-outgoing-1 >> accept: application/json
16:48:00.471 [main] DEBUG com.github.dockerjava.zerodep.shaded.org.apache.hc.client5.http.headers -- http-outgoing-1 >> x-tc-sid: 8771ab98-9441-4355-8458-173dfcd997c6
16:48:00.471 [main] DEBUG com.github.dockerjava.zerodep.shaded.org.apache.hc.client5.http.headers -- http-outgoing-1 >> User-Agent: tc-java/1.19.0
16:48:00.471 [main] DEBUG com.github.dockerjava.zerodep.shaded.org.apache.hc.client5.http.headers -- http-outgoing-1 >> Accept-Encoding: gzip, x-gzip, deflate
16:48:00.471 [main] DEBUG com.github.dockerjava.zerodep.shaded.org.apache.hc.client5.http.headers -- http-outgoing-1 >> Host: localhost:2375
16:48:00.471 [main] DEBUG com.github.dockerjava.zerodep.shaded.org.apache.hc.client5.http.headers -- http-outgoing-1 >> Connection: keep-alive
16:48:00.471 [main] DEBUG com.github.dockerjava.zerodep.shaded.org.apache.hc.client5.http.wire -- http-outgoing-1 >> "GET /v1.32/containers/c457b9159c213231492cffce20bbc505bc2ac4be9523e4a77af1e559d06f313c/json HTTP/1.1[\r][\n]"
16:48:00.471 [main] DEBUG com.github.dockerjava.zerodep.shaded.org.apache.hc.client5.http.wire -- http-outgoing-1 >> "accept: application/json[\r][\n]"
16:48:00.471 [main] DEBUG com.github.dockerjava.zerodep.shaded.org.apache.hc.client5.http.wire -- http-outgoing-1 >> "x-tc-sid: 8771ab98-9441-4355-8458-173dfcd997c6[\r][\n]"
16:48:00.471 [main] DEBUG com.github.dockerjava.zerodep.shaded.org.apache.hc.client5.http.wire -- http-outgoing-1 >> "User-Agent: tc-java/1.19.0[\r][\n]"
16:48:00.471 [main] DEBUG com.github.dockerjava.zerodep.shaded.org.apache.hc.client5.http.wire -- http-outgoing-1 >> "Accept-Encoding: gzip, x-gzip, deflate[\r][\n]"
16:48:00.471 [main] DEBUG com.github.dockerjava.zerodep.shaded.org.apache.hc.client5.http.wire -- http-outgoing-1 >> "Host: localhost:2375[\r][\n]"
16:48:00.471 [main] DEBUG com.github.dockerjava.zerodep.shaded.org.apache.hc.client5.http.wire -- http-outgoing-1 >> "Connection: keep-alive[\r][\n]"
16:48:00.471 [main] DEBUG com.github.dockerjava.zerodep.shaded.org.apache.hc.client5.http.wire -- http-outgoing-1 >> "[\r][\n]"
16:48:00.473 [main] DEBUG com.github.dockerjava.zerodep.shaded.org.apache.hc.client5.http.wire -- http-outgoing-1 << "HTTP/1.1 200 OK[\r][\n]"
16:48:00.473 [main] DEBUG com.github.dockerjava.zerodep.shaded.org.apache.hc.client5.http.wire -- http-outgoing-1 << "Api-Version: 1.43[\r][\n]"
16:48:00.473 [main] DEBUG com.github.dockerjava.zerodep.shaded.org.apache.hc.client5.http.wire -- http-outgoing-1 << "Content-Type: application/json[\r][\n]"
16:48:00.473 [main] DEBUG com.github.dockerjava.zerodep.shaded.org.apache.hc.client5.http.wire -- http-outgoing-1 << "Date: Thu, 21 Sep 2023 23:48:00 GMT[\r][\n]"
16:48:00.473 [main] DEBUG com.github.dockerjava.zerodep.shaded.org.apache.hc.client5.http.wire -- http-outgoing-1 << "Docker-Experimental: false[\r][\n]"
16:48:00.473 [main] DEBUG com.github.dockerjava.zerodep.shaded.org.apache.hc.client5.http.wire -- http-outgoing-1 << "Ostype: linux[\r][\n]"
16:48:00.473 [main] DEBUG com.github.dockerjava.zerodep.shaded.org.apache.hc.client5.http.wire -- http-outgoing-1 << "Server: Docker/24.0.6 (linux)[\r][\n]"
16:48:00.473 [main] DEBUG com.github.dockerjava.zerodep.shaded.org.apache.hc.client5.http.wire -- http-outgoing-1 << "Transfer-Encoding: chunked[\r][\n]"
16:48:00.473 [main] DEBUG com.github.dockerjava.zerodep.shaded.org.apache.hc.client5.http.wire -- http-outgoing-1 << "[\r][\n]"
16:48:00.473 [main] DEBUG com.github.dockerjava.zerodep.shaded.org.apache.hc.client5.http.headers -- http-outgoing-1 << HTTP/1.1 200 OK
16:48:00.473 [main] DEBUG com.github.dockerjava.zerodep.shaded.org.apache.hc.client5.http.headers -- http-outgoing-1 << Api-Version: 1.43
16:48:00.473 [main] DEBUG com.github.dockerjava.zerodep.shaded.org.apache.hc.client5.http.headers -- http-outgoing-1 << Content-Type: application/json
16:48:00.473 [main] DEBUG com.github.dockerjava.zerodep.shaded.org.apache.hc.client5.http.headers -- http-outgoing-1 << Date: Thu, 21 Sep 2023 23:48:00 GMT
16:48:00.473 [main] DEBUG com.github.dockerjava.zerodep.shaded.org.apache.hc.client5.http.headers -- http-outgoing-1 << Docker-Experimental: false
16:48:00.473 [main] DEBUG com.github.dockerjava.zerodep.shaded.org.apache.hc.client5.http.headers -- http-outgoing-1 << Ostype: linux
16:48:00.473 [main] DEBUG com.github.dockerjava.zerodep.shaded.org.apache.hc.client5.http.headers -- http-outgoing-1 << Server: Docker/24.0.6 (linux)
16:48:00.473 [main] DEBUG com.github.dockerjava.zerodep.shaded.org.apache.hc.client5.http.headers -- http-outgoing-1 << Transfer-Encoding: chunked
16:48:00.473 [main] DEBUG com.github.dockerjava.zerodep.shaded.org.apache.hc.client5.http.impl.classic.MainClientExec -- ex-0000000E: connection can be kept alive for 3 MINUTES
16:48:00.474 [main] DEBUG com.github.dockerjava.zerodep.shaded.org.apache.hc.client5.http.wire -- http-outgoing-1 << "1a2c[\r][\n]"
16:48:00.474 [main] DEBUG com.github.dockerjava.zerodep.shaded.org.apache.hc.client5.http.wire -- http-outgoing-1 << "{"Id":"c457b9159c213231492cffce20bbc505bc2ac4be9523e4a77af1e559d06f313c","Created":"2023-09-21T23:48:00.133359538Z","Path":"docker-entrypoint.sh","Args":["postgres","-c","fsync=off"],"State":{"Status":"running","Running":true,"Paused":false,"Restarting":false,"OOMKilled":false,"Dead":false,"Pid":13784,"ExitCode":0,"Error":"","StartedAt":"2023-09-21T23:48:00.416203718Z","FinishedAt":"0001-01-01T00:00:00Z"},"Image":"sha256:027ccf656dc121a26b53cac03415d4326a75bf2751f177210d47793754e8b316","ResolvConfPath":"/var/lib/docker/containers/c457b9159c213231492cffce20bbc505bc2ac4be9523e4a77af1e559d06f313c/resolv.conf","HostnamePath":"/var/lib/docker/containers/c457b9159c213231492cffce20bbc505bc2ac4be9523e4a77af1e559d06f313c/hostname","HostsPath":"/var/lib/docker/containers/c457b9159c213231492cffce20bbc505bc2ac4be9523e4a77af1e559d06f313c/hosts","LogPath":"/var/lib/docker/containers/c457b9159c213231492cffce20bbc505bc2ac4be9523e4a77af1e559d06f313c/c457b9159c213231492cffce20bbc505bc2ac4be9523e4a77af1e559d06f313c-json.log","Name":"/pensive_faraday","RestartCount":0,"Driver":"overlay2","Platform":"linux","MountLabel":"","ProcessLabel":"","AppArmorProfile":"","ExecIDs":null,"HostConfig":{"Binds":[],"ContainerIDFile":"","LogConfig":{"Type":"json-file","Config":{}},"NetworkMode":"default","PortBindings":{"5432/tcp":[{"HostIp":"0.0.0.0","HostPort":"0"}]},"RestartPolicy":{"Name":"","MaximumRetryCount":0},"AutoRemove":false,"VolumeDriver":"","VolumesFrom":[],"ConsoleSize":[0,0],"CapAdd":null,"CapDrop":null,"CgroupnsMode":"host","Dns":null,"DnsOptions":null,"DnsSearch":null,"ExtraHosts":[],"GroupAdd":null,"IpcMode":"shareable","Cgroup":"","Links":null,"OomScoreAdj":0,"PidMode":"","Privileged":false,"PublishAllPorts":false,"ReadonlyRootfs":false,"SecurityOpt":null,"UTSMode":"","UsernsMode":"","ShmSize":67108864,"Runtime":"runc","Isolation":"","CpuShares":0,"Memory":0,"NanoCpus":0,"CgroupParent":"","BlkioWeight":0,"BlkioWeightDevice":null,"BlkioDeviceReadBps":null,"BlkioDeviceWriteBps":null,"BlkioDeviceReadIOps":null,"BlkioDeviceWriteIOps":null,"CpuPeriod":0,"CpuQuota":0,"CpuRealtimePeriod":0,"CpuRealtimeRuntime":0,"CpusetCpus":"","CpusetMems":"","Devices":null,"DeviceCgroupRules":null,"DeviceRequests":null,"MemoryReservation":0,"MemorySwap":0,"MemorySwappiness":null,"OomKillDisable":false,"PidsLimit":null,"Ulimits":null,"CpuCount":0,"CpuPercent":0,"IOMaximumIOps":0,"IOMaximumBandwidth":0,"MaskedPaths":["/proc/asound","/proc/acpi","/proc/kcore","/proc/keys","/proc/latency_stats","/proc/timer_list","/proc/timer_stats","/proc/sched_debug","/proc/scsi","/sys/firmware"],"ReadonlyPaths":["/proc/bus","/proc/fs","/proc/irq","/proc/sys","/proc/sysrq-trigger"]},"GraphDriver":{"Data":{"LowerDir":"/var/lib/docker/overlay2/1f977fdfab684b841e3e2ee0a902cbe89dafba6bbfdea307f2de293e1f9bf805-init/diff:/var/lib/docker/overlay2/710b8e64b48a7ce0336c225117fb8498371b3414948793cb1b0ed77632310460/diff:/var/lib/docker/overlay2/f548dd0fdedf923dd9be346252b42ee515dfe8dd161352386b56157af2276cd6/diff:/var/lib/docker/overlay2/59beb921681c5566ac263df1a0cfb603143661bad6d86f6491c69c9de3412ee0/diff:/var/lib/docker/overlay2/c6da51c9031a344ff7d646fcea7890d97f7c0de198fcdc9152884aeeacb69ec4/diff:/var/lib/docker/overlay2/0f6f6720679046cc10a48204605d389d0b404365a7e9f5970d286d0c3921618d/diff:/var/lib/docker/overlay2/4a8ded72d6497528fd888a72168eca674ebd13b000b7685db7069c7c155f40d1/diff:/var/lib/docker/overlay2/36e7d357f7e78cbb71375255f4f6bdcf011ec7429c54c74810491140dd5dd373/diff:/var/lib/docker/overlay2/5e0810c75c2816a1a27ce0cf95216a220c9ea7a360e540f9122b90025e3ea2eb/diff:/var/lib/docker/overlay2/112d1a2d91b0785ff9e6a1fba066090e5047be321633c0ac87953f2fea2b6e35/diff:/var/lib/docker/overlay2/2636cb544b96899eca293e5d2c4be7fc55e227b8360e09b0842dea048bb9f533/diff:/var/lib/docker/overlay2/804eba673af0f2fb5ac2894bce9f8fac1881022d31396ffbfa5be21a85ddd6ca/diff:/var/lib/docker/overlay2/94a89631a6393a276e05d8421df75844b5dc0887258e09e54fb138b42103d8ae/diff:/var/lib/docker/overlay2/9a08f77f2b8a595d6335123e1258aa91149e153085f4ba5833bb93e262aa5e83/diff:/var/lib/docker/overlay2/2d4211c31fd815f288dd75cbb2904cd1b78d808cd1860c59bb1a7ea3cf61cf44/diff","MergedDir":"/var/lib/docker/overlay2/1f977fdfab684b841e3e2ee0a902cbe89dafba6bbfdea307f2de293e1f9bf805/merged","UpperDir":"/var/lib/docker/overlay2/1f977fdfab684b841e3e2ee0a902cbe89dafba6bbfdea307f2de293e1f9bf805/diff","WorkDir":"/var/lib/docker/overlay2/1f977fdfab684b841e3e2ee0a902cbe89dafba6bbfdea307f2de293e1f9bf805/work"},"Name":"overlay2"},"Mounts":[{"Type":"volume","Name":"9747545740c97457a15e8189d0cf4e3f0772f048f1e1531cc3ce852307e9f9e1","Source":"/var/lib/docker/volumes/9747545740c97457a15e8189d0cf4e3f0772f048f1e1531cc3ce852307e9f9e1/_data","Destination":"/var/lib/postgresql/data","Driver":"local","Mode":"","RW":true,"Propagation":""}],"Config":{"Hostname":"c457b9159c21","Domainname":"","User":"","AttachStdin":false,"AttachStdout":false,"AttachStderr":false,"ExposedPorts":{"5432/tcp":{}},"Tty":false,"OpenStdin":false,"StdinOnce":false,"Env":["POSTGRES_USER=test","POSTGRES_PASSWORD=test","POSTGRES_DB=test","PATH=/usr/local/sbin:/usr/local/bin:/usr/sbin:/usr/bin:/sbin:/bin:/usr/lib/postgresql/9.6/bin","GOSU_VERSION=1.14","LANG=en_US.utf8","PG_MAJOR=9.6","PG_VERSION=9.6.24-1.pgdg90+1","PGDATA=/var/lib/postgresql/data"],"Cmd":["postgres","-c","fsync=off"],"Image":"postgres:9.6","Volumes":{"/var/lib/postgresql/data":{}},"WorkingDir":"","Entrypoint":["docker-entrypoint.sh"],"OnBuild":null,"Labels":{"desktop.docker.io/wsl-distro":"Ubuntu","org.testcontainers":"true","org.testcontainers.lang":"java","org.testcontainers.sessionId":"8771ab98-9441-4355-8458-173dfcd997c6","org.testcontainers.version":"1.19.0"},"StopSignal":"SIGINT"},"NetworkSettings":{"Bridge":"","SandboxID":"6a83a2c1a90e9943c938d4e263a550d83bae581dfa8ee9aff8c3c54ccb98eeec","HairpinMode":false,"LinkLocalIPv6Address":"","LinkLocalIPv6PrefixLen":0,"Ports":{"5432/tcp":[{"HostIp":"0.0.0.0","HostPort":"61286"}]},"SandboxKey":"/var/run/docker/netns/6a83a2c1a90e","SecondaryIPAddresses":null,"SecondaryIPv6Addresses":null,"EndpointID":"57ac202a77f7a5dc5b6b8d6bca9f0649308bd155590789cfd94b4982df4aadbe","Gateway":"172.17.0.1","GlobalIPv6Address":"","GlobalIPv6PrefixLen":0,"IPAddress":"172.17.0.3","IPPrefixLen":16,"IPv6Gateway":"","MacAddress":"02:42:ac:11:00:03","Networks":{"bridge":{"IPAMConfig":null,"Links":null,"Aliases":null,"NetworkID":"cd2518354dcaddeaf78b0ab3359e3aec059a5e812d0a6fd9d1c9c866e9f92fa2","EndpointID":"57ac202a77f7a5dc5b6b8d6bca9f0649308bd155590789cfd94b4982df4aadbe","Gateway":"172.17.0.1","IPAddress":"172.17.0.3","IPPrefixLen":16,"IPv6Gateway":"","GlobalIPv6Address":"","GlobalIPv6PrefixLen":0,"MacAddress":"02:42:ac:11:00:03","DriverOpts":null}}}}[\n]"
16:48:00.474 [main] DEBUG com.github.dockerjava.zerodep.shaded.org.apache.hc.client5.http.wire -- http-outgoing-1 << "[\r][\n]"
16:48:00.475 [main] DEBUG com.github.dockerjava.zerodep.shaded.org.apache.hc.client5.http.wire -- http-outgoing-1 << "0[\r][\n]"
16:48:00.475 [main] DEBUG com.github.dockerjava.zerodep.shaded.org.apache.hc.client5.http.wire -- http-outgoing-1 << "[\r][\n]"
16:48:00.475 [main] DEBUG com.github.dockerjava.zerodep.shaded.org.apache.hc.client5.http.impl.classic.InternalHttpClient -- ep-0000000D: releasing valid endpoint
16:48:00.475 [main] DEBUG com.github.dockerjava.zerodep.shaded.org.apache.hc.client5.http.impl.io.PoolingHttpClientConnectionManager -- ep-0000000D: releasing endpoint
16:48:00.475 [main] DEBUG com.github.dockerjava.zerodep.shaded.org.apache.hc.client5.http.impl.io.PoolingHttpClientConnectionManager -- ep-0000000D: connection http-outgoing-1 can be kept alive for 3 MINUTES
16:48:00.475 [main] DEBUG com.github.dockerjava.zerodep.shaded.org.apache.hc.client5.http.impl.io.PoolingHttpClientConnectionManager -- ep-0000000D: connection released [route: {}->unix://localhost:2375][total available: 1; route allocated: 1 of 2147483647; total allocated: 1 of 2147483647]
16:48:00.475 [main] DEBUG org.testcontainers.shaded.com.github.dockerjava.core.command.AbstrDockerCmd -- Cmd: sha256:027ccf656dc121a26b53cac03415d4326a75bf2751f177210d47793754e8b316
16:48:00.475 [main] DEBUG com.github.dockerjava.zerodep.shaded.org.apache.hc.client5.http.impl.classic.InternalHttpClient -- ex-0000000F: preparing request execution
16:48:00.475 [main] DEBUG com.github.dockerjava.zerodep.shaded.org.apache.hc.client5.http.protocol.RequestAddCookies -- Cookie spec selected: strict
16:48:00.475 [main] DEBUG com.github.dockerjava.zerodep.shaded.org.apache.hc.client5.http.protocol.RequestAuthCache -- Auth cache not set in the context
16:48:00.475 [main] DEBUG com.github.dockerjava.zerodep.shaded.org.apache.hc.client5.http.impl.classic.ProtocolExec -- ex-0000000F: target auth state: UNCHALLENGED
16:48:00.475 [main] DEBUG com.github.dockerjava.zerodep.shaded.org.apache.hc.client5.http.impl.classic.ProtocolExec -- ex-0000000F: proxy auth state: UNCHALLENGED
16:48:00.475 [main] DEBUG com.github.dockerjava.zerodep.shaded.org.apache.hc.client5.http.impl.classic.ConnectExec -- ex-0000000F: acquiring connection with route {}->unix://localhost:2375
16:48:00.475 [main] DEBUG com.github.dockerjava.zerodep.shaded.org.apache.hc.client5.http.impl.classic.InternalHttpClient -- ex-0000000F: acquiring endpoint (3 MINUTES)
16:48:00.475 [main] DEBUG com.github.dockerjava.zerodep.shaded.org.apache.hc.client5.http.impl.io.PoolingHttpClientConnectionManager -- ex-0000000F: endpoint lease request (3 MINUTES) [route: {}->unix://localhost:2375][total available: 1; route allocated: 1 of 2147483647; total allocated: 1 of 2147483647]
16:48:00.475 [main] DEBUG com.github.dockerjava.zerodep.shaded.org.apache.hc.client5.http.impl.io.PoolingHttpClientConnectionManager -- ex-0000000F: endpoint leased [route: {}->unix://localhost:2375][total available: 0; route allocated: 1 of 2147483647; total allocated: 1 of 2147483647]
16:48:00.475 [main] DEBUG com.github.dockerjava.zerodep.shaded.org.apache.hc.client5.http.impl.io.PoolingHttpClientConnectionManager -- ex-0000000F: acquired ep-0000000E
16:48:00.475 [main] DEBUG com.github.dockerjava.zerodep.shaded.org.apache.hc.client5.http.impl.classic.InternalHttpClient -- ex-0000000F: acquired endpoint ep-0000000E
16:48:00.475 [main] DEBUG com.github.dockerjava.zerodep.shaded.org.apache.hc.client5.http.impl.classic.MainClientExec -- ex-0000000F: executing GET /v1.32/images/sha256:027ccf656dc121a26b53cac03415d4326a75bf2751f177210d47793754e8b316/json HTTP/1.1
16:48:00.475 [main] DEBUG com.github.dockerjava.zerodep.shaded.org.apache.hc.client5.http.impl.classic.InternalHttpClient -- ep-0000000E: start execution ex-0000000F
16:48:00.475 [main] DEBUG com.github.dockerjava.zerodep.shaded.org.apache.hc.client5.http.impl.io.PoolingHttpClientConnectionManager -- ep-0000000E: executing exchange ex-0000000F over http-outgoing-1
16:48:00.475 [main] DEBUG com.github.dockerjava.zerodep.shaded.org.apache.hc.client5.http.headers -- http-outgoing-1 >> GET /v1.32/images/sha256:027ccf656dc121a26b53cac03415d4326a75bf2751f177210d47793754e8b316/json HTTP/1.1
16:48:00.476 [main] DEBUG com.github.dockerjava.zerodep.shaded.org.apache.hc.client5.http.headers -- http-outgoing-1 >> accept: application/json
16:48:00.476 [main] DEBUG com.github.dockerjava.zerodep.shaded.org.apache.hc.client5.http.headers -- http-outgoing-1 >> x-tc-sid: 8771ab98-9441-4355-8458-173dfcd997c6
16:48:00.476 [main] DEBUG com.github.dockerjava.zerodep.shaded.org.apache.hc.client5.http.headers -- http-outgoing-1 >> User-Agent: tc-java/1.19.0
16:48:00.476 [main] DEBUG com.github.dockerjava.zerodep.shaded.org.apache.hc.client5.http.headers -- http-outgoing-1 >> Accept-Encoding: gzip, x-gzip, deflate
16:48:00.476 [main] DEBUG com.github.dockerjava.zerodep.shaded.org.apache.hc.client5.http.headers -- http-outgoing-1 >> Host: localhost:2375
16:48:00.476 [main] DEBUG com.github.dockerjava.zerodep.shaded.org.apache.hc.client5.http.headers -- http-outgoing-1 >> Connection: keep-alive
16:48:00.476 [main] DEBUG com.github.dockerjava.zerodep.shaded.org.apache.hc.client5.http.wire -- http-outgoing-1 >> "GET /v1.32/images/sha256:027ccf656dc121a26b53cac03415d4326a75bf2751f177210d47793754e8b316/json HTTP/1.1[\r][\n]"
16:48:00.476 [main] DEBUG com.github.dockerjava.zerodep.shaded.org.apache.hc.client5.http.wire -- http-outgoing-1 >> "accept: application/json[\r][\n]"
16:48:00.476 [main] DEBUG com.github.dockerjava.zerodep.shaded.org.apache.hc.client5.http.wire -- http-outgoing-1 >> "x-tc-sid: 8771ab98-9441-4355-8458-173dfcd997c6[\r][\n]"
16:48:00.476 [main] DEBUG com.github.dockerjava.zerodep.shaded.org.apache.hc.client5.http.wire -- http-outgoing-1 >> "User-Agent: tc-java/1.19.0[\r][\n]"
16:48:00.476 [main] DEBUG com.github.dockerjava.zerodep.shaded.org.apache.hc.client5.http.wire -- http-outgoing-1 >> "Accept-Encoding: gzip, x-gzip, deflate[\r][\n]"
16:48:00.476 [main] DEBUG com.github.dockerjava.zerodep.shaded.org.apache.hc.client5.http.wire -- http-outgoing-1 >> "Host: localhost:2375[\r][\n]"
16:48:00.476 [main] DEBUG com.github.dockerjava.zerodep.shaded.org.apache.hc.client5.http.wire -- http-outgoing-1 >> "Connection: keep-alive[\r][\n]"
16:48:00.476 [main] DEBUG com.github.dockerjava.zerodep.shaded.org.apache.hc.client5.http.wire -- http-outgoing-1 >> "[\r][\n]"
16:48:00.477 [main] DEBUG com.github.dockerjava.zerodep.shaded.org.apache.hc.client5.http.wire -- http-outgoing-1 << "HTTP/1.1 200 OK[\r][\n]"
16:48:00.477 [main] DEBUG com.github.dockerjava.zerodep.shaded.org.apache.hc.client5.http.wire -- http-outgoing-1 << "Api-Version: 1.43[\r][\n]"
16:48:00.477 [main] DEBUG com.github.dockerjava.zerodep.shaded.org.apache.hc.client5.http.wire -- http-outgoing-1 << "Content-Type: application/json[\r][\n]"
16:48:00.477 [main] DEBUG com.github.dockerjava.zerodep.shaded.org.apache.hc.client5.http.wire -- http-outgoing-1 << "Date: Thu, 21 Sep 2023 23:48:00 GMT[\r][\n]"
16:48:00.477 [main] DEBUG com.github.dockerjava.zerodep.shaded.org.apache.hc.client5.http.wire -- http-outgoing-1 << "Docker-Experimental: false[\r][\n]"
16:48:00.477 [main] DEBUG com.github.dockerjava.zerodep.shaded.org.apache.hc.client5.http.wire -- http-outgoing-1 << "Ostype: linux[\r][\n]"
16:48:00.477 [main] DEBUG com.github.dockerjava.zerodep.shaded.org.apache.hc.client5.http.wire -- http-outgoing-1 << "Server: Docker/24.0.6 (linux)[\r][\n]"
16:48:00.477 [main] DEBUG com.github.dockerjava.zerodep.shaded.org.apache.hc.client5.http.wire -- http-outgoing-1 << "Transfer-Encoding: chunked[\r][\n]"
16:48:00.477 [main] DEBUG com.github.dockerjava.zerodep.shaded.org.apache.hc.client5.http.wire -- http-outgoing-1 << "[\r][\n]"
16:48:00.477 [main] DEBUG com.github.dockerjava.zerodep.shaded.org.apache.hc.client5.http.headers -- http-outgoing-1 << HTTP/1.1 200 OK
16:48:00.477 [main] DEBUG com.github.dockerjava.zerodep.shaded.org.apache.hc.client5.http.headers -- http-outgoing-1 << Api-Version: 1.43
16:48:00.477 [main] DEBUG com.github.dockerjava.zerodep.shaded.org.apache.hc.client5.http.headers -- http-outgoing-1 << Content-Type: application/json
16:48:00.477 [main] DEBUG com.github.dockerjava.zerodep.shaded.org.apache.hc.client5.http.headers -- http-outgoing-1 << Date: Thu, 21 Sep 2023 23:48:00 GMT
16:48:00.477 [main] DEBUG com.github.dockerjava.zerodep.shaded.org.apache.hc.client5.http.headers -- http-outgoing-1 << Docker-Experimental: false
16:48:00.477 [main] DEBUG com.github.dockerjava.zerodep.shaded.org.apache.hc.client5.http.headers -- http-outgoing-1 << Ostype: linux
16:48:00.477 [main] DEBUG com.github.dockerjava.zerodep.shaded.org.apache.hc.client5.http.headers -- http-outgoing-1 << Server: Docker/24.0.6 (linux)
16:48:00.477 [main] DEBUG com.github.dockerjava.zerodep.shaded.org.apache.hc.client5.http.headers -- http-outgoing-1 << Transfer-Encoding: chunked
16:48:00.477 [main] DEBUG com.github.dockerjava.zerodep.shaded.org.apache.hc.client5.http.impl.classic.MainClientExec -- ex-0000000F: connection can be kept alive for 3 MINUTES
16:48:00.478 [main] DEBUG com.github.dockerjava.zerodep.shaded.org.apache.hc.client5.http.wire -- http-outgoing-1 << "11ed[\r][\n]"
16:48:00.478 [main] DEBUG com.github.dockerjava.zerodep.shaded.org.apache.hc.client5.http.wire -- http-outgoing-1 << "{"Id":"sha256:027ccf656dc121a26b53cac03415d4326a75bf2751f177210d47793754e8b316","RepoTags":["postgres:9.6"],"RepoDigests":["postgres@sha256:caddd35b05cdd56c614ab1f674e63be778e0abdf54e71a7507ff3e28d4902698"],"Parent":"","Comment":"","Created":"2022-02-12T01:04:27.922712962Z","Container":"e6cd84aa108a8f1c159ed25babcc7b991bfdf64e3cdd071a6b2e05e4d1c91394","ContainerConfig":{"Hostname":"e6cd84aa108a","Domainname":"","User":"","AttachStdin":false,"AttachStdout":false,"AttachStderr":false,"ExposedPorts":{"5432/tcp":{}},"Tty":false,"OpenStdin":false,"StdinOnce":false,"Env":["PATH=/usr/local/sbin:/usr/local/bin:/usr/sbin:/usr/bin:/sbin:/bin:/usr/lib/postgresql/9.6/bin","GOSU_VERSION=1.14","LANG=en_US.utf8","PG_MAJOR=9.6","PG_VERSION=9.6.24-1.pgdg90+1","PGDATA=/var/lib/postgresql/data"],"Cmd":["/bin/sh","-c","#(nop) ","CMD [\"postgres\"]"],"Image":"sha256:99bb3a760d87d5628530111e211a7931750b4a47ede17dbf4e8bb36fca985502","Volumes":{"/var/lib/postgresql/data":{}},"WorkingDir":"","Entrypoint":["docker-entrypoint.sh"],"OnBuild":null,"Labels":{},"StopSignal":"SIGINT"},"DockerVersion":"20.10.7","Author":"","Config":{"Hostname":"","Domainname":"","User":"","AttachStdin":false,"AttachStdout":false,"AttachStderr":false,"ExposedPorts":{"5432/tcp":{}},"Tty":false,"OpenStdin":false,"StdinOnce":false,"Env":["PATH=/usr/local/sbin:/usr/local/bin:/usr/sbin:/usr/bin:/sbin:/bin:/usr/lib/postgresql/9.6/bin","GOSU_VERSION=1.14","LANG=en_US.utf8","PG_MAJOR=9.6","PG_VERSION=9.6.24-1.pgdg90+1","PGDATA=/var/lib/postgresql/data"],"Cmd":["postgres"],"Image":"sha256:99bb3a760d87d5628530111e211a7931750b4a47ede17dbf4e8bb36fca985502","Volumes":{"/var/lib/postgresql/data":{}},"WorkingDir":"","Entrypoint":["docker-entrypoint.sh"],"OnBuild":null,"Labels":null,"StopSignal":"SIGINT"},"Architecture":"amd64","Os":"linux","Size":199689283,"VirtualSize":199689283,"GraphDriver":{"Data":{"LowerDir":"/var/lib/docker/overlay2/f548dd0fdedf923dd9be346252b42ee515dfe8dd161352386b56157af2276cd6/diff:/var/lib/docker/overlay2/59beb921681c5566ac263df1a0cfb603143661bad6d86f6491c69c9de3412ee0/diff:/var/lib/docker/overlay2/c6da51c9031a344ff7d646fcea7890d97f7c0de198fcdc9152884aeeacb69ec4/diff:/var/lib/docker/overlay2/0f6f6720679046cc10a48204605d389d0b404365a7e9f5970d286d0c3921618d/diff:/var/lib/docker/overlay2/4a8ded72d6497528fd888a72168eca674ebd13b000b7685db7069c7c155f40d1/diff:/var/lib/docker/overlay2/36e7d357f7e78cbb71375255f4f6bdcf011ec7429c54c74810491140dd5dd373/diff:/var/lib/docker/overlay2/5e0810c75c2816a1a27ce0cf95216a220c9ea7a360e540f9122b90025e3ea2eb/diff:/var/lib/docker/overlay2/112d1a2d91b0785ff9e6a1fba066090e5047be321633c0ac87953f2fea2b6e35/diff:/var/lib/docker/overlay2/2636cb544b96899eca293e5d2c4be7fc55e227b8360e09b0842dea048bb9f533/diff:/var/lib/docker/overlay2/804eba673af0f2fb5ac2894bce9f8fac1881022d31396ffbfa5be21a85ddd6ca/diff:/var/lib/docker/overlay2/94a89631a6393a276e05d8421df75844b5dc0887258e09e54fb138b42103d8ae/diff:/var/lib/docker/overlay2/9a08f77f2b8a595d6335123e1258aa91149e153085f4ba5833bb93e262aa5e83/diff:/var/lib/docker/overlay2/2d4211c31fd815f288dd75cbb2904cd1b78d808cd1860c59bb1a7ea3cf61cf44/diff","MergedDir":"/var/lib/docker/overlay2/710b8e64b48a7ce0336c225117fb8498371b3414948793cb1b0ed77632310460/merged","UpperDir":"/var/lib/docker/overlay2/710b8e64b48a7ce0336c225117fb8498371b3414948793cb1b0ed77632310460/diff","WorkDir":"/var/lib/docker/overlay2/710b8e64b48a7ce0336c225117fb8498371b3414948793cb1b0ed77632310460/work"},"Name":"overlay2"},"RootFS":{"Type":"layers","Layers":["sha256:8f0b8fdd795ff9618717bb0bbfbb4729fbd8e201f9fbdd6b7d1a7e67ef1ab879","sha256:ebdf554a07cf529a6e765fd04f3ad3707f4fbb0a2279204feb80b2dac45e9ebd","sha256:0a4039e8132a44dd759c1bf21aa9195868f0ecddc2ad1e593e94fce539509bec","sha256:2ff8c8e40e1aa496c0f72b7f9067c79c3f3a83a93087279b67371eed97dd4aba","sha256:1f06cf5c9091a161a30c833be75439bc5f60746f2f018abcbc8669030624fdd3","sha256:11a69874639b96245200689637f6ce932a66c30a8f095e5e3ae2f209aead5d6a","sha256:178f9737641e34fb275f6ccc4a1e9e5f3bb6c229c36ca7775afcec05fe6e4d8a","sha256:83a445bd17e7129bde9788c10ed4123e6b222cedcd7ccabe8d556922e503a64a","sha256:bfe1049b03f05df7f289a28ec0d12c38ba0e7db73bb3c483cae56b1be9a09000","sha256:d1012c167637e557ec9e29c0cc6a32721c521b594fbf117d49f86bed8899faa1","sha256:3ad2cb0fd7a47ebfb82faa05d299e7a76cbc1b04620056289da15dc42e47d82b","sha256:ea8bc5ae17e6e64bcf797a868a2e4dce8c2ec27f8efb22cde59e781ae77f7196","sha256:21acc0590c362f47a546c60cd8747c0233510fb642acaf31b313dfa915b49476","sha256:06687daff74fda1c3b83af869f0ade91a838214067d07303d94d918408afba5d"]},"Metadata":{"LastTagTime":"0001-01-01T00:00:00Z"}}[\n]"
16:48:00.478 [main] DEBUG com.github.dockerjava.zerodep.shaded.org.apache.hc.client5.http.wire -- http-outgoing-1 << "[\r][\n]"
16:48:00.478 [main] DEBUG com.github.dockerjava.zerodep.shaded.org.apache.hc.client5.http.wire -- http-outgoing-1 << "0[\r][\n]"
16:48:00.478 [main] DEBUG com.github.dockerjava.zerodep.shaded.org.apache.hc.client5.http.wire -- http-outgoing-1 << "[\r][\n]"
16:48:00.478 [main] DEBUG com.github.dockerjava.zerodep.shaded.org.apache.hc.client5.http.impl.classic.InternalHttpClient -- ep-0000000E: releasing valid endpoint
16:48:00.478 [main] DEBUG com.github.dockerjava.zerodep.shaded.org.apache.hc.client5.http.impl.io.PoolingHttpClientConnectionManager -- ep-0000000E: releasing endpoint
16:48:00.478 [main] DEBUG com.github.dockerjava.zerodep.shaded.org.apache.hc.client5.http.impl.io.PoolingHttpClientConnectionManager -- ep-0000000E: connection http-outgoing-1 can be kept alive for 3 MINUTES
16:48:00.478 [main] DEBUG com.github.dockerjava.zerodep.shaded.org.apache.hc.client5.http.impl.io.PoolingHttpClientConnectionManager -- ep-0000000E: connection released [route: {}->unix://localhost:2375][total available: 1; route allocated: 1 of 2147483647; total allocated: 1 of 2147483647]
16:48:00.478 [main] DEBUG org.testcontainers.shaded.com.github.dockerjava.core.command.AbstrDockerCmd -- Cmd: 
16:48:00.478 [main] DEBUG com.github.dockerjava.zerodep.shaded.org.apache.hc.client5.http.impl.classic.InternalHttpClient -- ex-00000010: preparing request execution
16:48:00.478 [main] DEBUG com.github.dockerjava.zerodep.shaded.org.apache.hc.client5.http.protocol.RequestAddCookies -- Cookie spec selected: strict
16:48:00.479 [main] DEBUG com.github.dockerjava.zerodep.shaded.org.apache.hc.client5.http.protocol.RequestAuthCache -- Auth cache not set in the context
16:48:00.479 [main] DEBUG com.github.dockerjava.zerodep.shaded.org.apache.hc.client5.http.impl.classic.ProtocolExec -- ex-00000010: target auth state: UNCHALLENGED
16:48:00.479 [main] DEBUG com.github.dockerjava.zerodep.shaded.org.apache.hc.client5.http.impl.classic.ProtocolExec -- ex-00000010: proxy auth state: UNCHALLENGED
16:48:00.479 [main] DEBUG com.github.dockerjava.zerodep.shaded.org.apache.hc.client5.http.impl.classic.ConnectExec -- ex-00000010: acquiring connection with route {}->unix://localhost:2375
16:48:00.479 [main] DEBUG com.github.dockerjava.zerodep.shaded.org.apache.hc.client5.http.impl.classic.InternalHttpClient -- ex-00000010: acquiring endpoint (3 MINUTES)
16:48:00.479 [main] DEBUG com.github.dockerjava.zerodep.shaded.org.apache.hc.client5.http.impl.io.PoolingHttpClientConnectionManager -- ex-00000010: endpoint lease request (3 MINUTES) [route: {}->unix://localhost:2375][total available: 1; route allocated: 1 of 2147483647; total allocated: 1 of 2147483647]
16:48:00.479 [main] DEBUG com.github.dockerjava.zerodep.shaded.org.apache.hc.client5.http.impl.io.PoolingHttpClientConnectionManager -- ex-00000010: endpoint leased [route: {}->unix://localhost:2375][total available: 0; route allocated: 1 of 2147483647; total allocated: 1 of 2147483647]
16:48:00.479 [main] DEBUG com.github.dockerjava.zerodep.shaded.org.apache.hc.client5.http.impl.io.PoolingHttpClientConnectionManager -- ex-00000010: acquired ep-0000000F
16:48:00.479 [main] DEBUG com.github.dockerjava.zerodep.shaded.org.apache.hc.client5.http.impl.classic.InternalHttpClient -- ex-00000010: acquired endpoint ep-0000000F
16:48:00.479 [main] DEBUG com.github.dockerjava.zerodep.shaded.org.apache.hc.client5.http.impl.classic.MainClientExec -- ex-00000010: executing GET /v1.32/version HTTP/1.1
16:48:00.479 [main] DEBUG com.github.dockerjava.zerodep.shaded.org.apache.hc.client5.http.impl.classic.InternalHttpClient -- ep-0000000F: start execution ex-00000010
16:48:00.479 [main] DEBUG com.github.dockerjava.zerodep.shaded.org.apache.hc.client5.http.impl.io.PoolingHttpClientConnectionManager -- ep-0000000F: executing exchange ex-00000010 over http-outgoing-1
16:48:00.479 [main] DEBUG com.github.dockerjava.zerodep.shaded.org.apache.hc.client5.http.headers -- http-outgoing-1 >> GET /v1.32/version HTTP/1.1
16:48:00.479 [main] DEBUG com.github.dockerjava.zerodep.shaded.org.apache.hc.client5.http.headers -- http-outgoing-1 >> accept: application/json
16:48:00.479 [main] DEBUG com.github.dockerjava.zerodep.shaded.org.apache.hc.client5.http.headers -- http-outgoing-1 >> x-tc-sid: 8771ab98-9441-4355-8458-173dfcd997c6
16:48:00.479 [main] DEBUG com.github.dockerjava.zerodep.shaded.org.apache.hc.client5.http.headers -- http-outgoing-1 >> User-Agent: tc-java/1.19.0
16:48:00.479 [main] DEBUG com.github.dockerjava.zerodep.shaded.org.apache.hc.client5.http.headers -- http-outgoing-1 >> Accept-Encoding: gzip, x-gzip, deflate
16:48:00.479 [main] DEBUG com.github.dockerjava.zerodep.shaded.org.apache.hc.client5.http.headers -- http-outgoing-1 >> Host: localhost:2375
16:48:00.479 [main] DEBUG com.github.dockerjava.zerodep.shaded.org.apache.hc.client5.http.headers -- http-outgoing-1 >> Connection: keep-alive
16:48:00.479 [main] DEBUG com.github.dockerjava.zerodep.shaded.org.apache.hc.client5.http.wire -- http-outgoing-1 >> "GET /v1.32/version HTTP/1.1[\r][\n]"
16:48:00.479 [main] DEBUG com.github.dockerjava.zerodep.shaded.org.apache.hc.client5.http.wire -- http-outgoing-1 >> "accept: application/json[\r][\n]"
16:48:00.479 [main] DEBUG com.github.dockerjava.zerodep.shaded.org.apache.hc.client5.http.wire -- http-outgoing-1 >> "x-tc-sid: 8771ab98-9441-4355-8458-173dfcd997c6[\r][\n]"
16:48:00.479 [main] DEBUG com.github.dockerjava.zerodep.shaded.org.apache.hc.client5.http.wire -- http-outgoing-1 >> "User-Agent: tc-java/1.19.0[\r][\n]"
16:48:00.479 [main] DEBUG com.github.dockerjava.zerodep.shaded.org.apache.hc.client5.http.wire -- http-outgoing-1 >> "Accept-Encoding: gzip, x-gzip, deflate[\r][\n]"
16:48:00.479 [main] DEBUG com.github.dockerjava.zerodep.shaded.org.apache.hc.client5.http.wire -- http-outgoing-1 >> "Host: localhost:2375[\r][\n]"
16:48:00.479 [main] DEBUG com.github.dockerjava.zerodep.shaded.org.apache.hc.client5.http.wire -- http-outgoing-1 >> "Connection: keep-alive[\r][\n]"
16:48:00.479 [main] DEBUG com.github.dockerjava.zerodep.shaded.org.apache.hc.client5.http.wire -- http-outgoing-1 >> "[\r][\n]"
16:48:00.484 [main] DEBUG com.github.dockerjava.zerodep.shaded.org.apache.hc.client5.http.wire -- http-outgoing-1 << "HTTP/1.1 200 OK[\r][\n]"
16:48:00.484 [main] DEBUG com.github.dockerjava.zerodep.shaded.org.apache.hc.client5.http.wire -- http-outgoing-1 << "Api-Version: 1.43[\r][\n]"
16:48:00.484 [main] DEBUG com.github.dockerjava.zerodep.shaded.org.apache.hc.client5.http.wire -- http-outgoing-1 << "Content-Type: application/json[\r][\n]"
16:48:00.484 [main] DEBUG com.github.dockerjava.zerodep.shaded.org.apache.hc.client5.http.wire -- http-outgoing-1 << "Date: Thu, 21 Sep 2023 23:48:00 GMT[\r][\n]"
16:48:00.484 [main] DEBUG com.github.dockerjava.zerodep.shaded.org.apache.hc.client5.http.wire -- http-outgoing-1 << "Docker-Experimental: false[\r][\n]"
16:48:00.484 [main] DEBUG com.github.dockerjava.zerodep.shaded.org.apache.hc.client5.http.wire -- http-outgoing-1 << "Ostype: linux[\r][\n]"
16:48:00.484 [main] DEBUG com.github.dockerjava.zerodep.shaded.org.apache.hc.client5.http.wire -- http-outgoing-1 << "Server: Docker/24.0.6 (linux)[\r][\n]"
16:48:00.484 [main] DEBUG com.github.dockerjava.zerodep.shaded.org.apache.hc.client5.http.wire -- http-outgoing-1 << "Transfer-Encoding: chunked[\r][\n]"
16:48:00.484 [main] DEBUG com.github.dockerjava.zerodep.shaded.org.apache.hc.client5.http.wire -- http-outgoing-1 << "[\r][\n]"
16:48:00.484 [main] DEBUG com.github.dockerjava.zerodep.shaded.org.apache.hc.client5.http.headers -- http-outgoing-1 << HTTP/1.1 200 OK
16:48:00.484 [main] DEBUG com.github.dockerjava.zerodep.shaded.org.apache.hc.client5.http.headers -- http-outgoing-1 << Api-Version: 1.43
16:48:00.484 [main] DEBUG com.github.dockerjava.zerodep.shaded.org.apache.hc.client5.http.headers -- http-outgoing-1 << Content-Type: application/json
16:48:00.484 [main] DEBUG com.github.dockerjava.zerodep.shaded.org.apache.hc.client5.http.headers -- http-outgoing-1 << Date: Thu, 21 Sep 2023 23:48:00 GMT
16:48:00.484 [main] DEBUG com.github.dockerjava.zerodep.shaded.org.apache.hc.client5.http.headers -- http-outgoing-1 << Docker-Experimental: false
16:48:00.484 [main] DEBUG com.github.dockerjava.zerodep.shaded.org.apache.hc.client5.http.headers -- http-outgoing-1 << Ostype: linux
16:48:00.484 [main] DEBUG com.github.dockerjava.zerodep.shaded.org.apache.hc.client5.http.headers -- http-outgoing-1 << Server: Docker/24.0.6 (linux)
16:48:00.484 [main] DEBUG com.github.dockerjava.zerodep.shaded.org.apache.hc.client5.http.headers -- http-outgoing-1 << Transfer-Encoding: chunked
16:48:00.484 [main] DEBUG com.github.dockerjava.zerodep.shaded.org.apache.hc.client5.http.impl.classic.MainClientExec -- ex-00000010: connection can be kept alive for 3 MINUTES
16:48:00.484 [main] DEBUG com.github.dockerjava.zerodep.shaded.org.apache.hc.client5.http.wire -- http-outgoing-1 << "34b[\r][\n]"
16:48:00.484 [main] DEBUG com.github.dockerjava.zerodep.shaded.org.apache.hc.client5.http.wire -- http-outgoing-1 << "{"Platform":{"Name":"Docker Desktop"},"Components":[{"Name":"Engine","Version":"24.0.6","Details":{"ApiVersion":"1.43","Arch":"amd64","BuildTime":"2023-09-04T12:32:16.000000000+00:00","Experimental":"false","GitCommit":"1a79695","GoVersion":"go1.20.7","KernelVersion":"5.15.90.1-microsoft-standard-WSL2","MinAPIVersion":"1.12","Os":"linux"}},{"Name":"containerd","Version":"1.6.22","Details":{"GitCommit":"8165feabfdfe38c65b599c4993d227328c231fca"}},{"Name":"runc","Version":"1.1.8","Details":{"GitCommit":"v1.1.8-0-g82f18fe"}},{"Name":"docker-init","Version":"0.19.0","Details":{"GitCommit":"de40ad0"}}],"Version":"24.0.6","ApiVersion":"1.43","MinAPIVersion":"1.12","GitCommit":"1a79695","GoVersion":"go1.20.7","Os":"linux","Arch":"amd64","KernelVersion":"5.15.90.1-microsoft-standard-WSL2","BuildTime":"2023-09-04T12:32:16.000000000+00:00"}[\n]"
16:48:00.484 [main] DEBUG com.github.dockerjava.zerodep.shaded.org.apache.hc.client5.http.wire -- http-outgoing-1 << "[\r][\n]"
16:48:00.485 [main] DEBUG com.github.dockerjava.zerodep.shaded.org.apache.hc.client5.http.wire -- http-outgoing-1 << "0[\r][\n]"
16:48:00.485 [main] DEBUG com.github.dockerjava.zerodep.shaded.org.apache.hc.client5.http.wire -- http-outgoing-1 << "[\r][\n]"
16:48:00.485 [main] DEBUG com.github.dockerjava.zerodep.shaded.org.apache.hc.client5.http.impl.classic.InternalHttpClient -- ep-0000000F: releasing valid endpoint
16:48:00.485 [main] DEBUG com.github.dockerjava.zerodep.shaded.org.apache.hc.client5.http.impl.io.PoolingHttpClientConnectionManager -- ep-0000000F: releasing endpoint
16:48:00.485 [main] DEBUG com.github.dockerjava.zerodep.shaded.org.apache.hc.client5.http.impl.io.PoolingHttpClientConnectionManager -- ep-0000000F: connection http-outgoing-1 can be kept alive for 3 MINUTES
16:48:00.485 [main] DEBUG com.github.dockerjava.zerodep.shaded.org.apache.hc.client5.http.impl.io.PoolingHttpClientConnectionManager -- ep-0000000F: connection released [route: {}->unix://localhost:2375][total available: 1; route allocated: 1 of 2147483647; total allocated: 1 of 2147483647]
16:48:00.485 [docker-java-stream--403658259] DEBUG com.github.dockerjava.zerodep.shaded.org.apache.hc.client5.http.impl.classic.InternalHttpClient -- ex-00000011: preparing request execution
16:48:00.485 [docker-java-stream--403658259] DEBUG com.github.dockerjava.zerodep.shaded.org.apache.hc.client5.http.protocol.RequestAddCookies -- Cookie spec selected: strict
16:48:00.485 [docker-java-stream--403658259] DEBUG com.github.dockerjava.zerodep.shaded.org.apache.hc.client5.http.protocol.RequestAuthCache -- Auth cache not set in the context
16:48:00.485 [docker-java-stream--403658259] DEBUG com.github.dockerjava.zerodep.shaded.org.apache.hc.client5.http.impl.classic.ProtocolExec -- ex-00000011: target auth state: UNCHALLENGED
16:48:00.485 [docker-java-stream--403658259] DEBUG com.github.dockerjava.zerodep.shaded.org.apache.hc.client5.http.impl.classic.ProtocolExec -- ex-00000011: proxy auth state: UNCHALLENGED
16:48:00.485 [docker-java-stream--403658259] DEBUG com.github.dockerjava.zerodep.shaded.org.apache.hc.client5.http.impl.classic.ConnectExec -- ex-00000011: acquiring connection with route {}->unix://localhost:2375
16:48:00.485 [docker-java-stream--403658259] DEBUG com.github.dockerjava.zerodep.shaded.org.apache.hc.client5.http.impl.classic.InternalHttpClient -- ex-00000011: acquiring endpoint (3 MINUTES)
16:48:00.485 [docker-java-stream--403658259] DEBUG com.github.dockerjava.zerodep.shaded.org.apache.hc.client5.http.impl.io.PoolingHttpClientConnectionManager -- ex-00000011: endpoint lease request (3 MINUTES) [route: {}->unix://localhost:2375][total available: 1; route allocated: 1 of 2147483647; total allocated: 1 of 2147483647]
16:48:00.486 [docker-java-stream--403658259] DEBUG com.github.dockerjava.zerodep.shaded.org.apache.hc.client5.http.impl.io.PoolingHttpClientConnectionManager -- ex-00000011: endpoint leased [route: {}->unix://localhost:2375][total available: 0; route allocated: 1 of 2147483647; total allocated: 1 of 2147483647]
16:48:00.486 [docker-java-stream--403658259] DEBUG com.github.dockerjava.zerodep.shaded.org.apache.hc.client5.http.impl.io.PoolingHttpClientConnectionManager -- ex-00000011: acquired ep-00000010
16:48:00.486 [docker-java-stream--403658259] DEBUG com.github.dockerjava.zerodep.shaded.org.apache.hc.client5.http.impl.classic.InternalHttpClient -- ex-00000011: acquired endpoint ep-00000010
16:48:00.486 [docker-java-stream--403658259] DEBUG com.github.dockerjava.zerodep.shaded.org.apache.hc.client5.http.impl.classic.MainClientExec -- ex-00000011: executing GET /v1.32/containers/c457b9159c213231492cffce20bbc505bc2ac4be9523e4a77af1e559d06f313c/logs?stdout=true&stderr=true&follow=true&since=0 HTTP/1.1
16:48:00.486 [docker-java-stream--403658259] DEBUG com.github.dockerjava.zerodep.shaded.org.apache.hc.client5.http.impl.classic.InternalHttpClient -- ep-00000010: start execution ex-00000011
16:48:00.486 [docker-java-stream--403658259] DEBUG com.github.dockerjava.zerodep.shaded.org.apache.hc.client5.http.impl.io.PoolingHttpClientConnectionManager -- ep-00000010: executing exchange ex-00000011 over http-outgoing-1
16:48:00.486 [docker-java-stream--403658259] DEBUG com.github.dockerjava.zerodep.shaded.org.apache.hc.client5.http.headers -- http-outgoing-1 >> GET /v1.32/containers/c457b9159c213231492cffce20bbc505bc2ac4be9523e4a77af1e559d06f313c/logs?stdout=true&stderr=true&follow=true&since=0 HTTP/1.1
16:48:00.486 [docker-java-stream--403658259] DEBUG com.github.dockerjava.zerodep.shaded.org.apache.hc.client5.http.headers -- http-outgoing-1 >> x-tc-sid: 8771ab98-9441-4355-8458-173dfcd997c6
16:48:00.486 [docker-java-stream--403658259] DEBUG com.github.dockerjava.zerodep.shaded.org.apache.hc.client5.http.headers -- http-outgoing-1 >> User-Agent: tc-java/1.19.0
16:48:00.486 [docker-java-stream--403658259] DEBUG com.github.dockerjava.zerodep.shaded.org.apache.hc.client5.http.headers -- http-outgoing-1 >> Accept-Encoding: gzip, x-gzip, deflate
16:48:00.486 [docker-java-stream--403658259] DEBUG com.github.dockerjava.zerodep.shaded.org.apache.hc.client5.http.headers -- http-outgoing-1 >> Host: localhost:2375
16:48:00.486 [docker-java-stream--403658259] DEBUG com.github.dockerjava.zerodep.shaded.org.apache.hc.client5.http.headers -- http-outgoing-1 >> Connection: keep-alive
16:48:00.486 [docker-java-stream--403658259] DEBUG com.github.dockerjava.zerodep.shaded.org.apache.hc.client5.http.wire -- http-outgoing-1 >> "GET /v1.32/containers/c457b9159c213231492cffce20bbc505bc2ac4be9523e4a77af1e559d06f313c/logs?stdout=true&stderr=true&follow=true&since=0 HTTP/1.1[\r][\n]"
16:48:00.486 [docker-java-stream--403658259] DEBUG com.github.dockerjava.zerodep.shaded.org.apache.hc.client5.http.wire -- http-outgoing-1 >> "x-tc-sid: 8771ab98-9441-4355-8458-173dfcd997c6[\r][\n]"
16:48:00.486 [docker-java-stream--403658259] DEBUG com.github.dockerjava.zerodep.shaded.org.apache.hc.client5.http.wire -- http-outgoing-1 >> "User-Agent: tc-java/1.19.0[\r][\n]"
16:48:00.486 [docker-java-stream--403658259] DEBUG com.github.dockerjava.zerodep.shaded.org.apache.hc.client5.http.wire -- http-outgoing-1 >> "Accept-Encoding: gzip, x-gzip, deflate[\r][\n]"
16:48:00.486 [docker-java-stream--403658259] DEBUG com.github.dockerjava.zerodep.shaded.org.apache.hc.client5.http.wire -- http-outgoing-1 >> "Host: localhost:2375[\r][\n]"
16:48:00.486 [docker-java-stream--403658259] DEBUG com.github.dockerjava.zerodep.shaded.org.apache.hc.client5.http.wire -- http-outgoing-1 >> "Connection: keep-alive[\r][\n]"
16:48:00.486 [docker-java-stream--403658259] DEBUG com.github.dockerjava.zerodep.shaded.org.apache.hc.client5.http.wire -- http-outgoing-1 >> "[\r][\n]"
16:48:00.487 [docker-java-stream--403658259] DEBUG com.github.dockerjava.zerodep.shaded.org.apache.hc.client5.http.wire -- http-outgoing-1 << "HTTP/1.1 200 OK[\r][\n]"
16:48:00.487 [docker-java-stream--403658259] DEBUG com.github.dockerjava.zerodep.shaded.org.apache.hc.client5.http.wire -- http-outgoing-1 << "Api-Version: 1.43[\r][\n]"
16:48:00.487 [docker-java-stream--403658259] DEBUG com.github.dockerjava.zerodep.shaded.org.apache.hc.client5.http.wire -- http-outgoing-1 << "Content-Type: application/vnd.docker.raw-stream[\r][\n]"
16:48:00.487 [docker-java-stream--403658259] DEBUG com.github.dockerjava.zerodep.shaded.org.apache.hc.client5.http.wire -- http-outgoing-1 << "Date: Thu, 21 Sep 2023 23:48:00 GMT[\r][\n]"
16:48:00.487 [docker-java-stream--403658259] DEBUG com.github.dockerjava.zerodep.shaded.org.apache.hc.client5.http.wire -- http-outgoing-1 << "Docker-Experimental: false[\r][\n]"
16:48:00.487 [docker-java-stream--403658259] DEBUG com.github.dockerjava.zerodep.shaded.org.apache.hc.client5.http.wire -- http-outgoing-1 << "Ostype: linux[\r][\n]"
16:48:00.487 [docker-java-stream--403658259] DEBUG com.github.dockerjava.zerodep.shaded.org.apache.hc.client5.http.wire -- http-outgoing-1 << "Server: Docker/24.0.6 (linux)[\r][\n]"
16:48:00.487 [docker-java-stream--403658259] DEBUG com.github.dockerjava.zerodep.shaded.org.apache.hc.client5.http.wire -- http-outgoing-1 << "Transfer-Encoding: chunked[\r][\n]"
16:48:00.487 [docker-java-stream--403658259] DEBUG com.github.dockerjava.zerodep.shaded.org.apache.hc.client5.http.wire -- http-outgoing-1 << "[\r][\n]"
16:48:00.487 [docker-java-stream--403658259] DEBUG com.github.dockerjava.zerodep.shaded.org.apache.hc.client5.http.headers -- http-outgoing-1 << HTTP/1.1 200 OK
16:48:00.487 [docker-java-stream--403658259] DEBUG com.github.dockerjava.zerodep.shaded.org.apache.hc.client5.http.headers -- http-outgoing-1 << Api-Version: 1.43
16:48:00.487 [docker-java-stream--403658259] DEBUG com.github.dockerjava.zerodep.shaded.org.apache.hc.client5.http.headers -- http-outgoing-1 << Content-Type: application/vnd.docker.raw-stream
16:48:00.487 [docker-java-stream--403658259] DEBUG com.github.dockerjava.zerodep.shaded.org.apache.hc.client5.http.headers -- http-outgoing-1 << Date: Thu, 21 Sep 2023 23:48:00 GMT
16:48:00.487 [docker-java-stream--403658259] DEBUG com.github.dockerjava.zerodep.shaded.org.apache.hc.client5.http.headers -- http-outgoing-1 << Docker-Experimental: false
16:48:00.487 [docker-java-stream--403658259] DEBUG com.github.dockerjava.zerodep.shaded.org.apache.hc.client5.http.headers -- http-outgoing-1 << Ostype: linux
16:48:00.487 [docker-java-stream--403658259] DEBUG com.github.dockerjava.zerodep.shaded.org.apache.hc.client5.http.headers -- http-outgoing-1 << Server: Docker/24.0.6 (linux)
16:48:00.487 [docker-java-stream--403658259] DEBUG com.github.dockerjava.zerodep.shaded.org.apache.hc.client5.http.headers -- http-outgoing-1 << Transfer-Encoding: chunked
16:48:00.487 [docker-java-stream--403658259] DEBUG com.github.dockerjava.zerodep.shaded.org.apache.hc.client5.http.impl.classic.MainClientExec -- ex-00000011: connection can be kept alive for 3 MINUTES
16:48:00.517 [docker-java-stream--403658259] DEBUG com.github.dockerjava.zerodep.shaded.org.apache.hc.client5.http.wire -- http-outgoing-1 << "93[\r][\n]"
16:48:00.517 [docker-java-stream--403658259] DEBUG com.github.dockerjava.zerodep.shaded.org.apache.hc.client5.http.wire -- http-outgoing-1 << "[0x1][0x0][0x0][0x0][0x0][0x0][0x0]NThe files belonging to this database system will be owned by user "postgres".[\n]"
16:48:00.517 [docker-java-stream--403658259] DEBUG com.github.dockerjava.zerodep.shaded.org.apache.hc.client5.http.wire -- http-outgoing-1 << "[0x1][0x0][0x0][0x0][0x0][0x0][0x0],This user must also own the server process.[\n]"
16:48:00.517 [docker-java-stream--403658259] DEBUG com.github.dockerjava.zerodep.shaded.org.apache.hc.client5.http.wire -- http-outgoing-1 << "[0x1][0x0][0x0][0x0][0x0][0x0][0x0][0x1][\n]"
16:48:00.517 [docker-java-stream--403658259] DEBUG com.github.dockerjava.zerodep.shaded.org.apache.hc.client5.http.wire -- http-outgoing-1 << "[\r][\n]"
16:48:00.517 [main] DEBUG org.testcontainers.containers.output.WaitingConsumer -- STDOUT: 
16:48:00.518 [main] DEBUG org.testcontainers.containers.output.WaitingConsumer -- STDOUT: This user must also own the server process.
16:48:00.518 [main] DEBUG org.testcontainers.containers.output.WaitingConsumer -- STDOUT: The files belonging to this database system will be owned by user "postgres".
16:48:00.518 [docker-java-stream--403658259] DEBUG com.github.dockerjava.zerodep.shaded.org.apache.hc.client5.http.wire -- http-outgoing-1 << "16a[\r][\n]"
16:48:00.518 [docker-java-stream--403658259] DEBUG com.github.dockerjava.zerodep.shaded.org.apache.hc.client5.http.wire -- http-outgoing-1 << "[0x1][0x0][0x0][0x0][0x0][0x0][0x0]CThe database cluster will be initialized with locale "en_US.utf8".[\n]"
16:48:00.518 [docker-java-stream--403658259] DEBUG com.github.dockerjava.zerodep.shaded.org.apache.hc.client5.http.wire -- http-outgoing-1 << "[0x1][0x0][0x0][0x0][0x0][0x0][0x0]BThe default database encoding has accordingly been set to "UTF8".[\n]"
16:48:00.518 [docker-java-stream--403658259] DEBUG com.github.dockerjava.zerodep.shaded.org.apache.hc.client5.http.wire -- http-outgoing-1 << "[0x1][0x0][0x0][0x0][0x0][0x0][0x0]@The default text search configuration will be set to "english".[\n]"
16:48:00.518 [docker-java-stream--403658259] DEBUG com.github.dockerjava.zerodep.shaded.org.apache.hc.client5.http.wire -- http-outgoing-1 << "[0x1][0x0][0x0][0x0][0x0][0x0][0x0][0x1][\n]"
16:48:00.518 [docker-java-stream--403658259] DEBUG com.github.dockerjava.zerodep.shaded.org.apache.hc.client5.http.wire -- http-outgoing-1 << "[0x1][0x0][0x0][0x0][0x0][0x0][0x0]"Data page checksums are disabled.[\n]"
16:48:00.518 [docker-java-stream--403658259] DEBUG com.github.dockerjava.zerodep.shaded.org.apache.hc.client5.http.wire -- http-outgoing-1 << "[0x1][0x0][0x0][0x0][0x0][0x0][0x0][0x1][\n]"
16:48:00.518 [docker-java-stream--403658259] DEBUG com.github.dockerjava.zerodep.shaded.org.apache.hc.client5.http.wire -- http-outgoing-1 << "[0x1][0x0][0x0][0x0][0x0][0x0][0x0]Ifixing permissions on existing directory /var/lib/postgresql/data ... ok[\n]"
16:48:00.518 [docker-java-stream--403658259] DEBUG com.github.dockerjava.zerodep.shaded.org.apache.hc.client5.http.wire -- http-outgoing-1 << "[\r][\n]"
16:48:00.522 [docker-java-stream--403658259] DEBUG com.github.dockerjava.zerodep.shaded.org.apache.hc.client5.http.wire -- http-outgoing-1 << "27[\r][\n]"
16:48:00.522 [docker-java-stream--403658259] DEBUG com.github.dockerjava.zerodep.shaded.org.apache.hc.client5.http.wire -- http-outgoing-1 << "[0x1][0x0][0x0][0x0][0x0][0x0][0x0][0x1f]creating subdirectories ... ok[\n]"
16:48:00.522 [docker-java-stream--403658259] DEBUG com.github.dockerjava.zerodep.shaded.org.apache.hc.client5.http.wire -- http-outgoing-1 << "[\r][\n]"
16:48:00.528 [main] DEBUG org.testcontainers.containers.output.WaitingConsumer -- STDOUT: creating subdirectories ... ok
16:48:00.528 [main] DEBUG org.testcontainers.containers.output.WaitingConsumer -- STDOUT: fixing permissions on existing directory /var/lib/postgresql/data ... ok
16:48:00.528 [main] DEBUG org.testcontainers.containers.output.WaitingConsumer -- STDOUT: 
16:48:00.528 [main] DEBUG org.testcontainers.containers.output.WaitingConsumer -- STDOUT: Data page checksums are disabled.
16:48:00.528 [main] DEBUG org.testcontainers.containers.output.WaitingConsumer -- STDOUT: 
16:48:00.528 [main] DEBUG org.testcontainers.containers.output.WaitingConsumer -- STDOUT: The default text search configuration will be set to "english".
16:48:00.528 [main] DEBUG org.testcontainers.containers.output.WaitingConsumer -- STDOUT: The default database encoding has accordingly been set to "UTF8".
16:48:00.528 [main] DEBUG org.testcontainers.containers.output.WaitingConsumer -- STDOUT: The database cluster will be initialized with locale "en_US.utf8".
16:48:00.534 [docker-java-stream--403658259] DEBUG com.github.dockerjava.zerodep.shaded.org.apache.hc.client5.http.wire -- http-outgoing-1 << "32[\r][\n]"
16:48:00.534 [docker-java-stream--403658259] DEBUG com.github.dockerjava.zerodep.shaded.org.apache.hc.client5.http.wire -- http-outgoing-1 << "[0x1][0x0][0x0][0x0][0x0][0x0][0x0]*selecting default max_connections ... 100[\n]"
16:48:00.534 [docker-java-stream--403658259] DEBUG com.github.dockerjava.zerodep.shaded.org.apache.hc.client5.http.wire -- http-outgoing-1 << "[\r][\n]"
16:48:00.538 [main] DEBUG org.testcontainers.containers.output.WaitingConsumer -- STDOUT: selecting default max_connections ... 100
16:48:00.541 [docker-java-stream--403658259] DEBUG com.github.dockerjava.zerodep.shaded.org.apache.hc.client5.http.wire -- http-outgoing-1 << "33[\r][\n]"
16:48:00.541 [docker-java-stream--403658259] DEBUG com.github.dockerjava.zerodep.shaded.org.apache.hc.client5.http.wire -- http-outgoing-1 << "[0x1][0x0][0x0][0x0][0x0][0x0][0x0]+selecting default shared_buffers ... 128MB[\n]"
16:48:00.541 [docker-java-stream--403658259] DEBUG com.github.dockerjava.zerodep.shaded.org.apache.hc.client5.http.wire -- http-outgoing-1 << "[\r][\n]"
16:48:00.548 [docker-java-stream--403658259] DEBUG com.github.dockerjava.zerodep.shaded.org.apache.hc.client5.http.wire -- http-outgoing-1 << "70[\r][\n]"
16:48:00.548 [docker-java-stream--403658259] DEBUG com.github.dockerjava.zerodep.shaded.org.apache.hc.client5.http.wire -- http-outgoing-1 << "[0x1][0x0][0x0][0x0][0x0][0x0][0x0]'selecting default timezone ... Etc/UTC[\n]"
16:48:00.548 [docker-java-stream--403658259] DEBUG com.github.dockerjava.zerodep.shaded.org.apache.hc.client5.http.wire -- http-outgoing-1 << "[0x1][0x0][0x0][0x0][0x0][0x0][0x0]9selecting dynamic shared memory implementation ... posix[\n]"
16:48:00.548 [docker-java-stream--403658259] DEBUG com.github.dockerjava.zerodep.shaded.org.apache.hc.client5.http.wire -- http-outgoing-1 << "[\r][\n]"
16:48:00.549 [docker-java-stream--403658259] DEBUG com.github.dockerjava.zerodep.shaded.org.apache.hc.client5.http.wire -- http-outgoing-1 << "2c[\r][\n]"
16:48:00.549 [main] DEBUG org.testcontainers.containers.output.WaitingConsumer -- STDOUT: selecting dynamic shared memory implementation ... posix
16:48:00.549 [docker-java-stream--403658259] DEBUG com.github.dockerjava.zerodep.shaded.org.apache.hc.client5.http.wire -- http-outgoing-1 << "[0x1][0x0][0x0][0x0][0x0][0x0][0x0]$creating configuration files ... ok[\n]"
16:48:00.549 [docker-java-stream--403658259] DEBUG com.github.dockerjava.zerodep.shaded.org.apache.hc.client5.http.wire -- http-outgoing-1 << "[\r][\n]"
16:48:00.549 [main] DEBUG org.testcontainers.containers.output.WaitingConsumer -- STDOUT: selecting default timezone ... Etc/UTC
16:48:00.549 [main] DEBUG org.testcontainers.containers.output.WaitingConsumer -- STDOUT: creating configuration files ... ok
16:48:00.549 [main] DEBUG org.testcontainers.containers.output.WaitingConsumer -- STDOUT: selecting default shared_buffers ... 128MB
16:48:00.719 [docker-java-stream--403658259] DEBUG com.github.dockerjava.zerodep.shaded.org.apache.hc.client5.http.wire -- http-outgoing-1 << "28[\r][\n]"
16:48:00.719 [docker-java-stream--403658259] DEBUG com.github.dockerjava.zerodep.shaded.org.apache.hc.client5.http.wire -- http-outgoing-1 << "[0x1][0x0][0x0][0x0][0x0][0x0][0x0] running bootstrap script ... ok[\n]"
16:48:00.719 [docker-java-stream--403658259] DEBUG com.github.dockerjava.zerodep.shaded.org.apache.hc.client5.http.wire -- http-outgoing-1 << "[\r][\n]"
16:48:00.719 [main] DEBUG org.testcontainers.containers.output.WaitingConsumer -- STDOUT: running bootstrap script ... ok
16:48:00.879 [docker-java-stream--403658259] DEBUG com.github.dockerjava.zerodep.shaded.org.apache.hc.client5.http.wire -- http-outgoing-1 << "38[\r][\n]"
16:48:00.879 [docker-java-stream--403658259] DEBUG com.github.dockerjava.zerodep.shaded.org.apache.hc.client5.http.wire -- http-outgoing-1 << "[0x1][0x0][0x0][0x0][0x0][0x0][0x0]0performing post-bootstrap initialization ... ok[\n]"
16:48:00.879 [docker-java-stream--403658259] DEBUG com.github.dockerjava.zerodep.shaded.org.apache.hc.client5.http.wire -- http-outgoing-1 << "[\r][\n]"
16:48:00.879 [main] DEBUG org.testcontainers.containers.output.WaitingConsumer -- STDOUT: performing post-bootstrap initialization ... ok
16:48:00.994 [docker-java-stream--403658259] DEBUG com.github.dockerjava.zerodep.shaded.org.apache.hc.client5.http.wire -- http-outgoing-1 << "19f[\r][\n]"
16:48:00.994 [docker-java-stream--403658259] DEBUG com.github.dockerjava.zerodep.shaded.org.apache.hc.client5.http.wire -- http-outgoing-1 << "[0x2][0x0][0x0][0x0][0x0][0x0][0x0][0x1][\n]"
16:48:00.994 [docker-java-stream--403658259] DEBUG com.github.dockerjava.zerodep.shaded.org.apache.hc.client5.http.wire -- http-outgoing-1 << "[0x2][0x0][0x0][0x0][0x0][0x0][0x0]?WARNING: enabling "trust" authentication for local connections[\n]"
16:48:00.994 [docker-java-stream--403658259] DEBUG com.github.dockerjava.zerodep.shaded.org.apache.hc.client5.http.wire -- http-outgoing-1 << "[0x2][0x0][0x0][0x0][0x0][0x0][0x0]FYou can change this by editing pg_hba.conf or using the option -A, or[\n]"
16:48:00.994 [docker-java-stream--403658259] DEBUG com.github.dockerjava.zerodep.shaded.org.apache.hc.client5.http.wire -- http-outgoing-1 << "[0x2][0x0][0x0][0x0][0x0][0x0][0x0]<--auth-local and --auth-host, the next time you run initdb.[\n]"
16:48:00.994 [docker-java-stream--403658259] DEBUG com.github.dockerjava.zerodep.shaded.org.apache.hc.client5.http.wire -- http-outgoing-1 << "[0x1][0x0][0x0][0x0][0x0][0x0][0x0][0x1c]syncing data to disk ... ok[\n]"
16:48:00.994 [docker-java-stream--403658259] DEBUG com.github.dockerjava.zerodep.shaded.org.apache.hc.client5.http.wire -- http-outgoing-1 << "[0x1][0x0][0x0][0x0][0x0][0x0][0x0][0x1][\n]"
16:48:00.994 [docker-java-stream--403658259] DEBUG com.github.dockerjava.zerodep.shaded.org.apache.hc.client5.http.wire -- http-outgoing-1 << "[0x1][0x0][0x0][0x0][0x0][0x0][0x0]6Success. You can now start the database server using:[\n]"
16:48:00.994 [docker-java-stream--403658259] DEBUG com.github.dockerjava.zerodep.shaded.org.apache.hc.client5.http.wire -- http-outgoing-1 << "[0x1][0x0][0x0][0x0][0x0][0x0][0x0][0x1][\n]"
16:48:00.994 [docker-java-stream--403658259] DEBUG com.github.dockerjava.zerodep.shaded.org.apache.hc.client5.http.wire -- http-outgoing-1 << "[0x1][0x0][0x0][0x0][0x0][0x0][0x0]8    pg_ctl -D /var/lib/postgresql/data -l logfile start[\n]"
16:48:00.994 [docker-java-stream--403658259] DEBUG com.github.dockerjava.zerodep.shaded.org.apache.hc.client5.http.wire -- http-outgoing-1 << "[0x1][0x0][0x0][0x0][0x0][0x0][0x0][0x1][\n]"
16:48:00.994 [docker-java-stream--403658259] DEBUG com.github.dockerjava.zerodep.shaded.org.apache.hc.client5.http.wire -- http-outgoing-1 << "[\r][\n]"
16:48:00.999 [main] DEBUG org.testcontainers.containers.output.WaitingConsumer -- STDOUT: 
16:48:00.999 [main] DEBUG org.testcontainers.containers.output.WaitingConsumer -- STDOUT:     pg_ctl -D /var/lib/postgresql/data -l logfile start
16:48:00.999 [main] DEBUG org.testcontainers.containers.output.WaitingConsumer -- STDOUT: 
16:48:00.999 [main] DEBUG org.testcontainers.containers.output.WaitingConsumer -- STDOUT: Success. You can now start the database server using:
16:48:00.999 [main] DEBUG org.testcontainers.containers.output.WaitingConsumer -- STDOUT: 
16:48:00.999 [main] DEBUG org.testcontainers.containers.output.WaitingConsumer -- STDOUT: syncing data to disk ... ok
16:48:00.999 [main] DEBUG org.testcontainers.containers.output.WaitingConsumer -- STDERR: --auth-local and --auth-host, the next time you run initdb.
16:48:01.000 [main] DEBUG org.testcontainers.containers.output.WaitingConsumer -- STDERR: You can change this by editing pg_hba.conf or using the option -A, or
16:48:01.000 [main] DEBUG org.testcontainers.containers.output.WaitingConsumer -- STDERR: WARNING: enabling "trust" authentication for local connections
16:48:01.000 [main] DEBUG org.testcontainers.containers.output.WaitingConsumer -- STDERR: 
16:48:01.010 [docker-java-stream--403658259] DEBUG com.github.dockerjava.zerodep.shaded.org.apache.hc.client5.http.wire -- http-outgoing-1 << "ac[\r][\n]"
16:48:01.010 [docker-java-stream--403658259] DEBUG com.github.dockerjava.zerodep.shaded.org.apache.hc.client5.http.wire -- http-outgoing-1 << "[0x1][0x0][0x0][0x0][0x0][0x0][0x0]^waiting for server to start....LOG:  database system was shut down at 2023-09-21 23:48:00 UTC[\n]"
16:48:01.010 [docker-java-stream--403658259] DEBUG com.github.dockerjava.zerodep.shaded.org.apache.hc.client5.http.wire -- http-outgoing-1 << "[0x1][0x0][0x0][0x0][0x0][0x0][0x0]>LOG:  MultiXact member wraparound protections are now enabled[\n]"
16:48:01.010 [docker-java-stream--403658259] DEBUG com.github.dockerjava.zerodep.shaded.org.apache.hc.client5.http.wire -- http-outgoing-1 << "[\r][\n]"
16:48:01.011 [main] DEBUG org.testcontainers.containers.output.WaitingConsumer -- STDOUT: LOG:  MultiXact member wraparound protections are now enabled
16:48:01.011 [main] DEBUG org.testcontainers.containers.output.WaitingConsumer -- STDOUT: waiting for server to start....LOG:  database system was shut down at 2023-09-21 23:48:00 UTC
16:48:01.011 [docker-java-stream--403658259] DEBUG com.github.dockerjava.zerodep.shaded.org.apache.hc.client5.http.wire -- http-outgoing-1 << "67[\r][\n]"
16:48:01.011 [docker-java-stream--403658259] DEBUG com.github.dockerjava.zerodep.shaded.org.apache.hc.client5.http.wire -- http-outgoing-1 << "[0x1][0x0][0x0][0x0][0x0][0x0][0x0]"LOG:  autovacuum launcher started[\n]"
16:48:01.011 [docker-java-stream--403658259] DEBUG com.github.dockerjava.zerodep.shaded.org.apache.hc.client5.http.wire -- http-outgoing-1 << "[0x1][0x0][0x0][0x0][0x0][0x0][0x0]5LOG:  database system is ready to accept connections[\n]"
16:48:01.011 [docker-java-stream--403658259] DEBUG com.github.dockerjava.zerodep.shaded.org.apache.hc.client5.http.wire -- http-outgoing-1 << "[\r][\n]"
16:48:01.021 [main] DEBUG org.testcontainers.containers.output.WaitingConsumer -- STDOUT: LOG:  database system is ready to accept connections
16:48:01.021 [main] DEBUG org.testcontainers.containers.output.WaitingConsumer -- STDOUT: LOG:  autovacuum launcher started
16:48:02.007 [docker-java-stream--403658259] DEBUG com.github.dockerjava.zerodep.shaded.org.apache.hc.client5.http.wire -- http-outgoing-1 << "25[\r][\n]"
16:48:02.007 [docker-java-stream--403658259] DEBUG com.github.dockerjava.zerodep.shaded.org.apache.hc.client5.http.wire -- http-outgoing-1 << "[0x1][0x0][0x0][0x0][0x0][0x0][0x0][0x6] done[\n]"
16:48:02.007 [docker-java-stream--403658259] DEBUG com.github.dockerjava.zerodep.shaded.org.apache.hc.client5.http.wire -- http-outgoing-1 << "[0x1][0x0][0x0][0x0][0x0][0x0][0x0][0xf]server started[\n]"
16:48:02.007 [docker-java-stream--403658259] DEBUG com.github.dockerjava.zerodep.shaded.org.apache.hc.client5.http.wire -- http-outgoing-1 << "[\r][\n]"
16:48:02.008 [main] DEBUG org.testcontainers.containers.output.WaitingConsumer -- STDOUT: server started
16:48:02.008 [main] DEBUG org.testcontainers.containers.output.WaitingConsumer -- STDOUT:  done
16:48:02.275 [docker-java-stream--403658259] DEBUG com.github.dockerjava.zerodep.shaded.org.apache.hc.client5.http.wire -- http-outgoing-1 << "18[\r][\n]"
16:48:02.275 [docker-java-stream--403658259] DEBUG com.github.dockerjava.zerodep.shaded.org.apache.hc.client5.http.wire -- http-outgoing-1 << "[0x1][0x0][0x0][0x0][0x0][0x0][0x0][0x10]CREATE DATABASE[\n]"
16:48:02.275 [docker-java-stream--403658259] DEBUG com.github.dockerjava.zerodep.shaded.org.apache.hc.client5.http.wire -- http-outgoing-1 << "[\r][\n]"
16:48:02.275 [main] DEBUG org.testcontainers.containers.output.WaitingConsumer -- STDOUT: CREATE DATABASE
16:48:02.275 [docker-java-stream--403658259] DEBUG com.github.dockerjava.zerodep.shaded.org.apache.hc.client5.http.wire -- http-outgoing-1 << "ee[\r][\n]"
16:48:02.275 [docker-java-stream--403658259] DEBUG com.github.dockerjava.zerodep.shaded.org.apache.hc.client5.http.wire -- http-outgoing-1 << "[0x1][0x0][0x0][0x0][0x0][0x0][0x0][0x1][\n]"
16:48:02.275 [docker-java-stream--403658259] DEBUG com.github.dockerjava.zerodep.shaded.org.apache.hc.client5.http.wire -- http-outgoing-1 << "[0x1][0x0][0x0][0x0][0x0][0x0][0x0][0x1][\n]"
16:48:02.275 [docker-java-stream--403658259] DEBUG com.github.dockerjava.zerodep.shaded.org.apache.hc.client5.http.wire -- http-outgoing-1 << "[0x1][0x0][0x0][0x0][0x0][0x0][0x0]L/usr/local/bin/docker-entrypoint.sh: ignoring /docker-entrypoint-initdb.d/*[\n]"
16:48:02.275 [docker-java-stream--403658259] DEBUG com.github.dockerjava.zerodep.shaded.org.apache.hc.client5.http.wire -- http-outgoing-1 << "[0x1][0x0][0x0][0x0][0x0][0x0][0x0][0x1][\n]"
16:48:02.275 [docker-java-stream--403658259] DEBUG com.github.dockerjava.zerodep.shaded.org.apache.hc.client5.http.wire -- http-outgoing-1 << "[0x1][0x0][0x0][0x0][0x0][0x0][0x0]Hwaiting for server to shut down....LOG:  received fast shutdown request[\n]"
16:48:02.275 [docker-java-stream--403658259] DEBUG com.github.dockerjava.zerodep.shaded.org.apache.hc.client5.http.wire -- http-outgoing-1 << "[0x1][0x0][0x0][0x0][0x0][0x0][0x0]'LOG:  aborting any active transactions[\n]"
16:48:02.275 [docker-java-stream--403658259] DEBUG com.github.dockerjava.zerodep.shaded.org.apache.hc.client5.http.wire -- http-outgoing-1 << "[\r][\n]"
16:48:02.276 [docker-java-stream--403658259] DEBUG com.github.dockerjava.zerodep.shaded.org.apache.hc.client5.http.wire -- http-outgoing-1 << "30[\r][\n]"
16:48:02.276 [docker-java-stream--403658259] DEBUG com.github.dockerjava.zerodep.shaded.org.apache.hc.client5.http.wire -- http-outgoing-1 << "[0x1][0x0][0x0][0x0][0x0][0x0][0x0](LOG:  autovacuum launcher shutting down[\n]"
16:48:02.276 [docker-java-stream--403658259] DEBUG com.github.dockerjava.zerodep.shaded.org.apache.hc.client5.http.wire -- http-outgoing-1 << "[\r][\n]"
16:48:02.276 [docker-java-stream--403658259] DEBUG com.github.dockerjava.zerodep.shaded.org.apache.hc.client5.http.wire -- http-outgoing-1 << "1c[\r][\n]"
16:48:02.276 [docker-java-stream--403658259] DEBUG com.github.dockerjava.zerodep.shaded.org.apache.hc.client5.http.wire -- http-outgoing-1 << "[0x1][0x0][0x0][0x0][0x0][0x0][0x0][0x14]LOG:  shutting down[\n]"
16:48:02.276 [docker-java-stream--403658259] DEBUG com.github.dockerjava.zerodep.shaded.org.apache.hc.client5.http.wire -- http-outgoing-1 << "[\r][\n]"
16:48:02.278 [docker-java-stream--403658259] DEBUG com.github.dockerjava.zerodep.shaded.org.apache.hc.client5.http.wire -- http-outgoing-1 << "2b[\r][\n]"
16:48:02.278 [docker-java-stream--403658259] DEBUG com.github.dockerjava.zerodep.shaded.org.apache.hc.client5.http.wire -- http-outgoing-1 << "[0x1][0x0][0x0][0x0][0x0][0x0][0x0]#LOG:  database system is shut down[\n]"
16:48:02.278 [docker-java-stream--403658259] DEBUG com.github.dockerjava.zerodep.shaded.org.apache.hc.client5.http.wire -- http-outgoing-1 << "[\r][\n]"
16:48:02.285 [main] DEBUG org.testcontainers.containers.output.WaitingConsumer -- STDOUT: LOG:  database system is shut down
16:48:02.285 [main] DEBUG org.testcontainers.containers.output.WaitingConsumer -- STDOUT: LOG:  shutting down
16:48:02.285 [main] DEBUG org.testcontainers.containers.output.WaitingConsumer -- STDOUT: LOG:  autovacuum launcher shutting down
16:48:02.285 [main] DEBUG org.testcontainers.containers.output.WaitingConsumer -- STDOUT: LOG:  aborting any active transactions
16:48:02.285 [main] DEBUG org.testcontainers.containers.output.WaitingConsumer -- STDOUT: waiting for server to shut down....LOG:  received fast shutdown request
16:48:02.285 [main] DEBUG org.testcontainers.containers.output.WaitingConsumer -- STDOUT: 
16:48:02.285 [main] DEBUG org.testcontainers.containers.output.WaitingConsumer -- STDOUT: /usr/local/bin/docker-entrypoint.sh: ignoring /docker-entrypoint-initdb.d/*
16:48:02.285 [main] DEBUG org.testcontainers.containers.output.WaitingConsumer -- STDOUT: 
16:48:02.285 [main] DEBUG org.testcontainers.containers.output.WaitingConsumer -- STDOUT: 
16:48:03.283 [docker-java-stream--403658259] DEBUG com.github.dockerjava.zerodep.shaded.org.apache.hc.client5.http.wire -- http-outgoing-1 << "75[\r][\n]"
16:48:03.283 [docker-java-stream--403658259] DEBUG com.github.dockerjava.zerodep.shaded.org.apache.hc.client5.http.wire -- http-outgoing-1 << "[0x1][0x0][0x0][0x0][0x0][0x0][0x0][0x6] done[\n]"
16:48:03.283 [docker-java-stream--403658259] DEBUG com.github.dockerjava.zerodep.shaded.org.apache.hc.client5.http.wire -- http-outgoing-1 << "[0x1][0x0][0x0][0x0][0x0][0x0][0x0][0xf]server stopped[\n]"
16:48:03.283 [docker-java-stream--403658259] DEBUG com.github.dockerjava.zerodep.shaded.org.apache.hc.client5.http.wire -- http-outgoing-1 << "[0x1][0x0][0x0][0x0][0x0][0x0][0x0][0x1][\n]"
16:48:03.283 [docker-java-stream--403658259] DEBUG com.github.dockerjava.zerodep.shaded.org.apache.hc.client5.http.wire -- http-outgoing-1 << "[0x1][0x0][0x0][0x0][0x0][0x0][0x0]6PostgreSQL init process complete; ready for start up.[\n]"
16:48:03.283 [docker-java-stream--403658259] DEBUG com.github.dockerjava.zerodep.shaded.org.apache.hc.client5.http.wire -- http-outgoing-1 << "[0x1][0x0][0x0][0x0][0x0][0x0][0x0][0x1][\n]"
16:48:03.283 [docker-java-stream--403658259] DEBUG com.github.dockerjava.zerodep.shaded.org.apache.hc.client5.http.wire -- http-outgoing-1 << "[\r][\n]"
16:48:03.283 [docker-java-stream--403658259] DEBUG com.github.dockerjava.zerodep.shaded.org.apache.hc.client5.http.wire -- http-outgoing-1 << "8d[\r][\n]"
16:48:03.283 [docker-java-stream--403658259] DEBUG com.github.dockerjava.zerodep.shaded.org.apache.hc.client5.http.wire -- http-outgoing-1 << "[0x2][0x0][0x0][0x0][0x0][0x0][0x0]?LOG:  database system was shut down at 2023-09-21 23:48:02 UTC[\n]"
16:48:03.283 [docker-java-stream--403658259] DEBUG com.github.dockerjava.zerodep.shaded.org.apache.hc.client5.http.wire -- http-outgoing-1 << "[0x2][0x0][0x0][0x0][0x0][0x0][0x0]>LOG:  MultiXact member wraparound protections are now enabled[\n]"
16:48:03.283 [docker-java-stream--403658259] DEBUG com.github.dockerjava.zerodep.shaded.org.apache.hc.client5.http.wire -- http-outgoing-1 << "[\r][\n]"
16:48:03.284 [docker-java-stream--403658259] DEBUG com.github.dockerjava.zerodep.shaded.org.apache.hc.client5.http.wire -- http-outgoing-1 << "67[\r][\n]"
16:48:03.284 [docker-java-stream--403658259] DEBUG com.github.dockerjava.zerodep.shaded.org.apache.hc.client5.http.wire -- http-outgoing-1 << "[0x2][0x0][0x0][0x0][0x0][0x0][0x0]5LOG:  database system is ready to accept connections[\n]"
16:48:03.284 [docker-java-stream--403658259] DEBUG com.github.dockerjava.zerodep.shaded.org.apache.hc.client5.http.wire -- http-outgoing-1 << "[0x2][0x0][0x0][0x0][0x0][0x0][0x0]"LOG:  autovacuum launcher started[\n]"
16:48:03.284 [docker-java-stream--403658259] DEBUG com.github.dockerjava.zerodep.shaded.org.apache.hc.client5.http.wire -- http-outgoing-1 << "[\r][\n]"
16:48:03.292 [main] DEBUG org.testcontainers.containers.output.WaitingConsumer -- STDERR: LOG:  autovacuum launcher started
16:48:03.293 [main] DEBUG org.testcontainers.containers.output.WaitingConsumer -- STDERR: LOG:  database system is ready to accept connections
16:48:03.293 [main] DEBUG com.github.dockerjava.zerodep.shaded.org.apache.hc.client5.http.impl.classic.InternalHttpClient -- ep-00000010: cancel
16:48:03.293 [main] DEBUG com.github.dockerjava.zerodep.shaded.org.apache.hc.client5.http.impl.io.DefaultManagedHttpClientConnection -- http-outgoing-1: close connection IMMEDIATE
16:48:03.293 [main] DEBUG com.github.dockerjava.zerodep.shaded.org.apache.hc.client5.http.impl.classic.InternalHttpClient -- ep-00000010: endpoint closed
16:48:03.293 [main] DEBUG com.github.dockerjava.zerodep.shaded.org.apache.hc.client5.http.impl.classic.InternalHttpClient -- ep-00000010: discarding endpoint
16:48:03.293 [main] DEBUG com.github.dockerjava.zerodep.shaded.org.apache.hc.client5.http.impl.io.PoolingHttpClientConnectionManager -- ep-00000010: releasing endpoint
16:48:03.293 [main] DEBUG com.github.dockerjava.zerodep.shaded.org.apache.hc.client5.http.impl.io.PoolingHttpClientConnectionManager -- ep-00000010: connection is not kept alive
16:48:03.293 [main] DEBUG com.github.dockerjava.zerodep.shaded.org.apache.hc.client5.http.impl.io.PoolingHttpClientConnectionManager -- ep-00000010: connection released [route: {}->unix://localhost:2375][total available: 0; route allocated: 0 of 2147483647; total allocated: 0 of 2147483647]
16:48:03.293 [docker-java-stream--403658259] DEBUG com.github.dockerjava.zerodep.shaded.org.apache.hc.client5.http.wire -- http-outgoing-1 << "[read] I/O error: null"
16:48:03.293 [main] DEBUG com.github.dockerjava.zerodep.shaded.org.apache.hc.client5.http.wire -- http-outgoing-1 << "[read] I/O error: null"
16:48:03.293 [main] DEBUG com.github.dockerjava.zerodep.ApacheDockerHttpClientImpl$ApacheResponse -- Failed to close the response
java.nio.channels.ClosedChannelException: null
	at java.base/sun.nio.ch.SocketChannelImpl.ensureOpenAndConnected(SocketChannelImpl.java:215)
	at java.base/sun.nio.ch.SocketChannelImpl.read(SocketChannelImpl.java:403)
	at java.base/sun.nio.ch.ChannelInputStream.read(ChannelInputStream.java:59)
	at java.base/sun.nio.ch.ChannelInputStream.read(ChannelInputStream.java:107)
	at java.base/sun.nio.ch.ChannelInputStream.read(ChannelInputStream.java:101)
	at com.github.dockerjava.zerodep.shaded.org.apache.hc.client5.http.impl.io.LoggingInputStream.read(LoggingInputStream.java:81)
	at com.github.dockerjava.zerodep.shaded.org.apache.hc.core5.http.impl.io.SessionInputBufferImpl.fillBuffer(SessionInputBufferImpl.java:149)
	at com.github.dockerjava.zerodep.shaded.org.apache.hc.core5.http.impl.io.SessionInputBufferImpl.readLine(SessionInputBufferImpl.java:280)
	at com.github.dockerjava.zerodep.shaded.org.apache.hc.core5.http.impl.io.ChunkedInputStream.getChunkSize(ChunkedInputStream.java:261)
	at com.github.dockerjava.zerodep.shaded.org.apache.hc.core5.http.impl.io.ChunkedInputStream.nextChunk(ChunkedInputStream.java:222)
	at com.github.dockerjava.zerodep.shaded.org.apache.hc.core5.http.impl.io.ChunkedInputStream.read(ChunkedInputStream.java:147)
	at com.github.dockerjava.zerodep.shaded.org.apache.hc.core5.http.impl.io.ChunkedInputStream.close(ChunkedInputStream.java:314)
	at com.github.dockerjava.zerodep.shaded.org.apache.hc.core5.io.Closer.close(Closer.java:48)
	at com.github.dockerjava.zerodep.shaded.org.apache.hc.core5.http.impl.io.IncomingHttpEntity.close(IncomingHttpEntity.java:111)
	at com.github.dockerjava.zerodep.shaded.org.apache.hc.core5.http.io.entity.HttpEntityWrapper.close(HttpEntityWrapper.java:120)
	at com.github.dockerjava.zerodep.shaded.org.apache.hc.core5.io.Closer.close(Closer.java:48)
	at com.github.dockerjava.zerodep.shaded.org.apache.hc.core5.http.message.BasicClassicHttpResponse.close(BasicClassicHttpResponse.java:93)
	at com.github.dockerjava.zerodep.shaded.org.apache.hc.client5.http.impl.classic.CloseableHttpResponse.close(CloseableHttpResponse.java:200)
	at com.github.dockerjava.zerodep.ApacheDockerHttpClientImpl$ApacheResponse.close(ApacheDockerHttpClientImpl.java:256)
	at org.testcontainers.shaded.com.github.dockerjava.core.DefaultInvocationBuilder.lambda$null$0(DefaultInvocationBuilder.java:272)
	at com.github.dockerjava.api.async.ResultCallbackTemplate.close(ResultCallbackTemplate.java:77)
	at org.testcontainers.containers.output.FrameConsumerResultCallback.close(FrameConsumerResultCallback.java:69)
	at org.testcontainers.containers.wait.strategy.LogMessageWaitStrategy.waitUntilReady(LogMessageWaitStrategy.java:49)
	at org.testcontainers.containers.wait.strategy.AbstractWaitStrategy.waitUntilReady(AbstractWaitStrategy.java:52)
	at org.testcontainers.containers.PostgreSQLContainer.waitUntilContainerStarted(PostgreSQLContainer.java:140)
	at org.testcontainers.containers.GenericContainer.tryStart(GenericContainer.java:502)
	at org.testcontainers.containers.GenericContainer.lambda$doStart$0(GenericContainer.java:356)
	at org.rnorth.ducttape.unreliables.Unreliables.retryUntilSuccess(Unreliables.java:81)
	at org.testcontainers.containers.GenericContainer.doStart(GenericContainer.java:346)
	at org.testcontainers.containers.GenericContainer.start(GenericContainer.java:334)
	at com.jersey.resources.db.PostgresTestContainer.start(PostgresTestContainer.java:54)
	at com.jersey.resources.db.AppTestExtension.<init>(AppTestExtension.java:49)
	at com.jersey.resources.GroupResourceTest.<clinit>(GroupResourceTest.java:24)
	at java.base/jdk.internal.reflect.NativeMethodAccessorImpl.invoke0(Native Method)
	at java.base/jdk.internal.reflect.NativeMethodAccessorImpl.invoke(NativeMethodAccessorImpl.java:77)
	at java.base/jdk.internal.reflect.DelegatingMethodAccessorImpl.invoke(DelegatingMethodAccessorImpl.java:43)
	at java.base/java.lang.reflect.Method.invoke(Method.java:568)
	at org.junit.platform.commons.util.ReflectionUtils.invokeMethod(ReflectionUtils.java:727)
	at org.junit.jupiter.engine.execution.MethodInvocation.proceed(MethodInvocation.java:60)
	at org.junit.jupiter.engine.execution.InvocationInterceptorChain$ValidatingInvocation.proceed(InvocationInterceptorChain.java:131)
	at org.junit.jupiter.engine.extension.TimeoutExtension.intercept(TimeoutExtension.java:156)
	at org.junit.jupiter.engine.extension.TimeoutExtension.interceptLifecycleMethod(TimeoutExtension.java:128)
	at org.junit.jupiter.engine.extension.TimeoutExtension.interceptBeforeAllMethod(TimeoutExtension.java:70)
	at org.junit.jupiter.engine.execution.InterceptingExecutableInvoker$ReflectiveInterceptorCall.lambda$ofVoidMethod$0(InterceptingExecutableInvoker.java:103)
	at org.junit.jupiter.engine.execution.InterceptingExecutableInvoker.lambda$invoke$0(InterceptingExecutableInvoker.java:93)
	at org.junit.jupiter.engine.execution.InvocationInterceptorChain$InterceptedInvocation.proceed(InvocationInterceptorChain.java:106)
	at org.junit.jupiter.engine.execution.InvocationInterceptorChain.proceed(InvocationInterceptorChain.java:64)
	at org.junit.jupiter.engine.execution.InvocationInterceptorChain.chainAndInvoke(InvocationInterceptorChain.java:45)
	at org.junit.jupiter.engine.execution.InvocationInterceptorChain.invoke(InvocationInterceptorChain.java:37)
	at org.junit.jupiter.engine.execution.InterceptingExecutableInvoker.invoke(InterceptingExecutableInvoker.java:92)
	at org.junit.jupiter.engine.execution.InterceptingExecutableInvoker.invoke(InterceptingExecutableInvoker.java:86)
	at org.junit.jupiter.engine.descriptor.ClassBasedTestDescriptor.lambda$invokeBeforeAllMethods$13(ClassBasedTestDescriptor.java:411)
	at org.junit.platform.engine.support.hierarchical.ThrowableCollector.execute(ThrowableCollector.java:73)
	at org.junit.jupiter.engine.descriptor.ClassBasedTestDescriptor.invokeBeforeAllMethods(ClassBasedTestDescriptor.java:409)
	at org.junit.jupiter.engine.descriptor.ClassBasedTestDescriptor.before(ClassBasedTestDescriptor.java:215)
	at org.junit.jupiter.engine.descriptor.ClassBasedTestDescriptor.before(ClassBasedTestDescriptor.java:84)
	at org.junit.platform.engine.support.hierarchical.NodeTestTask.lambda$executeRecursively$6(NodeTestTask.java:148)
	at org.junit.platform.engine.support.hierarchical.ThrowableCollector.execute(ThrowableCollector.java:73)
	at org.junit.platform.engine.support.hierarchical.NodeTestTask.lambda$executeRecursively$8(NodeTestTask.java:141)
	at org.junit.platform.engine.support.hierarchical.Node.around(Node.java:137)
	at org.junit.platform.engine.support.hierarchical.NodeTestTask.lambda$executeRecursively$9(NodeTestTask.java:139)
	at org.junit.platform.engine.support.hierarchical.ThrowableCollector.execute(ThrowableCollector.java:73)
	at org.junit.platform.engine.support.hierarchical.NodeTestTask.executeRecursively(NodeTestTask.java:138)
	at org.junit.platform.engine.support.hierarchical.NodeTestTask.execute(NodeTestTask.java:95)
	at java.base/java.util.ArrayList.forEach(ArrayList.java:1511)
	at org.junit.platform.engine.support.hierarchical.SameThreadHierarchicalTestExecutorService.invokeAll(SameThreadHierarchicalTestExecutorService.java:41)
	at org.junit.platform.engine.support.hierarchical.NodeTestTask.lambda$executeRecursively$6(NodeTestTask.java:155)
	at org.junit.platform.engine.support.hierarchical.ThrowableCollector.execute(ThrowableCollector.java:73)
	at org.junit.platform.engine.support.hierarchical.NodeTestTask.lambda$executeRecursively$8(NodeTestTask.java:141)
	at org.junit.platform.engine.support.hierarchical.Node.around(Node.java:137)
	at org.junit.platform.engine.support.hierarchical.NodeTestTask.lambda$executeRecursively$9(NodeTestTask.java:139)
	at org.junit.platform.engine.support.hierarchical.ThrowableCollector.execute(ThrowableCollector.java:73)
	at org.junit.platform.engine.support.hierarchical.NodeTestTask.executeRecursively(NodeTestTask.java:138)
	at org.junit.platform.engine.support.hierarchical.NodeTestTask.execute(NodeTestTask.java:95)
	at org.junit.platform.engine.support.hierarchical.SameThreadHierarchicalTestExecutorService.submit(SameThreadHierarchicalTestExecutorService.java:35)
	at org.junit.platform.engine.support.hierarchical.HierarchicalTestExecutor.execute(HierarchicalTestExecutor.java:57)
	at org.junit.platform.engine.support.hierarchical.HierarchicalTestEngine.execute(HierarchicalTestEngine.java:54)
	at org.junit.platform.launcher.core.DefaultLauncher.execute(DefaultLauncher.java:220)
	at org.junit.platform.launcher.core.DefaultLauncher.lambda$execute$6(DefaultLauncher.java:188)
	at org.junit.platform.launcher.core.DefaultLauncher.withInterceptedStreams(DefaultLauncher.java:202)
	at org.junit.platform.launcher.core.DefaultLauncher.execute(DefaultLauncher.java:181)
	at org.junit.platform.launcher.core.DefaultLauncher.execute(DefaultLauncher.java:128)
	at org.apache.maven.surefire.junitplatform.JUnitPlatformProvider.invokeAllTests(JUnitPlatformProvider.java:150)
	at org.apache.maven.surefire.junitplatform.JUnitPlatformProvider.invoke(JUnitPlatformProvider.java:124)
	at org.apache.maven.surefire.booter.ForkedBooter.invokeProviderInSameClassLoader(ForkedBooter.java:384)
	at org.apache.maven.surefire.booter.ForkedBooter.runSuitesInProcess(ForkedBooter.java:345)
	at org.apache.maven.surefire.booter.ForkedBooter.execute(ForkedBooter.java:126)
	at org.apache.maven.surefire.booter.ForkedBooter.main(ForkedBooter.java:418)
16:48:03.293 [main] INFO tc.postgres:9.6 -- Container postgres:9.6 started in PT3.166589872S
16:48:03.293 [main] INFO tc.postgres:9.6 -- Container is started (JDBC URL: jdbc:postgresql://localhost:61286/test?loggerLevel=OFF)
16:48:03.293 [main] INFO com.jersey.resources.db.PostgresTestContainer -- started db.
]]></system-out>
  </testcase>
</testsuite>